[ 50%] Built target data_logger_node
[100%] Built target mcu_node
-- Install configuration: ""
-- Up-to-date: /home/pi/torsobot/Code/Code/ros2_ws/install/torsobot/lib/torsobot/mcu_node
-- Up-to-date: /home/pi/torsobot/Code/Code/ros2_ws/install/torsobot/lib/torsobot/data_logger_node
-- Up-to-date: /home/pi/torsobot/Code/Code/ros2_ws/install/torsobot/share/torsobot
-- Installing: /home/pi/torsobot/Code/Code/ros2_ws/install/torsobot/share/torsobot/torsobot_launch.py
-- Up-to-date: /home/pi/torsobot/Code/Code/ros2_ws/install/torsobot/share/torsobot/__pycache__
-- Installing: /home/pi/torsobot/Code/Code/ros2_ws/install/torsobot/share/torsobot/__pycache__/torsobot_launch.cpython-311.pyc
-- Up-to-date: /home/pi/torsobot/Code/Code/ros2_ws/install/torsobot/share/ament_index/resource_index/package_run_dependencies/torsobot
-- Up-to-date: /home/pi/torsobot/Code/Code/ros2_ws/install/torsobot/share/ament_index/resource_index/parent_prefix_path/torsobot
-- Up-to-date: /home/pi/torsobot/Code/Code/ros2_ws/install/torsobot/share/torsobot/environment/ament_prefix_path.dsv
-- Up-to-date: /home/pi/torsobot/Code/Code/ros2_ws/install/torsobot/share/torsobot/environment/path.dsv
-- Up-to-date: /home/pi/torsobot/Code/Code/ros2_ws/install/torsobot/share/torsobot/local_setup.bash
-- Up-to-date: /home/pi/torsobot/Code/Code/ros2_ws/install/torsobot/share/torsobot/local_setup.sh
-- Up-to-date: /home/pi/torsobot/Code/Code/ros2_ws/install/torsobot/share/torsobot/local_setup.zsh
-- Up-to-date: /home/pi/torsobot/Code/Code/ros2_ws/install/torsobot/share/torsobot/local_setup.dsv
-- Installing: /home/pi/torsobot/Code/Code/ros2_ws/install/torsobot/share/torsobot/package.dsv
-- Up-to-date: /home/pi/torsobot/Code/Code/ros2_ws/install/torsobot/share/ament_index/resource_index/packages/torsobot
-- Up-to-date: /home/pi/torsobot/Code/Code/ros2_ws/install/torsobot/share/torsobot/cmake/torsobotConfig.cmake
-- Up-to-date: /home/pi/torsobot/Code/Code/ros2_ws/install/torsobot/share/torsobot/cmake/torsobotConfig-version.cmake
-- Up-to-date: /home/pi/torsobot/Code/Code/ros2_ws/install/torsobot/share/torsobot/package.xml
