[0.790s] DEBUG:colcon:Command line arguments: ['/usr/bin/colcon', 'build']
[0.790s] DEBUG:colcon:Parsed command line arguments: Namespace(log_base=None, log_level=None, verb_name='build', build_base='build', install_base='install', merge_install=False, symlink_install=False, test_result_base=None, continue_on_error=False, executor='parallel', parallel_workers=4, event_handlers=None, ignore_user_meta=False, metas=['./colcon.meta'], base_paths=['.'], packages_ignore=None, packages_ignore_regex=None, paths=None, packages_up_to=None, packages_up_to_regex=None, packages_above=None, packages_above_and_dependencies=None, packages_above_depth=None, packages_select_by_dep=None, packages_skip_by_dep=None, packages_skip_up_to=None, packages_select_build_failed=False, packages_skip_build_finished=False, packages_select_test_failures=False, packages_skip_test_passed=False, packages_select=None, packages_skip=None, packages_select_regex=None, packages_skip_regex=None, packages_start=None, packages_end=None, allow_overriding=[], cmake_args=None, cmake_target=None, cmake_target_skip_unavailable=False, cmake_clean_cache=False, cmake_clean_first=False, cmake_force_configure=False, ament_cmake_args=None, catkin_cmake_args=None, catkin_skip_building_tests=False, mixin_files=None, mixin=None, verb_parser=<colcon_mixin.mixin.mixin_argument.MixinArgumentDecorator object at 0x7ffed1418b10>, verb_extension=<colcon_core.verb.build.BuildVerb object at 0x7ffed005d7d0>, main=<bound method BuildVerb.main of <colcon_core.verb.build.BuildVerb object at 0x7ffed005d7d0>>, mixin_verb=('build',))
[0.935s] Level 1:colcon.colcon_core.package_discovery:discover_packages(colcon_meta) check parameters
[0.935s] Level 1:colcon.colcon_core.package_discovery:discover_packages(recursive) check parameters
[0.935s] Level 1:colcon.colcon_core.package_discovery:discover_packages(ignore) check parameters
[0.935s] Level 1:colcon.colcon_core.package_discovery:discover_packages(path) check parameters
[0.935s] Level 1:colcon.colcon_core.package_discovery:discover_packages(colcon_meta) discover
[0.935s] Level 1:colcon.colcon_core.package_discovery:discover_packages(recursive) discover
[0.935s] INFO:colcon.colcon_core.package_discovery:Crawling recursively for packages in '/home/pi/torsobot/Code/Code/ros2_ws'
[0.935s] Level 1:colcon.colcon_core.package_identification:_identify(.) by extensions ['ignore', 'ignore_ament_install']
[0.935s] Level 1:colcon.colcon_core.package_identification:_identify(.) by extension 'ignore'
[0.935s] Level 1:colcon.colcon_core.package_identification:_identify(.) by extension 'ignore_ament_install'
[0.935s] Level 1:colcon.colcon_core.package_identification:_identify(.) by extensions ['colcon_pkg']
[0.935s] Level 1:colcon.colcon_core.package_identification:_identify(.) by extension 'colcon_pkg'
[0.935s] Level 1:colcon.colcon_core.package_identification:_identify(.) by extensions ['colcon_meta']
[0.935s] Level 1:colcon.colcon_core.package_identification:_identify(.) by extension 'colcon_meta'
[0.935s] Level 1:colcon.colcon_core.package_identification:_identify(.) by extensions ['ros']
[0.936s] Level 1:colcon.colcon_core.package_identification:_identify(.) by extension 'ros'
[0.998s] Level 1:colcon.colcon_core.package_identification:_identify(.) by extensions ['cmake', 'python']
[0.998s] Level 1:colcon.colcon_core.package_identification:_identify(.) by extension 'cmake'
[0.998s] Level 1:colcon.colcon_core.package_identification:_identify(.) by extension 'python'
[0.999s] Level 1:colcon.colcon_core.package_identification:_identify(.) by extensions ['python_setup_py']
[0.999s] Level 1:colcon.colcon_core.package_identification:_identify(.) by extension 'python_setup_py'
[0.999s] Level 1:colcon.colcon_core.package_identification:_identify(build) by extensions ['ignore', 'ignore_ament_install']
[0.999s] Level 1:colcon.colcon_core.package_identification:_identify(build) by extension 'ignore'
[0.999s] Level 1:colcon.colcon_core.package_identification:_identify(build) ignored
[0.999s] Level 1:colcon.colcon_core.package_identification:_identify(data_logs) by extensions ['ignore', 'ignore_ament_install']
[0.999s] Level 1:colcon.colcon_core.package_identification:_identify(data_logs) by extension 'ignore'
[0.999s] Level 1:colcon.colcon_core.package_identification:_identify(data_logs) by extension 'ignore_ament_install'
[0.999s] Level 1:colcon.colcon_core.package_identification:_identify(data_logs) by extensions ['colcon_pkg']
[0.999s] Level 1:colcon.colcon_core.package_identification:_identify(data_logs) by extension 'colcon_pkg'
[0.999s] Level 1:colcon.colcon_core.package_identification:_identify(data_logs) by extensions ['colcon_meta']
[0.999s] Level 1:colcon.colcon_core.package_identification:_identify(data_logs) by extension 'colcon_meta'
[0.999s] Level 1:colcon.colcon_core.package_identification:_identify(data_logs) by extensions ['ros']
[0.999s] Level 1:colcon.colcon_core.package_identification:_identify(data_logs) by extension 'ros'
[0.999s] Level 1:colcon.colcon_core.package_identification:_identify(data_logs) by extensions ['cmake', 'python']
[0.999s] Level 1:colcon.colcon_core.package_identification:_identify(data_logs) by extension 'cmake'
[1.000s] Level 1:colcon.colcon_core.package_identification:_identify(data_logs) by extension 'python'
[1.000s] Level 1:colcon.colcon_core.package_identification:_identify(data_logs) by extensions ['python_setup_py']
[1.000s] Level 1:colcon.colcon_core.package_identification:_identify(data_logs) by extension 'python_setup_py'
[1.000s] Level 1:colcon.colcon_core.package_identification:_identify(install) by extensions ['ignore', 'ignore_ament_install']
[1.000s] Level 1:colcon.colcon_core.package_identification:_identify(install) by extension 'ignore'
[1.000s] Level 1:colcon.colcon_core.package_identification:_identify(install) ignored
[1.000s] Level 1:colcon.colcon_core.package_identification:_identify(log) by extensions ['ignore', 'ignore_ament_install']
[1.000s] Level 1:colcon.colcon_core.package_identification:_identify(log) by extension 'ignore'
[1.000s] Level 1:colcon.colcon_core.package_identification:_identify(log) ignored
[1.000s] Level 1:colcon.colcon_core.package_identification:_identify(src) by extensions ['ignore', 'ignore_ament_install']
[1.000s] Level 1:colcon.colcon_core.package_identification:_identify(src) by extension 'ignore'
[1.000s] Level 1:colcon.colcon_core.package_identification:_identify(src) by extension 'ignore_ament_install'
[1.000s] Level 1:colcon.colcon_core.package_identification:_identify(src) by extensions ['colcon_pkg']
[1.000s] Level 1:colcon.colcon_core.package_identification:_identify(src) by extension 'colcon_pkg'
[1.000s] Level 1:colcon.colcon_core.package_identification:_identify(src) by extensions ['colcon_meta']
[1.000s] Level 1:colcon.colcon_core.package_identification:_identify(src) by extension 'colcon_meta'
[1.000s] Level 1:colcon.colcon_core.package_identification:_identify(src) by extensions ['ros']
[1.000s] Level 1:colcon.colcon_core.package_identification:_identify(src) by extension 'ros'
[1.000s] Level 1:colcon.colcon_core.package_identification:_identify(src) by extensions ['cmake', 'python']
[1.000s] Level 1:colcon.colcon_core.package_identification:_identify(src) by extension 'cmake'
[1.000s] Level 1:colcon.colcon_core.package_identification:_identify(src) by extension 'python'
[1.000s] Level 1:colcon.colcon_core.package_identification:_identify(src) by extensions ['python_setup_py']
[1.000s] Level 1:colcon.colcon_core.package_identification:_identify(src) by extension 'python_setup_py'
[1.001s] Level 1:colcon.colcon_core.package_identification:_identify(src/torsobot) by extensions ['ignore', 'ignore_ament_install']
[1.001s] Level 1:colcon.colcon_core.package_identification:_identify(src/torsobot) by extension 'ignore'
[1.001s] Level 1:colcon.colcon_core.package_identification:_identify(src/torsobot) by extension 'ignore_ament_install'
[1.001s] Level 1:colcon.colcon_core.package_identification:_identify(src/torsobot) by extensions ['colcon_pkg']
[1.001s] Level 1:colcon.colcon_core.package_identification:_identify(src/torsobot) by extension 'colcon_pkg'
[1.001s] Level 1:colcon.colcon_core.package_identification:_identify(src/torsobot) by extensions ['colcon_meta']
[1.001s] Level 1:colcon.colcon_core.package_identification:_identify(src/torsobot) by extension 'colcon_meta'
[1.001s] Level 1:colcon.colcon_core.package_identification:_identify(src/torsobot) by extensions ['ros']
[1.001s] Level 1:colcon.colcon_core.package_identification:_identify(src/torsobot) by extension 'ros'
[1.029s] DEBUG:colcon.colcon_core.package_identification:Package 'src/torsobot' with type 'ros.ament_cmake' and name 'torsobot'
[1.030s] Level 1:colcon.colcon_core.package_identification:_identify(src/torsobot_interfaces) by extensions ['ignore', 'ignore_ament_install']
[1.030s] Level 1:colcon.colcon_core.package_identification:_identify(src/torsobot_interfaces) by extension 'ignore'
[1.030s] Level 1:colcon.colcon_core.package_identification:_identify(src/torsobot_interfaces) by extension 'ignore_ament_install'
[1.030s] Level 1:colcon.colcon_core.package_identification:_identify(src/torsobot_interfaces) by extensions ['colcon_pkg']
[1.030s] Level 1:colcon.colcon_core.package_identification:_identify(src/torsobot_interfaces) by extension 'colcon_pkg'
[1.030s] Level 1:colcon.colcon_core.package_identification:_identify(src/torsobot_interfaces) by extensions ['colcon_meta']
[1.030s] Level 1:colcon.colcon_core.package_identification:_identify(src/torsobot_interfaces) by extension 'colcon_meta'
[1.030s] Level 1:colcon.colcon_core.package_identification:_identify(src/torsobot_interfaces) by extensions ['ros']
[1.030s] Level 1:colcon.colcon_core.package_identification:_identify(src/torsobot_interfaces) by extension 'ros'
[1.031s] DEBUG:colcon.colcon_core.package_identification:Package 'src/torsobot_interfaces' with type 'ros.ament_cmake' and name 'torsobot_interfaces'
[1.031s] Level 1:colcon.colcon_core.package_discovery:discover_packages(recursive) using defaults
[1.031s] Level 1:colcon.colcon_core.package_discovery:discover_packages(ignore) discover
[1.031s] Level 1:colcon.colcon_core.package_discovery:discover_packages(ignore) using defaults
[1.031s] Level 1:colcon.colcon_core.package_discovery:discover_packages(path) discover
[1.031s] Level 1:colcon.colcon_core.package_discovery:discover_packages(path) using defaults
[1.108s] Level 1:colcon.colcon_core.package_discovery:discover_packages(prefix_path) check parameters
[1.108s] Level 1:colcon.colcon_core.package_discovery:discover_packages(prefix_path) discover
[1.203s] DEBUG:colcon.colcon_installed_package_information.package_discovery:Found 2 installed packages in /home/pi/torsobot/Code/Code/ros2_ws/install
[1.502s] DEBUG:colcon.colcon_installed_package_information.package_discovery:Found 363 installed packages in /home/pi/ros2_jazzy/install
[1.505s] Level 1:colcon.colcon_core.package_discovery:discover_packages(prefix_path) using defaults
[2.273s] Level 5:colcon.colcon_core.verb:set package 'torsobot_interfaces' build argument 'cmake_args' from command line to 'None'
[2.274s] Level 5:colcon.colcon_core.verb:set package 'torsobot_interfaces' build argument 'cmake_target' from command line to 'None'
[2.274s] Level 5:colcon.colcon_core.verb:set package 'torsobot_interfaces' build argument 'cmake_target_skip_unavailable' from command line to 'False'
[2.274s] Level 5:colcon.colcon_core.verb:set package 'torsobot_interfaces' build argument 'cmake_clean_cache' from command line to 'False'
[2.274s] Level 5:colcon.colcon_core.verb:set package 'torsobot_interfaces' build argument 'cmake_clean_first' from command line to 'False'
[2.274s] Level 5:colcon.colcon_core.verb:set package 'torsobot_interfaces' build argument 'cmake_force_configure' from command line to 'False'
[2.274s] Level 5:colcon.colcon_core.verb:set package 'torsobot_interfaces' build argument 'ament_cmake_args' from command line to 'None'
[2.274s] Level 5:colcon.colcon_core.verb:set package 'torsobot_interfaces' build argument 'catkin_cmake_args' from command line to 'None'
[2.274s] Level 5:colcon.colcon_core.verb:set package 'torsobot_interfaces' build argument 'catkin_skip_building_tests' from command line to 'False'
[2.274s] DEBUG:colcon.colcon_core.verb:Building package 'torsobot_interfaces' with the following arguments: {'ament_cmake_args': None, 'build_base': '/home/pi/torsobot/Code/Code/ros2_ws/build/torsobot_interfaces', 'catkin_cmake_args': None, 'catkin_skip_building_tests': False, 'cmake_args': None, 'cmake_clean_cache': False, 'cmake_clean_first': False, 'cmake_force_configure': False, 'cmake_target': None, 'cmake_target_skip_unavailable': False, 'install_base': '/home/pi/torsobot/Code/Code/ros2_ws/install/torsobot_interfaces', 'merge_install': False, 'path': '/home/pi/torsobot/Code/Code/ros2_ws/src/torsobot_interfaces', 'symlink_install': False, 'test_result_base': None}
[2.274s] Level 5:colcon.colcon_core.verb:set package 'torsobot' build argument 'cmake_args' from command line to 'None'
[2.274s] Level 5:colcon.colcon_core.verb:set package 'torsobot' build argument 'cmake_target' from command line to 'None'
[2.274s] Level 5:colcon.colcon_core.verb:set package 'torsobot' build argument 'cmake_target_skip_unavailable' from command line to 'False'
[2.274s] Level 5:colcon.colcon_core.verb:set package 'torsobot' build argument 'cmake_clean_cache' from command line to 'False'
[2.274s] Level 5:colcon.colcon_core.verb:set package 'torsobot' build argument 'cmake_clean_first' from command line to 'False'
[2.274s] Level 5:colcon.colcon_core.verb:set package 'torsobot' build argument 'cmake_force_configure' from command line to 'False'
[2.274s] Level 5:colcon.colcon_core.verb:set package 'torsobot' build argument 'ament_cmake_args' from command line to 'None'
[2.274s] Level 5:colcon.colcon_core.verb:set package 'torsobot' build argument 'catkin_cmake_args' from command line to 'None'
[2.274s] Level 5:colcon.colcon_core.verb:set package 'torsobot' build argument 'catkin_skip_building_tests' from command line to 'False'
[2.274s] DEBUG:colcon.colcon_core.verb:Building package 'torsobot' with the following arguments: {'ament_cmake_args': None, 'build_base': '/home/pi/torsobot/Code/Code/ros2_ws/build/torsobot', 'catkin_cmake_args': None, 'catkin_skip_building_tests': False, 'cmake_args': None, 'cmake_clean_cache': False, 'cmake_clean_first': False, 'cmake_force_configure': False, 'cmake_target': None, 'cmake_target_skip_unavailable': False, 'install_base': '/home/pi/torsobot/Code/Code/ros2_ws/install/torsobot', 'merge_install': False, 'path': '/home/pi/torsobot/Code/Code/ros2_ws/src/torsobot', 'symlink_install': False, 'test_result_base': None}
[2.275s] INFO:colcon.colcon_core.executor:Executing jobs using 'parallel' executor
[2.276s] DEBUG:colcon.colcon_parallel_executor.executor.parallel:run_until_complete
[2.276s] INFO:colcon.colcon_ros.task.ament_cmake.build:Building ROS package in '/home/pi/torsobot/Code/Code/ros2_ws/src/torsobot_interfaces' with build type 'ament_cmake'
[2.276s] INFO:colcon.colcon_cmake.task.cmake.build:Building CMake package in '/home/pi/torsobot/Code/Code/ros2_ws/src/torsobot_interfaces'
[2.288s] INFO:colcon.colcon_core.plugin_system:Skipping extension 'colcon_core.shell.bat': Not used on non-Windows systems
[2.288s] INFO:colcon.colcon_core.shell:Skip shell extension 'powershell' for command environment: Not usable outside of PowerShell
[2.289s] DEBUG:colcon.colcon_core.shell:Skip shell extension 'dsv' for command environment
[2.328s] DEBUG:colcon.colcon_core.event_handler.log_command:Invoking command in '/home/pi/torsobot/Code/Code/ros2_ws/build/torsobot_interfaces': CMAKE_PREFIX_PATH=${CMAKE_PREFIX_PATH}:/home/pi/ros2_jazzy/install/rqt_bag_plugins:/home/pi/ros2_jazzy/install/rqt_bag:/home/pi/ros2_jazzy/install/rosbag2_examples_py:/home/pi/ros2_jazzy/install/launch_testing_examples:/home/pi/ros2_jazzy/install/ros2bag:/home/pi/ros2_jazzy/install/tracetools_test:/home/pi/ros2_jazzy/install/tracetools_launch:/home/pi/ros2_jazzy/install/topic_monitor:/home/pi/ros2_jazzy/install/tf2_tools:/home/pi/ros2_jazzy/install/examples_tf2_py:/home/pi/ros2_jazzy/install/tf2_ros_py:/home/pi/ros2_jazzy/install/examples_rclpy_pointcloud_publisher:/home/pi/ros2_jazzy/install/sensor_msgs_py:/home/pi/ros2_jazzy/install/quality_of_service_demo_py:/home/pi/ros2_jazzy/install/rqt_plot:/home/pi/ros2_jazzy/install/ros2doctor:/home/pi/ros2_jazzy/install/lifecycle_py:/home/pi/ros2_jazzy/install/examples_rclpy_minimal_subscriber:/home/pi/ros2_jazzy/install/examples_rclpy_minimal_service:/home/pi/ros2_jazzy/install/examples_rclpy_minimal_publisher:/home/pi/ros2_jazzy/install/examples_rclpy_minimal_client:/home/pi/ros2_jazzy/install/examples_rclpy_executors:/home/pi/ros2_jazzy/install/demo_nodes_py:/home/pi/ros2_jazzy/install/rqt:/home/pi/ros2_jazzy/install/ros2component:/home/pi/ros2_jazzy/install/sros2:/home/pi/ros2_jazzy/install/rqt_topic:/home/pi/ros2_jazzy/install/rqt_srv:/home/pi/ros2_jazzy/install/rqt_shell:/home/pi/ros2_jazzy/install/rqt_service_caller:/home/pi/ros2_jazzy/install/rqt_reconfigure:/home/pi/ros2_jazzy/install/rqt_py_console:/home/pi/ros2_jazzy/install/rqt_publisher:/home/pi/ros2_jazzy/install/rqt_action:/home/pi/ros2_jazzy/install/rqt_msg:/home/pi/ros2_jazzy/install/rqt_console:/home/pi/ros2_jazzy/install/rqt_graph:/home/pi/ros2_jazzy/install/rqt_gui_py:/home/pi/ros2_jazzy/install/rqt_gui:/home/pi/ros2_jazzy/install/ros2trace:/home/pi/ros2_jazzy/install/ros2topic:/home/pi/ros2_jazzy/install/ros2test:/home/pi/ros2_jazzy/install/ros2param:/home/pi/ros2_jazzy/install/ros2lifecycle:/home/pi/ros2_jazzy/install/ros2service:/home/pi/ros2_jazzy/install/ros2run:/home/pi/ros2_jazzy/install/ros2launch:/home/pi/ros2_jazzy/install/ros2pkg:/home/pi/ros2_jazzy/install/ros2node:/home/pi/ros2_jazzy/install/ros2multicast:/home/pi/ros2_jazzy/install/ros2interface:/home/pi/ros2_jazzy/install/ros2action:/home/pi/ros2_jazzy/install/ros2cli:/home/pi/ros2_jazzy/install/launch_testing_ros:/home/pi/ros2_jazzy/install/launch_ros:/home/pi/ros2_jazzy/install/examples_rclpy_minimal_action_server:/home/pi/ros2_jazzy/install/examples_rclpy_minimal_action_client:/home/pi/ros2_jazzy/install/examples_rclpy_guard_conditions:/home/pi/ros2_jazzy/install/action_tutorials_py:/home/pi/ros2_jazzy/install/ament_uncrustify:/home/pi/ros2_jazzy/install/tracetools_trace:/home/pi/ros2_jazzy/install/tracetools_read:/home/pi/ros2_jazzy/install/test_tracetools_launch:/home/pi/ros2_jazzy/install/test_ros2trace:/home/pi/ros2_jazzy/install/test_launch_ros:/home/pi/ros2_jazzy/install/rpyutils:/home/pi/ros2_jazzy/install/rosidl_runtime_py:/home/pi/ros2_jazzy/install/rosidl_pycommon:/home/pi/ros2_jazzy/install/rosidl_cli:/home/pi/ros2_jazzy/install/launch_pytest:/home/pi/ros2_jazzy/install/launch_testing:/home/pi/ros2_jazzy/install/launch_yaml:/home/pi/ros2_jazzy/install/launch_xml:/home/pi/ros2_jazzy/install/launch:/home/pi/ros2_jazzy/install/osrf_pycommon:/home/pi/ros2_jazzy/install/domain_coordinator:/home/pi/ros2_jazzy/install/ament_xmllint:/home/pi/ros2_jazzy/install/ament_pyflakes:/home/pi/ros2_jazzy/install/ament_pycodestyle:/home/pi/ros2_jazzy/install/ament_pep257:/home/pi/ros2_jazzy/install/ament_pclint:/home/pi/ros2_jazzy/install/ament_package:/home/pi/ros2_jazzy/install/ament_mypy:/home/pi/ros2_jazzy/install/ament_lint_cmake:/home/pi/ros2_jazzy/install/ament_flake8:/home/pi/ros2_jazzy/install/ament_copyright:/home/pi/ros2_jazzy/install/ament_lint:/home/pi/ros2_jazzy/install/ament_index_python:/home/pi/ros2_jazzy/install/ament_cpplint:/home/pi/ros2_jazzy/install/ament_cppcheck:/home/pi/ros2_jazzy/install/ament_clang_tidy:/home/pi/ros2_jazzy/install/ament_clang_format /usr/bin/cmake --build /home/pi/torsobot/Code/Code/ros2_ws/build/torsobot_interfaces -- -j4 -l4
[3.812s] DEBUG:colcon.colcon_core.event_handler.log_command:Invoked command in '/home/pi/torsobot/Code/Code/ros2_ws/build/torsobot_interfaces' returned '0': CMAKE_PREFIX_PATH=${CMAKE_PREFIX_PATH}:/home/pi/ros2_jazzy/install/rqt_bag_plugins:/home/pi/ros2_jazzy/install/rqt_bag:/home/pi/ros2_jazzy/install/rosbag2_examples_py:/home/pi/ros2_jazzy/install/launch_testing_examples:/home/pi/ros2_jazzy/install/ros2bag:/home/pi/ros2_jazzy/install/tracetools_test:/home/pi/ros2_jazzy/install/tracetools_launch:/home/pi/ros2_jazzy/install/topic_monitor:/home/pi/ros2_jazzy/install/tf2_tools:/home/pi/ros2_jazzy/install/examples_tf2_py:/home/pi/ros2_jazzy/install/tf2_ros_py:/home/pi/ros2_jazzy/install/examples_rclpy_pointcloud_publisher:/home/pi/ros2_jazzy/install/sensor_msgs_py:/home/pi/ros2_jazzy/install/quality_of_service_demo_py:/home/pi/ros2_jazzy/install/rqt_plot:/home/pi/ros2_jazzy/install/ros2doctor:/home/pi/ros2_jazzy/install/lifecycle_py:/home/pi/ros2_jazzy/install/examples_rclpy_minimal_subscriber:/home/pi/ros2_jazzy/install/examples_rclpy_minimal_service:/home/pi/ros2_jazzy/install/examples_rclpy_minimal_publisher:/home/pi/ros2_jazzy/install/examples_rclpy_minimal_client:/home/pi/ros2_jazzy/install/examples_rclpy_executors:/home/pi/ros2_jazzy/install/demo_nodes_py:/home/pi/ros2_jazzy/install/rqt:/home/pi/ros2_jazzy/install/ros2component:/home/pi/ros2_jazzy/install/sros2:/home/pi/ros2_jazzy/install/rqt_topic:/home/pi/ros2_jazzy/install/rqt_srv:/home/pi/ros2_jazzy/install/rqt_shell:/home/pi/ros2_jazzy/install/rqt_service_caller:/home/pi/ros2_jazzy/install/rqt_reconfigure:/home/pi/ros2_jazzy/install/rqt_py_console:/home/pi/ros2_jazzy/install/rqt_publisher:/home/pi/ros2_jazzy/install/rqt_action:/home/pi/ros2_jazzy/install/rqt_msg:/home/pi/ros2_jazzy/install/rqt_console:/home/pi/ros2_jazzy/install/rqt_graph:/home/pi/ros2_jazzy/install/rqt_gui_py:/home/pi/ros2_jazzy/install/rqt_gui:/home/pi/ros2_jazzy/install/ros2trace:/home/pi/ros2_jazzy/install/ros2topic:/home/pi/ros2_jazzy/install/ros2test:/home/pi/ros2_jazzy/install/ros2param:/home/pi/ros2_jazzy/install/ros2lifecycle:/home/pi/ros2_jazzy/install/ros2service:/home/pi/ros2_jazzy/install/ros2run:/home/pi/ros2_jazzy/install/ros2launch:/home/pi/ros2_jazzy/install/ros2pkg:/home/pi/ros2_jazzy/install/ros2node:/home/pi/ros2_jazzy/install/ros2multicast:/home/pi/ros2_jazzy/install/ros2interface:/home/pi/ros2_jazzy/install/ros2action:/home/pi/ros2_jazzy/install/ros2cli:/home/pi/ros2_jazzy/install/launch_testing_ros:/home/pi/ros2_jazzy/install/launch_ros:/home/pi/ros2_jazzy/install/examples_rclpy_minimal_action_server:/home/pi/ros2_jazzy/install/examples_rclpy_minimal_action_client:/home/pi/ros2_jazzy/install/examples_rclpy_guard_conditions:/home/pi/ros2_jazzy/install/action_tutorials_py:/home/pi/ros2_jazzy/install/ament_uncrustify:/home/pi/ros2_jazzy/install/tracetools_trace:/home/pi/ros2_jazzy/install/tracetools_read:/home/pi/ros2_jazzy/install/test_tracetools_launch:/home/pi/ros2_jazzy/install/test_ros2trace:/home/pi/ros2_jazzy/install/test_launch_ros:/home/pi/ros2_jazzy/install/rpyutils:/home/pi/ros2_jazzy/install/rosidl_runtime_py:/home/pi/ros2_jazzy/install/rosidl_pycommon:/home/pi/ros2_jazzy/install/rosidl_cli:/home/pi/ros2_jazzy/install/launch_pytest:/home/pi/ros2_jazzy/install/launch_testing:/home/pi/ros2_jazzy/install/launch_yaml:/home/pi/ros2_jazzy/install/launch_xml:/home/pi/ros2_jazzy/install/launch:/home/pi/ros2_jazzy/install/osrf_pycommon:/home/pi/ros2_jazzy/install/domain_coordinator:/home/pi/ros2_jazzy/install/ament_xmllint:/home/pi/ros2_jazzy/install/ament_pyflakes:/home/pi/ros2_jazzy/install/ament_pycodestyle:/home/pi/ros2_jazzy/install/ament_pep257:/home/pi/ros2_jazzy/install/ament_pclint:/home/pi/ros2_jazzy/install/ament_package:/home/pi/ros2_jazzy/install/ament_mypy:/home/pi/ros2_jazzy/install/ament_lint_cmake:/home/pi/ros2_jazzy/install/ament_flake8:/home/pi/ros2_jazzy/install/ament_copyright:/home/pi/ros2_jazzy/install/ament_lint:/home/pi/ros2_jazzy/install/ament_index_python:/home/pi/ros2_jazzy/install/ament_cpplint:/home/pi/ros2_jazzy/install/ament_cppcheck:/home/pi/ros2_jazzy/install/ament_clang_tidy:/home/pi/ros2_jazzy/install/ament_clang_format /usr/bin/cmake --build /home/pi/torsobot/Code/Code/ros2_ws/build/torsobot_interfaces -- -j4 -l4
[3.838s] DEBUG:colcon.colcon_core.event_handler.log_command:Invoking command in '/home/pi/torsobot/Code/Code/ros2_ws/build/torsobot_interfaces': CMAKE_PREFIX_PATH=${CMAKE_PREFIX_PATH}:/home/pi/ros2_jazzy/install/rqt_bag_plugins:/home/pi/ros2_jazzy/install/rqt_bag:/home/pi/ros2_jazzy/install/rosbag2_examples_py:/home/pi/ros2_jazzy/install/launch_testing_examples:/home/pi/ros2_jazzy/install/ros2bag:/home/pi/ros2_jazzy/install/tracetools_test:/home/pi/ros2_jazzy/install/tracetools_launch:/home/pi/ros2_jazzy/install/topic_monitor:/home/pi/ros2_jazzy/install/tf2_tools:/home/pi/ros2_jazzy/install/examples_tf2_py:/home/pi/ros2_jazzy/install/tf2_ros_py:/home/pi/ros2_jazzy/install/examples_rclpy_pointcloud_publisher:/home/pi/ros2_jazzy/install/sensor_msgs_py:/home/pi/ros2_jazzy/install/quality_of_service_demo_py:/home/pi/ros2_jazzy/install/rqt_plot:/home/pi/ros2_jazzy/install/ros2doctor:/home/pi/ros2_jazzy/install/lifecycle_py:/home/pi/ros2_jazzy/install/examples_rclpy_minimal_subscriber:/home/pi/ros2_jazzy/install/examples_rclpy_minimal_service:/home/pi/ros2_jazzy/install/examples_rclpy_minimal_publisher:/home/pi/ros2_jazzy/install/examples_rclpy_minimal_client:/home/pi/ros2_jazzy/install/examples_rclpy_executors:/home/pi/ros2_jazzy/install/demo_nodes_py:/home/pi/ros2_jazzy/install/rqt:/home/pi/ros2_jazzy/install/ros2component:/home/pi/ros2_jazzy/install/sros2:/home/pi/ros2_jazzy/install/rqt_topic:/home/pi/ros2_jazzy/install/rqt_srv:/home/pi/ros2_jazzy/install/rqt_shell:/home/pi/ros2_jazzy/install/rqt_service_caller:/home/pi/ros2_jazzy/install/rqt_reconfigure:/home/pi/ros2_jazzy/install/rqt_py_console:/home/pi/ros2_jazzy/install/rqt_publisher:/home/pi/ros2_jazzy/install/rqt_action:/home/pi/ros2_jazzy/install/rqt_msg:/home/pi/ros2_jazzy/install/rqt_console:/home/pi/ros2_jazzy/install/rqt_graph:/home/pi/ros2_jazzy/install/rqt_gui_py:/home/pi/ros2_jazzy/install/rqt_gui:/home/pi/ros2_jazzy/install/ros2trace:/home/pi/ros2_jazzy/install/ros2topic:/home/pi/ros2_jazzy/install/ros2test:/home/pi/ros2_jazzy/install/ros2param:/home/pi/ros2_jazzy/install/ros2lifecycle:/home/pi/ros2_jazzy/install/ros2service:/home/pi/ros2_jazzy/install/ros2run:/home/pi/ros2_jazzy/install/ros2launch:/home/pi/ros2_jazzy/install/ros2pkg:/home/pi/ros2_jazzy/install/ros2node:/home/pi/ros2_jazzy/install/ros2multicast:/home/pi/ros2_jazzy/install/ros2interface:/home/pi/ros2_jazzy/install/ros2action:/home/pi/ros2_jazzy/install/ros2cli:/home/pi/ros2_jazzy/install/launch_testing_ros:/home/pi/ros2_jazzy/install/launch_ros:/home/pi/ros2_jazzy/install/examples_rclpy_minimal_action_server:/home/pi/ros2_jazzy/install/examples_rclpy_minimal_action_client:/home/pi/ros2_jazzy/install/examples_rclpy_guard_conditions:/home/pi/ros2_jazzy/install/action_tutorials_py:/home/pi/ros2_jazzy/install/ament_uncrustify:/home/pi/ros2_jazzy/install/tracetools_trace:/home/pi/ros2_jazzy/install/tracetools_read:/home/pi/ros2_jazzy/install/test_tracetools_launch:/home/pi/ros2_jazzy/install/test_ros2trace:/home/pi/ros2_jazzy/install/test_launch_ros:/home/pi/ros2_jazzy/install/rpyutils:/home/pi/ros2_jazzy/install/rosidl_runtime_py:/home/pi/ros2_jazzy/install/rosidl_pycommon:/home/pi/ros2_jazzy/install/rosidl_cli:/home/pi/ros2_jazzy/install/launch_pytest:/home/pi/ros2_jazzy/install/launch_testing:/home/pi/ros2_jazzy/install/launch_yaml:/home/pi/ros2_jazzy/install/launch_xml:/home/pi/ros2_jazzy/install/launch:/home/pi/ros2_jazzy/install/osrf_pycommon:/home/pi/ros2_jazzy/install/domain_coordinator:/home/pi/ros2_jazzy/install/ament_xmllint:/home/pi/ros2_jazzy/install/ament_pyflakes:/home/pi/ros2_jazzy/install/ament_pycodestyle:/home/pi/ros2_jazzy/install/ament_pep257:/home/pi/ros2_jazzy/install/ament_pclint:/home/pi/ros2_jazzy/install/ament_package:/home/pi/ros2_jazzy/install/ament_mypy:/home/pi/ros2_jazzy/install/ament_lint_cmake:/home/pi/ros2_jazzy/install/ament_flake8:/home/pi/ros2_jazzy/install/ament_copyright:/home/pi/ros2_jazzy/install/ament_lint:/home/pi/ros2_jazzy/install/ament_index_python:/home/pi/ros2_jazzy/install/ament_cpplint:/home/pi/ros2_jazzy/install/ament_cppcheck:/home/pi/ros2_jazzy/install/ament_clang_tidy:/home/pi/ros2_jazzy/install/ament_clang_format /usr/bin/cmake --install /home/pi/torsobot/Code/Code/ros2_ws/build/torsobot_interfaces
[4.106s] Level 1:colcon.colcon_core.environment:create_environment_scripts_only(torsobot_interfaces)
[4.108s] DEBUG:colcon.colcon_core.event_handler.log_command:Invoked command in '/home/pi/torsobot/Code/Code/ros2_ws/build/torsobot_interfaces' returned '0': CMAKE_PREFIX_PATH=${CMAKE_PREFIX_PATH}:/home/pi/ros2_jazzy/install/rqt_bag_plugins:/home/pi/ros2_jazzy/install/rqt_bag:/home/pi/ros2_jazzy/install/rosbag2_examples_py:/home/pi/ros2_jazzy/install/launch_testing_examples:/home/pi/ros2_jazzy/install/ros2bag:/home/pi/ros2_jazzy/install/tracetools_test:/home/pi/ros2_jazzy/install/tracetools_launch:/home/pi/ros2_jazzy/install/topic_monitor:/home/pi/ros2_jazzy/install/tf2_tools:/home/pi/ros2_jazzy/install/examples_tf2_py:/home/pi/ros2_jazzy/install/tf2_ros_py:/home/pi/ros2_jazzy/install/examples_rclpy_pointcloud_publisher:/home/pi/ros2_jazzy/install/sensor_msgs_py:/home/pi/ros2_jazzy/install/quality_of_service_demo_py:/home/pi/ros2_jazzy/install/rqt_plot:/home/pi/ros2_jazzy/install/ros2doctor:/home/pi/ros2_jazzy/install/lifecycle_py:/home/pi/ros2_jazzy/install/examples_rclpy_minimal_subscriber:/home/pi/ros2_jazzy/install/examples_rclpy_minimal_service:/home/pi/ros2_jazzy/install/examples_rclpy_minimal_publisher:/home/pi/ros2_jazzy/install/examples_rclpy_minimal_client:/home/pi/ros2_jazzy/install/examples_rclpy_executors:/home/pi/ros2_jazzy/install/demo_nodes_py:/home/pi/ros2_jazzy/install/rqt:/home/pi/ros2_jazzy/install/ros2component:/home/pi/ros2_jazzy/install/sros2:/home/pi/ros2_jazzy/install/rqt_topic:/home/pi/ros2_jazzy/install/rqt_srv:/home/pi/ros2_jazzy/install/rqt_shell:/home/pi/ros2_jazzy/install/rqt_service_caller:/home/pi/ros2_jazzy/install/rqt_reconfigure:/home/pi/ros2_jazzy/install/rqt_py_console:/home/pi/ros2_jazzy/install/rqt_publisher:/home/pi/ros2_jazzy/install/rqt_action:/home/pi/ros2_jazzy/install/rqt_msg:/home/pi/ros2_jazzy/install/rqt_console:/home/pi/ros2_jazzy/install/rqt_graph:/home/pi/ros2_jazzy/install/rqt_gui_py:/home/pi/ros2_jazzy/install/rqt_gui:/home/pi/ros2_jazzy/install/ros2trace:/home/pi/ros2_jazzy/install/ros2topic:/home/pi/ros2_jazzy/install/ros2test:/home/pi/ros2_jazzy/install/ros2param:/home/pi/ros2_jazzy/install/ros2lifecycle:/home/pi/ros2_jazzy/install/ros2service:/home/pi/ros2_jazzy/install/ros2run:/home/pi/ros2_jazzy/install/ros2launch:/home/pi/ros2_jazzy/install/ros2pkg:/home/pi/ros2_jazzy/install/ros2node:/home/pi/ros2_jazzy/install/ros2multicast:/home/pi/ros2_jazzy/install/ros2interface:/home/pi/ros2_jazzy/install/ros2action:/home/pi/ros2_jazzy/install/ros2cli:/home/pi/ros2_jazzy/install/launch_testing_ros:/home/pi/ros2_jazzy/install/launch_ros:/home/pi/ros2_jazzy/install/examples_rclpy_minimal_action_server:/home/pi/ros2_jazzy/install/examples_rclpy_minimal_action_client:/home/pi/ros2_jazzy/install/examples_rclpy_guard_conditions:/home/pi/ros2_jazzy/install/action_tutorials_py:/home/pi/ros2_jazzy/install/ament_uncrustify:/home/pi/ros2_jazzy/install/tracetools_trace:/home/pi/ros2_jazzy/install/tracetools_read:/home/pi/ros2_jazzy/install/test_tracetools_launch:/home/pi/ros2_jazzy/install/test_ros2trace:/home/pi/ros2_jazzy/install/test_launch_ros:/home/pi/ros2_jazzy/install/rpyutils:/home/pi/ros2_jazzy/install/rosidl_runtime_py:/home/pi/ros2_jazzy/install/rosidl_pycommon:/home/pi/ros2_jazzy/install/rosidl_cli:/home/pi/ros2_jazzy/install/launch_pytest:/home/pi/ros2_jazzy/install/launch_testing:/home/pi/ros2_jazzy/install/launch_yaml:/home/pi/ros2_jazzy/install/launch_xml:/home/pi/ros2_jazzy/install/launch:/home/pi/ros2_jazzy/install/osrf_pycommon:/home/pi/ros2_jazzy/install/domain_coordinator:/home/pi/ros2_jazzy/install/ament_xmllint:/home/pi/ros2_jazzy/install/ament_pyflakes:/home/pi/ros2_jazzy/install/ament_pycodestyle:/home/pi/ros2_jazzy/install/ament_pep257:/home/pi/ros2_jazzy/install/ament_pclint:/home/pi/ros2_jazzy/install/ament_package:/home/pi/ros2_jazzy/install/ament_mypy:/home/pi/ros2_jazzy/install/ament_lint_cmake:/home/pi/ros2_jazzy/install/ament_flake8:/home/pi/ros2_jazzy/install/ament_copyright:/home/pi/ros2_jazzy/install/ament_lint:/home/pi/ros2_jazzy/install/ament_index_python:/home/pi/ros2_jazzy/install/ament_cpplint:/home/pi/ros2_jazzy/install/ament_cppcheck:/home/pi/ros2_jazzy/install/ament_clang_tidy:/home/pi/ros2_jazzy/install/ament_clang_format /usr/bin/cmake --install /home/pi/torsobot/Code/Code/ros2_ws/build/torsobot_interfaces
[4.122s] Level 1:colcon.colcon_core.environment:checking '/home/pi/torsobot/Code/Code/ros2_ws/install/torsobot_interfaces' for CMake module files
[4.126s] Level 1:colcon.colcon_core.environment:checking '/home/pi/torsobot/Code/Code/ros2_ws/install/torsobot_interfaces' for CMake config files
[4.126s] Level 1:colcon.colcon_core.shell:create_environment_hook('torsobot_interfaces', 'cmake_prefix_path')
[4.127s] INFO:colcon.colcon_core.shell:Creating environment hook '/home/pi/torsobot/Code/Code/ros2_ws/install/torsobot_interfaces/share/torsobot_interfaces/hook/cmake_prefix_path.ps1'
[4.129s] INFO:colcon.colcon_core.shell:Creating environment descriptor '/home/pi/torsobot/Code/Code/ros2_ws/install/torsobot_interfaces/share/torsobot_interfaces/hook/cmake_prefix_path.dsv'
[4.131s] INFO:colcon.colcon_core.shell:Creating environment hook '/home/pi/torsobot/Code/Code/ros2_ws/install/torsobot_interfaces/share/torsobot_interfaces/hook/cmake_prefix_path.sh'
[4.133s] Level 1:colcon.colcon_core.environment:checking '/home/pi/torsobot/Code/Code/ros2_ws/install/torsobot_interfaces/lib'
[4.133s] Level 1:colcon.colcon_core.shell:create_environment_hook('torsobot_interfaces', 'ld_library_path_lib')
[4.134s] INFO:colcon.colcon_core.shell:Creating environment hook '/home/pi/torsobot/Code/Code/ros2_ws/install/torsobot_interfaces/share/torsobot_interfaces/hook/ld_library_path_lib.ps1'
[4.135s] INFO:colcon.colcon_core.shell:Creating environment descriptor '/home/pi/torsobot/Code/Code/ros2_ws/install/torsobot_interfaces/share/torsobot_interfaces/hook/ld_library_path_lib.dsv'
[4.136s] INFO:colcon.colcon_core.shell:Creating environment hook '/home/pi/torsobot/Code/Code/ros2_ws/install/torsobot_interfaces/share/torsobot_interfaces/hook/ld_library_path_lib.sh'
[4.137s] Level 1:colcon.colcon_core.environment:checking '/home/pi/torsobot/Code/Code/ros2_ws/install/torsobot_interfaces/bin'
[4.138s] Level 1:colcon.colcon_core.environment:checking '/home/pi/torsobot/Code/Code/ros2_ws/install/torsobot_interfaces/lib/pkgconfig/torsobot_interfaces.pc'
[4.148s] Level 1:colcon.colcon_core.environment:checking '/home/pi/torsobot/Code/Code/ros2_ws/install/torsobot_interfaces/lib/python3.11/site-packages'
[4.149s] Level 1:colcon.colcon_core.shell:create_environment_hook('torsobot_interfaces', 'pythonpath')
[4.149s] INFO:colcon.colcon_core.shell:Creating environment hook '/home/pi/torsobot/Code/Code/ros2_ws/install/torsobot_interfaces/share/torsobot_interfaces/hook/pythonpath.ps1'
[4.150s] INFO:colcon.colcon_core.shell:Creating environment descriptor '/home/pi/torsobot/Code/Code/ros2_ws/install/torsobot_interfaces/share/torsobot_interfaces/hook/pythonpath.dsv'
[4.153s] INFO:colcon.colcon_core.shell:Creating environment hook '/home/pi/torsobot/Code/Code/ros2_ws/install/torsobot_interfaces/share/torsobot_interfaces/hook/pythonpath.sh'
[4.155s] Level 1:colcon.colcon_core.environment:checking '/home/pi/torsobot/Code/Code/ros2_ws/install/torsobot_interfaces/bin'
[4.156s] INFO:colcon.colcon_core.shell:Creating package script '/home/pi/torsobot/Code/Code/ros2_ws/install/torsobot_interfaces/share/torsobot_interfaces/package.ps1'
[4.158s] INFO:colcon.colcon_core.shell:Creating package descriptor '/home/pi/torsobot/Code/Code/ros2_ws/install/torsobot_interfaces/share/torsobot_interfaces/package.dsv'
[4.161s] INFO:colcon.colcon_core.shell:Creating package script '/home/pi/torsobot/Code/Code/ros2_ws/install/torsobot_interfaces/share/torsobot_interfaces/package.sh'
[4.164s] INFO:colcon.colcon_core.shell:Creating package script '/home/pi/torsobot/Code/Code/ros2_ws/install/torsobot_interfaces/share/torsobot_interfaces/package.bash'
[4.167s] INFO:colcon.colcon_core.shell:Creating package script '/home/pi/torsobot/Code/Code/ros2_ws/install/torsobot_interfaces/share/torsobot_interfaces/package.zsh'
[4.170s] Level 1:colcon.colcon_core.environment:create_file_with_runtime_dependencies(/home/pi/torsobot/Code/Code/ros2_ws/install/torsobot_interfaces/share/colcon-core/packages/torsobot_interfaces)
[4.173s] Level 1:colcon.colcon_core.environment:create_environment_scripts_only(torsobot_interfaces)
[4.173s] Level 1:colcon.colcon_core.environment:checking '/home/pi/torsobot/Code/Code/ros2_ws/install/torsobot_interfaces' for CMake module files
[4.174s] Level 1:colcon.colcon_core.environment:checking '/home/pi/torsobot/Code/Code/ros2_ws/install/torsobot_interfaces' for CMake config files
[4.174s] Level 1:colcon.colcon_core.shell:create_environment_hook('torsobot_interfaces', 'cmake_prefix_path')
[4.175s] INFO:colcon.colcon_core.shell:Creating environment hook '/home/pi/torsobot/Code/Code/ros2_ws/install/torsobot_interfaces/share/torsobot_interfaces/hook/cmake_prefix_path.ps1'
[4.176s] INFO:colcon.colcon_core.shell:Creating environment descriptor '/home/pi/torsobot/Code/Code/ros2_ws/install/torsobot_interfaces/share/torsobot_interfaces/hook/cmake_prefix_path.dsv'
[4.177s] INFO:colcon.colcon_core.shell:Creating environment hook '/home/pi/torsobot/Code/Code/ros2_ws/install/torsobot_interfaces/share/torsobot_interfaces/hook/cmake_prefix_path.sh'
[4.179s] Level 1:colcon.colcon_core.environment:checking '/home/pi/torsobot/Code/Code/ros2_ws/install/torsobot_interfaces/lib'
[4.179s] Level 1:colcon.colcon_core.shell:create_environment_hook('torsobot_interfaces', 'ld_library_path_lib')
[4.180s] INFO:colcon.colcon_core.shell:Creating environment hook '/home/pi/torsobot/Code/Code/ros2_ws/install/torsobot_interfaces/share/torsobot_interfaces/hook/ld_library_path_lib.ps1'
[4.180s] INFO:colcon.colcon_core.shell:Creating environment descriptor '/home/pi/torsobot/Code/Code/ros2_ws/install/torsobot_interfaces/share/torsobot_interfaces/hook/ld_library_path_lib.dsv'
[4.184s] INFO:colcon.colcon_core.shell:Creating environment hook '/home/pi/torsobot/Code/Code/ros2_ws/install/torsobot_interfaces/share/torsobot_interfaces/hook/ld_library_path_lib.sh'
[4.185s] Level 1:colcon.colcon_core.environment:checking '/home/pi/torsobot/Code/Code/ros2_ws/install/torsobot_interfaces/bin'
[4.185s] Level 1:colcon.colcon_core.environment:checking '/home/pi/torsobot/Code/Code/ros2_ws/install/torsobot_interfaces/lib/pkgconfig/torsobot_interfaces.pc'
[4.186s] Level 1:colcon.colcon_core.environment:checking '/home/pi/torsobot/Code/Code/ros2_ws/install/torsobot_interfaces/lib/python3.11/site-packages'
[4.186s] Level 1:colcon.colcon_core.shell:create_environment_hook('torsobot_interfaces', 'pythonpath')
[4.186s] INFO:colcon.colcon_core.shell:Creating environment hook '/home/pi/torsobot/Code/Code/ros2_ws/install/torsobot_interfaces/share/torsobot_interfaces/hook/pythonpath.ps1'
[4.187s] INFO:colcon.colcon_core.shell:Creating environment descriptor '/home/pi/torsobot/Code/Code/ros2_ws/install/torsobot_interfaces/share/torsobot_interfaces/hook/pythonpath.dsv'
[4.188s] INFO:colcon.colcon_core.shell:Creating environment hook '/home/pi/torsobot/Code/Code/ros2_ws/install/torsobot_interfaces/share/torsobot_interfaces/hook/pythonpath.sh'
[4.189s] Level 1:colcon.colcon_core.environment:checking '/home/pi/torsobot/Code/Code/ros2_ws/install/torsobot_interfaces/bin'
[4.190s] INFO:colcon.colcon_core.shell:Creating package script '/home/pi/torsobot/Code/Code/ros2_ws/install/torsobot_interfaces/share/torsobot_interfaces/package.ps1'
[4.191s] INFO:colcon.colcon_core.shell:Creating package descriptor '/home/pi/torsobot/Code/Code/ros2_ws/install/torsobot_interfaces/share/torsobot_interfaces/package.dsv'
[4.192s] INFO:colcon.colcon_core.shell:Creating package script '/home/pi/torsobot/Code/Code/ros2_ws/install/torsobot_interfaces/share/torsobot_interfaces/package.sh'
[4.193s] INFO:colcon.colcon_core.shell:Creating package script '/home/pi/torsobot/Code/Code/ros2_ws/install/torsobot_interfaces/share/torsobot_interfaces/package.bash'
[4.194s] INFO:colcon.colcon_core.shell:Creating package script '/home/pi/torsobot/Code/Code/ros2_ws/install/torsobot_interfaces/share/torsobot_interfaces/package.zsh'
[4.195s] Level 1:colcon.colcon_core.environment:create_file_with_runtime_dependencies(/home/pi/torsobot/Code/Code/ros2_ws/install/torsobot_interfaces/share/colcon-core/packages/torsobot_interfaces)
[4.196s] INFO:colcon.colcon_ros.task.ament_cmake.build:Building ROS package in '/home/pi/torsobot/Code/Code/ros2_ws/src/torsobot' with build type 'ament_cmake'
[4.196s] INFO:colcon.colcon_cmake.task.cmake.build:Building CMake package in '/home/pi/torsobot/Code/Code/ros2_ws/src/torsobot'
[4.197s] INFO:colcon.colcon_core.shell:Skip shell extension 'powershell' for command environment: Not usable outside of PowerShell
[4.198s] DEBUG:colcon.colcon_core.shell:Skip shell extension 'dsv' for command environment
[4.262s] DEBUG:colcon.colcon_core.event_handler.log_command:Invoking command in '/home/pi/torsobot/Code/Code/ros2_ws/build/torsobot': CMAKE_PREFIX_PATH=/home/pi/torsobot/Code/Code/ros2_ws/install/torsobot_interfaces:/home/pi/torsobot/Code/Code/ros2_ws/install/torsobot:/home/pi/ros2_jazzy/install/rosbag2:/home/pi/ros2_jazzy/install/rosbag2_storage_default_plugins:/home/pi/ros2_jazzy/install/rosbag2_storage_mcap:/home/pi/ros2_jazzy/install/rosbag2_compression_zstd:/home/pi/ros2_jazzy/install/mcap_vendor:/home/pi/ros2_jazzy/install/zstd_vendor:/home/pi/ros2_jazzy/install/rviz_visual_testing_framework:/home/pi/ros2_jazzy/install/rviz2:/home/pi/ros2_jazzy/install/rviz_default_plugins:/home/pi/ros2_jazzy/install/rviz_common:/home/pi/ros2_jazzy/install/rosbag2_py:/home/pi/ros2_jazzy/install/rosbag2_transport:/home/pi/ros2_jazzy/install/rosbag2_storage_sqlite3:/home/pi/ros2_jazzy/install/rosbag2_examples_cpp:/home/pi/ros2_jazzy/install/rosbag2_compression:/home/pi/ros2_jazzy/install/rosbag2_cpp:/home/pi/ros2_jazzy/install/rosbag2_storage:/home/pi/ros2_jazzy/install/image_common:/home/pi/ros2_jazzy/install/camera_info_manager:/home/pi/ros2_jazzy/install/camera_calibration_parsers:/home/pi/ros2_jazzy/install/yaml_cpp_vendor/opt/yaml_cpp_vendor:/home/pi/ros2_jazzy/install/yaml_cpp_vendor:/home/pi/ros2_jazzy/install/interactive_markers:/home/pi/ros2_jazzy/install/common_interfaces:/home/pi/ros2_jazzy/install/visualization_msgs:/home/pi/ros2_jazzy/install/dummy_robot_bringup:/home/pi/ros2_jazzy/install/robot_state_publisher:/home/pi/ros2_jazzy/install/kdl_parser:/home/pi/ros2_jazzy/install/urdf:/home/pi/ros2_jazzy/install/urdfdom:/home/pi/ros2_jazzy/install/urdf_parser_plugin:/home/pi/ros2_jazzy/install/urdfdom_headers:/home/pi/ros2_jazzy/install/turtlesim:/home/pi/ros2_jazzy/install/trajectory_msgs:/home/pi/ros2_jazzy/install/topic_statistics_demo:/home/pi/ros2_jazzy/install/pendulum_control:/home/pi/ros2_jazzy/install/tlsf_cpp:/home/pi/ros2_jazzy/install/geometry2:/home/pi/ros2_jazzy/install/tf2_sensor_msgs:/home/pi/ros2_jazzy/install/test_tf2:/home/pi/ros2_jazzy/install/tf2_kdl:/home/pi/ros2_jazzy/install/tf2_geometry_msgs:/home/pi/ros2_jazzy/install/tf2_eigen:/home/pi/ros2_jazzy/install/tf2_bullet:/home/pi/ros2_jazzy/install/tf2_ros:/home/pi/ros2_jazzy/install/tf2_py:/home/pi/ros2_jazzy/install/tf2_msgs:/home/pi/ros2_jazzy/install/tf2_eigen_kdl:/home/pi/ros2_jazzy/install/laser_geometry:/home/pi/ros2_jazzy/install/tf2:/home/pi/ros2_jazzy/install/test_tracetools:/home/pi/ros2_jazzy/install/test_msgs:/home/pi/ros2_jazzy/install/test_communication:/home/pi/ros2_jazzy/install/stereo_msgs:/home/pi/ros2_jazzy/install/std_srvs:/home/pi/ros2_jazzy/install/shape_msgs:/home/pi/ros2_jazzy/install/quality_of_service_demo_cpp:/home/pi/ros2_jazzy/install/point_cloud_transport_py:/home/pi/ros2_jazzy/install/point_cloud_transport:/home/pi/ros2_jazzy/install/map_msgs:/home/pi/ros2_jazzy/install/intra_process_demo:/home/pi/ros2_jazzy/install/image_transport:/home/pi/ros2_jazzy/install/image_tools:/home/pi/ros2_jazzy/install/dummy_sensors:/home/pi/ros2_jazzy/install/sensor_msgs:/home/pi/ros2_jazzy/install/ros2cli_common_extensions:/home/pi/ros2_jazzy/install/dummy_map_server:/home/pi/ros2_jazzy/install/nav_msgs:/home/pi/ros2_jazzy/install/message_filters:/home/pi/ros2_jazzy/install/logging_demo:/home/pi/ros2_jazzy/install/lifecycle:/home/pi/ros2_jazzy/install/diagnostic_msgs:/home/pi/ros2_jazzy/install/geometry_msgs:/home/pi/ros2_jazzy/install/examples_rclcpp_wait_set:/home/pi/ros2_jazzy/install/examples_rclcpp_multithreaded_executor:/home/pi/ros2_jazzy/install/examples_rclcpp_minimal_subscriber:/home/pi/ros2_jazzy/install/examples_rclcpp_minimal_publisher:/home/pi/ros2_jazzy/install/examples_rclcpp_minimal_composition:/home/pi/ros2_jazzy/install/examples_rclcpp_cbg_executor:/home/pi/ros2_jazzy/install/demo_nodes_cpp_native:/home/pi/ros2_jazzy/install/demo_nodes_cpp:/home/pi/ros2_jazzy/install/composition:/home/pi/ros2_jazzy/install/actionlib_msgs:/home/pi/ros2_jazzy/install/std_msgs:/home/pi/ros2_jazzy/install/rqt_gui_cpp:/home/pi/ros2_jazzy/install/rosbag2_test_common:/home/pi/ros2_jazzy/install/ros2lifecycle_test_fixtures:/home/pi/ros2_jazzy/install/rclcpp_lifecycle:/home/pi/ros2_jazzy/install/action_tutorials_cpp:/home/pi/ros2_jazzy/install/rclcpp_components:/home/pi/ros2_jazzy/install/examples_rclcpp_minimal_action_server:/home/pi/ros2_jazzy/install/examples_rclcpp_minimal_action_client:/home/pi/ros2_jazzy/install/rclcpp_action:/home/pi/ros2_jazzy/install/examples_rclcpp_minimal_timer:/home/pi/ros2_jazzy/install/examples_rclcpp_minimal_service:/home/pi/ros2_jazzy/install/examples_rclcpp_minimal_client:/home/pi/ros2_jazzy/install/examples_rclcpp_async_client:/home/pi/ros2_jazzy/install/rclcpp:/home/pi/ros2_jazzy/install/libstatistics_collector:/home/pi/ros2_jazzy/install/statistics_msgs:/home/pi/ros2_jazzy/install/sros2_cmake:/home/pi/ros2_jazzy/install/rqt_py_common:/home/pi/ros2_jazzy/install/ros_testing:/home/pi/ros2_jazzy/install/rclpy:/home/pi/ros2_jazzy/install/rosgraph_msgs:/home/pi/ros2_jazzy/install/rosbag2_interfaces:/home/pi/ros2_jazzy/install/ros2cli_test_interfaces:/home/pi/ros2_jazzy/install/rcl_lifecycle:/home/pi/ros2_jazzy/install/rcl_action:/home/pi/ros2_jazzy/install/rcl:/home/pi/ros2_jazzy/install/rmw_implementation:/home/pi/ros2_jazzy/install/rmw_fastrtps_dynamic_cpp:/home/pi/ros2_jazzy/install/rmw_fastrtps_cpp:/home/pi/ros2_jazzy/install/rmw_fastrtps_shared_cpp:/home/pi/ros2_jazzy/install/rmw_cyclonedds_cpp:/home/pi/ros2_jazzy/install/rmw_connextddsmicro:/home/pi/ros2_jazzy/install/rmw_connextdds:/home/pi/ros2_jazzy/install/rmw_connextdds_common:/home/pi/ros2_jazzy/install/rmw_dds_common:/home/pi/ros2_jazzy/install/composition_interfaces:/home/pi/ros2_jazzy/install/rcl_interfaces:/home/pi/ros2_jazzy/install/pendulum_msgs:/home/pi/ros2_jazzy/install/lifecycle_msgs:/home/pi/ros2_jazzy/install/example_interfaces:/home/pi/ros2_jazzy/install/action_tutorials_interfaces:/home/pi/ros2_jazzy/install/rosidl_default_runtime:/home/pi/ros2_jazzy/install/rosidl_default_generators:/home/pi/ros2_jazzy/install/action_msgs:/home/pi/ros2_jazzy/install/unique_identifier_msgs:/home/pi/ros2_jazzy/install/type_description_interfaces:/home/pi/ros2_jazzy/install/service_msgs:/home/pi/ros2_jazzy/install/builtin_interfaces:/home/pi/ros2_jazzy/install/rosidl_core_runtime:/home/pi/ros2_jazzy/install/rosidl_core_generators:/home/pi/ros2_jazzy/install/rosidl_generator_py:/home/pi/ros2_jazzy/install/ament_lint_common:/home/pi/ros2_jazzy/install/ament_cmake_uncrustify:/home/pi/ros2_jazzy/install/uncrustify_vendor:/home/pi/ros2_jazzy/install/tracetools:/home/pi/ros2_jazzy/install/tlsf:/home/pi/ros2_jazzy/install/qt_gui_core:/home/pi/ros2_jazzy/install/qt_gui_cpp:/home/pi/ros2_jazzy/install/pluginlib:/home/pi/ros2_jazzy/install/tinyxml2_vendor:/home/pi/ros2_jazzy/install/test_security:/home/pi/ros2_jazzy/install/test_rmw_implementation:/home/pi/ros2_jazzy/install/test_rclcpp:/home/pi/ros2_jazzy/install/test_quality_of_service:/home/pi/ros2_jazzy/install/test_launch_testing:/home/pi/ros2_jazzy/install/test_interface_files:/home/pi/ros2_jazzy/install/test_cli_remapping:/home/pi/ros2_jazzy/install/test_cli:/home/pi/ros2_jazzy/install/qt_gui_app:/home/pi/ros2_jazzy/install/qt_gui:/home/pi/ros2_jazzy/install/tango_icons_vendor:/home/pi/ros2_jazzy/install/sqlite3_vendor:/home/pi/ros2_jazzy/install/rcl_logging_spdlog:/home/pi/ros2_jazzy/install/spdlog_vendor:/home/pi/ros2_jazzy/install/shared_queues_vendor:/home/pi/ros2_jazzy/install/rviz_rendering_tests:/home/pi/ros2_jazzy/install/rviz_rendering:/home/pi/ros2_jazzy/install/rviz_ogre_vendor:/home/pi/ros2_jazzy/install/rviz_assimp_vendor:/home/pi/ros2_jazzy/install/rttest:/home/pi/ros2_jazzy/install/rti_connext_dds_cmake_module:/home/pi/ros2_jazzy/install/lttngpy:/home/pi/ros2_jazzy/install/rosidl_typesupport_tests:/home/pi/ros2_jazzy/install/rosidl_typesupport_introspection_tests:/home/pi/ros2_jazzy/install/rosidl_typesupport_cpp:/home/pi/ros2_jazzy/install/rosidl_typesupport_introspection_cpp:/home/pi/ros2_jazzy/install/rosidl_typesupport_c:/home/pi/ros2_jazzy/install/rosidl_typesupport_introspection_c:/home/pi/ros2_jazzy/install/rosidl_typesupport_fastrtps_c:/home/pi/ros2_jazzy/install/rosidl_typesupport_fastrtps_cpp:/home/pi/ros2_jazzy/install/rosidl_generator_cpp:/home/pi/ros2_jazzy/install/rosidl_runtime_cpp:/home/pi/ros2_jazzy/install/rosidl_dynamic_typesupport_fastrtps:/home/pi/ros2_jazzy/install/rcl_yaml_param_parser:/home/pi/ros2_jazzy/install/rmw:/home/pi/ros2_jazzy/install/rosidl_dynamic_typesupport:/home/pi/ros2_jazzy/install/rosidl_runtime_c:/home/pi/ros2_jazzy/install/rosidl_generator_c:/home/pi/ros2_jazzy/install/rosidl_typesupport_interface:/home/pi/ros2_jazzy/install/rosidl_generator_dds_idl:/home/pi/ros2_jazzy/install/rosidl_cmake:/home/pi/ros2_jazzy/install/rosidl_generator_type_description:/home/pi/ros2_jazzy/install/rosidl_parser:/home/pi/ros2_jazzy/install/rosidl_generator_tests:/home/pi/ros2_jazzy/install/rosidl_adapter:/home/pi/ros2_jazzy/install/rosbag2_tests:/home/pi/ros2_jazzy/install/rosbag2_test_msgdefs:/home/pi/ros2_jazzy/install/ros_environment:/home/pi/ros2_jazzy/install/rmw_implementation_cmake:/home/pi/ros2_jazzy/install/resource_retriever:/home/pi/ros2_jazzy/install/class_loader:/home/pi/ros2_jazzy/install/rcpputils:/home/pi/ros2_jazzy/install/rcl_logging_noop:/home/pi/ros2_jazzy/install/rcl_logging_interface:/home/pi/ros2_jazzy/install/rcutils:/home/pi/ros2_jazzy/install/qt_gui_py_common:/home/pi/ros2_jazzy/install/qt_dotgraph:/home/pi/ros2_jazzy/install/python_qt_binding:/home/pi/ros2_jazzy/install/python_orocos_kdl_vendor:/home/pi/ros2_jazzy/install/launch_testing_ament_cmake:/home/pi/ros2_jazzy/install/python_cmake_module:/home/pi/ros2_jazzy/install/pybind11_vendor:/home/pi/ros2_jazzy/install/performance_test_fixture:/home/pi/ros2_jazzy/install/osrf_testing_tools_cpp:/home/pi/ros2_jazzy/install/orocos_kdl_vendor:/home/pi/ros2_jazzy/install/mimick_vendor:/home/pi/ros2_jazzy/install/libyaml_vendor:/home/pi/ros2_jazzy/install/liblz4_vendor:/home/pi/ros2_jazzy/install/libcurl_vendor:/home/pi/ros2_jazzy/install/keyboard_handler:/home/pi/ros2_jazzy/install/iceoryx_introspection:/home/pi/ros2_jazzy/install/cyclonedds:/home/pi/ros2_jazzy/install/iceoryx_posh:/home/pi/ros2_jazzy/install/iceoryx_hoofs:/home/pi/ros2_jazzy/install/iceoryx_binding_c:/home/pi/ros2_jazzy/install/gz_math_vendor/opt/gz_math_vendor:/home/pi/ros2_jazzy/install/gz_math_vendor:/home/pi/ros2_jazzy/install/gz_utils_vendor/opt/gz_utils_vendor:/home/pi/ros2_jazzy/install/gz_utils_vendor:/home/pi/ros2_jazzy/install/gz_cmake_vendor/opt/gz_cmake_vendor:/home/pi/ros2_jazzy/install/gz_cmake_vendor:/home/pi/ros2_jazzy/install/ament_cmake_ros:/home/pi/ros2_jazzy/install/ament_cmake_auto:/home/pi/ros2_jazzy/install/ament_cmake_gmock:/home/pi/ros2_jazzy/install/gmock_vendor:/home/pi/ros2_jazzy/install/fastrtps:/home/pi/ros2_jazzy/install/fastcdr:/home/pi/ros2_jazzy/install/ament_cmake_gtest:/home/pi/ros2_jazzy/install/gtest_vendor:/home/pi/ros2_jazzy/install/ament_cmake_google_benchmark:/home/pi/ros2_jazzy/install/google_benchmark_vendor:/home/pi/ros2_jazzy/install/foonathan_memory_vendor:/home/pi/ros2_jazzy/install/fastrtps_cmake_module:/home/pi/ros2_jazzy/install/eigen3_cmake_module:/home/pi/ros2_jazzy/install/console_bridge_vendor:/home/pi/ros2_jazzy/install/ament_cmake_xmllint:/home/pi/ros2_jazzy/install/ament_cmake_pyflakes:/home/pi/ros2_jazzy/install/ament_cmake_pycodestyle:/home/pi/ros2_jazzy/install/ament_cmake_pep257:/home/pi/ros2_jazzy/install/ament_cmake_pclint:/home/pi/ros2_jazzy/install/ament_lint_auto:/home/pi/ros2_jazzy/install/ament_cmake:/home/pi/ros2_jazzy/install/ament_cmake_version:/home/pi/ros2_jazzy/install/ament_cmake_vendor_package:/home/pi/ros2_jazzy/install/ament_cmake_pytest:/home/pi/ros2_jazzy/install/ament_cmake_mypy:/home/pi/ros2_jazzy/install/ament_cmake_lint_cmake:/home/pi/ros2_jazzy/install/ament_cmake_flake8:/home/pi/ros2_jazzy/install/ament_cmake_cpplint:/home/pi/ros2_jazzy/install/ament_cmake_cppcheck:/home/pi/ros2_jazzy/install/ament_cmake_copyright:/home/pi/ros2_jazzy/install/ament_cmake_clang_tidy:/home/pi/ros2_jazzy/install/ament_cmake_clang_format:/home/pi/ros2_jazzy/install/ament_cmake_test:/home/pi/ros2_jazzy/install/ament_cmake_target_dependencies:/home/pi/ros2_jazzy/install/ament_cmake_python:/home/pi/ros2_jazzy/install/ament_cmake_export_dependencies:/home/pi/ros2_jazzy/install/ament_cmake_libraries:/home/pi/ros2_jazzy/install/ament_cmake_include_directories:/home/pi/ros2_jazzy/install/ament_cmake_gen_version_h:/home/pi/ros2_jazzy/install/ament_cmake_export_targets:/home/pi/ros2_jazzy/install/ament_cmake_export_link_flags:/home/pi/ros2_jazzy/install/ament_cmake_export_interfaces:/home/pi/ros2_jazzy/install/ament_cmake_export_libraries:/home/pi/ros2_jazzy/install/ament_cmake_export_include_directories:/home/pi/ros2_jazzy/install/ament_cmake_export_definitions:/home/pi/ros2_jazzy/install/ament_cmake_core:/home/pi/ros2_jazzy/install/ament_index_cpp:/home/pi/ros2_jazzy/install/rqt_bag_plugins:/home/pi/ros2_jazzy/install/rqt_bag:/home/pi/ros2_jazzy/install/rosbag2_examples_py:/home/pi/ros2_jazzy/install/launch_testing_examples:/home/pi/ros2_jazzy/install/ros2bag:/home/pi/ros2_jazzy/install/tracetools_test:/home/pi/ros2_jazzy/install/tracetools_launch:/home/pi/ros2_jazzy/install/topic_monitor:/home/pi/ros2_jazzy/install/tf2_tools:/home/pi/ros2_jazzy/install/examples_tf2_py:/home/pi/ros2_jazzy/install/tf2_ros_py:/home/pi/ros2_jazzy/install/examples_rclpy_pointcloud_publisher:/home/pi/ros2_jazzy/install/sensor_msgs_py:/home/pi/ros2_jazzy/install/quality_of_service_demo_py:/home/pi/ros2_jazzy/install/rqt_plot:/home/pi/ros2_jazzy/install/ros2doctor:/home/pi/ros2_jazzy/install/lifecycle_py:/home/pi/ros2_jazzy/install/examples_rclpy_minimal_subscriber:/home/pi/ros2_jazzy/install/examples_rclpy_minimal_service:/home/pi/ros2_jazzy/install/examples_rclpy_minimal_publisher:/home/pi/ros2_jazzy/install/examples_rclpy_minimal_client:/home/pi/ros2_jazzy/install/examples_rclpy_executors:/home/pi/ros2_jazzy/install/demo_nodes_py:/home/pi/ros2_jazzy/install/rqt:/home/pi/ros2_jazzy/install/ros2component:/home/pi/ros2_jazzy/install/sros2:/home/pi/ros2_jazzy/install/rqt_topic:/home/pi/ros2_jazzy/install/rqt_srv:/home/pi/ros2_jazzy/install/rqt_shell:/home/pi/ros2_jazzy/install/rqt_service_caller:/home/pi/ros2_jazzy/install/rqt_reconfigure:/home/pi/ros2_jazzy/install/rqt_py_console:/home/pi/ros2_jazzy/install/rqt_publisher:/home/pi/ros2_jazzy/install/rqt_action:/home/pi/ros2_jazzy/install/rqt_msg:/home/pi/ros2_jazzy/install/rqt_console:/home/pi/ros2_jazzy/install/rqt_graph:/home/pi/ros2_jazzy/install/rqt_gui_py:/home/pi/ros2_jazzy/install/rqt_gui:/home/pi/ros2_jazzy/install/ros2trace:/home/pi/ros2_jazzy/install/ros2topic:/home/pi/ros2_jazzy/install/ros2test:/home/pi/ros2_jazzy/install/ros2param:/home/pi/ros2_jazzy/install/ros2lifecycle:/home/pi/ros2_jazzy/install/ros2service:/home/pi/ros2_jazzy/install/ros2run:/home/pi/ros2_jazzy/install/ros2launch:/home/pi/ros2_jazzy/install/ros2pkg:/home/pi/ros2_jazzy/install/ros2node:/home/pi/ros2_jazzy/install/ros2multicast:/home/pi/ros2_jazzy/install/ros2interface:/home/pi/ros2_jazzy/install/ros2action:/home/pi/ros2_jazzy/install/ros2cli:/home/pi/ros2_jazzy/install/launch_testing_ros:/home/pi/ros2_jazzy/install/launch_ros:/home/pi/ros2_jazzy/install/examples_rclpy_minimal_action_server:/home/pi/ros2_jazzy/install/examples_rclpy_minimal_action_client:/home/pi/ros2_jazzy/install/examples_rclpy_guard_conditions:/home/pi/ros2_jazzy/install/action_tutorials_py:/home/pi/ros2_jazzy/install/ament_uncrustify:/home/pi/ros2_jazzy/install/tracetools_trace:/home/pi/ros2_jazzy/install/tracetools_read:/home/pi/ros2_jazzy/install/test_tracetools_launch:/home/pi/ros2_jazzy/install/test_ros2trace:/home/pi/ros2_jazzy/install/test_launch_ros:/home/pi/ros2_jazzy/install/rpyutils:/home/pi/ros2_jazzy/install/rosidl_runtime_py:/home/pi/ros2_jazzy/install/rosidl_pycommon:/home/pi/ros2_jazzy/install/rosidl_cli:/home/pi/ros2_jazzy/install/launch_pytest:/home/pi/ros2_jazzy/install/launch_testing:/home/pi/ros2_jazzy/install/launch_yaml:/home/pi/ros2_jazzy/install/launch_xml:/home/pi/ros2_jazzy/install/launch:/home/pi/ros2_jazzy/install/osrf_pycommon:/home/pi/ros2_jazzy/install/domain_coordinator:/home/pi/ros2_jazzy/install/ament_xmllint:/home/pi/ros2_jazzy/install/ament_pyflakes:/home/pi/ros2_jazzy/install/ament_pycodestyle:/home/pi/ros2_jazzy/install/ament_pep257:/home/pi/ros2_jazzy/install/ament_pclint:/home/pi/ros2_jazzy/install/ament_package:/home/pi/ros2_jazzy/install/ament_mypy:/home/pi/ros2_jazzy/install/ament_lint_cmake:/home/pi/ros2_jazzy/install/ament_flake8:/home/pi/ros2_jazzy/install/ament_copyright:/home/pi/ros2_jazzy/install/ament_lint:/home/pi/ros2_jazzy/install/ament_index_python:/home/pi/ros2_jazzy/install/ament_cpplint:/home/pi/ros2_jazzy/install/ament_cppcheck:/home/pi/ros2_jazzy/install/ament_clang_tidy:/home/pi/ros2_jazzy/install/ament_clang_format /usr/bin/cmake --build /home/pi/torsobot/Code/Code/ros2_ws/build/torsobot -- -j4 -l4
[19.369s] Level 1:colcon.colcon_core.environment:create_environment_scripts_only(torsobot)
[19.369s] Level 1:colcon.colcon_core.environment:checking '/home/pi/torsobot/Code/Code/ros2_ws/install/torsobot' for CMake module files
[19.370s] DEBUG:colcon.colcon_core.event_handler.log_command:Invoked command in '/home/pi/torsobot/Code/Code/ros2_ws/build/torsobot' returned '2': CMAKE_PREFIX_PATH=/home/pi/torsobot/Code/Code/ros2_ws/install/torsobot_interfaces:/home/pi/torsobot/Code/Code/ros2_ws/install/torsobot:/home/pi/ros2_jazzy/install/rosbag2:/home/pi/ros2_jazzy/install/rosbag2_storage_default_plugins:/home/pi/ros2_jazzy/install/rosbag2_storage_mcap:/home/pi/ros2_jazzy/install/rosbag2_compression_zstd:/home/pi/ros2_jazzy/install/mcap_vendor:/home/pi/ros2_jazzy/install/zstd_vendor:/home/pi/ros2_jazzy/install/rviz_visual_testing_framework:/home/pi/ros2_jazzy/install/rviz2:/home/pi/ros2_jazzy/install/rviz_default_plugins:/home/pi/ros2_jazzy/install/rviz_common:/home/pi/ros2_jazzy/install/rosbag2_py:/home/pi/ros2_jazzy/install/rosbag2_transport:/home/pi/ros2_jazzy/install/rosbag2_storage_sqlite3:/home/pi/ros2_jazzy/install/rosbag2_examples_cpp:/home/pi/ros2_jazzy/install/rosbag2_compression:/home/pi/ros2_jazzy/install/rosbag2_cpp:/home/pi/ros2_jazzy/install/rosbag2_storage:/home/pi/ros2_jazzy/install/image_common:/home/pi/ros2_jazzy/install/camera_info_manager:/home/pi/ros2_jazzy/install/camera_calibration_parsers:/home/pi/ros2_jazzy/install/yaml_cpp_vendor/opt/yaml_cpp_vendor:/home/pi/ros2_jazzy/install/yaml_cpp_vendor:/home/pi/ros2_jazzy/install/interactive_markers:/home/pi/ros2_jazzy/install/common_interfaces:/home/pi/ros2_jazzy/install/visualization_msgs:/home/pi/ros2_jazzy/install/dummy_robot_bringup:/home/pi/ros2_jazzy/install/robot_state_publisher:/home/pi/ros2_jazzy/install/kdl_parser:/home/pi/ros2_jazzy/install/urdf:/home/pi/ros2_jazzy/install/urdfdom:/home/pi/ros2_jazzy/install/urdf_parser_plugin:/home/pi/ros2_jazzy/install/urdfdom_headers:/home/pi/ros2_jazzy/install/turtlesim:/home/pi/ros2_jazzy/install/trajectory_msgs:/home/pi/ros2_jazzy/install/topic_statistics_demo:/home/pi/ros2_jazzy/install/pendulum_control:/home/pi/ros2_jazzy/install/tlsf_cpp:/home/pi/ros2_jazzy/install/geometry2:/home/pi/ros2_jazzy/install/tf2_sensor_msgs:/home/pi/ros2_jazzy/install/test_tf2:/home/pi/ros2_jazzy/install/tf2_kdl:/home/pi/ros2_jazzy/install/tf2_geometry_msgs:/home/pi/ros2_jazzy/install/tf2_eigen:/home/pi/ros2_jazzy/install/tf2_bullet:/home/pi/ros2_jazzy/install/tf2_ros:/home/pi/ros2_jazzy/install/tf2_py:/home/pi/ros2_jazzy/install/tf2_msgs:/home/pi/ros2_jazzy/install/tf2_eigen_kdl:/home/pi/ros2_jazzy/install/laser_geometry:/home/pi/ros2_jazzy/install/tf2:/home/pi/ros2_jazzy/install/test_tracetools:/home/pi/ros2_jazzy/install/test_msgs:/home/pi/ros2_jazzy/install/test_communication:/home/pi/ros2_jazzy/install/stereo_msgs:/home/pi/ros2_jazzy/install/std_srvs:/home/pi/ros2_jazzy/install/shape_msgs:/home/pi/ros2_jazzy/install/quality_of_service_demo_cpp:/home/pi/ros2_jazzy/install/point_cloud_transport_py:/home/pi/ros2_jazzy/install/point_cloud_transport:/home/pi/ros2_jazzy/install/map_msgs:/home/pi/ros2_jazzy/install/intra_process_demo:/home/pi/ros2_jazzy/install/image_transport:/home/pi/ros2_jazzy/install/image_tools:/home/pi/ros2_jazzy/install/dummy_sensors:/home/pi/ros2_jazzy/install/sensor_msgs:/home/pi/ros2_jazzy/install/ros2cli_common_extensions:/home/pi/ros2_jazzy/install/dummy_map_server:/home/pi/ros2_jazzy/install/nav_msgs:/home/pi/ros2_jazzy/install/message_filters:/home/pi/ros2_jazzy/install/logging_demo:/home/pi/ros2_jazzy/install/lifecycle:/home/pi/ros2_jazzy/install/diagnostic_msgs:/home/pi/ros2_jazzy/install/geometry_msgs:/home/pi/ros2_jazzy/install/examples_rclcpp_wait_set:/home/pi/ros2_jazzy/install/examples_rclcpp_multithreaded_executor:/home/pi/ros2_jazzy/install/examples_rclcpp_minimal_subscriber:/home/pi/ros2_jazzy/install/examples_rclcpp_minimal_publisher:/home/pi/ros2_jazzy/install/examples_rclcpp_minimal_composition:/home/pi/ros2_jazzy/install/examples_rclcpp_cbg_executor:/home/pi/ros2_jazzy/install/demo_nodes_cpp_native:/home/pi/ros2_jazzy/install/demo_nodes_cpp:/home/pi/ros2_jazzy/install/composition:/home/pi/ros2_jazzy/install/actionlib_msgs:/home/pi/ros2_jazzy/install/std_msgs:/home/pi/ros2_jazzy/install/rqt_gui_cpp:/home/pi/ros2_jazzy/install/rosbag2_test_common:/home/pi/ros2_jazzy/install/ros2lifecycle_test_fixtures:/home/pi/ros2_jazzy/install/rclcpp_lifecycle:/home/pi/ros2_jazzy/install/action_tutorials_cpp:/home/pi/ros2_jazzy/install/rclcpp_components:/home/pi/ros2_jazzy/install/examples_rclcpp_minimal_action_server:/home/pi/ros2_jazzy/install/examples_rclcpp_minimal_action_client:/home/pi/ros2_jazzy/install/rclcpp_action:/home/pi/ros2_jazzy/install/examples_rclcpp_minimal_timer:/home/pi/ros2_jazzy/install/examples_rclcpp_minimal_service:/home/pi/ros2_jazzy/install/examples_rclcpp_minimal_client:/home/pi/ros2_jazzy/install/examples_rclcpp_async_client:/home/pi/ros2_jazzy/install/rclcpp:/home/pi/ros2_jazzy/install/libstatistics_collector:/home/pi/ros2_jazzy/install/statistics_msgs:/home/pi/ros2_jazzy/install/sros2_cmake:/home/pi/ros2_jazzy/install/rqt_py_common:/home/pi/ros2_jazzy/install/ros_testing:/home/pi/ros2_jazzy/install/rclpy:/home/pi/ros2_jazzy/install/rosgraph_msgs:/home/pi/ros2_jazzy/install/rosbag2_interfaces:/home/pi/ros2_jazzy/install/ros2cli_test_interfaces:/home/pi/ros2_jazzy/install/rcl_lifecycle:/home/pi/ros2_jazzy/install/rcl_action:/home/pi/ros2_jazzy/install/rcl:/home/pi/ros2_jazzy/install/rmw_implementation:/home/pi/ros2_jazzy/install/rmw_fastrtps_dynamic_cpp:/home/pi/ros2_jazzy/install/rmw_fastrtps_cpp:/home/pi/ros2_jazzy/install/rmw_fastrtps_shared_cpp:/home/pi/ros2_jazzy/install/rmw_cyclonedds_cpp:/home/pi/ros2_jazzy/install/rmw_connextddsmicro:/home/pi/ros2_jazzy/install/rmw_connextdds:/home/pi/ros2_jazzy/install/rmw_connextdds_common:/home/pi/ros2_jazzy/install/rmw_dds_common:/home/pi/ros2_jazzy/install/composition_interfaces:/home/pi/ros2_jazzy/install/rcl_interfaces:/home/pi/ros2_jazzy/install/pendulum_msgs:/home/pi/ros2_jazzy/install/lifecycle_msgs:/home/pi/ros2_jazzy/install/example_interfaces:/home/pi/ros2_jazzy/install/action_tutorials_interfaces:/home/pi/ros2_jazzy/install/rosidl_default_runtime:/home/pi/ros2_jazzy/install/rosidl_default_generators:/home/pi/ros2_jazzy/install/action_msgs:/home/pi/ros2_jazzy/install/unique_identifier_msgs:/home/pi/ros2_jazzy/install/type_description_interfaces:/home/pi/ros2_jazzy/install/service_msgs:/home/pi/ros2_jazzy/install/builtin_interfaces:/home/pi/ros2_jazzy/install/rosidl_core_runtime:/home/pi/ros2_jazzy/install/rosidl_core_generators:/home/pi/ros2_jazzy/install/rosidl_generator_py:/home/pi/ros2_jazzy/install/ament_lint_common:/home/pi/ros2_jazzy/install/ament_cmake_uncrustify:/home/pi/ros2_jazzy/install/uncrustify_vendor:/home/pi/ros2_jazzy/install/tracetools:/home/pi/ros2_jazzy/install/tlsf:/home/pi/ros2_jazzy/install/qt_gui_core:/home/pi/ros2_jazzy/install/qt_gui_cpp:/home/pi/ros2_jazzy/install/pluginlib:/home/pi/ros2_jazzy/install/tinyxml2_vendor:/home/pi/ros2_jazzy/install/test_security:/home/pi/ros2_jazzy/install/test_rmw_implementation:/home/pi/ros2_jazzy/install/test_rclcpp:/home/pi/ros2_jazzy/install/test_quality_of_service:/home/pi/ros2_jazzy/install/test_launch_testing:/home/pi/ros2_jazzy/install/test_interface_files:/home/pi/ros2_jazzy/install/test_cli_remapping:/home/pi/ros2_jazzy/install/test_cli:/home/pi/ros2_jazzy/install/qt_gui_app:/home/pi/ros2_jazzy/install/qt_gui:/home/pi/ros2_jazzy/install/tango_icons_vendor:/home/pi/ros2_jazzy/install/sqlite3_vendor:/home/pi/ros2_jazzy/install/rcl_logging_spdlog:/home/pi/ros2_jazzy/install/spdlog_vendor:/home/pi/ros2_jazzy/install/shared_queues_vendor:/home/pi/ros2_jazzy/install/rviz_rendering_tests:/home/pi/ros2_jazzy/install/rviz_rendering:/home/pi/ros2_jazzy/install/rviz_ogre_vendor:/home/pi/ros2_jazzy/install/rviz_assimp_vendor:/home/pi/ros2_jazzy/install/rttest:/home/pi/ros2_jazzy/install/rti_connext_dds_cmake_module:/home/pi/ros2_jazzy/install/lttngpy:/home/pi/ros2_jazzy/install/rosidl_typesupport_tests:/home/pi/ros2_jazzy/install/rosidl_typesupport_introspection_tests:/home/pi/ros2_jazzy/install/rosidl_typesupport_cpp:/home/pi/ros2_jazzy/install/rosidl_typesupport_introspection_cpp:/home/pi/ros2_jazzy/install/rosidl_typesupport_c:/home/pi/ros2_jazzy/install/rosidl_typesupport_introspection_c:/home/pi/ros2_jazzy/install/rosidl_typesupport_fastrtps_c:/home/pi/ros2_jazzy/install/rosidl_typesupport_fastrtps_cpp:/home/pi/ros2_jazzy/install/rosidl_generator_cpp:/home/pi/ros2_jazzy/install/rosidl_runtime_cpp:/home/pi/ros2_jazzy/install/rosidl_dynamic_typesupport_fastrtps:/home/pi/ros2_jazzy/install/rcl_yaml_param_parser:/home/pi/ros2_jazzy/install/rmw:/home/pi/ros2_jazzy/install/rosidl_dynamic_typesupport:/home/pi/ros2_jazzy/install/rosidl_runtime_c:/home/pi/ros2_jazzy/install/rosidl_generator_c:/home/pi/ros2_jazzy/install/rosidl_typesupport_interface:/home/pi/ros2_jazzy/install/rosidl_generator_dds_idl:/home/pi/ros2_jazzy/install/rosidl_cmake:/home/pi/ros2_jazzy/install/rosidl_generator_type_description:/home/pi/ros2_jazzy/install/rosidl_parser:/home/pi/ros2_jazzy/install/rosidl_generator_tests:/home/pi/ros2_jazzy/install/rosidl_adapter:/home/pi/ros2_jazzy/install/rosbag2_tests:/home/pi/ros2_jazzy/install/rosbag2_test_msgdefs:/home/pi/ros2_jazzy/install/ros_environment:/home/pi/ros2_jazzy/install/rmw_implementation_cmake:/home/pi/ros2_jazzy/install/resource_retriever:/home/pi/ros2_jazzy/install/class_loader:/home/pi/ros2_jazzy/install/rcpputils:/home/pi/ros2_jazzy/install/rcl_logging_noop:/home/pi/ros2_jazzy/install/rcl_logging_interface:/home/pi/ros2_jazzy/install/rcutils:/home/pi/ros2_jazzy/install/qt_gui_py_common:/home/pi/ros2_jazzy/install/qt_dotgraph:/home/pi/ros2_jazzy/install/python_qt_binding:/home/pi/ros2_jazzy/install/python_orocos_kdl_vendor:/home/pi/ros2_jazzy/install/launch_testing_ament_cmake:/home/pi/ros2_jazzy/install/python_cmake_module:/home/pi/ros2_jazzy/install/pybind11_vendor:/home/pi/ros2_jazzy/install/performance_test_fixture:/home/pi/ros2_jazzy/install/osrf_testing_tools_cpp:/home/pi/ros2_jazzy/install/orocos_kdl_vendor:/home/pi/ros2_jazzy/install/mimick_vendor:/home/pi/ros2_jazzy/install/libyaml_vendor:/home/pi/ros2_jazzy/install/liblz4_vendor:/home/pi/ros2_jazzy/install/libcurl_vendor:/home/pi/ros2_jazzy/install/keyboard_handler:/home/pi/ros2_jazzy/install/iceoryx_introspection:/home/pi/ros2_jazzy/install/cyclonedds:/home/pi/ros2_jazzy/install/iceoryx_posh:/home/pi/ros2_jazzy/install/iceoryx_hoofs:/home/pi/ros2_jazzy/install/iceoryx_binding_c:/home/pi/ros2_jazzy/install/gz_math_vendor/opt/gz_math_vendor:/home/pi/ros2_jazzy/install/gz_math_vendor:/home/pi/ros2_jazzy/install/gz_utils_vendor/opt/gz_utils_vendor:/home/pi/ros2_jazzy/install/gz_utils_vendor:/home/pi/ros2_jazzy/install/gz_cmake_vendor/opt/gz_cmake_vendor:/home/pi/ros2_jazzy/install/gz_cmake_vendor:/home/pi/ros2_jazzy/install/ament_cmake_ros:/home/pi/ros2_jazzy/install/ament_cmake_auto:/home/pi/ros2_jazzy/install/ament_cmake_gmock:/home/pi/ros2_jazzy/install/gmock_vendor:/home/pi/ros2_jazzy/install/fastrtps:/home/pi/ros2_jazzy/install/fastcdr:/home/pi/ros2_jazzy/install/ament_cmake_gtest:/home/pi/ros2_jazzy/install/gtest_vendor:/home/pi/ros2_jazzy/install/ament_cmake_google_benchmark:/home/pi/ros2_jazzy/install/google_benchmark_vendor:/home/pi/ros2_jazzy/install/foonathan_memory_vendor:/home/pi/ros2_jazzy/install/fastrtps_cmake_module:/home/pi/ros2_jazzy/install/eigen3_cmake_module:/home/pi/ros2_jazzy/install/console_bridge_vendor:/home/pi/ros2_jazzy/install/ament_cmake_xmllint:/home/pi/ros2_jazzy/install/ament_cmake_pyflakes:/home/pi/ros2_jazzy/install/ament_cmake_pycodestyle:/home/pi/ros2_jazzy/install/ament_cmake_pep257:/home/pi/ros2_jazzy/install/ament_cmake_pclint:/home/pi/ros2_jazzy/install/ament_lint_auto:/home/pi/ros2_jazzy/install/ament_cmake:/home/pi/ros2_jazzy/install/ament_cmake_version:/home/pi/ros2_jazzy/install/ament_cmake_vendor_package:/home/pi/ros2_jazzy/install/ament_cmake_pytest:/home/pi/ros2_jazzy/install/ament_cmake_mypy:/home/pi/ros2_jazzy/install/ament_cmake_lint_cmake:/home/pi/ros2_jazzy/install/ament_cmake_flake8:/home/pi/ros2_jazzy/install/ament_cmake_cpplint:/home/pi/ros2_jazzy/install/ament_cmake_cppcheck:/home/pi/ros2_jazzy/install/ament_cmake_copyright:/home/pi/ros2_jazzy/install/ament_cmake_clang_tidy:/home/pi/ros2_jazzy/install/ament_cmake_clang_format:/home/pi/ros2_jazzy/install/ament_cmake_test:/home/pi/ros2_jazzy/install/ament_cmake_target_dependencies:/home/pi/ros2_jazzy/install/ament_cmake_python:/home/pi/ros2_jazzy/install/ament_cmake_export_dependencies:/home/pi/ros2_jazzy/install/ament_cmake_libraries:/home/pi/ros2_jazzy/install/ament_cmake_include_directories:/home/pi/ros2_jazzy/install/ament_cmake_gen_version_h:/home/pi/ros2_jazzy/install/ament_cmake_export_targets:/home/pi/ros2_jazzy/install/ament_cmake_export_link_flags:/home/pi/ros2_jazzy/install/ament_cmake_export_interfaces:/home/pi/ros2_jazzy/install/ament_cmake_export_libraries:/home/pi/ros2_jazzy/install/ament_cmake_export_include_directories:/home/pi/ros2_jazzy/install/ament_cmake_export_definitions:/home/pi/ros2_jazzy/install/ament_cmake_core:/home/pi/ros2_jazzy/install/ament_index_cpp:/home/pi/ros2_jazzy/install/rqt_bag_plugins:/home/pi/ros2_jazzy/install/rqt_bag:/home/pi/ros2_jazzy/install/rosbag2_examples_py:/home/pi/ros2_jazzy/install/launch_testing_examples:/home/pi/ros2_jazzy/install/ros2bag:/home/pi/ros2_jazzy/install/tracetools_test:/home/pi/ros2_jazzy/install/tracetools_launch:/home/pi/ros2_jazzy/install/topic_monitor:/home/pi/ros2_jazzy/install/tf2_tools:/home/pi/ros2_jazzy/install/examples_tf2_py:/home/pi/ros2_jazzy/install/tf2_ros_py:/home/pi/ros2_jazzy/install/examples_rclpy_pointcloud_publisher:/home/pi/ros2_jazzy/install/sensor_msgs_py:/home/pi/ros2_jazzy/install/quality_of_service_demo_py:/home/pi/ros2_jazzy/install/rqt_plot:/home/pi/ros2_jazzy/install/ros2doctor:/home/pi/ros2_jazzy/install/lifecycle_py:/home/pi/ros2_jazzy/install/examples_rclpy_minimal_subscriber:/home/pi/ros2_jazzy/install/examples_rclpy_minimal_service:/home/pi/ros2_jazzy/install/examples_rclpy_minimal_publisher:/home/pi/ros2_jazzy/install/examples_rclpy_minimal_client:/home/pi/ros2_jazzy/install/examples_rclpy_executors:/home/pi/ros2_jazzy/install/demo_nodes_py:/home/pi/ros2_jazzy/install/rqt:/home/pi/ros2_jazzy/install/ros2component:/home/pi/ros2_jazzy/install/sros2:/home/pi/ros2_jazzy/install/rqt_topic:/home/pi/ros2_jazzy/install/rqt_srv:/home/pi/ros2_jazzy/install/rqt_shell:/home/pi/ros2_jazzy/install/rqt_service_caller:/home/pi/ros2_jazzy/install/rqt_reconfigure:/home/pi/ros2_jazzy/install/rqt_py_console:/home/pi/ros2_jazzy/install/rqt_publisher:/home/pi/ros2_jazzy/install/rqt_action:/home/pi/ros2_jazzy/install/rqt_msg:/home/pi/ros2_jazzy/install/rqt_console:/home/pi/ros2_jazzy/install/rqt_graph:/home/pi/ros2_jazzy/install/rqt_gui_py:/home/pi/ros2_jazzy/install/rqt_gui:/home/pi/ros2_jazzy/install/ros2trace:/home/pi/ros2_jazzy/install/ros2topic:/home/pi/ros2_jazzy/install/ros2test:/home/pi/ros2_jazzy/install/ros2param:/home/pi/ros2_jazzy/install/ros2lifecycle:/home/pi/ros2_jazzy/install/ros2service:/home/pi/ros2_jazzy/install/ros2run:/home/pi/ros2_jazzy/install/ros2launch:/home/pi/ros2_jazzy/install/ros2pkg:/home/pi/ros2_jazzy/install/ros2node:/home/pi/ros2_jazzy/install/ros2multicast:/home/pi/ros2_jazzy/install/ros2interface:/home/pi/ros2_jazzy/install/ros2action:/home/pi/ros2_jazzy/install/ros2cli:/home/pi/ros2_jazzy/install/launch_testing_ros:/home/pi/ros2_jazzy/install/launch_ros:/home/pi/ros2_jazzy/install/examples_rclpy_minimal_action_server:/home/pi/ros2_jazzy/install/examples_rclpy_minimal_action_client:/home/pi/ros2_jazzy/install/examples_rclpy_guard_conditions:/home/pi/ros2_jazzy/install/action_tutorials_py:/home/pi/ros2_jazzy/install/ament_uncrustify:/home/pi/ros2_jazzy/install/tracetools_trace:/home/pi/ros2_jazzy/install/tracetools_read:/home/pi/ros2_jazzy/install/test_tracetools_launch:/home/pi/ros2_jazzy/install/test_ros2trace:/home/pi/ros2_jazzy/install/test_launch_ros:/home/pi/ros2_jazzy/install/rpyutils:/home/pi/ros2_jazzy/install/rosidl_runtime_py:/home/pi/ros2_jazzy/install/rosidl_pycommon:/home/pi/ros2_jazzy/install/rosidl_cli:/home/pi/ros2_jazzy/install/launch_pytest:/home/pi/ros2_jazzy/install/launch_testing:/home/pi/ros2_jazzy/install/launch_yaml:/home/pi/ros2_jazzy/install/launch_xml:/home/pi/ros2_jazzy/install/launch:/home/pi/ros2_jazzy/install/osrf_pycommon:/home/pi/ros2_jazzy/install/domain_coordinator:/home/pi/ros2_jazzy/install/ament_xmllint:/home/pi/ros2_jazzy/install/ament_pyflakes:/home/pi/ros2_jazzy/install/ament_pycodestyle:/home/pi/ros2_jazzy/install/ament_pep257:/home/pi/ros2_jazzy/install/ament_pclint:/home/pi/ros2_jazzy/install/ament_package:/home/pi/ros2_jazzy/install/ament_mypy:/home/pi/ros2_jazzy/install/ament_lint_cmake:/home/pi/ros2_jazzy/install/ament_flake8:/home/pi/ros2_jazzy/install/ament_copyright:/home/pi/ros2_jazzy/install/ament_lint:/home/pi/ros2_jazzy/install/ament_index_python:/home/pi/ros2_jazzy/install/ament_cpplint:/home/pi/ros2_jazzy/install/ament_cppcheck:/home/pi/ros2_jazzy/install/ament_clang_tidy:/home/pi/ros2_jazzy/install/ament_clang_format /usr/bin/cmake --build /home/pi/torsobot/Code/Code/ros2_ws/build/torsobot -- -j4 -l4
[19.370s] Level 1:colcon.colcon_core.environment:checking '/home/pi/torsobot/Code/Code/ros2_ws/install/torsobot' for CMake config files
[19.370s] Level 1:colcon.colcon_core.shell:create_environment_hook('torsobot', 'cmake_prefix_path')
[19.371s] INFO:colcon.colcon_core.shell:Creating environment hook '/home/pi/torsobot/Code/Code/ros2_ws/install/torsobot/share/torsobot/hook/cmake_prefix_path.ps1'
[19.374s] INFO:colcon.colcon_core.shell:Creating environment descriptor '/home/pi/torsobot/Code/Code/ros2_ws/install/torsobot/share/torsobot/hook/cmake_prefix_path.dsv'
[19.380s] INFO:colcon.colcon_core.shell:Creating environment hook '/home/pi/torsobot/Code/Code/ros2_ws/install/torsobot/share/torsobot/hook/cmake_prefix_path.sh'
[19.381s] Level 1:colcon.colcon_core.environment:checking '/home/pi/torsobot/Code/Code/ros2_ws/install/torsobot/lib'
[19.381s] Level 1:colcon.colcon_core.environment:checking '/home/pi/torsobot/Code/Code/ros2_ws/install/torsobot/bin'
[19.381s] Level 1:colcon.colcon_core.environment:checking '/home/pi/torsobot/Code/Code/ros2_ws/install/torsobot/lib/pkgconfig/torsobot.pc'
[19.381s] Level 1:colcon.colcon_core.environment:checking '/home/pi/torsobot/Code/Code/ros2_ws/install/torsobot/lib/python3.11/site-packages'
[19.381s] Level 1:colcon.colcon_core.environment:checking '/home/pi/torsobot/Code/Code/ros2_ws/install/torsobot/bin'
[19.382s] INFO:colcon.colcon_core.shell:Creating package script '/home/pi/torsobot/Code/Code/ros2_ws/install/torsobot/share/torsobot/package.ps1'
[19.383s] INFO:colcon.colcon_core.shell:Creating package descriptor '/home/pi/torsobot/Code/Code/ros2_ws/install/torsobot/share/torsobot/package.dsv'
[19.387s] INFO:colcon.colcon_core.shell:Creating package script '/home/pi/torsobot/Code/Code/ros2_ws/install/torsobot/share/torsobot/package.sh'
[19.388s] INFO:colcon.colcon_core.shell:Creating package script '/home/pi/torsobot/Code/Code/ros2_ws/install/torsobot/share/torsobot/package.bash'
[19.393s] INFO:colcon.colcon_core.shell:Creating package script '/home/pi/torsobot/Code/Code/ros2_ws/install/torsobot/share/torsobot/package.zsh'
[19.393s] Level 1:colcon.colcon_core.environment:create_file_with_runtime_dependencies(/home/pi/torsobot/Code/Code/ros2_ws/install/torsobot/share/colcon-core/packages/torsobot)
[19.405s] DEBUG:colcon.colcon_parallel_executor.executor.parallel:closing loop
[19.405s] DEBUG:colcon.colcon_parallel_executor.executor.parallel:loop closed
[19.405s] DEBUG:colcon.colcon_parallel_executor.executor.parallel:run_until_complete finished with '2'
[19.406s] DEBUG:colcon.colcon_core.event_reactor:joining thread
[19.477s] INFO:colcon.colcon_core.plugin_system:Skipping extension 'colcon_notification.desktop_notification.notify_send': Could not find 'notify-send'
[19.477s] INFO:colcon.colcon_core.plugin_system:Skipping extension 'colcon_notification.desktop_notification.terminal_notifier': Not used on non-Darwin systems
[19.478s] INFO:colcon.colcon_core.plugin_system:Skipping extension 'colcon_notification.desktop_notification.win32': Not used on non-Windows systems
[19.478s] INFO:colcon.colcon_notification.desktop_notification:Sending desktop notification using 'notify2'
[19.506s] DEBUG:colcon.colcon_notification.desktop_notification.notify2:Failed to initialize notify2: org.freedesktop.DBus.Error.ServiceUnknown: The name org.freedesktop.Notifications was not provided by any .service files
[19.506s] DEBUG:colcon.colcon_core.event_reactor:joined thread
[19.506s] INFO:colcon.colcon_core.shell:Creating prefix script '/home/pi/torsobot/Code/Code/ros2_ws/install/local_setup.ps1'
[19.509s] INFO:colcon.colcon_core.shell:Creating prefix util module '/home/pi/torsobot/Code/Code/ros2_ws/install/_local_setup_util_ps1.py'
[19.516s] INFO:colcon.colcon_core.shell:Creating prefix chain script '/home/pi/torsobot/Code/Code/ros2_ws/install/setup.ps1'
[19.538s] INFO:colcon.colcon_core.shell:Creating prefix script '/home/pi/torsobot/Code/Code/ros2_ws/install/local_setup.sh'
[19.541s] INFO:colcon.colcon_core.shell:Creating prefix util module '/home/pi/torsobot/Code/Code/ros2_ws/install/_local_setup_util_sh.py'
[19.542s] INFO:colcon.colcon_core.shell:Creating prefix chain script '/home/pi/torsobot/Code/Code/ros2_ws/install/setup.sh'
[19.569s] INFO:colcon.colcon_core.shell:Creating prefix script '/home/pi/torsobot/Code/Code/ros2_ws/install/local_setup.bash'
[19.573s] INFO:colcon.colcon_core.shell:Creating prefix chain script '/home/pi/torsobot/Code/Code/ros2_ws/install/setup.bash'
[19.587s] INFO:colcon.colcon_core.shell:Creating prefix script '/home/pi/torsobot/Code/Code/ros2_ws/install/local_setup.zsh'
[19.590s] INFO:colcon.colcon_core.shell:Creating prefix chain script '/home/pi/torsobot/Code/Code/ros2_ws/install/setup.zsh'
