[ 50%] Built target mcu_node
[ 75%] [32mBuilding CXX object CMakeFiles/data_logger_node.dir/src/data_logger_node.cpp.o[0m
In file included from [01m[K/home/pi/ros2_jazzy/install/rclcpp/include/rclcpp/rclcpp/utilities.hpp:19[m[K,
                 from [01m[K/home/pi/ros2_jazzy/build/rclcpp/include/rclcpp/logging.hpp:25[m[K,
                 from [01m[K/home/pi/ros2_jazzy/install/rclcpp/include/rclcpp/rclcpp/copy_all_parameter_values.hpp:27[m[K,
                 from [01m[K/home/pi/ros2_jazzy/install/rclcpp/include/rclcpp/rclcpp/rclcpp.hpp:171[m[K,
                 from [01m[K/home/pi/torsobot/Code/Code/ros2_ws/src/torsobot/src/data_logger_node.cpp:3[m[K:
/usr/include/c++/12/functional: In instantiation of ‘[01m[Kstruct std::_Bind_check_arity<void (DataLoggerNode::*)(std::shared_ptr<torsobot_interfaces::msg::TorsobotData_<std::allocator<void> > >), DataLoggerNode*>[m[K’:
[01m[K/usr/include/c++/12/functional:832:12:[m[K   required from ‘[01m[Kstruct std::_Bind_helper<false, void (DataLoggerNode::*)(std::shared_ptr<torsobot_interfaces::msg::TorsobotData_<std::allocator<void> > >), DataLoggerNode*>[m[K’
[01m[K/usr/include/c++/12/functional:854:5:[m[K   required by substitution of ‘[01m[Ktemplate<class _Func, class ... _BoundArgs> typename std::_Bind_helper<std::__is_socketlike<_Func>::value, _Func, _BoundArgs ...>::type std::bind(_Func&&, _BoundArgs&& ...) [with _Func = void (DataLoggerNode::*)(std::shared_ptr<torsobot_interfaces::msg::TorsobotData_<std::allocator<void> > >); _BoundArgs = {DataLoggerNode*}][m[K’
[01m[K/home/pi/torsobot/Code/Code/ros2_ws/src/torsobot/src/data_logger_node.cpp:35:18:[m[K   required from here
[01m[K/usr/include/c++/12/functional:820:21:[m[K [01;31m[Kerror: [m[Kstatic assertion failed: Wrong number of arguments for pointer-to-member
  819 |       static_assert(_Varargs::[01;31m[Kvalue[m[K
      |                               [01;31m[K~~~~~[m[K
  820 | [01;31m[K                    ? sizeof...(_BoundArgs) >= _Arity::value + 1[m[K
      |                     [01;31m[K^~~~~~~~~~~~~~~~~~~~~~~~~~~~~~~~~~~~~~~~~~~~[m[K
  821 | [01;31m[K                    : sizeof...(_BoundArgs) == _Arity::value + 1[m[K,
      |                     [01;31m[K~~~~~~~~~~~~~~~~~~~~~~~~~~~~~~~~~~~~~~~~~~~~[m[K
[01m[K/usr/include/c++/12/functional:820:21:[m[K [01;36m[Knote: [m[K‘[01m[K(false ? (1 >= (((long unsigned int)std::integral_constant<long unsigned int, 1>::value) + 1)) : (1 == (((long unsigned int)std::integral_constant<long unsigned int, 1>::value) + 1)))[m[K’ evaluates to false
[01m[K/home/pi/torsobot/Code/Code/ros2_ws/src/torsobot/src/data_logger_node.cpp:[m[K In member function ‘[01m[Kvoid DataLoggerNode::dataCallback(torsobot_interfaces::msg::TorsobotData_<std::allocator<void> >::SharedPtr)[m[K’:
[01m[K/home/pi/torsobot/Code/Code/ros2_ws/src/torsobot/src/data_logger_node.cpp:43:71:[m[K [01;35m[Kwarning: [m[Kunused parameter ‘[01m[Kmsg[m[K’ [[01;35m[K]8;;https://gcc.gnu.org/onlinedocs/gcc/Warning-Options.html#index-Wunused-parameter-Wunused-parameter]8;;[m[K]
   43 |   void dataCallback([01;35m[Ktorsobot_interfaces::msg::TorsobotData::SharedPtr msg[m[K)
      |                     [01;35m[K~~~~~~~~~~~~~~~~~~~~~~~~~~~~~~~~~~~~~~~~~~~~~~~~~~^~~[m[K
In file included from [01m[K/home/pi/ros2_jazzy/install/rclcpp/include/rclcpp/rclcpp/subscription_base.hpp:32[m[K,
                 from [01m[K/home/pi/ros2_jazzy/install/rclcpp/include/rclcpp/rclcpp/callback_group.hpp:29[m[K,
                 from [01m[K/home/pi/ros2_jazzy/install/rclcpp/include/rclcpp/rclcpp/any_executable.hpp:20[m[K,
                 from [01m[K/home/pi/ros2_jazzy/install/rclcpp/include/rclcpp/rclcpp/memory_strategy.hpp:25[m[K,
                 from [01m[K/home/pi/ros2_jazzy/install/rclcpp/include/rclcpp/rclcpp/memory_strategies.hpp:18[m[K,
                 from [01m[K/home/pi/ros2_jazzy/install/rclcpp/include/rclcpp/rclcpp/executor_options.hpp:22[m[K,
                 from [01m[K/home/pi/ros2_jazzy/install/rclcpp/include/rclcpp/rclcpp/executor.hpp:38[m[K,
                 from [01m[K/home/pi/ros2_jazzy/install/rclcpp/include/rclcpp/rclcpp/executors/multi_threaded_executor.hpp:25[m[K,
                 from [01m[K/home/pi/ros2_jazzy/install/rclcpp/include/rclcpp/rclcpp/executors.hpp:21[m[K,
                 from [01m[K/home/pi/ros2_jazzy/install/rclcpp/include/rclcpp/rclcpp/rclcpp.hpp:172[m[K:
/home/pi/ros2_jazzy/install/rclcpp/include/rclcpp/rclcpp/any_subscription_callback.hpp: In instantiation of ‘[01m[Krclcpp::AnySubscriptionCallback<MessageT, AllocatorT> rclcpp::AnySubscriptionCallback<MessageT, AllocatorT>::set(CallbackT) [with CallbackT = std::_Bind<void (DataLoggerNode::*(DataLoggerNode*))(std::shared_ptr<torsobot_interfaces::msg::TorsobotData_<std::allocator<void> > >)>; MessageT = torsobot_interfaces::msg::TorsobotData_<std::allocator<void> >; AllocatorT = std::allocator<void>][m[K’:
[01m[K/home/pi/ros2_jazzy/install/rclcpp/include/rclcpp/rclcpp/subscription_factory.hpp:93:32:[m[K   required from ‘[01m[Krclcpp::SubscriptionFactory rclcpp::create_subscription_factory(CallbackT&&, const SubscriptionOptionsWithAllocator<AllocatorT>&, typename MessageMemoryStrategyT::SharedPtr, std::shared_ptr<topic_statistics::SubscriptionTopicStatistics>) [with MessageT = torsobot_interfaces::msg::TorsobotData_<std::allocator<void> >; CallbackT = std::_Bind<void (DataLoggerNode::*(DataLoggerNode*))(std::shared_ptr<torsobot_interfaces::msg::TorsobotData_<std::allocator<void> > >)>; AllocatorT = std::allocator<void>; SubscriptionT = Subscription<torsobot_interfaces::msg::TorsobotData_<std::allocator<void> > >; MessageMemoryStrategyT = message_memory_strategy::MessageMemoryStrategy<torsobot_interfaces::msg::TorsobotData_<std::allocator<void> >, std::allocator<void> >; typename MessageMemoryStrategyT::SharedPtr = std::shared_ptr<message_memory_strategy::MessageMemoryStrategy<torsobot_interfaces::msg::TorsobotData_<std::allocator<void> >, std::allocator<void> > >][m[K’
[01m[K/home/pi/ros2_jazzy/install/rclcpp/include/rclcpp/rclcpp/create_subscription.hpp:121:63:[m[K   required from ‘[01m[Kstd::shared_ptr<ROSMessageT> rclcpp::detail::create_subscription(NodeParametersT&, NodeTopicsT&, const std::string&, const rclcpp::QoS&, CallbackT&&, const rclcpp::SubscriptionOptionsWithAllocator<AllocatorT>&, typename MessageMemoryStrategyT::SharedPtr) [with MessageT = torsobot_interfaces::msg::TorsobotData_<std::allocator<void> >; CallbackT = std::_Bind<void (DataLoggerNode::*(DataLoggerNode*))(std::shared_ptr<torsobot_interfaces::msg::TorsobotData_<std::allocator<void> > >)>; AllocatorT = std::allocator<void>; SubscriptionT = rclcpp::Subscription<torsobot_interfaces::msg::TorsobotData_<std::allocator<void> > >; MessageMemoryStrategyT = rclcpp::message_memory_strategy::MessageMemoryStrategy<torsobot_interfaces::msg::TorsobotData_<std::allocator<void> >, std::allocator<void> >; NodeParametersT = rclcpp::Node; NodeTopicsT = rclcpp::Node; std::string = std::__cxx11::basic_string<char>; typename MessageMemoryStrategyT::SharedPtr = std::shared_ptr<rclcpp::message_memory_strategy::MessageMemoryStrategy<torsobot_interfaces::msg::TorsobotData_<std::allocator<void> >, std::allocator<void> > >][m[K’
[01m[K/home/pi/ros2_jazzy/install/rclcpp/include/rclcpp/rclcpp/create_subscription.hpp:190:76:[m[K   required from ‘[01m[Kstd::shared_ptr<ROSMessageT> rclcpp::create_subscription(NodeT&, const std::string&, const QoS&, CallbackT&&, const SubscriptionOptionsWithAllocator<AllocatorT>&, typename MessageMemoryStrategyT::SharedPtr) [with MessageT = torsobot_interfaces::msg::TorsobotData_<std::allocator<void> >; CallbackT = std::_Bind<void (DataLoggerNode::*(DataLoggerNode*))(std::shared_ptr<torsobot_interfaces::msg::TorsobotData_<std::allocator<void> > >)>; AllocatorT = std::allocator<void>; SubscriptionT = Subscription<torsobot_interfaces::msg::TorsobotData_<std::allocator<void> > >; MessageMemoryStrategyT = message_memory_strategy::MessageMemoryStrategy<torsobot_interfaces::msg::TorsobotData_<std::allocator<void> >, std::allocator<void> >; NodeT = Node; std::string = std::__cxx11::basic_string<char>; typename MessageMemoryStrategyT::SharedPtr = std::shared_ptr<message_memory_strategy::MessageMemoryStrategy<torsobot_interfaces::msg::TorsobotData_<std::allocator<void> >, std::allocator<void> > >][m[K’
[01m[K/home/pi/ros2_jazzy/install/rclcpp/include/rclcpp/rclcpp/node_impl.hpp:99:47:[m[K   required from ‘[01m[Kstd::shared_ptr<ROSMessageT> rclcpp::Node::create_subscription(const std::string&, const rclcpp::QoS&, CallbackT&&, const rclcpp::SubscriptionOptionsWithAllocator<AllocatorT>&, typename MessageMemoryStrategyT::SharedPtr) [with MessageT = torsobot_interfaces::msg::TorsobotData_<std::allocator<void> >; CallbackT = std::_Bind<void (DataLoggerNode::*(DataLoggerNode*))(std::shared_ptr<torsobot_interfaces::msg::TorsobotData_<std::allocator<void> > >)>; AllocatorT = std::allocator<void>; SubscriptionT = rclcpp::Subscription<torsobot_interfaces::msg::TorsobotData_<std::allocator<void> > >; MessageMemoryStrategyT = rclcpp::message_memory_strategy::MessageMemoryStrategy<torsobot_interfaces::msg::TorsobotData_<std::allocator<void> >, std::allocator<void> >; std::string = std::__cxx11::basic_string<char>; typename MessageMemoryStrategyT::SharedPtr = std::shared_ptr<rclcpp::message_memory_strategy::MessageMemoryStrategy<torsobot_interfaces::msg::TorsobotData_<std::allocator<void> >, std::allocator<void> > >][m[K’
[01m[K/home/pi/torsobot/Code/Code/ros2_ws/src/torsobot/src/data_logger_node.cpp:32:84:[m[K   required from here
[01m[K/home/pi/ros2_jazzy/install/rclcpp/include/rclcpp/rclcpp/any_subscription_callback.hpp:396:25:[m[K [01;31m[Kerror: [m[Kno matching function for call to ‘[01m[Kstd::function<void(std::shared_ptr<torsobot_interfaces::msg::TorsobotData_<std::allocator<void> > >)>::function(std::_Bind<void (DataLoggerNode::*(DataLoggerNode*))(std::shared_ptr<torsobot_interfaces::msg::TorsobotData_<std::allocator<void> > >)>&)[m[K’
  396 |     callback_variant_ = [01;31m[Kstatic_cast<typename scbth::callback_type>(callback)[m[K;
      |                         [01;31m[K^~~~~~~~~~~~~~~~~~~~~~~~~~~~~~~~~~~~~~~~~~~~~~~~~~~~[m[K
In file included from [01m[K/usr/include/c++/12/functional:59[m[K:
[01m[K/usr/include/c++/12/bits/std_function.h:435:9:[m[K [01;36m[Knote: [m[Kcandidate: ‘[01m[Ktemplate<class _Functor, class _Constraints> std::function<_Res(_ArgTypes ...)>::function(_Functor&&) [with _Constraints = _Functor; _Res = void; _ArgTypes = {std::shared_ptr<torsobot_interfaces::msg::TorsobotData_<std::allocator<void> > >}][m[K’
  435 |         [01;36m[Kfunction[m[K(_Functor&& __f)
      |         [01;36m[K^~~~~~~~[m[K
[01m[K/usr/include/c++/12/bits/std_function.h:435:9:[m[K [01;36m[Knote: [m[K  template argument deduction/substitution failed:
In file included from [01m[K/usr/include/c++/12/bits/stl_pair.h:60[m[K,
                 from [01m[K/usr/include/c++/12/bits/stl_algobase.h:64[m[K,
                 from [01m[K/usr/include/c++/12/memory:63[m[K,
                 from [01m[K/home/pi/ros2_jazzy/install/rclcpp/include/rclcpp/rclcpp/rclcpp.hpp:169[m[K:
/usr/include/c++/12/type_traits: In substitution of ‘[01m[Ktemplate<bool _Cond, class _Tp> using __enable_if_t = typename std::enable_if::type [with bool _Cond = false; _Tp = void][m[K’:
[01m[K/usr/include/c++/12/bits/std_function.h:353:8:[m[K   required by substitution of ‘[01m[Ktemplate<class _Res, class ... _ArgTypes> template<class _Cond, class _Tp> using _Requires = std::__enable_if_t<_Cond::value, _Tp> [with _Cond = std::function<void(std::shared_ptr<torsobot_interfaces::msg::TorsobotData_<std::allocator<void> > >)>::_Callable<std::_Bind<void (DataLoggerNode::*(DataLoggerNode*))(std::shared_ptr<torsobot_interfaces::msg::TorsobotData_<std::allocator<void> > >)>&, std::_Bind<void (DataLoggerNode::*(DataLoggerNode*))(std::shared_ptr<torsobot_interfaces::msg::TorsobotData_<std::allocator<void> > >)>, std::__invoke_result<std::_Bind<void (DataLoggerNode::*(DataLoggerNode*))(std::shared_ptr<torsobot_interfaces::msg::TorsobotData_<std::allocator<void> > >)>&, std::shared_ptr<torsobot_interfaces::msg::TorsobotData_<std::allocator<void> > > > >; _Tp = void; _Res = void; _ArgTypes = {std::shared_ptr<torsobot_interfaces::msg::TorsobotData_<std::allocator<void> > >}][m[K’
[01m[K/usr/include/c++/12/bits/std_function.h:434:9:[m[K   required from ‘[01m[Krclcpp::AnySubscriptionCallback<MessageT, AllocatorT> rclcpp::AnySubscriptionCallback<MessageT, AllocatorT>::set(CallbackT) [with CallbackT = std::_Bind<void (DataLoggerNode::*(DataLoggerNode*))(std::shared_ptr<torsobot_interfaces::msg::TorsobotData_<std::allocator<void> > >)>; MessageT = torsobot_interfaces::msg::TorsobotData_<std::allocator<void> >; AllocatorT = std::allocator<void>][m[K’
[01m[K/home/pi/ros2_jazzy/install/rclcpp/include/rclcpp/rclcpp/subscription_factory.hpp:93:32:[m[K   required from ‘[01m[Krclcpp::SubscriptionFactory rclcpp::create_subscription_factory(CallbackT&&, const SubscriptionOptionsWithAllocator<AllocatorT>&, typename MessageMemoryStrategyT::SharedPtr, std::shared_ptr<topic_statistics::SubscriptionTopicStatistics>) [with MessageT = torsobot_interfaces::msg::TorsobotData_<std::allocator<void> >; CallbackT = std::_Bind<void (DataLoggerNode::*(DataLoggerNode*))(std::shared_ptr<torsobot_interfaces::msg::TorsobotData_<std::allocator<void> > >)>; AllocatorT = std::allocator<void>; SubscriptionT = Subscription<torsobot_interfaces::msg::TorsobotData_<std::allocator<void> > >; MessageMemoryStrategyT = message_memory_strategy::MessageMemoryStrategy<torsobot_interfaces::msg::TorsobotData_<std::allocator<void> >, std::allocator<void> >; typename MessageMemoryStrategyT::SharedPtr = std::shared_ptr<message_memory_strategy::MessageMemoryStrategy<torsobot_interfaces::msg::TorsobotData_<std::allocator<void> >, std::allocator<void> > >][m[K’
[01m[K/home/pi/ros2_jazzy/install/rclcpp/include/rclcpp/rclcpp/create_subscription.hpp:121:63:[m[K   required from ‘[01m[Kstd::shared_ptr<ROSMessageT> rclcpp::detail::create_subscription(NodeParametersT&, NodeTopicsT&, const std::string&, const rclcpp::QoS&, CallbackT&&, const rclcpp::SubscriptionOptionsWithAllocator<AllocatorT>&, typename MessageMemoryStrategyT::SharedPtr) [with MessageT = torsobot_interfaces::msg::TorsobotData_<std::allocator<void> >; CallbackT = std::_Bind<void (DataLoggerNode::*(DataLoggerNode*))(std::shared_ptr<torsobot_interfaces::msg::TorsobotData_<std::allocator<void> > >)>; AllocatorT = std::allocator<void>; SubscriptionT = rclcpp::Subscription<torsobot_interfaces::msg::TorsobotData_<std::allocator<void> > >; MessageMemoryStrategyT = rclcpp::message_memory_strategy::MessageMemoryStrategy<torsobot_interfaces::msg::TorsobotData_<std::allocator<void> >, std::allocator<void> >; NodeParametersT = rclcpp::Node; NodeTopicsT = rclcpp::Node; std::string = std::__cxx11::basic_string<char>; typename MessageMemoryStrategyT::SharedPtr = std::shared_ptr<rclcpp::message_memory_strategy::MessageMemoryStrategy<torsobot_interfaces::msg::TorsobotData_<std::allocator<void> >, std::allocator<void> > >][m[K’
[01m[K/home/pi/ros2_jazzy/install/rclcpp/include/rclcpp/rclcpp/create_subscription.hpp:190:76:[m[K   required from ‘[01m[Kstd::shared_ptr<ROSMessageT> rclcpp::create_subscription(NodeT&, const std::string&, const QoS&, CallbackT&&, const SubscriptionOptionsWithAllocator<AllocatorT>&, typename MessageMemoryStrategyT::SharedPtr) [with MessageT = torsobot_interfaces::msg::TorsobotData_<std::allocator<void> >; CallbackT = std::_Bind<void (DataLoggerNode::*(DataLoggerNode*))(std::shared_ptr<torsobot_interfaces::msg::TorsobotData_<std::allocator<void> > >)>; AllocatorT = std::allocator<void>; SubscriptionT = Subscription<torsobot_interfaces::msg::TorsobotData_<std::allocator<void> > >; MessageMemoryStrategyT = message_memory_strategy::MessageMemoryStrategy<torsobot_interfaces::msg::TorsobotData_<std::allocator<void> >, std::allocator<void> >; NodeT = Node; std::string = std::__cxx11::basic_string<char>; typename MessageMemoryStrategyT::SharedPtr = std::shared_ptr<message_memory_strategy::MessageMemoryStrategy<torsobot_interfaces::msg::TorsobotData_<std::allocator<void> >, std::allocator<void> > >][m[K’
[01m[K/home/pi/ros2_jazzy/install/rclcpp/include/rclcpp/rclcpp/node_impl.hpp:99:47:[m[K   required from ‘[01m[Kstd::shared_ptr<ROSMessageT> rclcpp::Node::create_subscription(const std::string&, const rclcpp::QoS&, CallbackT&&, const rclcpp::SubscriptionOptionsWithAllocator<AllocatorT>&, typename MessageMemoryStrategyT::SharedPtr) [with MessageT = torsobot_interfaces::msg::TorsobotData_<std::allocator<void> >; CallbackT = std::_Bind<void (DataLoggerNode::*(DataLoggerNode*))(std::shared_ptr<torsobot_interfaces::msg::TorsobotData_<std::allocator<void> > >)>; AllocatorT = std::allocator<void>; SubscriptionT = rclcpp::Subscription<torsobot_interfaces::msg::TorsobotData_<std::allocator<void> > >; MessageMemoryStrategyT = rclcpp::message_memory_strategy::MessageMemoryStrategy<torsobot_interfaces::msg::TorsobotData_<std::allocator<void> >, std::allocator<void> >; std::string = std::__cxx11::basic_string<char>; typename MessageMemoryStrategyT::SharedPtr = std::shared_ptr<rclcpp::message_memory_strategy::MessageMemoryStrategy<torsobot_interfaces::msg::TorsobotData_<std::allocator<void> >, std::allocator<void> > >][m[K’
[01m[K/home/pi/torsobot/Code/Code/ros2_ws/src/torsobot/src/data_logger_node.cpp:32:84:[m[K   required from here
[01m[K/usr/include/c++/12/type_traits:2240:11:[m[K [01;31m[Kerror: [m[Kno type named ‘[01m[Ktype[m[K’ in ‘[01m[Kstruct std::enable_if<false, void>[m[K’
 2240 |     using [01;31m[K__enable_if_t[m[K = typename enable_if<_Cond, _Tp>::type;
      |           [01;31m[K^~~~~~~~~~~~~[m[K
/home/pi/ros2_jazzy/install/rclcpp/include/rclcpp/rclcpp/any_subscription_callback.hpp: In instantiation of ‘[01m[Krclcpp::AnySubscriptionCallback<MessageT, AllocatorT> rclcpp::AnySubscriptionCallback<MessageT, AllocatorT>::set(CallbackT) [with CallbackT = std::_Bind<void (DataLoggerNode::*(DataLoggerNode*))(std::shared_ptr<torsobot_interfaces::msg::TorsobotData_<std::allocator<void> > >)>; MessageT = torsobot_interfaces::msg::TorsobotData_<std::allocator<void> >; AllocatorT = std::allocator<void>][m[K’:
[01m[K/home/pi/ros2_jazzy/install/rclcpp/include/rclcpp/rclcpp/subscription_factory.hpp:93:32:[m[K   required from ‘[01m[Krclcpp::SubscriptionFactory rclcpp::create_subscription_factory(CallbackT&&, const SubscriptionOptionsWithAllocator<AllocatorT>&, typename MessageMemoryStrategyT::SharedPtr, std::shared_ptr<topic_statistics::SubscriptionTopicStatistics>) [with MessageT = torsobot_interfaces::msg::TorsobotData_<std::allocator<void> >; CallbackT = std::_Bind<void (DataLoggerNode::*(DataLoggerNode*))(std::shared_ptr<torsobot_interfaces::msg::TorsobotData_<std::allocator<void> > >)>; AllocatorT = std::allocator<void>; SubscriptionT = Subscription<torsobot_interfaces::msg::TorsobotData_<std::allocator<void> > >; MessageMemoryStrategyT = message_memory_strategy::MessageMemoryStrategy<torsobot_interfaces::msg::TorsobotData_<std::allocator<void> >, std::allocator<void> >; typename MessageMemoryStrategyT::SharedPtr = std::shared_ptr<message_memory_strategy::MessageMemoryStrategy<torsobot_interfaces::msg::TorsobotData_<std::allocator<void> >, std::allocator<void> > >][m[K’
[01m[K/home/pi/ros2_jazzy/install/rclcpp/include/rclcpp/rclcpp/create_subscription.hpp:121:63:[m[K   required from ‘[01m[Kstd::shared_ptr<ROSMessageT> rclcpp::detail::create_subscription(NodeParametersT&, NodeTopicsT&, const std::string&, const rclcpp::QoS&, CallbackT&&, const rclcpp::SubscriptionOptionsWithAllocator<AllocatorT>&, typename MessageMemoryStrategyT::SharedPtr) [with MessageT = torsobot_interfaces::msg::TorsobotData_<std::allocator<void> >; CallbackT = std::_Bind<void (DataLoggerNode::*(DataLoggerNode*))(std::shared_ptr<torsobot_interfaces::msg::TorsobotData_<std::allocator<void> > >)>; AllocatorT = std::allocator<void>; SubscriptionT = rclcpp::Subscription<torsobot_interfaces::msg::TorsobotData_<std::allocator<void> > >; MessageMemoryStrategyT = rclcpp::message_memory_strategy::MessageMemoryStrategy<torsobot_interfaces::msg::TorsobotData_<std::allocator<void> >, std::allocator<void> >; NodeParametersT = rclcpp::Node; NodeTopicsT = rclcpp::Node; std::string = std::__cxx11::basic_string<char>; typename MessageMemoryStrategyT::SharedPtr = std::shared_ptr<rclcpp::message_memory_strategy::MessageMemoryStrategy<torsobot_interfaces::msg::TorsobotData_<std::allocator<void> >, std::allocator<void> > >][m[K’
[01m[K/home/pi/ros2_jazzy/install/rclcpp/include/rclcpp/rclcpp/create_subscription.hpp:190:76:[m[K   required from ‘[01m[Kstd::shared_ptr<ROSMessageT> rclcpp::create_subscription(NodeT&, const std::string&, const QoS&, CallbackT&&, const SubscriptionOptionsWithAllocator<AllocatorT>&, typename MessageMemoryStrategyT::SharedPtr) [with MessageT = torsobot_interfaces::msg::TorsobotData_<std::allocator<void> >; CallbackT = std::_Bind<void (DataLoggerNode::*(DataLoggerNode*))(std::shared_ptr<torsobot_interfaces::msg::TorsobotData_<std::allocator<void> > >)>; AllocatorT = std::allocator<void>; SubscriptionT = Subscription<torsobot_interfaces::msg::TorsobotData_<std::allocator<void> > >; MessageMemoryStrategyT = message_memory_strategy::MessageMemoryStrategy<torsobot_interfaces::msg::TorsobotData_<std::allocator<void> >, std::allocator<void> >; NodeT = Node; std::string = std::__cxx11::basic_string<char>; typename MessageMemoryStrategyT::SharedPtr = std::shared_ptr<message_memory_strategy::MessageMemoryStrategy<torsobot_interfaces::msg::TorsobotData_<std::allocator<void> >, std::allocator<void> > >][m[K’
[01m[K/home/pi/ros2_jazzy/install/rclcpp/include/rclcpp/rclcpp/node_impl.hpp:99:47:[m[K   required from ‘[01m[Kstd::shared_ptr<ROSMessageT> rclcpp::Node::create_subscription(const std::string&, const rclcpp::QoS&, CallbackT&&, const rclcpp::SubscriptionOptionsWithAllocator<AllocatorT>&, typename MessageMemoryStrategyT::SharedPtr) [with MessageT = torsobot_interfaces::msg::TorsobotData_<std::allocator<void> >; CallbackT = std::_Bind<void (DataLoggerNode::*(DataLoggerNode*))(std::shared_ptr<torsobot_interfaces::msg::TorsobotData_<std::allocator<void> > >)>; AllocatorT = std::allocator<void>; SubscriptionT = rclcpp::Subscription<torsobot_interfaces::msg::TorsobotData_<std::allocator<void> > >; MessageMemoryStrategyT = rclcpp::message_memory_strategy::MessageMemoryStrategy<torsobot_interfaces::msg::TorsobotData_<std::allocator<void> >, std::allocator<void> >; std::string = std::__cxx11::basic_string<char>; typename MessageMemoryStrategyT::SharedPtr = std::shared_ptr<rclcpp::message_memory_strategy::MessageMemoryStrategy<torsobot_interfaces::msg::TorsobotData_<std::allocator<void> >, std::allocator<void> > >][m[K’
[01m[K/home/pi/torsobot/Code/Code/ros2_ws/src/torsobot/src/data_logger_node.cpp:32:84:[m[K   required from here
[01m[K/usr/include/c++/12/bits/std_function.h:404:7:[m[K [01;36m[Knote: [m[Kcandidate: ‘[01m[Kstd::function<_Res(_ArgTypes ...)>::function(std::function<_Res(_ArgTypes ...)>&&) [with _Res = void; _ArgTypes = {std::shared_ptr<torsobot_interfaces::msg::TorsobotData_<std::allocator<void> > >}][m[K’
  404 |       [01;36m[Kfunction[m[K(function&& __x) noexcept
      |       [01;36m[K^~~~~~~~[m[K
[01m[K/usr/include/c++/12/bits/std_function.h:404:27:[m[K [01;36m[Knote: [m[K  no known conversion for argument 1 from ‘[01m[Kstd::_Bind<void (DataLoggerNode::*(DataLoggerNode*))(std::shared_ptr<torsobot_interfaces::msg::TorsobotData_<std::allocator<void> > >)>[m[K’ to ‘[01m[Kstd::function<void(std::shared_ptr<torsobot_interfaces::msg::TorsobotData_<std::allocator<void> > >)>&&[m[K’
  404 |       function([01;36m[Kfunction&& __x[m[K) noexcept
      |                [01;36m[K~~~~~~~~~~~^~~[m[K
[01m[K/usr/include/c++/12/bits/std_function.h:386:7:[m[K [01;36m[Knote: [m[Kcandidate: ‘[01m[Kstd::function<_Res(_ArgTypes ...)>::function(const std::function<_Res(_ArgTypes ...)>&) [with _Res = void; _ArgTypes = {std::shared_ptr<torsobot_interfaces::msg::TorsobotData_<std::allocator<void> > >}][m[K’
  386 |       [01;36m[Kfunction[m[K(const function& __x)
      |       [01;36m[K^~~~~~~~[m[K
[01m[K/usr/include/c++/12/bits/std_function.h:386:32:[m[K [01;36m[Knote: [m[K  no known conversion for argument 1 from ‘[01m[Kstd::_Bind<void (DataLoggerNode::*(DataLoggerNode*))(std::shared_ptr<torsobot_interfaces::msg::TorsobotData_<std::allocator<void> > >)>[m[K’ to ‘[01m[Kconst std::function<void(std::shared_ptr<torsobot_interfaces::msg::TorsobotData_<std::allocator<void> > >)>&[m[K’
  386 |       function([01;36m[Kconst function& __x[m[K)
      |                [01;36m[K~~~~~~~~~~~~~~~~^~~[m[K
[01m[K/usr/include/c++/12/bits/std_function.h:375:7:[m[K [01;36m[Knote: [m[Kcandidate: ‘[01m[Kstd::function<_Res(_ArgTypes ...)>::function(std::nullptr_t) [with _Res = void; _ArgTypes = {std::shared_ptr<torsobot_interfaces::msg::TorsobotData_<std::allocator<void> > >}; std::nullptr_t = std::nullptr_t][m[K’
  375 |       [01;36m[Kfunction[m[K(nullptr_t) noexcept
      |       [01;36m[K^~~~~~~~[m[K
[01m[K/usr/include/c++/12/bits/std_function.h:375:16:[m[K [01;36m[Knote: [m[K  no known conversion for argument 1 from ‘[01m[Kstd::_Bind<void (DataLoggerNode::*(DataLoggerNode*))(std::shared_ptr<torsobot_interfaces::msg::TorsobotData_<std::allocator<void> > >)>[m[K’ to ‘[01m[Kstd::nullptr_t[m[K’
  375 |       function([01;36m[Knullptr_t[m[K) noexcept
      |                [01;36m[K^~~~~~~~~[m[K
[01m[K/usr/include/c++/12/bits/std_function.h:368:7:[m[K [01;36m[Knote: [m[Kcandidate: ‘[01m[Kstd::function<_Res(_ArgTypes ...)>::function() [with _Res = void; _ArgTypes = {std::shared_ptr<torsobot_interfaces::msg::TorsobotData_<std::allocator<void> > >}][m[K’
  368 |       [01;36m[Kfunction[m[K() noexcept
      |       [01;36m[K^~~~~~~~[m[K
[01m[K/usr/include/c++/12/bits/std_function.h:368:7:[m[K [01;36m[Knote: [m[K  candidate expects 0 arguments, 1 provided
gmake[2]: *** [CMakeFiles/data_logger_node.dir/build.make:76: CMakeFiles/data_logger_node.dir/src/data_logger_node.cpp.o] Error 1
gmake[1]: *** [CMakeFiles/Makefile2:165: CMakeFiles/data_logger_node.dir/all] Error 2
gmake: *** [Makefile:146: all] Error 2
