[0.041s] Invoking command in '/home/pi/torsobot/Code/Code/ros2_ws/build/torsobot_interfaces': CMAKE_PREFIX_PATH=${CMAKE_PREFIX_PATH}:/home/pi/ros2_jazzy/install/rqt_bag_plugins:/home/pi/ros2_jazzy/install/rqt_bag:/home/pi/ros2_jazzy/install/rosbag2_examples_py:/home/pi/ros2_jazzy/install/launch_testing_examples:/home/pi/ros2_jazzy/install/ros2bag:/home/pi/ros2_jazzy/install/tracetools_test:/home/pi/ros2_jazzy/install/tracetools_launch:/home/pi/ros2_jazzy/install/topic_monitor:/home/pi/ros2_jazzy/install/tf2_tools:/home/pi/ros2_jazzy/install/examples_tf2_py:/home/pi/ros2_jazzy/install/tf2_ros_py:/home/pi/ros2_jazzy/install/examples_rclpy_pointcloud_publisher:/home/pi/ros2_jazzy/install/sensor_msgs_py:/home/pi/ros2_jazzy/install/quality_of_service_demo_py:/home/pi/ros2_jazzy/install/rqt_plot:/home/pi/ros2_jazzy/install/ros2doctor:/home/pi/ros2_jazzy/install/lifecycle_py:/home/pi/ros2_jazzy/install/examples_rclpy_minimal_subscriber:/home/pi/ros2_jazzy/install/examples_rclpy_minimal_service:/home/pi/ros2_jazzy/install/examples_rclpy_minimal_publisher:/home/pi/ros2_jazzy/install/examples_rclpy_minimal_client:/home/pi/ros2_jazzy/install/examples_rclpy_executors:/home/pi/ros2_jazzy/install/demo_nodes_py:/home/pi/ros2_jazzy/install/rqt:/home/pi/ros2_jazzy/install/ros2component:/home/pi/ros2_jazzy/install/sros2:/home/pi/ros2_jazzy/install/rqt_topic:/home/pi/ros2_jazzy/install/rqt_srv:/home/pi/ros2_jazzy/install/rqt_shell:/home/pi/ros2_jazzy/install/rqt_service_caller:/home/pi/ros2_jazzy/install/rqt_reconfigure:/home/pi/ros2_jazzy/install/rqt_py_console:/home/pi/ros2_jazzy/install/rqt_publisher:/home/pi/ros2_jazzy/install/rqt_action:/home/pi/ros2_jazzy/install/rqt_msg:/home/pi/ros2_jazzy/install/rqt_console:/home/pi/ros2_jazzy/install/rqt_graph:/home/pi/ros2_jazzy/install/rqt_gui_py:/home/pi/ros2_jazzy/install/rqt_gui:/home/pi/ros2_jazzy/install/ros2trace:/home/pi/ros2_jazzy/install/ros2topic:/home/pi/ros2_jazzy/install/ros2test:/home/pi/ros2_jazzy/install/ros2param:/home/pi/ros2_jazzy/install/ros2lifecycle:/home/pi/ros2_jazzy/install/ros2service:/home/pi/ros2_jazzy/install/ros2run:/home/pi/ros2_jazzy/install/ros2launch:/home/pi/ros2_jazzy/install/ros2pkg:/home/pi/ros2_jazzy/install/ros2node:/home/pi/ros2_jazzy/install/ros2multicast:/home/pi/ros2_jazzy/install/ros2interface:/home/pi/ros2_jazzy/install/ros2action:/home/pi/ros2_jazzy/install/ros2cli:/home/pi/ros2_jazzy/install/launch_testing_ros:/home/pi/ros2_jazzy/install/launch_ros:/home/pi/ros2_jazzy/install/examples_rclpy_minimal_action_server:/home/pi/ros2_jazzy/install/examples_rclpy_minimal_action_client:/home/pi/ros2_jazzy/install/examples_rclpy_guard_conditions:/home/pi/ros2_jazzy/install/action_tutorials_py:/home/pi/ros2_jazzy/install/ament_uncrustify:/home/pi/ros2_jazzy/install/tracetools_trace:/home/pi/ros2_jazzy/install/tracetools_read:/home/pi/ros2_jazzy/install/test_tracetools_launch:/home/pi/ros2_jazzy/install/test_ros2trace:/home/pi/ros2_jazzy/install/test_launch_ros:/home/pi/ros2_jazzy/install/rpyutils:/home/pi/ros2_jazzy/install/rosidl_runtime_py:/home/pi/ros2_jazzy/install/rosidl_pycommon:/home/pi/ros2_jazzy/install/rosidl_cli:/home/pi/ros2_jazzy/install/launch_pytest:/home/pi/ros2_jazzy/install/launch_testing:/home/pi/ros2_jazzy/install/launch_yaml:/home/pi/ros2_jazzy/install/launch_xml:/home/pi/ros2_jazzy/install/launch:/home/pi/ros2_jazzy/install/osrf_pycommon:/home/pi/ros2_jazzy/install/domain_coordinator:/home/pi/ros2_jazzy/install/ament_xmllint:/home/pi/ros2_jazzy/install/ament_pyflakes:/home/pi/ros2_jazzy/install/ament_pycodestyle:/home/pi/ros2_jazzy/install/ament_pep257:/home/pi/ros2_jazzy/install/ament_pclint:/home/pi/ros2_jazzy/install/ament_package:/home/pi/ros2_jazzy/install/ament_mypy:/home/pi/ros2_jazzy/install/ament_lint_cmake:/home/pi/ros2_jazzy/install/ament_flake8:/home/pi/ros2_jazzy/install/ament_copyright:/home/pi/ros2_jazzy/install/ament_lint:/home/pi/ros2_jazzy/install/ament_index_python:/home/pi/ros2_jazzy/install/ament_cpplint:/home/pi/ros2_jazzy/install/ament_cppcheck:/home/pi/ros2_jazzy/install/ament_clang_tidy:/home/pi/ros2_jazzy/install/ament_clang_format /usr/bin/cmake --build /home/pi/torsobot/Code/Code/ros2_ws/build/torsobot_interfaces -- -j4 -l4
[0.158s] [  2%] Built target torsobot_interfaces__rosidl_generator_type_description
[0.182s] [  2%] Built target ament_cmake_python_copy_torsobot_interfaces
[0.205s] [  4%] Built target torsobot_interfaces__cpp
[0.218s] [ 22%] Built target torsobot_interfaces__rosidl_generator_c
[0.277s] [ 31%] Built target torsobot_interfaces__rosidl_typesupport_fastrtps_c
[0.281s] [ 40%] Built target torsobot_interfaces__rosidl_typesupport_fastrtps_cpp
[0.285s] [ 50%] Built target torsobot_interfaces__rosidl_typesupport_introspection_c
[0.337s] [ 59%] Built target torsobot_interfaces__rosidl_typesupport_c
[0.341s] [ 68%] Built target torsobot_interfaces__rosidl_typesupport_introspection_cpp
[0.343s] [ 77%] Built target torsobot_interfaces__rosidl_typesupport_cpp
[0.391s] [ 77%] Built target torsobot_interfaces
[0.451s] [ 79%] Built target torsobot_interfaces__py
[0.507s] [ 86%] Built target torsobot_interfaces__rosidl_generator_py
[0.574s] [ 90%] Built target torsobot_interfaces_s__rosidl_typesupport_introspection_c
[0.582s] [ 95%] Built target torsobot_interfaces_s__rosidl_typesupport_fastrtps_c
[0.607s] [100%] Built target torsobot_interfaces_s__rosidl_typesupport_c
[0.938s] running egg_info
[0.990s] writing torsobot_interfaces.egg-info/PKG-INFO
[0.990s] writing dependency_links to torsobot_interfaces.egg-info/dependency_links.txt
[0.992s] writing top-level names to torsobot_interfaces.egg-info/top_level.txt
[1.131s] reading manifest file 'torsobot_interfaces.egg-info/SOURCES.txt'
[1.132s] writing manifest file 'torsobot_interfaces.egg-info/SOURCES.txt'
[1.223s] [100%] Built target ament_cmake_python_build_torsobot_interfaces_egg
[1.252s] Invoked command in '/home/pi/torsobot/Code/Code/ros2_ws/build/torsobot_interfaces' returned '0': CMAKE_PREFIX_PATH=${CMAKE_PREFIX_PATH}:/home/pi/ros2_jazzy/install/rqt_bag_plugins:/home/pi/ros2_jazzy/install/rqt_bag:/home/pi/ros2_jazzy/install/rosbag2_examples_py:/home/pi/ros2_jazzy/install/launch_testing_examples:/home/pi/ros2_jazzy/install/ros2bag:/home/pi/ros2_jazzy/install/tracetools_test:/home/pi/ros2_jazzy/install/tracetools_launch:/home/pi/ros2_jazzy/install/topic_monitor:/home/pi/ros2_jazzy/install/tf2_tools:/home/pi/ros2_jazzy/install/examples_tf2_py:/home/pi/ros2_jazzy/install/tf2_ros_py:/home/pi/ros2_jazzy/install/examples_rclpy_pointcloud_publisher:/home/pi/ros2_jazzy/install/sensor_msgs_py:/home/pi/ros2_jazzy/install/quality_of_service_demo_py:/home/pi/ros2_jazzy/install/rqt_plot:/home/pi/ros2_jazzy/install/ros2doctor:/home/pi/ros2_jazzy/install/lifecycle_py:/home/pi/ros2_jazzy/install/examples_rclpy_minimal_subscriber:/home/pi/ros2_jazzy/install/examples_rclpy_minimal_service:/home/pi/ros2_jazzy/install/examples_rclpy_minimal_publisher:/home/pi/ros2_jazzy/install/examples_rclpy_minimal_client:/home/pi/ros2_jazzy/install/examples_rclpy_executors:/home/pi/ros2_jazzy/install/demo_nodes_py:/home/pi/ros2_jazzy/install/rqt:/home/pi/ros2_jazzy/install/ros2component:/home/pi/ros2_jazzy/install/sros2:/home/pi/ros2_jazzy/install/rqt_topic:/home/pi/ros2_jazzy/install/rqt_srv:/home/pi/ros2_jazzy/install/rqt_shell:/home/pi/ros2_jazzy/install/rqt_service_caller:/home/pi/ros2_jazzy/install/rqt_reconfigure:/home/pi/ros2_jazzy/install/rqt_py_console:/home/pi/ros2_jazzy/install/rqt_publisher:/home/pi/ros2_jazzy/install/rqt_action:/home/pi/ros2_jazzy/install/rqt_msg:/home/pi/ros2_jazzy/install/rqt_console:/home/pi/ros2_jazzy/install/rqt_graph:/home/pi/ros2_jazzy/install/rqt_gui_py:/home/pi/ros2_jazzy/install/rqt_gui:/home/pi/ros2_jazzy/install/ros2trace:/home/pi/ros2_jazzy/install/ros2topic:/home/pi/ros2_jazzy/install/ros2test:/home/pi/ros2_jazzy/install/ros2param:/home/pi/ros2_jazzy/install/ros2lifecycle:/home/pi/ros2_jazzy/install/ros2service:/home/pi/ros2_jazzy/install/ros2run:/home/pi/ros2_jazzy/install/ros2launch:/home/pi/ros2_jazzy/install/ros2pkg:/home/pi/ros2_jazzy/install/ros2node:/home/pi/ros2_jazzy/install/ros2multicast:/home/pi/ros2_jazzy/install/ros2interface:/home/pi/ros2_jazzy/install/ros2action:/home/pi/ros2_jazzy/install/ros2cli:/home/pi/ros2_jazzy/install/launch_testing_ros:/home/pi/ros2_jazzy/install/launch_ros:/home/pi/ros2_jazzy/install/examples_rclpy_minimal_action_server:/home/pi/ros2_jazzy/install/examples_rclpy_minimal_action_client:/home/pi/ros2_jazzy/install/examples_rclpy_guard_conditions:/home/pi/ros2_jazzy/install/action_tutorials_py:/home/pi/ros2_jazzy/install/ament_uncrustify:/home/pi/ros2_jazzy/install/tracetools_trace:/home/pi/ros2_jazzy/install/tracetools_read:/home/pi/ros2_jazzy/install/test_tracetools_launch:/home/pi/ros2_jazzy/install/test_ros2trace:/home/pi/ros2_jazzy/install/test_launch_ros:/home/pi/ros2_jazzy/install/rpyutils:/home/pi/ros2_jazzy/install/rosidl_runtime_py:/home/pi/ros2_jazzy/install/rosidl_pycommon:/home/pi/ros2_jazzy/install/rosidl_cli:/home/pi/ros2_jazzy/install/launch_pytest:/home/pi/ros2_jazzy/install/launch_testing:/home/pi/ros2_jazzy/install/launch_yaml:/home/pi/ros2_jazzy/install/launch_xml:/home/pi/ros2_jazzy/install/launch:/home/pi/ros2_jazzy/install/osrf_pycommon:/home/pi/ros2_jazzy/install/domain_coordinator:/home/pi/ros2_jazzy/install/ament_xmllint:/home/pi/ros2_jazzy/install/ament_pyflakes:/home/pi/ros2_jazzy/install/ament_pycodestyle:/home/pi/ros2_jazzy/install/ament_pep257:/home/pi/ros2_jazzy/install/ament_pclint:/home/pi/ros2_jazzy/install/ament_package:/home/pi/ros2_jazzy/install/ament_mypy:/home/pi/ros2_jazzy/install/ament_lint_cmake:/home/pi/ros2_jazzy/install/ament_flake8:/home/pi/ros2_jazzy/install/ament_copyright:/home/pi/ros2_jazzy/install/ament_lint:/home/pi/ros2_jazzy/install/ament_index_python:/home/pi/ros2_jazzy/install/ament_cpplint:/home/pi/ros2_jazzy/install/ament_cppcheck:/home/pi/ros2_jazzy/install/ament_clang_tidy:/home/pi/ros2_jazzy/install/ament_clang_format /usr/bin/cmake --build /home/pi/torsobot/Code/Code/ros2_ws/build/torsobot_interfaces -- -j4 -l4
[1.274s] Invoking command in '/home/pi/torsobot/Code/Code/ros2_ws/build/torsobot_interfaces': CMAKE_PREFIX_PATH=${CMAKE_PREFIX_PATH}:/home/pi/ros2_jazzy/install/rqt_bag_plugins:/home/pi/ros2_jazzy/install/rqt_bag:/home/pi/ros2_jazzy/install/rosbag2_examples_py:/home/pi/ros2_jazzy/install/launch_testing_examples:/home/pi/ros2_jazzy/install/ros2bag:/home/pi/ros2_jazzy/install/tracetools_test:/home/pi/ros2_jazzy/install/tracetools_launch:/home/pi/ros2_jazzy/install/topic_monitor:/home/pi/ros2_jazzy/install/tf2_tools:/home/pi/ros2_jazzy/install/examples_tf2_py:/home/pi/ros2_jazzy/install/tf2_ros_py:/home/pi/ros2_jazzy/install/examples_rclpy_pointcloud_publisher:/home/pi/ros2_jazzy/install/sensor_msgs_py:/home/pi/ros2_jazzy/install/quality_of_service_demo_py:/home/pi/ros2_jazzy/install/rqt_plot:/home/pi/ros2_jazzy/install/ros2doctor:/home/pi/ros2_jazzy/install/lifecycle_py:/home/pi/ros2_jazzy/install/examples_rclpy_minimal_subscriber:/home/pi/ros2_jazzy/install/examples_rclpy_minimal_service:/home/pi/ros2_jazzy/install/examples_rclpy_minimal_publisher:/home/pi/ros2_jazzy/install/examples_rclpy_minimal_client:/home/pi/ros2_jazzy/install/examples_rclpy_executors:/home/pi/ros2_jazzy/install/demo_nodes_py:/home/pi/ros2_jazzy/install/rqt:/home/pi/ros2_jazzy/install/ros2component:/home/pi/ros2_jazzy/install/sros2:/home/pi/ros2_jazzy/install/rqt_topic:/home/pi/ros2_jazzy/install/rqt_srv:/home/pi/ros2_jazzy/install/rqt_shell:/home/pi/ros2_jazzy/install/rqt_service_caller:/home/pi/ros2_jazzy/install/rqt_reconfigure:/home/pi/ros2_jazzy/install/rqt_py_console:/home/pi/ros2_jazzy/install/rqt_publisher:/home/pi/ros2_jazzy/install/rqt_action:/home/pi/ros2_jazzy/install/rqt_msg:/home/pi/ros2_jazzy/install/rqt_console:/home/pi/ros2_jazzy/install/rqt_graph:/home/pi/ros2_jazzy/install/rqt_gui_py:/home/pi/ros2_jazzy/install/rqt_gui:/home/pi/ros2_jazzy/install/ros2trace:/home/pi/ros2_jazzy/install/ros2topic:/home/pi/ros2_jazzy/install/ros2test:/home/pi/ros2_jazzy/install/ros2param:/home/pi/ros2_jazzy/install/ros2lifecycle:/home/pi/ros2_jazzy/install/ros2service:/home/pi/ros2_jazzy/install/ros2run:/home/pi/ros2_jazzy/install/ros2launch:/home/pi/ros2_jazzy/install/ros2pkg:/home/pi/ros2_jazzy/install/ros2node:/home/pi/ros2_jazzy/install/ros2multicast:/home/pi/ros2_jazzy/install/ros2interface:/home/pi/ros2_jazzy/install/ros2action:/home/pi/ros2_jazzy/install/ros2cli:/home/pi/ros2_jazzy/install/launch_testing_ros:/home/pi/ros2_jazzy/install/launch_ros:/home/pi/ros2_jazzy/install/examples_rclpy_minimal_action_server:/home/pi/ros2_jazzy/install/examples_rclpy_minimal_action_client:/home/pi/ros2_jazzy/install/examples_rclpy_guard_conditions:/home/pi/ros2_jazzy/install/action_tutorials_py:/home/pi/ros2_jazzy/install/ament_uncrustify:/home/pi/ros2_jazzy/install/tracetools_trace:/home/pi/ros2_jazzy/install/tracetools_read:/home/pi/ros2_jazzy/install/test_tracetools_launch:/home/pi/ros2_jazzy/install/test_ros2trace:/home/pi/ros2_jazzy/install/test_launch_ros:/home/pi/ros2_jazzy/install/rpyutils:/home/pi/ros2_jazzy/install/rosidl_runtime_py:/home/pi/ros2_jazzy/install/rosidl_pycommon:/home/pi/ros2_jazzy/install/rosidl_cli:/home/pi/ros2_jazzy/install/launch_pytest:/home/pi/ros2_jazzy/install/launch_testing:/home/pi/ros2_jazzy/install/launch_yaml:/home/pi/ros2_jazzy/install/launch_xml:/home/pi/ros2_jazzy/install/launch:/home/pi/ros2_jazzy/install/osrf_pycommon:/home/pi/ros2_jazzy/install/domain_coordinator:/home/pi/ros2_jazzy/install/ament_xmllint:/home/pi/ros2_jazzy/install/ament_pyflakes:/home/pi/ros2_jazzy/install/ament_pycodestyle:/home/pi/ros2_jazzy/install/ament_pep257:/home/pi/ros2_jazzy/install/ament_pclint:/home/pi/ros2_jazzy/install/ament_package:/home/pi/ros2_jazzy/install/ament_mypy:/home/pi/ros2_jazzy/install/ament_lint_cmake:/home/pi/ros2_jazzy/install/ament_flake8:/home/pi/ros2_jazzy/install/ament_copyright:/home/pi/ros2_jazzy/install/ament_lint:/home/pi/ros2_jazzy/install/ament_index_python:/home/pi/ros2_jazzy/install/ament_cpplint:/home/pi/ros2_jazzy/install/ament_cppcheck:/home/pi/ros2_jazzy/install/ament_clang_tidy:/home/pi/ros2_jazzy/install/ament_clang_format /usr/bin/cmake --install /home/pi/torsobot/Code/Code/ros2_ws/build/torsobot_interfaces
[1.298s] -- Install configuration: ""
[1.298s] -- Up-to-date: /home/pi/torsobot/Code/Code/ros2_ws/install/torsobot_interfaces/share/ament_index/resource_index/rosidl_interfaces/torsobot_interfaces
[1.298s] -- Up-to-date: /home/pi/torsobot/Code/Code/ros2_ws/install/torsobot_interfaces/share/torsobot_interfaces/msg/TorsobotData.json
[1.298s] -- Up-to-date: /home/pi/torsobot/Code/Code/ros2_ws/install/torsobot_interfaces/share/torsobot_interfaces/msg/TorsobotState.json
[1.299s] -- Up-to-date: /home/pi/torsobot/Code/Code/ros2_ws/install/torsobot_interfaces/include/torsobot_interfaces/torsobot_interfaces
[1.299s] -- Up-to-date: /home/pi/torsobot/Code/Code/ros2_ws/install/torsobot_interfaces/include/torsobot_interfaces/torsobot_interfaces/msg
[1.299s] -- Up-to-date: /home/pi/torsobot/Code/Code/ros2_ws/install/torsobot_interfaces/include/torsobot_interfaces/torsobot_interfaces/msg/torsobot_data.h
[1.299s] -- Up-to-date: /home/pi/torsobot/Code/Code/ros2_ws/install/torsobot_interfaces/include/torsobot_interfaces/torsobot_interfaces/msg/rosidl_generator_c__visibility_control.h
[1.299s] -- Up-to-date: /home/pi/torsobot/Code/Code/ros2_ws/install/torsobot_interfaces/include/torsobot_interfaces/torsobot_interfaces/msg/detail
[1.299s] -- Up-to-date: /home/pi/torsobot/Code/Code/ros2_ws/install/torsobot_interfaces/include/torsobot_interfaces/torsobot_interfaces/msg/detail/torsobot_data__type_support.h
[1.299s] -- Up-to-date: /home/pi/torsobot/Code/Code/ros2_ws/install/torsobot_interfaces/include/torsobot_interfaces/torsobot_interfaces/msg/detail/torsobot_state__functions.c
[1.299s] -- Up-to-date: /home/pi/torsobot/Code/Code/ros2_ws/install/torsobot_interfaces/include/torsobot_interfaces/torsobot_interfaces/msg/detail/torsobot_data__functions.h
[1.299s] -- Up-to-date: /home/pi/torsobot/Code/Code/ros2_ws/install/torsobot_interfaces/include/torsobot_interfaces/torsobot_interfaces/msg/detail/torsobot_state__type_support.c
[1.299s] -- Up-to-date: /home/pi/torsobot/Code/Code/ros2_ws/install/torsobot_interfaces/include/torsobot_interfaces/torsobot_interfaces/msg/detail/torsobot_data__description.c
[1.299s] -- Up-to-date: /home/pi/torsobot/Code/Code/ros2_ws/install/torsobot_interfaces/include/torsobot_interfaces/torsobot_interfaces/msg/detail/torsobot_state__functions.h
[1.299s] -- Up-to-date: /home/pi/torsobot/Code/Code/ros2_ws/install/torsobot_interfaces/include/torsobot_interfaces/torsobot_interfaces/msg/detail/torsobot_state__struct.h
[1.299s] -- Up-to-date: /home/pi/torsobot/Code/Code/ros2_ws/install/torsobot_interfaces/include/torsobot_interfaces/torsobot_interfaces/msg/detail/torsobot_data__functions.c
[1.299s] -- Up-to-date: /home/pi/torsobot/Code/Code/ros2_ws/install/torsobot_interfaces/include/torsobot_interfaces/torsobot_interfaces/msg/detail/torsobot_data__struct.h
[1.299s] -- Up-to-date: /home/pi/torsobot/Code/Code/ros2_ws/install/torsobot_interfaces/include/torsobot_interfaces/torsobot_interfaces/msg/detail/torsobot_data__type_support.c
[1.299s] -- Up-to-date: /home/pi/torsobot/Code/Code/ros2_ws/install/torsobot_interfaces/include/torsobot_interfaces/torsobot_interfaces/msg/detail/torsobot_state__description.c
[1.300s] -- Up-to-date: /home/pi/torsobot/Code/Code/ros2_ws/install/torsobot_interfaces/include/torsobot_interfaces/torsobot_interfaces/msg/detail/torsobot_state__type_support.h
[1.300s] -- Up-to-date: /home/pi/torsobot/Code/Code/ros2_ws/install/torsobot_interfaces/include/torsobot_interfaces/torsobot_interfaces/msg/torsobot_state.h
[1.300s] -- Up-to-date: /home/pi/torsobot/Code/Code/ros2_ws/install/torsobot_interfaces/share/torsobot_interfaces/environment/library_path.sh
[1.300s] -- Up-to-date: /home/pi/torsobot/Code/Code/ros2_ws/install/torsobot_interfaces/share/torsobot_interfaces/environment/library_path.dsv
[1.300s] -- Up-to-date: /home/pi/torsobot/Code/Code/ros2_ws/install/torsobot_interfaces/lib/libtorsobot_interfaces__rosidl_generator_c.so
[1.300s] -- Up-to-date: /home/pi/torsobot/Code/Code/ros2_ws/install/torsobot_interfaces/include/torsobot_interfaces/torsobot_interfaces
[1.300s] -- Up-to-date: /home/pi/torsobot/Code/Code/ros2_ws/install/torsobot_interfaces/include/torsobot_interfaces/torsobot_interfaces/msg
[1.300s] -- Up-to-date: /home/pi/torsobot/Code/Code/ros2_ws/install/torsobot_interfaces/include/torsobot_interfaces/torsobot_interfaces/msg/rosidl_typesupport_introspection_c__visibility_control.h
[1.300s] -- Up-to-date: /home/pi/torsobot/Code/Code/ros2_ws/install/torsobot_interfaces/include/torsobot_interfaces/torsobot_interfaces/msg/detail
[1.300s] -- Up-to-date: /home/pi/torsobot/Code/Code/ros2_ws/install/torsobot_interfaces/include/torsobot_interfaces/torsobot_interfaces/msg/detail/torsobot_state__type_support.c
[1.300s] -- Up-to-date: /home/pi/torsobot/Code/Code/ros2_ws/install/torsobot_interfaces/include/torsobot_interfaces/torsobot_interfaces/msg/detail/torsobot_data__type_support.c
[1.300s] -- Up-to-date: /home/pi/torsobot/Code/Code/ros2_ws/install/torsobot_interfaces/include/torsobot_interfaces/torsobot_interfaces/msg/detail/torsobot_data__rosidl_typesupport_introspection_c.h
[1.300s] -- Up-to-date: /home/pi/torsobot/Code/Code/ros2_ws/install/torsobot_interfaces/include/torsobot_interfaces/torsobot_interfaces/msg/detail/torsobot_state__rosidl_typesupport_introspection_c.h
[1.300s] -- Up-to-date: /home/pi/torsobot/Code/Code/ros2_ws/install/torsobot_interfaces/lib/libtorsobot_interfaces__rosidl_typesupport_introspection_c.so
[1.300s] -- Up-to-date: /home/pi/torsobot/Code/Code/ros2_ws/install/torsobot_interfaces/include/torsobot_interfaces/torsobot_interfaces
[1.300s] -- Up-to-date: /home/pi/torsobot/Code/Code/ros2_ws/install/torsobot_interfaces/include/torsobot_interfaces/torsobot_interfaces/msg
[1.300s] -- Up-to-date: /home/pi/torsobot/Code/Code/ros2_ws/install/torsobot_interfaces/include/torsobot_interfaces/torsobot_interfaces/msg/detail
[1.300s] -- Up-to-date: /home/pi/torsobot/Code/Code/ros2_ws/install/torsobot_interfaces/include/torsobot_interfaces/torsobot_interfaces/msg/detail/torsobot_state__rosidl_typesupport_fastrtps_c.h
[1.300s] -- Up-to-date: /home/pi/torsobot/Code/Code/ros2_ws/install/torsobot_interfaces/include/torsobot_interfaces/torsobot_interfaces/msg/detail/torsobot_data__rosidl_typesupport_fastrtps_c.h
[1.300s] -- Up-to-date: /home/pi/torsobot/Code/Code/ros2_ws/install/torsobot_interfaces/include/torsobot_interfaces/torsobot_interfaces/msg/rosidl_typesupport_fastrtps_c__visibility_control.h
[1.300s] -- Up-to-date: /home/pi/torsobot/Code/Code/ros2_ws/install/torsobot_interfaces/lib/libtorsobot_interfaces__rosidl_typesupport_fastrtps_c.so
[1.301s] -- Up-to-date: /home/pi/torsobot/Code/Code/ros2_ws/install/torsobot_interfaces/lib/libtorsobot_interfaces__rosidl_typesupport_c.so
[1.301s] -- Up-to-date: /home/pi/torsobot/Code/Code/ros2_ws/install/torsobot_interfaces/include/torsobot_interfaces/torsobot_interfaces
[1.301s] -- Up-to-date: /home/pi/torsobot/Code/Code/ros2_ws/install/torsobot_interfaces/include/torsobot_interfaces/torsobot_interfaces/msg
[1.301s] -- Up-to-date: /home/pi/torsobot/Code/Code/ros2_ws/install/torsobot_interfaces/include/torsobot_interfaces/torsobot_interfaces/msg/rosidl_generator_cpp__visibility_control.hpp
[1.301s] -- Up-to-date: /home/pi/torsobot/Code/Code/ros2_ws/install/torsobot_interfaces/include/torsobot_interfaces/torsobot_interfaces/msg/detail
[1.301s] -- Up-to-date: /home/pi/torsobot/Code/Code/ros2_ws/install/torsobot_interfaces/include/torsobot_interfaces/torsobot_interfaces/msg/detail/torsobot_data__type_support.hpp
[1.301s] -- Up-to-date: /home/pi/torsobot/Code/Code/ros2_ws/install/torsobot_interfaces/include/torsobot_interfaces/torsobot_interfaces/msg/detail/torsobot_data__struct.hpp
[1.301s] -- Up-to-date: /home/pi/torsobot/Code/Code/ros2_ws/install/torsobot_interfaces/include/torsobot_interfaces/torsobot_interfaces/msg/detail/torsobot_state__builder.hpp
[1.301s] -- Up-to-date: /home/pi/torsobot/Code/Code/ros2_ws/install/torsobot_interfaces/include/torsobot_interfaces/torsobot_interfaces/msg/detail/torsobot_state__struct.hpp
[1.301s] -- Up-to-date: /home/pi/torsobot/Code/Code/ros2_ws/install/torsobot_interfaces/include/torsobot_interfaces/torsobot_interfaces/msg/detail/torsobot_state__traits.hpp
[1.301s] -- Up-to-date: /home/pi/torsobot/Code/Code/ros2_ws/install/torsobot_interfaces/include/torsobot_interfaces/torsobot_interfaces/msg/detail/torsobot_data__traits.hpp
[1.301s] -- Up-to-date: /home/pi/torsobot/Code/Code/ros2_ws/install/torsobot_interfaces/include/torsobot_interfaces/torsobot_interfaces/msg/detail/torsobot_state__type_support.hpp
[1.301s] -- Up-to-date: /home/pi/torsobot/Code/Code/ros2_ws/install/torsobot_interfaces/include/torsobot_interfaces/torsobot_interfaces/msg/detail/torsobot_data__builder.hpp
[1.301s] -- Up-to-date: /home/pi/torsobot/Code/Code/ros2_ws/install/torsobot_interfaces/include/torsobot_interfaces/torsobot_interfaces/msg/torsobot_data.hpp
[1.301s] -- Up-to-date: /home/pi/torsobot/Code/Code/ros2_ws/install/torsobot_interfaces/include/torsobot_interfaces/torsobot_interfaces/msg/torsobot_state.hpp
[1.301s] -- Up-to-date: /home/pi/torsobot/Code/Code/ros2_ws/install/torsobot_interfaces/include/torsobot_interfaces/torsobot_interfaces
[1.301s] -- Up-to-date: /home/pi/torsobot/Code/Code/ros2_ws/install/torsobot_interfaces/include/torsobot_interfaces/torsobot_interfaces/msg
[1.301s] -- Up-to-date: /home/pi/torsobot/Code/Code/ros2_ws/install/torsobot_interfaces/include/torsobot_interfaces/torsobot_interfaces/msg/detail
[1.301s] -- Up-to-date: /home/pi/torsobot/Code/Code/ros2_ws/install/torsobot_interfaces/include/torsobot_interfaces/torsobot_interfaces/msg/detail/torsobot_state__type_support.cpp
[1.301s] -- Up-to-date: /home/pi/torsobot/Code/Code/ros2_ws/install/torsobot_interfaces/include/torsobot_interfaces/torsobot_interfaces/msg/detail/torsobot_state__rosidl_typesupport_introspection_cpp.hpp
[1.302s] -- Up-to-date: /home/pi/torsobot/Code/Code/ros2_ws/install/torsobot_interfaces/include/torsobot_interfaces/torsobot_interfaces/msg/detail/torsobot_data__rosidl_typesupport_introspection_cpp.hpp
[1.302s] -- Up-to-date: /home/pi/torsobot/Code/Code/ros2_ws/install/torsobot_interfaces/include/torsobot_interfaces/torsobot_interfaces/msg/detail/torsobot_data__type_support.cpp
[1.302s] -- Up-to-date: /home/pi/torsobot/Code/Code/ros2_ws/install/torsobot_interfaces/lib/libtorsobot_interfaces__rosidl_typesupport_introspection_cpp.so
[1.302s] -- Up-to-date: /home/pi/torsobot/Code/Code/ros2_ws/install/torsobot_interfaces/include/torsobot_interfaces/torsobot_interfaces
[1.302s] -- Up-to-date: /home/pi/torsobot/Code/Code/ros2_ws/install/torsobot_interfaces/include/torsobot_interfaces/torsobot_interfaces/msg
[1.302s] -- Up-to-date: /home/pi/torsobot/Code/Code/ros2_ws/install/torsobot_interfaces/include/torsobot_interfaces/torsobot_interfaces/msg/detail
[1.302s] -- Up-to-date: /home/pi/torsobot/Code/Code/ros2_ws/install/torsobot_interfaces/include/torsobot_interfaces/torsobot_interfaces/msg/detail/torsobot_state__rosidl_typesupport_fastrtps_cpp.hpp
[1.302s] -- Up-to-date: /home/pi/torsobot/Code/Code/ros2_ws/install/torsobot_interfaces/include/torsobot_interfaces/torsobot_interfaces/msg/detail/torsobot_data__rosidl_typesupport_fastrtps_cpp.hpp
[1.302s] -- Up-to-date: /home/pi/torsobot/Code/Code/ros2_ws/install/torsobot_interfaces/include/torsobot_interfaces/torsobot_interfaces/msg/detail/dds_fastrtps
[1.306s] -- Up-to-date: /home/pi/torsobot/Code/Code/ros2_ws/install/torsobot_interfaces/include/torsobot_interfaces/torsobot_interfaces/msg/rosidl_typesupport_fastrtps_cpp__visibility_control.h
[1.306s] -- Up-to-date: /home/pi/torsobot/Code/Code/ros2_ws/install/torsobot_interfaces/lib/libtorsobot_interfaces__rosidl_typesupport_fastrtps_cpp.so
[1.307s] -- Up-to-date: /home/pi/torsobot/Code/Code/ros2_ws/install/torsobot_interfaces/lib/libtorsobot_interfaces__rosidl_typesupport_cpp.so
[1.307s] -- Up-to-date: /home/pi/torsobot/Code/Code/ros2_ws/install/torsobot_interfaces/share/torsobot_interfaces/environment/pythonpath.sh
[1.307s] -- Up-to-date: /home/pi/torsobot/Code/Code/ros2_ws/install/torsobot_interfaces/share/torsobot_interfaces/environment/pythonpath.dsv
[1.307s] -- Up-to-date: /home/pi/torsobot/Code/Code/ros2_ws/install/torsobot_interfaces/lib/python3.11/site-packages/torsobot_interfaces-0.0.0-py3.11.egg-info
[1.307s] -- Installing: /home/pi/torsobot/Code/Code/ros2_ws/install/torsobot_interfaces/lib/python3.11/site-packages/torsobot_interfaces-0.0.0-py3.11.egg-info/PKG-INFO
[1.307s] -- Installing: /home/pi/torsobot/Code/Code/ros2_ws/install/torsobot_interfaces/lib/python3.11/site-packages/torsobot_interfaces-0.0.0-py3.11.egg-info/SOURCES.txt
[1.307s] -- Installing: /home/pi/torsobot/Code/Code/ros2_ws/install/torsobot_interfaces/lib/python3.11/site-packages/torsobot_interfaces-0.0.0-py3.11.egg-info/top_level.txt
[1.307s] -- Installing: /home/pi/torsobot/Code/Code/ros2_ws/install/torsobot_interfaces/lib/python3.11/site-packages/torsobot_interfaces-0.0.0-py3.11.egg-info/dependency_links.txt
[1.307s] -- Up-to-date: /home/pi/torsobot/Code/Code/ros2_ws/install/torsobot_interfaces/lib/python3.11/site-packages/torsobot_interfaces
[1.307s] -- Up-to-date: /home/pi/torsobot/Code/Code/ros2_ws/install/torsobot_interfaces/lib/python3.11/site-packages/torsobot_interfaces/_torsobot_interfaces_s.ep.rosidl_typesupport_introspection_c.c
[1.307s] -- Up-to-date: /home/pi/torsobot/Code/Code/ros2_ws/install/torsobot_interfaces/lib/python3.11/site-packages/torsobot_interfaces/_torsobot_interfaces_s.ep.rosidl_typesupport_fastrtps_c.c
[1.307s] -- Up-to-date: /home/pi/torsobot/Code/Code/ros2_ws/install/torsobot_interfaces/lib/python3.11/site-packages/torsobot_interfaces/torsobot_interfaces_s__rosidl_typesupport_introspection_c.so
[1.307s] -- Up-to-date: /home/pi/torsobot/Code/Code/ros2_ws/install/torsobot_interfaces/lib/python3.11/site-packages/torsobot_interfaces/msg
[1.307s] -- Up-to-date: /home/pi/torsobot/Code/Code/ros2_ws/install/torsobot_interfaces/lib/python3.11/site-packages/torsobot_interfaces/msg/_torsobot_state.py
[1.307s] -- Up-to-date: /home/pi/torsobot/Code/Code/ros2_ws/install/torsobot_interfaces/lib/python3.11/site-packages/torsobot_interfaces/msg/_torsobot_state_s.c
[1.307s] -- Up-to-date: /home/pi/torsobot/Code/Code/ros2_ws/install/torsobot_interfaces/lib/python3.11/site-packages/torsobot_interfaces/msg/_torsobot_data_s.c
[1.307s] -- Up-to-date: /home/pi/torsobot/Code/Code/ros2_ws/install/torsobot_interfaces/lib/python3.11/site-packages/torsobot_interfaces/msg/__init__.py
[1.307s] -- Up-to-date: /home/pi/torsobot/Code/Code/ros2_ws/install/torsobot_interfaces/lib/python3.11/site-packages/torsobot_interfaces/msg/_torsobot_data.py
[1.307s] -- Up-to-date: /home/pi/torsobot/Code/Code/ros2_ws/install/torsobot_interfaces/lib/python3.11/site-packages/torsobot_interfaces/torsobot_interfaces_s__rosidl_typesupport_fastrtps_c.so
[1.307s] -- Up-to-date: /home/pi/torsobot/Code/Code/ros2_ws/install/torsobot_interfaces/lib/python3.11/site-packages/torsobot_interfaces/torsobot_interfaces_s__rosidl_typesupport_c.so
[1.308s] -- Up-to-date: /home/pi/torsobot/Code/Code/ros2_ws/install/torsobot_interfaces/lib/python3.11/site-packages/torsobot_interfaces/__init__.py
[1.308s] -- Up-to-date: /home/pi/torsobot/Code/Code/ros2_ws/install/torsobot_interfaces/lib/python3.11/site-packages/torsobot_interfaces/_torsobot_interfaces_s.ep.rosidl_typesupport_c.c
[1.465s] Listing '/home/pi/torsobot/Code/Code/ros2_ws/install/torsobot_interfaces/lib/python3.11/site-packages/torsobot_interfaces'...
[1.470s] Listing '/home/pi/torsobot/Code/Code/ros2_ws/install/torsobot_interfaces/lib/python3.11/site-packages/torsobot_interfaces/msg'...
[1.477s] -- Up-to-date: /home/pi/torsobot/Code/Code/ros2_ws/install/torsobot_interfaces/lib/python3.11/site-packages/torsobot_interfaces/torsobot_interfaces_s__rosidl_typesupport_introspection_c.so
[1.478s] -- Up-to-date: /home/pi/torsobot/Code/Code/ros2_ws/install/torsobot_interfaces/lib/python3.11/site-packages/torsobot_interfaces/torsobot_interfaces_s__rosidl_typesupport_fastrtps_c.so
[1.478s] -- Up-to-date: /home/pi/torsobot/Code/Code/ros2_ws/install/torsobot_interfaces/lib/python3.11/site-packages/torsobot_interfaces/torsobot_interfaces_s__rosidl_typesupport_c.so
[1.482s] -- Up-to-date: /home/pi/torsobot/Code/Code/ros2_ws/install/torsobot_interfaces/lib/libtorsobot_interfaces__rosidl_generator_py.so
[1.482s] -- Up-to-date: /home/pi/torsobot/Code/Code/ros2_ws/install/torsobot_interfaces/share/torsobot_interfaces/msg/TorsobotData.idl
[1.483s] -- Up-to-date: /home/pi/torsobot/Code/Code/ros2_ws/install/torsobot_interfaces/share/torsobot_interfaces/msg/TorsobotState.idl
[1.483s] -- Up-to-date: /home/pi/torsobot/Code/Code/ros2_ws/install/torsobot_interfaces/share/torsobot_interfaces/msg/TorsobotData.msg
[1.483s] -- Up-to-date: /home/pi/torsobot/Code/Code/ros2_ws/install/torsobot_interfaces/share/torsobot_interfaces/msg/TorsobotState.msg
[1.483s] -- Up-to-date: /home/pi/torsobot/Code/Code/ros2_ws/install/torsobot_interfaces/share/ament_index/resource_index/package_run_dependencies/torsobot_interfaces
[1.483s] -- Up-to-date: /home/pi/torsobot/Code/Code/ros2_ws/install/torsobot_interfaces/share/ament_index/resource_index/parent_prefix_path/torsobot_interfaces
[1.483s] -- Up-to-date: /home/pi/torsobot/Code/Code/ros2_ws/install/torsobot_interfaces/share/torsobot_interfaces/environment/ament_prefix_path.dsv
[1.483s] -- Up-to-date: /home/pi/torsobot/Code/Code/ros2_ws/install/torsobot_interfaces/share/torsobot_interfaces/environment/path.dsv
[1.483s] -- Up-to-date: /home/pi/torsobot/Code/Code/ros2_ws/install/torsobot_interfaces/share/torsobot_interfaces/local_setup.bash
[1.483s] -- Up-to-date: /home/pi/torsobot/Code/Code/ros2_ws/install/torsobot_interfaces/share/torsobot_interfaces/local_setup.sh
[1.483s] -- Up-to-date: /home/pi/torsobot/Code/Code/ros2_ws/install/torsobot_interfaces/share/torsobot_interfaces/local_setup.zsh
[1.483s] -- Up-to-date: /home/pi/torsobot/Code/Code/ros2_ws/install/torsobot_interfaces/share/torsobot_interfaces/local_setup.dsv
[1.483s] -- Installing: /home/pi/torsobot/Code/Code/ros2_ws/install/torsobot_interfaces/share/torsobot_interfaces/package.dsv
[1.483s] -- Up-to-date: /home/pi/torsobot/Code/Code/ros2_ws/install/torsobot_interfaces/share/ament_index/resource_index/packages/torsobot_interfaces
[1.483s] -- Up-to-date: /home/pi/torsobot/Code/Code/ros2_ws/install/torsobot_interfaces/share/torsobot_interfaces/cmake/export_torsobot_interfaces__rosidl_generator_cExport.cmake
[1.484s] -- Up-to-date: /home/pi/torsobot/Code/Code/ros2_ws/install/torsobot_interfaces/share/torsobot_interfaces/cmake/export_torsobot_interfaces__rosidl_generator_cExport-noconfig.cmake
[1.484s] -- Up-to-date: /home/pi/torsobot/Code/Code/ros2_ws/install/torsobot_interfaces/share/torsobot_interfaces/cmake/torsobot_interfaces__rosidl_typesupport_introspection_cExport.cmake
[1.484s] -- Up-to-date: /home/pi/torsobot/Code/Code/ros2_ws/install/torsobot_interfaces/share/torsobot_interfaces/cmake/torsobot_interfaces__rosidl_typesupport_introspection_cExport-noconfig.cmake
[1.484s] -- Up-to-date: /home/pi/torsobot/Code/Code/ros2_ws/install/torsobot_interfaces/share/torsobot_interfaces/cmake/export_torsobot_interfaces__rosidl_typesupport_fastrtps_cExport.cmake
[1.484s] -- Up-to-date: /home/pi/torsobot/Code/Code/ros2_ws/install/torsobot_interfaces/share/torsobot_interfaces/cmake/export_torsobot_interfaces__rosidl_typesupport_fastrtps_cExport-noconfig.cmake
[1.484s] -- Up-to-date: /home/pi/torsobot/Code/Code/ros2_ws/install/torsobot_interfaces/share/torsobot_interfaces/cmake/torsobot_interfaces__rosidl_typesupport_cExport.cmake
[1.484s] -- Up-to-date: /home/pi/torsobot/Code/Code/ros2_ws/install/torsobot_interfaces/share/torsobot_interfaces/cmake/torsobot_interfaces__rosidl_typesupport_cExport-noconfig.cmake
[1.484s] -- Up-to-date: /home/pi/torsobot/Code/Code/ros2_ws/install/torsobot_interfaces/share/torsobot_interfaces/cmake/export_torsobot_interfaces__rosidl_generator_cppExport.cmake
[1.484s] -- Up-to-date: /home/pi/torsobot/Code/Code/ros2_ws/install/torsobot_interfaces/share/torsobot_interfaces/cmake/torsobot_interfaces__rosidl_typesupport_introspection_cppExport.cmake
[1.484s] -- Up-to-date: /home/pi/torsobot/Code/Code/ros2_ws/install/torsobot_interfaces/share/torsobot_interfaces/cmake/torsobot_interfaces__rosidl_typesupport_introspection_cppExport-noconfig.cmake
[1.484s] -- Up-to-date: /home/pi/torsobot/Code/Code/ros2_ws/install/torsobot_interfaces/share/torsobot_interfaces/cmake/export_torsobot_interfaces__rosidl_typesupport_fastrtps_cppExport.cmake
[1.484s] -- Up-to-date: /home/pi/torsobot/Code/Code/ros2_ws/install/torsobot_interfaces/share/torsobot_interfaces/cmake/export_torsobot_interfaces__rosidl_typesupport_fastrtps_cppExport-noconfig.cmake
[1.484s] -- Up-to-date: /home/pi/torsobot/Code/Code/ros2_ws/install/torsobot_interfaces/share/torsobot_interfaces/cmake/torsobot_interfaces__rosidl_typesupport_cppExport.cmake
[1.484s] -- Up-to-date: /home/pi/torsobot/Code/Code/ros2_ws/install/torsobot_interfaces/share/torsobot_interfaces/cmake/torsobot_interfaces__rosidl_typesupport_cppExport-noconfig.cmake
[1.485s] -- Up-to-date: /home/pi/torsobot/Code/Code/ros2_ws/install/torsobot_interfaces/share/torsobot_interfaces/cmake/export_torsobot_interfaces__rosidl_generator_pyExport.cmake
[1.485s] -- Up-to-date: /home/pi/torsobot/Code/Code/ros2_ws/install/torsobot_interfaces/share/torsobot_interfaces/cmake/export_torsobot_interfaces__rosidl_generator_pyExport-noconfig.cmake
[1.485s] -- Up-to-date: /home/pi/torsobot/Code/Code/ros2_ws/install/torsobot_interfaces/share/torsobot_interfaces/cmake/rosidl_cmake-extras.cmake
[1.485s] -- Up-to-date: /home/pi/torsobot/Code/Code/ros2_ws/install/torsobot_interfaces/share/torsobot_interfaces/cmake/ament_cmake_export_include_directories-extras.cmake
[1.485s] -- Up-to-date: /home/pi/torsobot/Code/Code/ros2_ws/install/torsobot_interfaces/share/torsobot_interfaces/cmake/ament_cmake_export_libraries-extras.cmake
[1.485s] -- Up-to-date: /home/pi/torsobot/Code/Code/ros2_ws/install/torsobot_interfaces/share/torsobot_interfaces/cmake/ament_cmake_export_targets-extras.cmake
[1.485s] -- Up-to-date: /home/pi/torsobot/Code/Code/ros2_ws/install/torsobot_interfaces/share/torsobot_interfaces/cmake/rosidl_cmake_export_typesupport_targets-extras.cmake
[1.485s] -- Up-to-date: /home/pi/torsobot/Code/Code/ros2_ws/install/torsobot_interfaces/share/torsobot_interfaces/cmake/ament_cmake_export_dependencies-extras.cmake
[1.485s] -- Up-to-date: /home/pi/torsobot/Code/Code/ros2_ws/install/torsobot_interfaces/share/torsobot_interfaces/cmake/rosidl_cmake_export_typesupport_libraries-extras.cmake
[1.485s] -- Up-to-date: /home/pi/torsobot/Code/Code/ros2_ws/install/torsobot_interfaces/share/torsobot_interfaces/cmake/torsobot_interfacesConfig.cmake
[1.485s] -- Up-to-date: /home/pi/torsobot/Code/Code/ros2_ws/install/torsobot_interfaces/share/torsobot_interfaces/cmake/torsobot_interfacesConfig-version.cmake
[1.485s] -- Up-to-date: /home/pi/torsobot/Code/Code/ros2_ws/install/torsobot_interfaces/share/torsobot_interfaces/package.xml
[1.486s] Invoked command in '/home/pi/torsobot/Code/Code/ros2_ws/build/torsobot_interfaces' returned '0': CMAKE_PREFIX_PATH=${CMAKE_PREFIX_PATH}:/home/pi/ros2_jazzy/install/rqt_bag_plugins:/home/pi/ros2_jazzy/install/rqt_bag:/home/pi/ros2_jazzy/install/rosbag2_examples_py:/home/pi/ros2_jazzy/install/launch_testing_examples:/home/pi/ros2_jazzy/install/ros2bag:/home/pi/ros2_jazzy/install/tracetools_test:/home/pi/ros2_jazzy/install/tracetools_launch:/home/pi/ros2_jazzy/install/topic_monitor:/home/pi/ros2_jazzy/install/tf2_tools:/home/pi/ros2_jazzy/install/examples_tf2_py:/home/pi/ros2_jazzy/install/tf2_ros_py:/home/pi/ros2_jazzy/install/examples_rclpy_pointcloud_publisher:/home/pi/ros2_jazzy/install/sensor_msgs_py:/home/pi/ros2_jazzy/install/quality_of_service_demo_py:/home/pi/ros2_jazzy/install/rqt_plot:/home/pi/ros2_jazzy/install/ros2doctor:/home/pi/ros2_jazzy/install/lifecycle_py:/home/pi/ros2_jazzy/install/examples_rclpy_minimal_subscriber:/home/pi/ros2_jazzy/install/examples_rclpy_minimal_service:/home/pi/ros2_jazzy/install/examples_rclpy_minimal_publisher:/home/pi/ros2_jazzy/install/examples_rclpy_minimal_client:/home/pi/ros2_jazzy/install/examples_rclpy_executors:/home/pi/ros2_jazzy/install/demo_nodes_py:/home/pi/ros2_jazzy/install/rqt:/home/pi/ros2_jazzy/install/ros2component:/home/pi/ros2_jazzy/install/sros2:/home/pi/ros2_jazzy/install/rqt_topic:/home/pi/ros2_jazzy/install/rqt_srv:/home/pi/ros2_jazzy/install/rqt_shell:/home/pi/ros2_jazzy/install/rqt_service_caller:/home/pi/ros2_jazzy/install/rqt_reconfigure:/home/pi/ros2_jazzy/install/rqt_py_console:/home/pi/ros2_jazzy/install/rqt_publisher:/home/pi/ros2_jazzy/install/rqt_action:/home/pi/ros2_jazzy/install/rqt_msg:/home/pi/ros2_jazzy/install/rqt_console:/home/pi/ros2_jazzy/install/rqt_graph:/home/pi/ros2_jazzy/install/rqt_gui_py:/home/pi/ros2_jazzy/install/rqt_gui:/home/pi/ros2_jazzy/install/ros2trace:/home/pi/ros2_jazzy/install/ros2topic:/home/pi/ros2_jazzy/install/ros2test:/home/pi/ros2_jazzy/install/ros2param:/home/pi/ros2_jazzy/install/ros2lifecycle:/home/pi/ros2_jazzy/install/ros2service:/home/pi/ros2_jazzy/install/ros2run:/home/pi/ros2_jazzy/install/ros2launch:/home/pi/ros2_jazzy/install/ros2pkg:/home/pi/ros2_jazzy/install/ros2node:/home/pi/ros2_jazzy/install/ros2multicast:/home/pi/ros2_jazzy/install/ros2interface:/home/pi/ros2_jazzy/install/ros2action:/home/pi/ros2_jazzy/install/ros2cli:/home/pi/ros2_jazzy/install/launch_testing_ros:/home/pi/ros2_jazzy/install/launch_ros:/home/pi/ros2_jazzy/install/examples_rclpy_minimal_action_server:/home/pi/ros2_jazzy/install/examples_rclpy_minimal_action_client:/home/pi/ros2_jazzy/install/examples_rclpy_guard_conditions:/home/pi/ros2_jazzy/install/action_tutorials_py:/home/pi/ros2_jazzy/install/ament_uncrustify:/home/pi/ros2_jazzy/install/tracetools_trace:/home/pi/ros2_jazzy/install/tracetools_read:/home/pi/ros2_jazzy/install/test_tracetools_launch:/home/pi/ros2_jazzy/install/test_ros2trace:/home/pi/ros2_jazzy/install/test_launch_ros:/home/pi/ros2_jazzy/install/rpyutils:/home/pi/ros2_jazzy/install/rosidl_runtime_py:/home/pi/ros2_jazzy/install/rosidl_pycommon:/home/pi/ros2_jazzy/install/rosidl_cli:/home/pi/ros2_jazzy/install/launch_pytest:/home/pi/ros2_jazzy/install/launch_testing:/home/pi/ros2_jazzy/install/launch_yaml:/home/pi/ros2_jazzy/install/launch_xml:/home/pi/ros2_jazzy/install/launch:/home/pi/ros2_jazzy/install/osrf_pycommon:/home/pi/ros2_jazzy/install/domain_coordinator:/home/pi/ros2_jazzy/install/ament_xmllint:/home/pi/ros2_jazzy/install/ament_pyflakes:/home/pi/ros2_jazzy/install/ament_pycodestyle:/home/pi/ros2_jazzy/install/ament_pep257:/home/pi/ros2_jazzy/install/ament_pclint:/home/pi/ros2_jazzy/install/ament_package:/home/pi/ros2_jazzy/install/ament_mypy:/home/pi/ros2_jazzy/install/ament_lint_cmake:/home/pi/ros2_jazzy/install/ament_flake8:/home/pi/ros2_jazzy/install/ament_copyright:/home/pi/ros2_jazzy/install/ament_lint:/home/pi/ros2_jazzy/install/ament_index_python:/home/pi/ros2_jazzy/install/ament_cpplint:/home/pi/ros2_jazzy/install/ament_cppcheck:/home/pi/ros2_jazzy/install/ament_clang_tidy:/home/pi/ros2_jazzy/install/ament_clang_format /usr/bin/cmake --install /home/pi/torsobot/Code/Code/ros2_ws/build/torsobot_interfaces
