-- Found ament_cmake: 2.5.2 (/home/pi/ros2_jazzy/install/ament_cmake/share/ament_cmake/cmake)
-- Found rclcpp: 28.1.3 (/home/pi/ros2_jazzy/install/rclcpp/share/rclcpp/cmake)
-- Found rosidl_generator_c: 4.6.3 (/home/pi/ros2_jazzy/install/rosidl_generator_c/share/rosidl_generator_c/cmake)
-- Found rosidl_generator_cpp: 4.6.3 (/home/pi/ros2_jazzy/install/rosidl_generator_cpp/share/rosidl_generator_cpp/cmake)
-- Using all available rosidl_typesupport_c: rosidl_typesupport_introspection_c;rosidl_typesupport_fastrtps_c
-- Using all available rosidl_typesupport_cpp: rosidl_typesupport_introspection_cpp;rosidl_typesupport_fastrtps_cpp
-- Found rmw_implementation_cmake: 7.3.1 (/home/pi/ros2_jazzy/install/rmw_implementation_cmake/share/rmw_implementation_cmake/cmake)
-- Found rmw_fastrtps_cpp: 8.4.1 (/home/pi/ros2_jazzy/install/rmw_fastrtps_cpp/share/rmw_fastrtps_cpp/cmake)
-- Using RMW implementation 'rmw_fastrtps_cpp' as default
-- Found std_msgs: 5.3.5 (/home/pi/ros2_jazzy/install/std_msgs/share/std_msgs/cmake)
-- Found torsobot_interfaces: 0.0.0 (/home/pi/torsobot/Code/Code/ros2_ws/install/torsobot_interfaces/share/torsobot_interfaces/cmake)
-- Found ament_lint_auto: 0.17.1 (/home/pi/ros2_jazzy/install/ament_lint_auto/share/ament_lint_auto/cmake)
-- Added test 'cppcheck' to perform static code analysis on C / C++ code
-- Configured cppcheck include dirs: $<BUILD_INTERFACE:/home/pi/torsobot/Code/Code/ros2_ws/src/torsobot/include>
-- Configured cppcheck exclude dirs and/or files: 
-- Added test 'flake8' to check Python code syntax and style conventions
-- Configured 'flake8' exclude dirs and/or files: 
-- Added test 'lint_cmake' to check CMake code style
-- Added test 'pep257' to check Python code against some of the docstring style conventions in PEP 257
-- Added test 'uncrustify' to check C / C++ code style
-- Configured uncrustify additional arguments: 
-- Added test 'xmllint' to check XML markup files
-- Configuring done
-- Generating done
-- Build files have been written to: /home/pi/torsobot/Code/Code/ros2_ws/build/torsobot
[ 25%] [32mBuilding CXX object CMakeFiles/mcu_node.dir/src/mcu_node.cpp.o[0m
[ 50%] [32mBuilding CXX object CMakeFiles/data_logger_node.dir/src/data_logger_node.cpp.o[0m
[ 75%] [32m[1mLinking CXX executable mcu_node[0m
[ 75%] Built target mcu_node
[100%] [32m[1mLinking CXX executable data_logger_node[0m
[100%] Built target data_logger_node
-- Install configuration: ""
-- Installing: /home/pi/torsobot/Code/Code/ros2_ws/install/torsobot/lib/torsobot/mcu_node
-- Set runtime path of "/home/pi/torsobot/Code/Code/ros2_ws/install/torsobot/lib/torsobot/mcu_node" to ""
-- Installing: /home/pi/torsobot/Code/Code/ros2_ws/install/torsobot/lib/torsobot/data_logger_node
-- Set runtime path of "/home/pi/torsobot/Code/Code/ros2_ws/install/torsobot/lib/torsobot/data_logger_node" to ""
-- Up-to-date: /home/pi/torsobot/Code/Code/ros2_ws/install/torsobot/share/torsobot
-- Up-to-date: /home/pi/torsobot/Code/Code/ros2_ws/install/torsobot/share/torsobot/torsobot_launch.py
-- Up-to-date: /home/pi/torsobot/Code/Code/ros2_ws/install/torsobot/share/torsobot/__pycache__
-- Installing: /home/pi/torsobot/Code/Code/ros2_ws/install/torsobot/share/torsobot/__pycache__/torsobot_launch.cpython-311.pyc
-- Up-to-date: /home/pi/torsobot/Code/Code/ros2_ws/install/torsobot/share/ament_index/resource_index/package_run_dependencies/torsobot
-- Up-to-date: /home/pi/torsobot/Code/Code/ros2_ws/install/torsobot/share/ament_index/resource_index/parent_prefix_path/torsobot
-- Up-to-date: /home/pi/torsobot/Code/Code/ros2_ws/install/torsobot/share/torsobot/environment/ament_prefix_path.dsv
-- Up-to-date: /home/pi/torsobot/Code/Code/ros2_ws/install/torsobot/share/torsobot/environment/path.dsv
-- Up-to-date: /home/pi/torsobot/Code/Code/ros2_ws/install/torsobot/share/torsobot/local_setup.bash
-- Up-to-date: /home/pi/torsobot/Code/Code/ros2_ws/install/torsobot/share/torsobot/local_setup.sh
-- Up-to-date: /home/pi/torsobot/Code/Code/ros2_ws/install/torsobot/share/torsobot/local_setup.zsh
-- Up-to-date: /home/pi/torsobot/Code/Code/ros2_ws/install/torsobot/share/torsobot/local_setup.dsv
-- Installing: /home/pi/torsobot/Code/Code/ros2_ws/install/torsobot/share/torsobot/package.dsv
-- Up-to-date: /home/pi/torsobot/Code/Code/ros2_ws/install/torsobot/share/ament_index/resource_index/packages/torsobot
-- Up-to-date: /home/pi/torsobot/Code/Code/ros2_ws/install/torsobot/share/torsobot/cmake/torsobotConfig.cmake
-- Up-to-date: /home/pi/torsobot/Code/Code/ros2_ws/install/torsobot/share/torsobot/cmake/torsobotConfig-version.cmake
-- Up-to-date: /home/pi/torsobot/Code/Code/ros2_ws/install/torsobot/share/torsobot/package.xml
