-- Found ament_cmake: 2.5.2 (/home/pi/ros2_jazzy/install/ament_cmake/share/ament_cmake/cmake)
-- Found rclcpp: 28.1.3 (/home/pi/ros2_jazzy/install/rclcpp/share/rclcpp/cmake)
-- Found rosidl_generator_c: 4.6.3 (/home/pi/ros2_jazzy/install/rosidl_generator_c/share/rosidl_generator_c/cmake)
-- Found rosidl_generator_cpp: 4.6.3 (/home/pi/ros2_jazzy/install/rosidl_generator_cpp/share/rosidl_generator_cpp/cmake)
-- Using all available rosidl_typesupport_c: rosidl_typesupport_introspection_c;rosidl_typesupport_fastrtps_c
-- Using all available rosidl_typesupport_cpp: rosidl_typesupport_introspection_cpp;rosidl_typesupport_fastrtps_cpp
-- Found rmw_implementation_cmake: 7.3.1 (/home/pi/ros2_jazzy/install/rmw_implementation_cmake/share/rmw_implementation_cmake/cmake)
-- Found rmw_fastrtps_cpp: 8.4.1 (/home/pi/ros2_jazzy/install/rmw_fastrtps_cpp/share/rmw_fastrtps_cpp/cmake)
-- Using RMW implementation 'rmw_fastrtps_cpp' as default
-- Found std_msgs: 5.3.5 (/home/pi/ros2_jazzy/install/std_msgs/share/std_msgs/cmake)
-- Found torsobot_interfaces: 0.0.0 (/home/pi/torsobot/Code/Code/ros2_ws/install/torsobot_interfaces/share/torsobot_interfaces/cmake)
-- Found ament_lint_auto: 0.17.1 (/home/pi/ros2_jazzy/install/ament_lint_auto/share/ament_lint_auto/cmake)
-- Added test 'cppcheck' to perform static code analysis on C / C++ code
-- Configured cppcheck include dirs: 
-- Configured cppcheck exclude dirs and/or files: 
-- Added test 'lint_cmake' to check CMake code style
-- Added test 'uncrustify' to check C / C++ code style
-- Configured uncrustify additional arguments: 
-- Added test 'xmllint' to check XML markup files
-- Configuring done
-- Generating done
-- Build files have been written to: /home/pi/torsobot/Code/Code/ros2_ws/build/torsobot
[ 25%] [32mBuilding CXX object CMakeFiles/mcu_node.dir/src/mcu_node.cpp.o[0m
[ 50%] [32mBuilding CXX object CMakeFiles/i2c_manager_node.dir/src/i2c_manager_node.cpp.o[0m
[01m[K/home/pi/torsobot/Code/Code/ros2_ws/src/torsobot/src/mcu_node.cpp:97:47:[m[K [01;31m[Kerror: [m[K‘[01m[KTorsobotData[m[K’ is not a member of ‘[01m[Ktorsobot_interfaces::msg[m[K’
   97 |   rclcpp::Publisher<torsobot_interfaces::msg::[01;31m[KTorsobotData[m[K>::SharedPtr state_publisher;
      |                                               [01;31m[K^~~~~~~~~~~~[m[K
[01m[K/home/pi/torsobot/Code/Code/ros2_ws/src/torsobot/src/mcu_node.cpp:97:59:[m[K [01;31m[Kerror: [m[Ktemplate argument 1 is invalid
   97 |   rclcpp::Publisher<torsobot_interfaces::msg::TorsobotData[01;31m[K>[m[K::SharedPtr state_publisher;
      |                                                           [01;31m[K^[m[K
[01m[K/home/pi/torsobot/Code/Code/ros2_ws/src/torsobot/src/mcu_node.cpp:97:62:[m[K [01;31m[Kerror: [m[Kexpected ‘[01m[K;[m[K’ at end of member declaration
   97 |   rclcpp::Publisher<torsobot_interfaces::msg::TorsobotData>::[01;31m[KSharedPtr[m[K state_publisher;
      |                                                              [01;31m[K^~~~~~~~~[m[K
      |                                                                       [32m[K;[m[K
[01m[K/home/pi/torsobot/Code/Code/ros2_ws/src/torsobot/src/mcu_node.cpp:97:72:[m[K [01;31m[Kerror: [m[K‘[01m[Kstate_publisher[m[K’ does not name a type
   97 |   rclcpp::Publisher<torsobot_interfaces::msg::TorsobotData>::SharedPtr [01;31m[Kstate_publisher[m[K;
      |                                                                        [01;31m[K^~~~~~~~~~~~~~~[m[K
[01m[K/home/pi/torsobot/Code/Code/ros2_ws/src/torsobot/src/mcu_node.cpp:[m[K In constructor ‘[01m[KMCUNode::MCUNode()[m[K’:
[01m[K/home/pi/torsobot/Code/Code/ros2_ws/src/torsobot/src/mcu_node.cpp:62:5:[m[K [01;31m[Kerror: [m[K‘[01m[Kstate_publisher[m[K’ was not declared in this scope; did you mean ‘[01m[Kcreate_publisher[m[K’?
   62 |     [01;31m[Kstate_publisher[m[K = this->create_publisher<torsobot_interfaces::msg::TorsobotData>("torsobot_state", 10);
      |     [01;31m[K^~~~~~~~~~~~~~~[m[K
      |     [32m[Kcreate_publisher[m[K
[01m[K/home/pi/torsobot/Code/Code/ros2_ws/src/torsobot/src/mcu_node.cpp:62:72:[m[K [01;31m[Kerror: [m[K‘[01m[KTorsobotData[m[K’ is not a member of ‘[01m[Ktorsobot_interfaces::msg[m[K’
   62 |     state_publisher = this->create_publisher<torsobot_interfaces::msg::[01;31m[KTorsobotData[m[K>("torsobot_state", 10);
      |                                                                        [01;31m[K^~~~~~~~~~~~[m[K
[01m[K/home/pi/torsobot/Code/Code/ros2_ws/src/torsobot/src/mcu_node.cpp:62:85:[m[K [01;31m[Kerror: [m[Kno matching function for call to ‘[01m[KMCUNode::create_publisher<<expression error> >(const char [15], int)[m[K’
   62 |     state_publisher = [01;31m[Kthis->create_publisher<torsobot_interfaces::msg::TorsobotData>("torsobot_state", 10)[m[K;
      |                       [01;31m[K~~~~~~~~~~~~~~~~~~~~~~~~~~~~~~~~~~~~~~~~~~~~~~~~~~~~~~~~~~~~~~^~~~~~~~~~~~~~~~~~~~~~[m[K
In file included from [01m[K/home/pi/ros2_jazzy/install/rclcpp/include/rclcpp/rclcpp/executors/single_threaded_executor.hpp:28[m[K,
                 from [01m[K/home/pi/ros2_jazzy/install/rclcpp/include/rclcpp/rclcpp/executors.hpp:22[m[K,
                 from [01m[K/home/pi/ros2_jazzy/install/rclcpp/include/rclcpp/rclcpp/rclcpp.hpp:172[m[K,
                 from [01m[K/home/pi/torsobot/Code/Code/ros2_ws/src/torsobot/src/mcu_node.cpp:1[m[K:
[01m[K/home/pi/ros2_jazzy/install/rclcpp/include/rclcpp/rclcpp/node.hpp:197:3:[m[K [01;36m[Knote: [m[Kcandidate: ‘[01m[Ktemplate<class MessageT, class AllocatorT, class PublisherT> std::shared_ptr<PublisherT> rclcpp::Node::create_publisher(const std::string&, const rclcpp::QoS&, const rclcpp::PublisherOptionsWithAllocator<AllocatorT>&)[m[K’
  197 |   [01;36m[Kcreate_publisher[m[K(
      |   [01;36m[K^~~~~~~~~~~~~~~~[m[K
[01m[K/home/pi/ros2_jazzy/install/rclcpp/include/rclcpp/rclcpp/node.hpp:197:3:[m[K [01;36m[Knote: [m[K  template argument deduction/substitution failed:
[01m[K/home/pi/torsobot/Code/Code/ros2_ws/src/torsobot/src/mcu_node.cpp:62:85:[m[K [01;31m[Kerror: [m[Ktemplate argument 1 is invalid
   62 |     state_publisher = [01;31m[Kthis->create_publisher<torsobot_interfaces::msg::TorsobotData>("torsobot_state", 10)[m[K;
      |                       [01;31m[K~~~~~~~~~~~~~~~~~~~~~~~~~~~~~~~~~~~~~~~~~~~~~~~~~~~~~~~~~~~~~~^~~~~~~~~~~~~~~~~~~~~~[m[K
[01m[K/home/pi/torsobot/Code/Code/ros2_ws/src/torsobot/src/mcu_node.cpp:[m[K In member function ‘[01m[Kvoid MCUNode::data_callback()[m[K’:
[01m[K/home/pi/torsobot/Code/Code/ros2_ws/src/torsobot/src/mcu_node.cpp:135:48:[m[K [01;31m[Kerror: [m[K‘[01m[KTorsobotData[m[K’ is not a member of ‘[01m[Ktorsobot_interfaces::msg[m[K’
  135 |       auto message = torsobot_interfaces::msg::[01;31m[KTorsobotData[m[K();
      |                                                [01;31m[K^~~~~~~~~~~~[m[K
[01m[K/home/pi/torsobot/Code/Code/ros2_ws/src/torsobot/src/mcu_node.cpp:148:13:[m[K [01;31m[Kerror: [m[K‘[01m[Kclass MCUNode[m[K’ has no member named ‘[01m[Kstate_publisher[m[K’; did you mean ‘[01m[Kcreate_publisher[m[K’?
  148 |       this->[01;31m[Kstate_publisher[m[K->publish(message);
      |             [01;31m[K^~~~~~~~~~~~~~~[m[K
      |             [32m[Kcreate_publisher[m[K
gmake[2]: *** [CMakeFiles/mcu_node.dir/build.make:76: CMakeFiles/mcu_node.dir/src/mcu_node.cpp.o] Error 1
gmake[1]: *** [CMakeFiles/Makefile2:139: CMakeFiles/mcu_node.dir/all] Error 2
gmake[1]: *** Waiting for unfinished jobs....
[ 75%] [32m[1mLinking CXX executable i2c_manager_node[0m
/usr/bin/ld: CMakeFiles/i2c_manager_node.dir/src/i2c_manager_node.cpp.o: in function `std::enable_if<rosidl_generator_traits::is_message<torsobot_interfaces::msg::Data_<std::allocator<void> > >::value, rosidl_message_type_support_t const&>::type rclcpp::get_message_type_support_handle<torsobot_interfaces::msg::Data_<std::allocator<void> > >()':
i2c_manager_node.cpp:(.text._ZN6rclcpp31get_message_type_support_handleIN19torsobot_interfaces3msg5Data_ISaIvEEEEENSt9enable_ifIXsrN23rosidl_generator_traits10is_messageIT_EE5valueERK29rosidl_message_type_support_tE4typeEv[_ZN6rclcpp31get_message_type_support_handleIN19torsobot_interfaces3msg5Data_ISaIvEEEEENSt9enable_ifIXsrN23rosidl_generator_traits10is_messageIT_EE5valueERK29rosidl_message_type_support_tE4typeEv]+0xc): undefined reference to `rosidl_message_type_support_t const* rosidl_typesupport_cpp::get_message_type_support_handle<torsobot_interfaces::msg::Data_<std::allocator<void> > >()'
collect2: error: ld returned 1 exit status
gmake[2]: *** [CMakeFiles/i2c_manager_node.dir/build.make:180: i2c_manager_node] Error 1
gmake[1]: *** [CMakeFiles/Makefile2:165: CMakeFiles/i2c_manager_node.dir/all] Error 2
gmake: *** [Makefile:146: all] Error 2
