[ 50%] Built target data_logger_node
[ 75%] [32mBuilding CXX object CMakeFiles/mcu_node.dir/src/mcu_node.cpp.o[0m
[01m[K/home/pi/torsobot/Code/Code/ros2_ws/src/torsobot/src/mcu_node.cpp:[m[K In member function ‘[01m[Kvoid MCUNode::sendDesiredPitch()[m[K’:
[01m[K/home/pi/torsobot/Code/Code/ros2_ws/src/torsobot/src/mcu_node.cpp:175:9:[m[K [01;35m[Kwarning: [m[Kunused variable ‘[01m[Kwrite_result[m[K’ [[01;35m[K]8;;https://gcc.gnu.org/onlinedocs/gcc/Warning-Options.html#index-Wunused-variable-Wunused-variable]8;;[m[K]
  175 |     int [01;35m[Kwrite_result[m[K = write(i2c_handle, &pitch_write_buff, sizeof(pitch_write_buff));
      |         [01;35m[K^~~~~~~~~~~~[m[K
[100%] [32m[1mLinking CXX executable mcu_node[0m
[100%] Built target mcu_node
-- Install configuration: ""
-- Installing: /home/pi/torsobot/Code/Code/ros2_ws/install/torsobot/lib/torsobot/mcu_node
-- Set runtime path of "/home/pi/torsobot/Code/Code/ros2_ws/install/torsobot/lib/torsobot/mcu_node" to ""
-- Up-to-date: /home/pi/torsobot/Code/Code/ros2_ws/install/torsobot/lib/torsobot/data_logger_node
-- Up-to-date: /home/pi/torsobot/Code/Code/ros2_ws/install/torsobot/share/torsobot
-- Installing: /home/pi/torsobot/Code/Code/ros2_ws/install/torsobot/share/torsobot/torsobot_launch.py
-- Up-to-date: /home/pi/torsobot/Code/Code/ros2_ws/install/torsobot/share/torsobot/__pycache__
-- Up-to-date: /home/pi/torsobot/Code/Code/ros2_ws/install/torsobot/share/torsobot/__pycache__/torsobot_launch.cpython-311.pyc
-- Up-to-date: /home/pi/torsobot/Code/Code/ros2_ws/install/torsobot/share/ament_index/resource_index/package_run_dependencies/torsobot
-- Up-to-date: /home/pi/torsobot/Code/Code/ros2_ws/install/torsobot/share/ament_index/resource_index/parent_prefix_path/torsobot
-- Up-to-date: /home/pi/torsobot/Code/Code/ros2_ws/install/torsobot/share/torsobot/environment/ament_prefix_path.dsv
-- Up-to-date: /home/pi/torsobot/Code/Code/ros2_ws/install/torsobot/share/torsobot/environment/path.dsv
-- Up-to-date: /home/pi/torsobot/Code/Code/ros2_ws/install/torsobot/share/torsobot/local_setup.bash
-- Up-to-date: /home/pi/torsobot/Code/Code/ros2_ws/install/torsobot/share/torsobot/local_setup.sh
-- Up-to-date: /home/pi/torsobot/Code/Code/ros2_ws/install/torsobot/share/torsobot/local_setup.zsh
-- Up-to-date: /home/pi/torsobot/Code/Code/ros2_ws/install/torsobot/share/torsobot/local_setup.dsv
-- Installing: /home/pi/torsobot/Code/Code/ros2_ws/install/torsobot/share/torsobot/package.dsv
-- Up-to-date: /home/pi/torsobot/Code/Code/ros2_ws/install/torsobot/share/ament_index/resource_index/packages/torsobot
-- Up-to-date: /home/pi/torsobot/Code/Code/ros2_ws/install/torsobot/share/torsobot/cmake/torsobotConfig.cmake
-- Up-to-date: /home/pi/torsobot/Code/Code/ros2_ws/install/torsobot/share/torsobot/cmake/torsobotConfig-version.cmake
-- Up-to-date: /home/pi/torsobot/Code/Code/ros2_ws/install/torsobot/share/torsobot/package.xml
