[0.039s] Invoking command in '/home/pi/torsobot/Code/Code/ros2_ws/build/torsobot_interfaces': CMAKE_PREFIX_PATH=${CMAKE_PREFIX_PATH}:/home/pi/ros2_jazzy/install/rqt_bag_plugins:/home/pi/ros2_jazzy/install/rqt_bag:/home/pi/ros2_jazzy/install/rosbag2_examples_py:/home/pi/ros2_jazzy/install/launch_testing_examples:/home/pi/ros2_jazzy/install/ros2bag:/home/pi/ros2_jazzy/install/tracetools_test:/home/pi/ros2_jazzy/install/tracetools_launch:/home/pi/ros2_jazzy/install/topic_monitor:/home/pi/ros2_jazzy/install/tf2_tools:/home/pi/ros2_jazzy/install/examples_tf2_py:/home/pi/ros2_jazzy/install/tf2_ros_py:/home/pi/ros2_jazzy/install/examples_rclpy_pointcloud_publisher:/home/pi/ros2_jazzy/install/sensor_msgs_py:/home/pi/ros2_jazzy/install/quality_of_service_demo_py:/home/pi/ros2_jazzy/install/rqt_plot:/home/pi/ros2_jazzy/install/ros2doctor:/home/pi/ros2_jazzy/install/lifecycle_py:/home/pi/ros2_jazzy/install/examples_rclpy_minimal_subscriber:/home/pi/ros2_jazzy/install/examples_rclpy_minimal_service:/home/pi/ros2_jazzy/install/examples_rclpy_minimal_publisher:/home/pi/ros2_jazzy/install/examples_rclpy_minimal_client:/home/pi/ros2_jazzy/install/examples_rclpy_executors:/home/pi/ros2_jazzy/install/demo_nodes_py:/home/pi/ros2_jazzy/install/rqt:/home/pi/ros2_jazzy/install/ros2component:/home/pi/ros2_jazzy/install/sros2:/home/pi/ros2_jazzy/install/rqt_topic:/home/pi/ros2_jazzy/install/rqt_srv:/home/pi/ros2_jazzy/install/rqt_shell:/home/pi/ros2_jazzy/install/rqt_service_caller:/home/pi/ros2_jazzy/install/rqt_reconfigure:/home/pi/ros2_jazzy/install/rqt_py_console:/home/pi/ros2_jazzy/install/rqt_publisher:/home/pi/ros2_jazzy/install/rqt_action:/home/pi/ros2_jazzy/install/rqt_msg:/home/pi/ros2_jazzy/install/rqt_console:/home/pi/ros2_jazzy/install/rqt_graph:/home/pi/ros2_jazzy/install/rqt_gui_py:/home/pi/ros2_jazzy/install/rqt_gui:/home/pi/ros2_jazzy/install/ros2trace:/home/pi/ros2_jazzy/install/ros2topic:/home/pi/ros2_jazzy/install/ros2test:/home/pi/ros2_jazzy/install/ros2param:/home/pi/ros2_jazzy/install/ros2lifecycle:/home/pi/ros2_jazzy/install/ros2service:/home/pi/ros2_jazzy/install/ros2run:/home/pi/ros2_jazzy/install/ros2launch:/home/pi/ros2_jazzy/install/ros2pkg:/home/pi/ros2_jazzy/install/ros2node:/home/pi/ros2_jazzy/install/ros2multicast:/home/pi/ros2_jazzy/install/ros2interface:/home/pi/ros2_jazzy/install/ros2action:/home/pi/ros2_jazzy/install/ros2cli:/home/pi/ros2_jazzy/install/launch_testing_ros:/home/pi/ros2_jazzy/install/launch_ros:/home/pi/ros2_jazzy/install/examples_rclpy_minimal_action_server:/home/pi/ros2_jazzy/install/examples_rclpy_minimal_action_client:/home/pi/ros2_jazzy/install/examples_rclpy_guard_conditions:/home/pi/ros2_jazzy/install/action_tutorials_py:/home/pi/ros2_jazzy/install/ament_uncrustify:/home/pi/ros2_jazzy/install/tracetools_trace:/home/pi/ros2_jazzy/install/tracetools_read:/home/pi/ros2_jazzy/install/test_tracetools_launch:/home/pi/ros2_jazzy/install/test_ros2trace:/home/pi/ros2_jazzy/install/test_launch_ros:/home/pi/ros2_jazzy/install/rpyutils:/home/pi/ros2_jazzy/install/rosidl_runtime_py:/home/pi/ros2_jazzy/install/rosidl_pycommon:/home/pi/ros2_jazzy/install/rosidl_cli:/home/pi/ros2_jazzy/install/launch_pytest:/home/pi/ros2_jazzy/install/launch_testing:/home/pi/ros2_jazzy/install/launch_yaml:/home/pi/ros2_jazzy/install/launch_xml:/home/pi/ros2_jazzy/install/launch:/home/pi/ros2_jazzy/install/osrf_pycommon:/home/pi/ros2_jazzy/install/domain_coordinator:/home/pi/ros2_jazzy/install/ament_xmllint:/home/pi/ros2_jazzy/install/ament_pyflakes:/home/pi/ros2_jazzy/install/ament_pycodestyle:/home/pi/ros2_jazzy/install/ament_pep257:/home/pi/ros2_jazzy/install/ament_pclint:/home/pi/ros2_jazzy/install/ament_package:/home/pi/ros2_jazzy/install/ament_mypy:/home/pi/ros2_jazzy/install/ament_lint_cmake:/home/pi/ros2_jazzy/install/ament_flake8:/home/pi/ros2_jazzy/install/ament_copyright:/home/pi/ros2_jazzy/install/ament_lint:/home/pi/ros2_jazzy/install/ament_index_python:/home/pi/ros2_jazzy/install/ament_cpplint:/home/pi/ros2_jazzy/install/ament_cppcheck:/home/pi/ros2_jazzy/install/ament_clang_tidy:/home/pi/ros2_jazzy/install/ament_clang_format /usr/bin/cmake /home/pi/torsobot/Code/Code/ros2_ws/src/torsobot_interfaces -DCMAKE_INSTALL_PREFIX=/home/pi/torsobot/Code/Code/ros2_ws/install/torsobot_interfaces
[0.158s] -- The C compiler identification is GNU 12.2.0
[0.242s] -- The CXX compiler identification is GNU 12.2.0
[0.256s] -- Detecting C compiler ABI info
[0.384s] -- Detecting C compiler ABI info - done
[0.396s] -- Check for working C compiler: /usr/bin/cc - skipped
[0.396s] -- Detecting C compile features
[0.397s] -- Detecting C compile features - done
[0.400s] -- Detecting CXX compiler ABI info
[0.556s] -- Detecting CXX compiler ABI info - done
[0.568s] -- Check for working CXX compiler: /usr/bin/c++ - skipped
[0.568s] -- Detecting CXX compile features
[0.569s] -- Detecting CXX compile features - done
[0.587s] -- Found ament_cmake: 2.5.2 (/home/pi/ros2_jazzy/install/ament_cmake/share/ament_cmake/cmake)
[1.898s] -- Found Python3: /usr/bin/python3 (found version "3.11.2") found components: Interpreter 
[2.374s] -- Found ament_lint_auto: 0.17.1 (/home/pi/ros2_jazzy/install/ament_lint_auto/share/ament_lint_auto/cmake)
[2.739s] -- Found rosidl_default_generators: 1.6.0 (/home/pi/ros2_jazzy/install/rosidl_default_generators/share/rosidl_default_generators/cmake)
[2.924s] -- Using all available rosidl_typesupport_c: rosidl_typesupport_introspection_c;rosidl_typesupport_fastrtps_c
[3.157s] -- Using all available rosidl_typesupport_cpp: rosidl_typesupport_introspection_cpp;rosidl_typesupport_fastrtps_cpp
[3.299s] -- Found rosidl_adapter: 4.6.3 (/home/pi/ros2_jazzy/install/rosidl_adapter/share/rosidl_adapter/cmake)
[4.022s] -- Found ament_cmake_ros: 0.12.0 (/home/pi/ros2_jazzy/install/ament_cmake_ros/share/ament_cmake_ros/cmake)
[4.328s] -- Using all available rosidl_typesupport_c: rosidl_typesupport_introspection_c;rosidl_typesupport_fastrtps_c
[4.774s] -- Using all available rosidl_typesupport_cpp: rosidl_typesupport_introspection_cpp;rosidl_typesupport_fastrtps_cpp
[4.792s] -- Found python_cmake_module: 0.11.1 (/home/pi/ros2_jazzy/install/python_cmake_module/share/python_cmake_module/cmake)
[4.886s] -- Found PythonExtra: /usr/bin/python3  
[7.270s] -- Found Python3: /usr/bin/python3 (found version "3.11.2") found components: Interpreter Development NumPy Development.Module Development.Embed 
[7.481s] -- Added test 'lint_cmake' to check CMake code style
[7.490s] -- Added test 'xmllint' to check XML markup files
[7.508s] -- Configuring done
[7.563s] -- Generating done
[7.581s] -- Build files have been written to: /home/pi/torsobot/Code/Code/ros2_ws/build/torsobot_interfaces
[7.598s] Invoked command in '/home/pi/torsobot/Code/Code/ros2_ws/build/torsobot_interfaces' returned '0': CMAKE_PREFIX_PATH=${CMAKE_PREFIX_PATH}:/home/pi/ros2_jazzy/install/rqt_bag_plugins:/home/pi/ros2_jazzy/install/rqt_bag:/home/pi/ros2_jazzy/install/rosbag2_examples_py:/home/pi/ros2_jazzy/install/launch_testing_examples:/home/pi/ros2_jazzy/install/ros2bag:/home/pi/ros2_jazzy/install/tracetools_test:/home/pi/ros2_jazzy/install/tracetools_launch:/home/pi/ros2_jazzy/install/topic_monitor:/home/pi/ros2_jazzy/install/tf2_tools:/home/pi/ros2_jazzy/install/examples_tf2_py:/home/pi/ros2_jazzy/install/tf2_ros_py:/home/pi/ros2_jazzy/install/examples_rclpy_pointcloud_publisher:/home/pi/ros2_jazzy/install/sensor_msgs_py:/home/pi/ros2_jazzy/install/quality_of_service_demo_py:/home/pi/ros2_jazzy/install/rqt_plot:/home/pi/ros2_jazzy/install/ros2doctor:/home/pi/ros2_jazzy/install/lifecycle_py:/home/pi/ros2_jazzy/install/examples_rclpy_minimal_subscriber:/home/pi/ros2_jazzy/install/examples_rclpy_minimal_service:/home/pi/ros2_jazzy/install/examples_rclpy_minimal_publisher:/home/pi/ros2_jazzy/install/examples_rclpy_minimal_client:/home/pi/ros2_jazzy/install/examples_rclpy_executors:/home/pi/ros2_jazzy/install/demo_nodes_py:/home/pi/ros2_jazzy/install/rqt:/home/pi/ros2_jazzy/install/ros2component:/home/pi/ros2_jazzy/install/sros2:/home/pi/ros2_jazzy/install/rqt_topic:/home/pi/ros2_jazzy/install/rqt_srv:/home/pi/ros2_jazzy/install/rqt_shell:/home/pi/ros2_jazzy/install/rqt_service_caller:/home/pi/ros2_jazzy/install/rqt_reconfigure:/home/pi/ros2_jazzy/install/rqt_py_console:/home/pi/ros2_jazzy/install/rqt_publisher:/home/pi/ros2_jazzy/install/rqt_action:/home/pi/ros2_jazzy/install/rqt_msg:/home/pi/ros2_jazzy/install/rqt_console:/home/pi/ros2_jazzy/install/rqt_graph:/home/pi/ros2_jazzy/install/rqt_gui_py:/home/pi/ros2_jazzy/install/rqt_gui:/home/pi/ros2_jazzy/install/ros2trace:/home/pi/ros2_jazzy/install/ros2topic:/home/pi/ros2_jazzy/install/ros2test:/home/pi/ros2_jazzy/install/ros2param:/home/pi/ros2_jazzy/install/ros2lifecycle:/home/pi/ros2_jazzy/install/ros2service:/home/pi/ros2_jazzy/install/ros2run:/home/pi/ros2_jazzy/install/ros2launch:/home/pi/ros2_jazzy/install/ros2pkg:/home/pi/ros2_jazzy/install/ros2node:/home/pi/ros2_jazzy/install/ros2multicast:/home/pi/ros2_jazzy/install/ros2interface:/home/pi/ros2_jazzy/install/ros2action:/home/pi/ros2_jazzy/install/ros2cli:/home/pi/ros2_jazzy/install/launch_testing_ros:/home/pi/ros2_jazzy/install/launch_ros:/home/pi/ros2_jazzy/install/examples_rclpy_minimal_action_server:/home/pi/ros2_jazzy/install/examples_rclpy_minimal_action_client:/home/pi/ros2_jazzy/install/examples_rclpy_guard_conditions:/home/pi/ros2_jazzy/install/action_tutorials_py:/home/pi/ros2_jazzy/install/ament_uncrustify:/home/pi/ros2_jazzy/install/tracetools_trace:/home/pi/ros2_jazzy/install/tracetools_read:/home/pi/ros2_jazzy/install/test_tracetools_launch:/home/pi/ros2_jazzy/install/test_ros2trace:/home/pi/ros2_jazzy/install/test_launch_ros:/home/pi/ros2_jazzy/install/rpyutils:/home/pi/ros2_jazzy/install/rosidl_runtime_py:/home/pi/ros2_jazzy/install/rosidl_pycommon:/home/pi/ros2_jazzy/install/rosidl_cli:/home/pi/ros2_jazzy/install/launch_pytest:/home/pi/ros2_jazzy/install/launch_testing:/home/pi/ros2_jazzy/install/launch_yaml:/home/pi/ros2_jazzy/install/launch_xml:/home/pi/ros2_jazzy/install/launch:/home/pi/ros2_jazzy/install/osrf_pycommon:/home/pi/ros2_jazzy/install/domain_coordinator:/home/pi/ros2_jazzy/install/ament_xmllint:/home/pi/ros2_jazzy/install/ament_pyflakes:/home/pi/ros2_jazzy/install/ament_pycodestyle:/home/pi/ros2_jazzy/install/ament_pep257:/home/pi/ros2_jazzy/install/ament_pclint:/home/pi/ros2_jazzy/install/ament_package:/home/pi/ros2_jazzy/install/ament_mypy:/home/pi/ros2_jazzy/install/ament_lint_cmake:/home/pi/ros2_jazzy/install/ament_flake8:/home/pi/ros2_jazzy/install/ament_copyright:/home/pi/ros2_jazzy/install/ament_lint:/home/pi/ros2_jazzy/install/ament_index_python:/home/pi/ros2_jazzy/install/ament_cpplint:/home/pi/ros2_jazzy/install/ament_cppcheck:/home/pi/ros2_jazzy/install/ament_clang_tidy:/home/pi/ros2_jazzy/install/ament_clang_format /usr/bin/cmake /home/pi/torsobot/Code/Code/ros2_ws/src/torsobot_interfaces -DCMAKE_INSTALL_PREFIX=/home/pi/torsobot/Code/Code/ros2_ws/install/torsobot_interfaces
[7.599s] Invoking command in '/home/pi/torsobot/Code/Code/ros2_ws/build/torsobot_interfaces': CMAKE_PREFIX_PATH=${CMAKE_PREFIX_PATH}:/home/pi/ros2_jazzy/install/rqt_bag_plugins:/home/pi/ros2_jazzy/install/rqt_bag:/home/pi/ros2_jazzy/install/rosbag2_examples_py:/home/pi/ros2_jazzy/install/launch_testing_examples:/home/pi/ros2_jazzy/install/ros2bag:/home/pi/ros2_jazzy/install/tracetools_test:/home/pi/ros2_jazzy/install/tracetools_launch:/home/pi/ros2_jazzy/install/topic_monitor:/home/pi/ros2_jazzy/install/tf2_tools:/home/pi/ros2_jazzy/install/examples_tf2_py:/home/pi/ros2_jazzy/install/tf2_ros_py:/home/pi/ros2_jazzy/install/examples_rclpy_pointcloud_publisher:/home/pi/ros2_jazzy/install/sensor_msgs_py:/home/pi/ros2_jazzy/install/quality_of_service_demo_py:/home/pi/ros2_jazzy/install/rqt_plot:/home/pi/ros2_jazzy/install/ros2doctor:/home/pi/ros2_jazzy/install/lifecycle_py:/home/pi/ros2_jazzy/install/examples_rclpy_minimal_subscriber:/home/pi/ros2_jazzy/install/examples_rclpy_minimal_service:/home/pi/ros2_jazzy/install/examples_rclpy_minimal_publisher:/home/pi/ros2_jazzy/install/examples_rclpy_minimal_client:/home/pi/ros2_jazzy/install/examples_rclpy_executors:/home/pi/ros2_jazzy/install/demo_nodes_py:/home/pi/ros2_jazzy/install/rqt:/home/pi/ros2_jazzy/install/ros2component:/home/pi/ros2_jazzy/install/sros2:/home/pi/ros2_jazzy/install/rqt_topic:/home/pi/ros2_jazzy/install/rqt_srv:/home/pi/ros2_jazzy/install/rqt_shell:/home/pi/ros2_jazzy/install/rqt_service_caller:/home/pi/ros2_jazzy/install/rqt_reconfigure:/home/pi/ros2_jazzy/install/rqt_py_console:/home/pi/ros2_jazzy/install/rqt_publisher:/home/pi/ros2_jazzy/install/rqt_action:/home/pi/ros2_jazzy/install/rqt_msg:/home/pi/ros2_jazzy/install/rqt_console:/home/pi/ros2_jazzy/install/rqt_graph:/home/pi/ros2_jazzy/install/rqt_gui_py:/home/pi/ros2_jazzy/install/rqt_gui:/home/pi/ros2_jazzy/install/ros2trace:/home/pi/ros2_jazzy/install/ros2topic:/home/pi/ros2_jazzy/install/ros2test:/home/pi/ros2_jazzy/install/ros2param:/home/pi/ros2_jazzy/install/ros2lifecycle:/home/pi/ros2_jazzy/install/ros2service:/home/pi/ros2_jazzy/install/ros2run:/home/pi/ros2_jazzy/install/ros2launch:/home/pi/ros2_jazzy/install/ros2pkg:/home/pi/ros2_jazzy/install/ros2node:/home/pi/ros2_jazzy/install/ros2multicast:/home/pi/ros2_jazzy/install/ros2interface:/home/pi/ros2_jazzy/install/ros2action:/home/pi/ros2_jazzy/install/ros2cli:/home/pi/ros2_jazzy/install/launch_testing_ros:/home/pi/ros2_jazzy/install/launch_ros:/home/pi/ros2_jazzy/install/examples_rclpy_minimal_action_server:/home/pi/ros2_jazzy/install/examples_rclpy_minimal_action_client:/home/pi/ros2_jazzy/install/examples_rclpy_guard_conditions:/home/pi/ros2_jazzy/install/action_tutorials_py:/home/pi/ros2_jazzy/install/ament_uncrustify:/home/pi/ros2_jazzy/install/tracetools_trace:/home/pi/ros2_jazzy/install/tracetools_read:/home/pi/ros2_jazzy/install/test_tracetools_launch:/home/pi/ros2_jazzy/install/test_ros2trace:/home/pi/ros2_jazzy/install/test_launch_ros:/home/pi/ros2_jazzy/install/rpyutils:/home/pi/ros2_jazzy/install/rosidl_runtime_py:/home/pi/ros2_jazzy/install/rosidl_pycommon:/home/pi/ros2_jazzy/install/rosidl_cli:/home/pi/ros2_jazzy/install/launch_pytest:/home/pi/ros2_jazzy/install/launch_testing:/home/pi/ros2_jazzy/install/launch_yaml:/home/pi/ros2_jazzy/install/launch_xml:/home/pi/ros2_jazzy/install/launch:/home/pi/ros2_jazzy/install/osrf_pycommon:/home/pi/ros2_jazzy/install/domain_coordinator:/home/pi/ros2_jazzy/install/ament_xmllint:/home/pi/ros2_jazzy/install/ament_pyflakes:/home/pi/ros2_jazzy/install/ament_pycodestyle:/home/pi/ros2_jazzy/install/ament_pep257:/home/pi/ros2_jazzy/install/ament_pclint:/home/pi/ros2_jazzy/install/ament_package:/home/pi/ros2_jazzy/install/ament_mypy:/home/pi/ros2_jazzy/install/ament_lint_cmake:/home/pi/ros2_jazzy/install/ament_flake8:/home/pi/ros2_jazzy/install/ament_copyright:/home/pi/ros2_jazzy/install/ament_lint:/home/pi/ros2_jazzy/install/ament_index_python:/home/pi/ros2_jazzy/install/ament_cpplint:/home/pi/ros2_jazzy/install/ament_cppcheck:/home/pi/ros2_jazzy/install/ament_clang_tidy:/home/pi/ros2_jazzy/install/ament_clang_format /usr/bin/cmake --build /home/pi/torsobot/Code/Code/ros2_ws/build/torsobot_interfaces -- -j4 -l4
[7.710s] [  1%] [34m[1mGenerating type hashes for ROS interfaces[0m
[7.729s] [  1%] Built target ament_cmake_python_copy_torsobot_interfaces
[8.238s] [  1%] Built target torsobot_interfaces__rosidl_generator_type_description
[8.263s] [  3%] [34m[1mGenerating C code for ROS interfaces[0m
[8.294s] [  5%] [34m[1mGenerating C++ code for ROS interfaces[0m
[8.471s] running egg_info
[8.471s] creating torsobot_interfaces.egg-info
[8.517s] writing torsobot_interfaces.egg-info/PKG-INFO
[8.518s] writing dependency_links to torsobot_interfaces.egg-info/dependency_links.txt
[8.518s] writing top-level names to torsobot_interfaces.egg-info/top_level.txt
[8.518s] writing manifest file 'torsobot_interfaces.egg-info/SOURCES.txt'
[8.666s] reading manifest file 'torsobot_interfaces.egg-info/SOURCES.txt'
[8.667s] writing manifest file 'torsobot_interfaces.egg-info/SOURCES.txt'
[8.782s] [  5%] Built target ament_cmake_python_build_torsobot_interfaces_egg
[9.066s] [  5%] Built target torsobot_interfaces__cpp
[9.188s] [ 11%] [32mBuilding C object CMakeFiles/torsobot_interfaces__rosidl_generator_c.dir/rosidl_generator_c/torsobot_interfaces/msg/detail/torsobot_data__functions.c.o[0m
[9.188s] [ 11%] [32mBuilding C object CMakeFiles/torsobot_interfaces__rosidl_generator_c.dir/rosidl_generator_c/torsobot_interfaces/msg/detail/torsobot_data__description.c.o[0m
[9.188s] [ 11%] [32mBuilding C object CMakeFiles/torsobot_interfaces__rosidl_generator_c.dir/rosidl_generator_c/torsobot_interfaces/msg/detail/torsobot_state__description.c.o[0m
[9.188s] [ 12%] [32mBuilding C object CMakeFiles/torsobot_interfaces__rosidl_generator_c.dir/rosidl_generator_c/torsobot_interfaces/msg/detail/torsobot_data__type_support.c.o[0m
[9.264s] [ 16%] [32mBuilding C object CMakeFiles/torsobot_interfaces__rosidl_generator_c.dir/rosidl_generator_c/torsobot_interfaces/msg/detail/torsobot_state__functions.c.o[0m
[9.264s] [ 16%] [32mBuilding C object CMakeFiles/torsobot_interfaces__rosidl_generator_c.dir/rosidl_generator_c/torsobot_interfaces/msg/detail/torsobot_state__type_support.c.o[0m
[9.270s] [ 18%] [32mBuilding C object CMakeFiles/torsobot_interfaces__rosidl_generator_c.dir/rosidl_generator_c/torsobot_interfaces/srv/detail/request_control_params__description.c.o[0m
[9.294s] [ 20%] [32mBuilding C object CMakeFiles/torsobot_interfaces__rosidl_generator_c.dir/rosidl_generator_c/torsobot_interfaces/srv/detail/request_control_params__functions.c.o[0m
[9.333s] [ 22%] [32mBuilding C object CMakeFiles/torsobot_interfaces__rosidl_generator_c.dir/rosidl_generator_c/torsobot_interfaces/srv/detail/request_control_params__type_support.c.o[0m
[9.423s] [ 24%] [32m[1mLinking C shared library libtorsobot_interfaces__rosidl_generator_c.so[0m
[9.498s] [ 24%] Built target torsobot_interfaces__rosidl_generator_c
[9.524s] [ 29%] [34m[1mGenerating C type support dispatch for ROS interfaces[0m
[9.524s] [ 31%] [34m[1mGenerating C introspection for ROS interfaces[0m
[9.526s] [ 29%] [34m[1mGenerating C++ type support dispatch for ROS interfaces[0m
[9.526s] [ 29%] [34m[1mGenerating C++ introspection for ROS interfaces[0m
[10.215s] [ 33%] [32mBuilding CXX object CMakeFiles/torsobot_interfaces__rosidl_typesupport_c.dir/rosidl_typesupport_c/torsobot_interfaces/msg/torsobot_data__type_support.cpp.o[0m
[10.231s] [ 35%] [32mBuilding CXX object CMakeFiles/torsobot_interfaces__rosidl_typesupport_cpp.dir/rosidl_typesupport_cpp/torsobot_interfaces/msg/torsobot_data__type_support.cpp.o[0m
[10.303s] [ 37%] [32mBuilding CXX object CMakeFiles/torsobot_interfaces__rosidl_typesupport_c.dir/rosidl_typesupport_c/torsobot_interfaces/msg/torsobot_state__type_support.cpp.o[0m
[10.330s] [ 38%] [32mBuilding C object CMakeFiles/torsobot_interfaces__rosidl_typesupport_introspection_c.dir/rosidl_typesupport_introspection_c/torsobot_interfaces/msg/detail/torsobot_data__type_support.c.o[0m
[10.349s] [ 40%] [32mBuilding CXX object CMakeFiles/torsobot_interfaces__rosidl_typesupport_introspection_cpp.dir/rosidl_typesupport_introspection_cpp/torsobot_interfaces/msg/detail/torsobot_data__type_support.cpp.o[0m
[10.396s] [ 42%] [32mBuilding CXX object CMakeFiles/torsobot_interfaces__rosidl_typesupport_c.dir/rosidl_typesupport_c/torsobot_interfaces/srv/request_control_params__type_support.cpp.o[0m
[10.407s] [ 44%] [32mBuilding C object CMakeFiles/torsobot_interfaces__rosidl_typesupport_introspection_c.dir/rosidl_typesupport_introspection_c/torsobot_interfaces/msg/detail/torsobot_state__type_support.c.o[0m
[10.487s] [ 46%] [32mBuilding C object CMakeFiles/torsobot_interfaces__rosidl_typesupport_introspection_c.dir/rosidl_typesupport_introspection_c/torsobot_interfaces/srv/detail/request_control_params__type_support.c.o[0m
[10.495s] [ 48%] [32m[1mLinking CXX shared library libtorsobot_interfaces__rosidl_typesupport_c.so[0m
[10.596s] [ 48%] Built target torsobot_interfaces__rosidl_typesupport_c
[10.616s] [ 50%] [32m[1mLinking C shared library libtorsobot_interfaces__rosidl_typesupport_introspection_c.so[0m
[10.630s] [ 51%] [34m[1mGenerating C++ type support for eProsima Fast-RTPS[0m
[10.701s] [ 51%] Built target torsobot_interfaces__rosidl_typesupport_introspection_c
[10.730s] [ 53%] [34m[1mGenerating C type support for eProsima Fast-RTPS[0m
[10.858s] [ 55%] [32mBuilding CXX object CMakeFiles/torsobot_interfaces__rosidl_typesupport_cpp.dir/rosidl_typesupport_cpp/torsobot_interfaces/msg/torsobot_state__type_support.cpp.o[0m
[10.943s] [ 57%] [32mBuilding CXX object CMakeFiles/torsobot_interfaces__rosidl_typesupport_introspection_cpp.dir/rosidl_typesupport_introspection_cpp/torsobot_interfaces/msg/detail/torsobot_state__type_support.cpp.o[0m
[11.456s] [ 59%] [32mBuilding CXX object CMakeFiles/torsobot_interfaces__rosidl_typesupport_cpp.dir/rosidl_typesupport_cpp/torsobot_interfaces/srv/request_control_params__type_support.cpp.o[0m
[11.529s] [ 61%] [32mBuilding CXX object CMakeFiles/torsobot_interfaces__rosidl_typesupport_introspection_cpp.dir/rosidl_typesupport_introspection_cpp/torsobot_interfaces/srv/detail/request_control_params__type_support.cpp.o[0m
[11.642s] [ 62%] [32mBuilding CXX object CMakeFiles/torsobot_interfaces__rosidl_typesupport_fastrtps_cpp.dir/rosidl_typesupport_fastrtps_cpp/torsobot_interfaces/msg/detail/dds_fastrtps/torsobot_data__type_support.cpp.o[0m
[11.727s] [ 64%] [32mBuilding CXX object CMakeFiles/torsobot_interfaces__rosidl_typesupport_fastrtps_c.dir/rosidl_typesupport_fastrtps_c/torsobot_interfaces/msg/detail/torsobot_data__type_support_c.cpp.o[0m
[12.222s] [ 66%] [32m[1mLinking CXX shared library libtorsobot_interfaces__rosidl_typesupport_cpp.so[0m
[12.366s] [ 68%] [32m[1mLinking CXX shared library libtorsobot_interfaces__rosidl_typesupport_introspection_cpp.so[0m
[12.457s] [ 68%] Built target torsobot_interfaces__rosidl_typesupport_cpp
[12.486s] [ 70%] [32mBuilding CXX object CMakeFiles/torsobot_interfaces__rosidl_typesupport_fastrtps_cpp.dir/rosidl_typesupport_fastrtps_cpp/torsobot_interfaces/msg/detail/dds_fastrtps/torsobot_state__type_support.cpp.o[0m
[12.534s] [ 70%] Built target torsobot_interfaces__rosidl_typesupport_introspection_cpp
[12.562s] [ 72%] [32mBuilding CXX object CMakeFiles/torsobot_interfaces__rosidl_typesupport_fastrtps_cpp.dir/rosidl_typesupport_fastrtps_cpp/torsobot_interfaces/srv/detail/dds_fastrtps/request_control_params__type_support.cpp.o[0m
[12.694s] [ 74%] [32mBuilding CXX object CMakeFiles/torsobot_interfaces__rosidl_typesupport_fastrtps_c.dir/rosidl_typesupport_fastrtps_c/torsobot_interfaces/msg/detail/torsobot_state__type_support_c.cpp.o[0m
[12.701s] [ 75%] [32mBuilding CXX object CMakeFiles/torsobot_interfaces__rosidl_typesupport_fastrtps_c.dir/rosidl_typesupport_fastrtps_c/torsobot_interfaces/srv/detail/request_control_params__type_support_c.cpp.o[0m
[13.582s] [ 77%] [32m[1mLinking CXX shared library libtorsobot_interfaces__rosidl_typesupport_fastrtps_c.so[0m
[13.655s] [ 79%] [32m[1mLinking CXX shared library libtorsobot_interfaces__rosidl_typesupport_fastrtps_cpp.so[0m
[13.672s] [ 79%] Built target torsobot_interfaces__rosidl_typesupport_fastrtps_c
[13.791s] [ 79%] Built target torsobot_interfaces__rosidl_typesupport_fastrtps_cpp
[13.837s] [ 79%] Built target torsobot_interfaces
[13.884s] [ 81%] [34m[1mGenerating Python code for ROS interfaces[0m
[14.695s] [ 81%] Built target torsobot_interfaces__py
[14.743s] [ 87%] [32mBuilding C object CMakeFiles/torsobot_interfaces__rosidl_generator_py.dir/rosidl_generator_py/torsobot_interfaces/msg/_torsobot_state_s.c.o[0m
[14.744s] [ 87%] [32mBuilding C object CMakeFiles/torsobot_interfaces__rosidl_generator_py.dir/rosidl_generator_py/torsobot_interfaces/srv/_request_control_params_s.c.o[0m
[14.745s] [ 87%] [32mBuilding C object CMakeFiles/torsobot_interfaces__rosidl_generator_py.dir/rosidl_generator_py/torsobot_interfaces/msg/_torsobot_data_s.c.o[0m
[14.969s] [ 88%] [32m[1mLinking C shared library libtorsobot_interfaces__rosidl_generator_py.so[0m
[15.046s] [ 88%] Built target torsobot_interfaces__rosidl_generator_py
[15.096s] [ 94%] [32mBuilding C object CMakeFiles/torsobot_interfaces_s__rosidl_typesupport_fastrtps_c.dir/rosidl_generator_py/torsobot_interfaces/_torsobot_interfaces_s.ep.rosidl_typesupport_fastrtps_c.c.o[0m
[15.096s] [ 94%] [32mBuilding C object CMakeFiles/torsobot_interfaces_s__rosidl_typesupport_introspection_c.dir/rosidl_generator_py/torsobot_interfaces/_torsobot_interfaces_s.ep.rosidl_typesupport_introspection_c.c.o[0m
[15.096s] [ 94%] [32mBuilding C object CMakeFiles/torsobot_interfaces_s__rosidl_typesupport_c.dir/rosidl_generator_py/torsobot_interfaces/_torsobot_interfaces_s.ep.rosidl_typesupport_c.c.o[0m
[15.283s] [ 96%] [32m[1mLinking C shared module rosidl_generator_py/torsobot_interfaces/torsobot_interfaces_s__rosidl_typesupport_fastrtps_c.so[0m
[15.283s] [ 98%] [32m[1mLinking C shared module rosidl_generator_py/torsobot_interfaces/torsobot_interfaces_s__rosidl_typesupport_introspection_c.so[0m
[15.284s] [100%] [32m[1mLinking C shared module rosidl_generator_py/torsobot_interfaces/torsobot_interfaces_s__rosidl_typesupport_c.so[0m
[15.346s] [100%] Built target torsobot_interfaces_s__rosidl_typesupport_fastrtps_c
[15.346s] [100%] Built target torsobot_interfaces_s__rosidl_typesupport_introspection_c
[15.351s] [100%] Built target torsobot_interfaces_s__rosidl_typesupport_c
[15.373s] Invoked command in '/home/pi/torsobot/Code/Code/ros2_ws/build/torsobot_interfaces' returned '0': CMAKE_PREFIX_PATH=${CMAKE_PREFIX_PATH}:/home/pi/ros2_jazzy/install/rqt_bag_plugins:/home/pi/ros2_jazzy/install/rqt_bag:/home/pi/ros2_jazzy/install/rosbag2_examples_py:/home/pi/ros2_jazzy/install/launch_testing_examples:/home/pi/ros2_jazzy/install/ros2bag:/home/pi/ros2_jazzy/install/tracetools_test:/home/pi/ros2_jazzy/install/tracetools_launch:/home/pi/ros2_jazzy/install/topic_monitor:/home/pi/ros2_jazzy/install/tf2_tools:/home/pi/ros2_jazzy/install/examples_tf2_py:/home/pi/ros2_jazzy/install/tf2_ros_py:/home/pi/ros2_jazzy/install/examples_rclpy_pointcloud_publisher:/home/pi/ros2_jazzy/install/sensor_msgs_py:/home/pi/ros2_jazzy/install/quality_of_service_demo_py:/home/pi/ros2_jazzy/install/rqt_plot:/home/pi/ros2_jazzy/install/ros2doctor:/home/pi/ros2_jazzy/install/lifecycle_py:/home/pi/ros2_jazzy/install/examples_rclpy_minimal_subscriber:/home/pi/ros2_jazzy/install/examples_rclpy_minimal_service:/home/pi/ros2_jazzy/install/examples_rclpy_minimal_publisher:/home/pi/ros2_jazzy/install/examples_rclpy_minimal_client:/home/pi/ros2_jazzy/install/examples_rclpy_executors:/home/pi/ros2_jazzy/install/demo_nodes_py:/home/pi/ros2_jazzy/install/rqt:/home/pi/ros2_jazzy/install/ros2component:/home/pi/ros2_jazzy/install/sros2:/home/pi/ros2_jazzy/install/rqt_topic:/home/pi/ros2_jazzy/install/rqt_srv:/home/pi/ros2_jazzy/install/rqt_shell:/home/pi/ros2_jazzy/install/rqt_service_caller:/home/pi/ros2_jazzy/install/rqt_reconfigure:/home/pi/ros2_jazzy/install/rqt_py_console:/home/pi/ros2_jazzy/install/rqt_publisher:/home/pi/ros2_jazzy/install/rqt_action:/home/pi/ros2_jazzy/install/rqt_msg:/home/pi/ros2_jazzy/install/rqt_console:/home/pi/ros2_jazzy/install/rqt_graph:/home/pi/ros2_jazzy/install/rqt_gui_py:/home/pi/ros2_jazzy/install/rqt_gui:/home/pi/ros2_jazzy/install/ros2trace:/home/pi/ros2_jazzy/install/ros2topic:/home/pi/ros2_jazzy/install/ros2test:/home/pi/ros2_jazzy/install/ros2param:/home/pi/ros2_jazzy/install/ros2lifecycle:/home/pi/ros2_jazzy/install/ros2service:/home/pi/ros2_jazzy/install/ros2run:/home/pi/ros2_jazzy/install/ros2launch:/home/pi/ros2_jazzy/install/ros2pkg:/home/pi/ros2_jazzy/install/ros2node:/home/pi/ros2_jazzy/install/ros2multicast:/home/pi/ros2_jazzy/install/ros2interface:/home/pi/ros2_jazzy/install/ros2action:/home/pi/ros2_jazzy/install/ros2cli:/home/pi/ros2_jazzy/install/launch_testing_ros:/home/pi/ros2_jazzy/install/launch_ros:/home/pi/ros2_jazzy/install/examples_rclpy_minimal_action_server:/home/pi/ros2_jazzy/install/examples_rclpy_minimal_action_client:/home/pi/ros2_jazzy/install/examples_rclpy_guard_conditions:/home/pi/ros2_jazzy/install/action_tutorials_py:/home/pi/ros2_jazzy/install/ament_uncrustify:/home/pi/ros2_jazzy/install/tracetools_trace:/home/pi/ros2_jazzy/install/tracetools_read:/home/pi/ros2_jazzy/install/test_tracetools_launch:/home/pi/ros2_jazzy/install/test_ros2trace:/home/pi/ros2_jazzy/install/test_launch_ros:/home/pi/ros2_jazzy/install/rpyutils:/home/pi/ros2_jazzy/install/rosidl_runtime_py:/home/pi/ros2_jazzy/install/rosidl_pycommon:/home/pi/ros2_jazzy/install/rosidl_cli:/home/pi/ros2_jazzy/install/launch_pytest:/home/pi/ros2_jazzy/install/launch_testing:/home/pi/ros2_jazzy/install/launch_yaml:/home/pi/ros2_jazzy/install/launch_xml:/home/pi/ros2_jazzy/install/launch:/home/pi/ros2_jazzy/install/osrf_pycommon:/home/pi/ros2_jazzy/install/domain_coordinator:/home/pi/ros2_jazzy/install/ament_xmllint:/home/pi/ros2_jazzy/install/ament_pyflakes:/home/pi/ros2_jazzy/install/ament_pycodestyle:/home/pi/ros2_jazzy/install/ament_pep257:/home/pi/ros2_jazzy/install/ament_pclint:/home/pi/ros2_jazzy/install/ament_package:/home/pi/ros2_jazzy/install/ament_mypy:/home/pi/ros2_jazzy/install/ament_lint_cmake:/home/pi/ros2_jazzy/install/ament_flake8:/home/pi/ros2_jazzy/install/ament_copyright:/home/pi/ros2_jazzy/install/ament_lint:/home/pi/ros2_jazzy/install/ament_index_python:/home/pi/ros2_jazzy/install/ament_cpplint:/home/pi/ros2_jazzy/install/ament_cppcheck:/home/pi/ros2_jazzy/install/ament_clang_tidy:/home/pi/ros2_jazzy/install/ament_clang_format /usr/bin/cmake --build /home/pi/torsobot/Code/Code/ros2_ws/build/torsobot_interfaces -- -j4 -l4
[15.393s] Invoking command in '/home/pi/torsobot/Code/Code/ros2_ws/build/torsobot_interfaces': CMAKE_PREFIX_PATH=${CMAKE_PREFIX_PATH}:/home/pi/ros2_jazzy/install/rqt_bag_plugins:/home/pi/ros2_jazzy/install/rqt_bag:/home/pi/ros2_jazzy/install/rosbag2_examples_py:/home/pi/ros2_jazzy/install/launch_testing_examples:/home/pi/ros2_jazzy/install/ros2bag:/home/pi/ros2_jazzy/install/tracetools_test:/home/pi/ros2_jazzy/install/tracetools_launch:/home/pi/ros2_jazzy/install/topic_monitor:/home/pi/ros2_jazzy/install/tf2_tools:/home/pi/ros2_jazzy/install/examples_tf2_py:/home/pi/ros2_jazzy/install/tf2_ros_py:/home/pi/ros2_jazzy/install/examples_rclpy_pointcloud_publisher:/home/pi/ros2_jazzy/install/sensor_msgs_py:/home/pi/ros2_jazzy/install/quality_of_service_demo_py:/home/pi/ros2_jazzy/install/rqt_plot:/home/pi/ros2_jazzy/install/ros2doctor:/home/pi/ros2_jazzy/install/lifecycle_py:/home/pi/ros2_jazzy/install/examples_rclpy_minimal_subscriber:/home/pi/ros2_jazzy/install/examples_rclpy_minimal_service:/home/pi/ros2_jazzy/install/examples_rclpy_minimal_publisher:/home/pi/ros2_jazzy/install/examples_rclpy_minimal_client:/home/pi/ros2_jazzy/install/examples_rclpy_executors:/home/pi/ros2_jazzy/install/demo_nodes_py:/home/pi/ros2_jazzy/install/rqt:/home/pi/ros2_jazzy/install/ros2component:/home/pi/ros2_jazzy/install/sros2:/home/pi/ros2_jazzy/install/rqt_topic:/home/pi/ros2_jazzy/install/rqt_srv:/home/pi/ros2_jazzy/install/rqt_shell:/home/pi/ros2_jazzy/install/rqt_service_caller:/home/pi/ros2_jazzy/install/rqt_reconfigure:/home/pi/ros2_jazzy/install/rqt_py_console:/home/pi/ros2_jazzy/install/rqt_publisher:/home/pi/ros2_jazzy/install/rqt_action:/home/pi/ros2_jazzy/install/rqt_msg:/home/pi/ros2_jazzy/install/rqt_console:/home/pi/ros2_jazzy/install/rqt_graph:/home/pi/ros2_jazzy/install/rqt_gui_py:/home/pi/ros2_jazzy/install/rqt_gui:/home/pi/ros2_jazzy/install/ros2trace:/home/pi/ros2_jazzy/install/ros2topic:/home/pi/ros2_jazzy/install/ros2test:/home/pi/ros2_jazzy/install/ros2param:/home/pi/ros2_jazzy/install/ros2lifecycle:/home/pi/ros2_jazzy/install/ros2service:/home/pi/ros2_jazzy/install/ros2run:/home/pi/ros2_jazzy/install/ros2launch:/home/pi/ros2_jazzy/install/ros2pkg:/home/pi/ros2_jazzy/install/ros2node:/home/pi/ros2_jazzy/install/ros2multicast:/home/pi/ros2_jazzy/install/ros2interface:/home/pi/ros2_jazzy/install/ros2action:/home/pi/ros2_jazzy/install/ros2cli:/home/pi/ros2_jazzy/install/launch_testing_ros:/home/pi/ros2_jazzy/install/launch_ros:/home/pi/ros2_jazzy/install/examples_rclpy_minimal_action_server:/home/pi/ros2_jazzy/install/examples_rclpy_minimal_action_client:/home/pi/ros2_jazzy/install/examples_rclpy_guard_conditions:/home/pi/ros2_jazzy/install/action_tutorials_py:/home/pi/ros2_jazzy/install/ament_uncrustify:/home/pi/ros2_jazzy/install/tracetools_trace:/home/pi/ros2_jazzy/install/tracetools_read:/home/pi/ros2_jazzy/install/test_tracetools_launch:/home/pi/ros2_jazzy/install/test_ros2trace:/home/pi/ros2_jazzy/install/test_launch_ros:/home/pi/ros2_jazzy/install/rpyutils:/home/pi/ros2_jazzy/install/rosidl_runtime_py:/home/pi/ros2_jazzy/install/rosidl_pycommon:/home/pi/ros2_jazzy/install/rosidl_cli:/home/pi/ros2_jazzy/install/launch_pytest:/home/pi/ros2_jazzy/install/launch_testing:/home/pi/ros2_jazzy/install/launch_yaml:/home/pi/ros2_jazzy/install/launch_xml:/home/pi/ros2_jazzy/install/launch:/home/pi/ros2_jazzy/install/osrf_pycommon:/home/pi/ros2_jazzy/install/domain_coordinator:/home/pi/ros2_jazzy/install/ament_xmllint:/home/pi/ros2_jazzy/install/ament_pyflakes:/home/pi/ros2_jazzy/install/ament_pycodestyle:/home/pi/ros2_jazzy/install/ament_pep257:/home/pi/ros2_jazzy/install/ament_pclint:/home/pi/ros2_jazzy/install/ament_package:/home/pi/ros2_jazzy/install/ament_mypy:/home/pi/ros2_jazzy/install/ament_lint_cmake:/home/pi/ros2_jazzy/install/ament_flake8:/home/pi/ros2_jazzy/install/ament_copyright:/home/pi/ros2_jazzy/install/ament_lint:/home/pi/ros2_jazzy/install/ament_index_python:/home/pi/ros2_jazzy/install/ament_cpplint:/home/pi/ros2_jazzy/install/ament_cppcheck:/home/pi/ros2_jazzy/install/ament_clang_tidy:/home/pi/ros2_jazzy/install/ament_clang_format /usr/bin/cmake --install /home/pi/torsobot/Code/Code/ros2_ws/build/torsobot_interfaces
[15.411s] -- Install configuration: ""
[15.411s] -- Installing: /home/pi/torsobot/Code/Code/ros2_ws/install/torsobot_interfaces/share/ament_index/resource_index/rosidl_interfaces/torsobot_interfaces
[15.411s] -- Installing: /home/pi/torsobot/Code/Code/ros2_ws/install/torsobot_interfaces/share/torsobot_interfaces/msg/TorsobotData.json
[15.412s] -- Installing: /home/pi/torsobot/Code/Code/ros2_ws/install/torsobot_interfaces/share/torsobot_interfaces/msg/TorsobotState.json
[15.412s] -- Installing: /home/pi/torsobot/Code/Code/ros2_ws/install/torsobot_interfaces/share/torsobot_interfaces/srv/RequestControlParams.json
[15.412s] -- Installing: /home/pi/torsobot/Code/Code/ros2_ws/install/torsobot_interfaces/include/torsobot_interfaces/torsobot_interfaces
[15.412s] -- Installing: /home/pi/torsobot/Code/Code/ros2_ws/install/torsobot_interfaces/include/torsobot_interfaces/torsobot_interfaces/srv
[15.412s] -- Installing: /home/pi/torsobot/Code/Code/ros2_ws/install/torsobot_interfaces/include/torsobot_interfaces/torsobot_interfaces/srv/detail
[15.412s] -- Installing: /home/pi/torsobot/Code/Code/ros2_ws/install/torsobot_interfaces/include/torsobot_interfaces/torsobot_interfaces/srv/detail/request_control_params__functions.h
[15.412s] -- Installing: /home/pi/torsobot/Code/Code/ros2_ws/install/torsobot_interfaces/include/torsobot_interfaces/torsobot_interfaces/srv/detail/request_control_params__type_support.c
[15.412s] -- Installing: /home/pi/torsobot/Code/Code/ros2_ws/install/torsobot_interfaces/include/torsobot_interfaces/torsobot_interfaces/srv/detail/request_control_params__struct.h
[15.413s] -- Installing: /home/pi/torsobot/Code/Code/ros2_ws/install/torsobot_interfaces/include/torsobot_interfaces/torsobot_interfaces/srv/detail/request_control_params__type_support.h
[15.413s] -- Installing: /home/pi/torsobot/Code/Code/ros2_ws/install/torsobot_interfaces/include/torsobot_interfaces/torsobot_interfaces/srv/detail/request_control_params__description.c
[15.413s] -- Installing: /home/pi/torsobot/Code/Code/ros2_ws/install/torsobot_interfaces/include/torsobot_interfaces/torsobot_interfaces/srv/detail/request_control_params__functions.c
[15.413s] -- Installing: /home/pi/torsobot/Code/Code/ros2_ws/install/torsobot_interfaces/include/torsobot_interfaces/torsobot_interfaces/srv/request_control_params.h
[15.413s] -- Installing: /home/pi/torsobot/Code/Code/ros2_ws/install/torsobot_interfaces/include/torsobot_interfaces/torsobot_interfaces/msg
[15.413s] -- Installing: /home/pi/torsobot/Code/Code/ros2_ws/install/torsobot_interfaces/include/torsobot_interfaces/torsobot_interfaces/msg/torsobot_data.h
[15.413s] -- Installing: /home/pi/torsobot/Code/Code/ros2_ws/install/torsobot_interfaces/include/torsobot_interfaces/torsobot_interfaces/msg/rosidl_generator_c__visibility_control.h
[15.413s] -- Installing: /home/pi/torsobot/Code/Code/ros2_ws/install/torsobot_interfaces/include/torsobot_interfaces/torsobot_interfaces/msg/detail
[15.413s] -- Installing: /home/pi/torsobot/Code/Code/ros2_ws/install/torsobot_interfaces/include/torsobot_interfaces/torsobot_interfaces/msg/detail/torsobot_data__type_support.h
[15.413s] -- Installing: /home/pi/torsobot/Code/Code/ros2_ws/install/torsobot_interfaces/include/torsobot_interfaces/torsobot_interfaces/msg/detail/torsobot_state__functions.c
[15.413s] -- Installing: /home/pi/torsobot/Code/Code/ros2_ws/install/torsobot_interfaces/include/torsobot_interfaces/torsobot_interfaces/msg/detail/torsobot_data__functions.h
[15.413s] -- Installing: /home/pi/torsobot/Code/Code/ros2_ws/install/torsobot_interfaces/include/torsobot_interfaces/torsobot_interfaces/msg/detail/torsobot_state__type_support.c
[15.413s] -- Installing: /home/pi/torsobot/Code/Code/ros2_ws/install/torsobot_interfaces/include/torsobot_interfaces/torsobot_interfaces/msg/detail/torsobot_data__description.c
[15.413s] -- Installing: /home/pi/torsobot/Code/Code/ros2_ws/install/torsobot_interfaces/include/torsobot_interfaces/torsobot_interfaces/msg/detail/torsobot_state__functions.h
[15.413s] -- Installing: /home/pi/torsobot/Code/Code/ros2_ws/install/torsobot_interfaces/include/torsobot_interfaces/torsobot_interfaces/msg/detail/torsobot_state__struct.h
[15.413s] -- Installing: /home/pi/torsobot/Code/Code/ros2_ws/install/torsobot_interfaces/include/torsobot_interfaces/torsobot_interfaces/msg/detail/torsobot_data__functions.c
[15.414s] -- Installing: /home/pi/torsobot/Code/Code/ros2_ws/install/torsobot_interfaces/include/torsobot_interfaces/torsobot_interfaces/msg/detail/torsobot_data__struct.h
[15.414s] -- Installing: /home/pi/torsobot/Code/Code/ros2_ws/install/torsobot_interfaces/include/torsobot_interfaces/torsobot_interfaces/msg/detail/torsobot_data__type_support.c
[15.414s] -- Installing: /home/pi/torsobot/Code/Code/ros2_ws/install/torsobot_interfaces/include/torsobot_interfaces/torsobot_interfaces/msg/detail/torsobot_state__description.c
[15.414s] -- Installing: /home/pi/torsobot/Code/Code/ros2_ws/install/torsobot_interfaces/include/torsobot_interfaces/torsobot_interfaces/msg/detail/torsobot_state__type_support.h
[15.414s] -- Installing: /home/pi/torsobot/Code/Code/ros2_ws/install/torsobot_interfaces/include/torsobot_interfaces/torsobot_interfaces/msg/torsobot_state.h
[15.414s] -- Installing: /home/pi/torsobot/Code/Code/ros2_ws/install/torsobot_interfaces/share/torsobot_interfaces/environment/library_path.sh
[15.414s] -- Installing: /home/pi/torsobot/Code/Code/ros2_ws/install/torsobot_interfaces/share/torsobot_interfaces/environment/library_path.dsv
[15.414s] -- Installing: /home/pi/torsobot/Code/Code/ros2_ws/install/torsobot_interfaces/lib/libtorsobot_interfaces__rosidl_generator_c.so
[15.415s] -- Set runtime path of "/home/pi/torsobot/Code/Code/ros2_ws/install/torsobot_interfaces/lib/libtorsobot_interfaces__rosidl_generator_c.so" to ""
[15.415s] -- Up-to-date: /home/pi/torsobot/Code/Code/ros2_ws/install/torsobot_interfaces/include/torsobot_interfaces/torsobot_interfaces
[15.415s] -- Up-to-date: /home/pi/torsobot/Code/Code/ros2_ws/install/torsobot_interfaces/include/torsobot_interfaces/torsobot_interfaces/srv
[15.415s] -- Up-to-date: /home/pi/torsobot/Code/Code/ros2_ws/install/torsobot_interfaces/include/torsobot_interfaces/torsobot_interfaces/srv/detail
[15.415s] -- Installing: /home/pi/torsobot/Code/Code/ros2_ws/install/torsobot_interfaces/include/torsobot_interfaces/torsobot_interfaces/srv/detail/request_control_params__type_support.c
[15.415s] -- Installing: /home/pi/torsobot/Code/Code/ros2_ws/install/torsobot_interfaces/include/torsobot_interfaces/torsobot_interfaces/srv/detail/request_control_params__rosidl_typesupport_introspection_c.h
[15.415s] -- Up-to-date: /home/pi/torsobot/Code/Code/ros2_ws/install/torsobot_interfaces/include/torsobot_interfaces/torsobot_interfaces/msg
[15.415s] -- Installing: /home/pi/torsobot/Code/Code/ros2_ws/install/torsobot_interfaces/include/torsobot_interfaces/torsobot_interfaces/msg/rosidl_typesupport_introspection_c__visibility_control.h
[15.415s] -- Up-to-date: /home/pi/torsobot/Code/Code/ros2_ws/install/torsobot_interfaces/include/torsobot_interfaces/torsobot_interfaces/msg/detail
[15.415s] -- Installing: /home/pi/torsobot/Code/Code/ros2_ws/install/torsobot_interfaces/include/torsobot_interfaces/torsobot_interfaces/msg/detail/torsobot_state__type_support.c
[15.416s] -- Installing: /home/pi/torsobot/Code/Code/ros2_ws/install/torsobot_interfaces/include/torsobot_interfaces/torsobot_interfaces/msg/detail/torsobot_data__type_support.c
[15.416s] -- Installing: /home/pi/torsobot/Code/Code/ros2_ws/install/torsobot_interfaces/include/torsobot_interfaces/torsobot_interfaces/msg/detail/torsobot_data__rosidl_typesupport_introspection_c.h
[15.416s] -- Installing: /home/pi/torsobot/Code/Code/ros2_ws/install/torsobot_interfaces/include/torsobot_interfaces/torsobot_interfaces/msg/detail/torsobot_state__rosidl_typesupport_introspection_c.h
[15.416s] -- Installing: /home/pi/torsobot/Code/Code/ros2_ws/install/torsobot_interfaces/lib/libtorsobot_interfaces__rosidl_typesupport_introspection_c.so
[15.416s] -- Set runtime path of "/home/pi/torsobot/Code/Code/ros2_ws/install/torsobot_interfaces/lib/libtorsobot_interfaces__rosidl_typesupport_introspection_c.so" to ""
[15.416s] -- Up-to-date: /home/pi/torsobot/Code/Code/ros2_ws/install/torsobot_interfaces/include/torsobot_interfaces/torsobot_interfaces
[15.416s] -- Up-to-date: /home/pi/torsobot/Code/Code/ros2_ws/install/torsobot_interfaces/include/torsobot_interfaces/torsobot_interfaces/srv
[15.416s] -- Up-to-date: /home/pi/torsobot/Code/Code/ros2_ws/install/torsobot_interfaces/include/torsobot_interfaces/torsobot_interfaces/srv/detail
[15.417s] -- Installing: /home/pi/torsobot/Code/Code/ros2_ws/install/torsobot_interfaces/include/torsobot_interfaces/torsobot_interfaces/srv/detail/request_control_params__rosidl_typesupport_fastrtps_c.h
[15.417s] -- Up-to-date: /home/pi/torsobot/Code/Code/ros2_ws/install/torsobot_interfaces/include/torsobot_interfaces/torsobot_interfaces/msg
[15.417s] -- Up-to-date: /home/pi/torsobot/Code/Code/ros2_ws/install/torsobot_interfaces/include/torsobot_interfaces/torsobot_interfaces/msg/detail
[15.417s] -- Installing: /home/pi/torsobot/Code/Code/ros2_ws/install/torsobot_interfaces/include/torsobot_interfaces/torsobot_interfaces/msg/detail/torsobot_state__rosidl_typesupport_fastrtps_c.h
[15.417s] -- Installing: /home/pi/torsobot/Code/Code/ros2_ws/install/torsobot_interfaces/include/torsobot_interfaces/torsobot_interfaces/msg/detail/torsobot_data__rosidl_typesupport_fastrtps_c.h
[15.417s] -- Installing: /home/pi/torsobot/Code/Code/ros2_ws/install/torsobot_interfaces/include/torsobot_interfaces/torsobot_interfaces/msg/rosidl_typesupport_fastrtps_c__visibility_control.h
[15.417s] -- Installing: /home/pi/torsobot/Code/Code/ros2_ws/install/torsobot_interfaces/lib/libtorsobot_interfaces__rosidl_typesupport_fastrtps_c.so
[15.417s] -- Set runtime path of "/home/pi/torsobot/Code/Code/ros2_ws/install/torsobot_interfaces/lib/libtorsobot_interfaces__rosidl_typesupport_fastrtps_c.so" to ""
[15.417s] -- Installing: /home/pi/torsobot/Code/Code/ros2_ws/install/torsobot_interfaces/lib/libtorsobot_interfaces__rosidl_typesupport_c.so
[15.418s] -- Set runtime path of "/home/pi/torsobot/Code/Code/ros2_ws/install/torsobot_interfaces/lib/libtorsobot_interfaces__rosidl_typesupport_c.so" to ""
[15.418s] -- Up-to-date: /home/pi/torsobot/Code/Code/ros2_ws/install/torsobot_interfaces/include/torsobot_interfaces/torsobot_interfaces
[15.418s] -- Up-to-date: /home/pi/torsobot/Code/Code/ros2_ws/install/torsobot_interfaces/include/torsobot_interfaces/torsobot_interfaces/srv
[15.418s] -- Up-to-date: /home/pi/torsobot/Code/Code/ros2_ws/install/torsobot_interfaces/include/torsobot_interfaces/torsobot_interfaces/srv/detail
[15.418s] -- Installing: /home/pi/torsobot/Code/Code/ros2_ws/install/torsobot_interfaces/include/torsobot_interfaces/torsobot_interfaces/srv/detail/request_control_params__struct.hpp
[15.418s] -- Installing: /home/pi/torsobot/Code/Code/ros2_ws/install/torsobot_interfaces/include/torsobot_interfaces/torsobot_interfaces/srv/detail/request_control_params__traits.hpp
[15.418s] -- Installing: /home/pi/torsobot/Code/Code/ros2_ws/install/torsobot_interfaces/include/torsobot_interfaces/torsobot_interfaces/srv/detail/request_control_params__type_support.hpp
[15.418s] -- Installing: /home/pi/torsobot/Code/Code/ros2_ws/install/torsobot_interfaces/include/torsobot_interfaces/torsobot_interfaces/srv/detail/request_control_params__builder.hpp
[15.418s] -- Installing: /home/pi/torsobot/Code/Code/ros2_ws/install/torsobot_interfaces/include/torsobot_interfaces/torsobot_interfaces/srv/request_control_params.hpp
[15.418s] -- Up-to-date: /home/pi/torsobot/Code/Code/ros2_ws/install/torsobot_interfaces/include/torsobot_interfaces/torsobot_interfaces/msg
[15.418s] -- Installing: /home/pi/torsobot/Code/Code/ros2_ws/install/torsobot_interfaces/include/torsobot_interfaces/torsobot_interfaces/msg/rosidl_generator_cpp__visibility_control.hpp
[15.418s] -- Up-to-date: /home/pi/torsobot/Code/Code/ros2_ws/install/torsobot_interfaces/include/torsobot_interfaces/torsobot_interfaces/msg/detail
[15.419s] -- Installing: /home/pi/torsobot/Code/Code/ros2_ws/install/torsobot_interfaces/include/torsobot_interfaces/torsobot_interfaces/msg/detail/torsobot_data__type_support.hpp
[15.419s] -- Installing: /home/pi/torsobot/Code/Code/ros2_ws/install/torsobot_interfaces/include/torsobot_interfaces/torsobot_interfaces/msg/detail/torsobot_data__struct.hpp
[15.419s] -- Installing: /home/pi/torsobot/Code/Code/ros2_ws/install/torsobot_interfaces/include/torsobot_interfaces/torsobot_interfaces/msg/detail/torsobot_state__builder.hpp
[15.419s] -- Installing: /home/pi/torsobot/Code/Code/ros2_ws/install/torsobot_interfaces/include/torsobot_interfaces/torsobot_interfaces/msg/detail/torsobot_state__struct.hpp
[15.419s] -- Installing: /home/pi/torsobot/Code/Code/ros2_ws/install/torsobot_interfaces/include/torsobot_interfaces/torsobot_interfaces/msg/detail/torsobot_state__traits.hpp
[15.419s] -- Installing: /home/pi/torsobot/Code/Code/ros2_ws/install/torsobot_interfaces/include/torsobot_interfaces/torsobot_interfaces/msg/detail/torsobot_data__traits.hpp
[15.419s] -- Installing: /home/pi/torsobot/Code/Code/ros2_ws/install/torsobot_interfaces/include/torsobot_interfaces/torsobot_interfaces/msg/detail/torsobot_state__type_support.hpp
[15.419s] -- Installing: /home/pi/torsobot/Code/Code/ros2_ws/install/torsobot_interfaces/include/torsobot_interfaces/torsobot_interfaces/msg/detail/torsobot_data__builder.hpp
[15.419s] -- Installing: /home/pi/torsobot/Code/Code/ros2_ws/install/torsobot_interfaces/include/torsobot_interfaces/torsobot_interfaces/msg/torsobot_data.hpp
[15.419s] -- Installing: /home/pi/torsobot/Code/Code/ros2_ws/install/torsobot_interfaces/include/torsobot_interfaces/torsobot_interfaces/msg/torsobot_state.hpp
[15.419s] -- Up-to-date: /home/pi/torsobot/Code/Code/ros2_ws/install/torsobot_interfaces/include/torsobot_interfaces/torsobot_interfaces
[15.419s] -- Up-to-date: /home/pi/torsobot/Code/Code/ros2_ws/install/torsobot_interfaces/include/torsobot_interfaces/torsobot_interfaces/srv
[15.420s] -- Up-to-date: /home/pi/torsobot/Code/Code/ros2_ws/install/torsobot_interfaces/include/torsobot_interfaces/torsobot_interfaces/srv/detail
[15.420s] -- Installing: /home/pi/torsobot/Code/Code/ros2_ws/install/torsobot_interfaces/include/torsobot_interfaces/torsobot_interfaces/srv/detail/request_control_params__type_support.cpp
[15.420s] -- Installing: /home/pi/torsobot/Code/Code/ros2_ws/install/torsobot_interfaces/include/torsobot_interfaces/torsobot_interfaces/srv/detail/request_control_params__rosidl_typesupport_introspection_cpp.hpp
[15.420s] -- Up-to-date: /home/pi/torsobot/Code/Code/ros2_ws/install/torsobot_interfaces/include/torsobot_interfaces/torsobot_interfaces/msg
[15.420s] -- Up-to-date: /home/pi/torsobot/Code/Code/ros2_ws/install/torsobot_interfaces/include/torsobot_interfaces/torsobot_interfaces/msg/detail
[15.420s] -- Installing: /home/pi/torsobot/Code/Code/ros2_ws/install/torsobot_interfaces/include/torsobot_interfaces/torsobot_interfaces/msg/detail/torsobot_state__type_support.cpp
[15.420s] -- Installing: /home/pi/torsobot/Code/Code/ros2_ws/install/torsobot_interfaces/include/torsobot_interfaces/torsobot_interfaces/msg/detail/torsobot_state__rosidl_typesupport_introspection_cpp.hpp
[15.420s] -- Installing: /home/pi/torsobot/Code/Code/ros2_ws/install/torsobot_interfaces/include/torsobot_interfaces/torsobot_interfaces/msg/detail/torsobot_data__rosidl_typesupport_introspection_cpp.hpp
[15.420s] -- Installing: /home/pi/torsobot/Code/Code/ros2_ws/install/torsobot_interfaces/include/torsobot_interfaces/torsobot_interfaces/msg/detail/torsobot_data__type_support.cpp
[15.420s] -- Installing: /home/pi/torsobot/Code/Code/ros2_ws/install/torsobot_interfaces/lib/libtorsobot_interfaces__rosidl_typesupport_introspection_cpp.so
[15.421s] -- Set runtime path of "/home/pi/torsobot/Code/Code/ros2_ws/install/torsobot_interfaces/lib/libtorsobot_interfaces__rosidl_typesupport_introspection_cpp.so" to ""
[15.421s] -- Up-to-date: /home/pi/torsobot/Code/Code/ros2_ws/install/torsobot_interfaces/include/torsobot_interfaces/torsobot_interfaces
[15.421s] -- Up-to-date: /home/pi/torsobot/Code/Code/ros2_ws/install/torsobot_interfaces/include/torsobot_interfaces/torsobot_interfaces/srv
[15.421s] -- Up-to-date: /home/pi/torsobot/Code/Code/ros2_ws/install/torsobot_interfaces/include/torsobot_interfaces/torsobot_interfaces/srv/detail
[15.421s] -- Installing: /home/pi/torsobot/Code/Code/ros2_ws/install/torsobot_interfaces/include/torsobot_interfaces/torsobot_interfaces/srv/detail/request_control_params__rosidl_typesupport_fastrtps_cpp.hpp
[15.421s] -- Installing: /home/pi/torsobot/Code/Code/ros2_ws/install/torsobot_interfaces/include/torsobot_interfaces/torsobot_interfaces/srv/detail/dds_fastrtps
[15.421s] -- Up-to-date: /home/pi/torsobot/Code/Code/ros2_ws/install/torsobot_interfaces/include/torsobot_interfaces/torsobot_interfaces/msg
[15.421s] -- Up-to-date: /home/pi/torsobot/Code/Code/ros2_ws/install/torsobot_interfaces/include/torsobot_interfaces/torsobot_interfaces/msg/detail
[15.421s] -- Installing: /home/pi/torsobot/Code/Code/ros2_ws/install/torsobot_interfaces/include/torsobot_interfaces/torsobot_interfaces/msg/detail/torsobot_state__rosidl_typesupport_fastrtps_cpp.hpp
[15.421s] -- Installing: /home/pi/torsobot/Code/Code/ros2_ws/install/torsobot_interfaces/include/torsobot_interfaces/torsobot_interfaces/msg/detail/torsobot_data__rosidl_typesupport_fastrtps_cpp.hpp
[15.421s] -- Installing: /home/pi/torsobot/Code/Code/ros2_ws/install/torsobot_interfaces/include/torsobot_interfaces/torsobot_interfaces/msg/detail/dds_fastrtps
[15.421s] -- Installing: /home/pi/torsobot/Code/Code/ros2_ws/install/torsobot_interfaces/include/torsobot_interfaces/torsobot_interfaces/msg/rosidl_typesupport_fastrtps_cpp__visibility_control.h
[15.421s] -- Installing: /home/pi/torsobot/Code/Code/ros2_ws/install/torsobot_interfaces/lib/libtorsobot_interfaces__rosidl_typesupport_fastrtps_cpp.so
[15.422s] -- Set runtime path of "/home/pi/torsobot/Code/Code/ros2_ws/install/torsobot_interfaces/lib/libtorsobot_interfaces__rosidl_typesupport_fastrtps_cpp.so" to ""
[15.422s] -- Installing: /home/pi/torsobot/Code/Code/ros2_ws/install/torsobot_interfaces/lib/libtorsobot_interfaces__rosidl_typesupport_cpp.so
[15.422s] -- Set runtime path of "/home/pi/torsobot/Code/Code/ros2_ws/install/torsobot_interfaces/lib/libtorsobot_interfaces__rosidl_typesupport_cpp.so" to ""
[15.422s] -- Installing: /home/pi/torsobot/Code/Code/ros2_ws/install/torsobot_interfaces/share/torsobot_interfaces/environment/pythonpath.sh
[15.423s] -- Installing: /home/pi/torsobot/Code/Code/ros2_ws/install/torsobot_interfaces/share/torsobot_interfaces/environment/pythonpath.dsv
[15.423s] -- Installing: /home/pi/torsobot/Code/Code/ros2_ws/install/torsobot_interfaces/lib/python3.11/site-packages/torsobot_interfaces-0.0.0-py3.11.egg-info
[15.423s] -- Installing: /home/pi/torsobot/Code/Code/ros2_ws/install/torsobot_interfaces/lib/python3.11/site-packages/torsobot_interfaces-0.0.0-py3.11.egg-info/PKG-INFO
[15.423s] -- Installing: /home/pi/torsobot/Code/Code/ros2_ws/install/torsobot_interfaces/lib/python3.11/site-packages/torsobot_interfaces-0.0.0-py3.11.egg-info/SOURCES.txt
[15.423s] -- Installing: /home/pi/torsobot/Code/Code/ros2_ws/install/torsobot_interfaces/lib/python3.11/site-packages/torsobot_interfaces-0.0.0-py3.11.egg-info/top_level.txt
[15.423s] -- Installing: /home/pi/torsobot/Code/Code/ros2_ws/install/torsobot_interfaces/lib/python3.11/site-packages/torsobot_interfaces-0.0.0-py3.11.egg-info/dependency_links.txt
[15.423s] -- Installing: /home/pi/torsobot/Code/Code/ros2_ws/install/torsobot_interfaces/lib/python3.11/site-packages/torsobot_interfaces
[15.423s] -- Installing: /home/pi/torsobot/Code/Code/ros2_ws/install/torsobot_interfaces/lib/python3.11/site-packages/torsobot_interfaces/_torsobot_interfaces_s.ep.rosidl_typesupport_introspection_c.c
[15.423s] -- Installing: /home/pi/torsobot/Code/Code/ros2_ws/install/torsobot_interfaces/lib/python3.11/site-packages/torsobot_interfaces/_torsobot_interfaces_s.ep.rosidl_typesupport_fastrtps_c.c
[15.423s] -- Installing: /home/pi/torsobot/Code/Code/ros2_ws/install/torsobot_interfaces/lib/python3.11/site-packages/torsobot_interfaces/srv
[15.424s] -- Installing: /home/pi/torsobot/Code/Code/ros2_ws/install/torsobot_interfaces/lib/python3.11/site-packages/torsobot_interfaces/srv/_request_control_params.py
[15.424s] -- Installing: /home/pi/torsobot/Code/Code/ros2_ws/install/torsobot_interfaces/lib/python3.11/site-packages/torsobot_interfaces/srv/_request_control_params_s.c
[15.424s] -- Installing: /home/pi/torsobot/Code/Code/ros2_ws/install/torsobot_interfaces/lib/python3.11/site-packages/torsobot_interfaces/srv/__init__.py
[15.424s] -- Installing: /home/pi/torsobot/Code/Code/ros2_ws/install/torsobot_interfaces/lib/python3.11/site-packages/torsobot_interfaces/torsobot_interfaces_s__rosidl_typesupport_introspection_c.so
[15.424s] -- Installing: /home/pi/torsobot/Code/Code/ros2_ws/install/torsobot_interfaces/lib/python3.11/site-packages/torsobot_interfaces/msg
[15.424s] -- Installing: /home/pi/torsobot/Code/Code/ros2_ws/install/torsobot_interfaces/lib/python3.11/site-packages/torsobot_interfaces/msg/_torsobot_state.py
[15.424s] -- Installing: /home/pi/torsobot/Code/Code/ros2_ws/install/torsobot_interfaces/lib/python3.11/site-packages/torsobot_interfaces/msg/_torsobot_state_s.c
[15.424s] -- Installing: /home/pi/torsobot/Code/Code/ros2_ws/install/torsobot_interfaces/lib/python3.11/site-packages/torsobot_interfaces/msg/_torsobot_data_s.c
[15.424s] -- Installing: /home/pi/torsobot/Code/Code/ros2_ws/install/torsobot_interfaces/lib/python3.11/site-packages/torsobot_interfaces/msg/__init__.py
[15.424s] -- Installing: /home/pi/torsobot/Code/Code/ros2_ws/install/torsobot_interfaces/lib/python3.11/site-packages/torsobot_interfaces/msg/_torsobot_data.py
[15.425s] -- Installing: /home/pi/torsobot/Code/Code/ros2_ws/install/torsobot_interfaces/lib/python3.11/site-packages/torsobot_interfaces/torsobot_interfaces_s__rosidl_typesupport_fastrtps_c.so
[15.425s] -- Installing: /home/pi/torsobot/Code/Code/ros2_ws/install/torsobot_interfaces/lib/python3.11/site-packages/torsobot_interfaces/torsobot_interfaces_s__rosidl_typesupport_c.so
[15.425s] -- Installing: /home/pi/torsobot/Code/Code/ros2_ws/install/torsobot_interfaces/lib/python3.11/site-packages/torsobot_interfaces/__init__.py
[15.425s] -- Installing: /home/pi/torsobot/Code/Code/ros2_ws/install/torsobot_interfaces/lib/python3.11/site-packages/torsobot_interfaces/_torsobot_interfaces_s.ep.rosidl_typesupport_c.c
[15.583s] Listing '/home/pi/torsobot/Code/Code/ros2_ws/install/torsobot_interfaces/lib/python3.11/site-packages/torsobot_interfaces'...
[15.583s] Compiling '/home/pi/torsobot/Code/Code/ros2_ws/install/torsobot_interfaces/lib/python3.11/site-packages/torsobot_interfaces/__init__.py'...
[15.583s] Listing '/home/pi/torsobot/Code/Code/ros2_ws/install/torsobot_interfaces/lib/python3.11/site-packages/torsobot_interfaces/msg'...
[15.583s] Compiling '/home/pi/torsobot/Code/Code/ros2_ws/install/torsobot_interfaces/lib/python3.11/site-packages/torsobot_interfaces/msg/__init__.py'...
[15.583s] Compiling '/home/pi/torsobot/Code/Code/ros2_ws/install/torsobot_interfaces/lib/python3.11/site-packages/torsobot_interfaces/msg/_torsobot_data.py'...
[15.583s] Compiling '/home/pi/torsobot/Code/Code/ros2_ws/install/torsobot_interfaces/lib/python3.11/site-packages/torsobot_interfaces/msg/_torsobot_state.py'...
[15.583s] Listing '/home/pi/torsobot/Code/Code/ros2_ws/install/torsobot_interfaces/lib/python3.11/site-packages/torsobot_interfaces/srv'...
[15.583s] Compiling '/home/pi/torsobot/Code/Code/ros2_ws/install/torsobot_interfaces/lib/python3.11/site-packages/torsobot_interfaces/srv/__init__.py'...
[15.583s] Compiling '/home/pi/torsobot/Code/Code/ros2_ws/install/torsobot_interfaces/lib/python3.11/site-packages/torsobot_interfaces/srv/_request_control_params.py'...
[15.595s] -- Installing: /home/pi/torsobot/Code/Code/ros2_ws/install/torsobot_interfaces/lib/python3.11/site-packages/torsobot_interfaces/torsobot_interfaces_s__rosidl_typesupport_introspection_c.so
[15.595s] -- Set runtime path of "/home/pi/torsobot/Code/Code/ros2_ws/install/torsobot_interfaces/lib/python3.11/site-packages/torsobot_interfaces/torsobot_interfaces_s__rosidl_typesupport_introspection_c.so" to ""
[15.595s] -- Installing: /home/pi/torsobot/Code/Code/ros2_ws/install/torsobot_interfaces/lib/python3.11/site-packages/torsobot_interfaces/torsobot_interfaces_s__rosidl_typesupport_fastrtps_c.so
[15.595s] -- Set runtime path of "/home/pi/torsobot/Code/Code/ros2_ws/install/torsobot_interfaces/lib/python3.11/site-packages/torsobot_interfaces/torsobot_interfaces_s__rosidl_typesupport_fastrtps_c.so" to ""
[15.596s] -- Installing: /home/pi/torsobot/Code/Code/ros2_ws/install/torsobot_interfaces/lib/python3.11/site-packages/torsobot_interfaces/torsobot_interfaces_s__rosidl_typesupport_c.so
[15.596s] -- Set runtime path of "/home/pi/torsobot/Code/Code/ros2_ws/install/torsobot_interfaces/lib/python3.11/site-packages/torsobot_interfaces/torsobot_interfaces_s__rosidl_typesupport_c.so" to ""
[15.596s] -- Installing: /home/pi/torsobot/Code/Code/ros2_ws/install/torsobot_interfaces/lib/libtorsobot_interfaces__rosidl_generator_py.so
[15.597s] -- Set runtime path of "/home/pi/torsobot/Code/Code/ros2_ws/install/torsobot_interfaces/lib/libtorsobot_interfaces__rosidl_generator_py.so" to ""
[15.597s] -- Installing: /home/pi/torsobot/Code/Code/ros2_ws/install/torsobot_interfaces/share/torsobot_interfaces/msg/TorsobotData.idl
[15.597s] -- Installing: /home/pi/torsobot/Code/Code/ros2_ws/install/torsobot_interfaces/share/torsobot_interfaces/msg/TorsobotState.idl
[15.597s] -- Installing: /home/pi/torsobot/Code/Code/ros2_ws/install/torsobot_interfaces/share/torsobot_interfaces/srv/RequestControlParams.idl
[15.597s] -- Installing: /home/pi/torsobot/Code/Code/ros2_ws/install/torsobot_interfaces/share/torsobot_interfaces/msg/TorsobotData.msg
[15.597s] -- Installing: /home/pi/torsobot/Code/Code/ros2_ws/install/torsobot_interfaces/share/torsobot_interfaces/msg/TorsobotState.msg
[15.597s] -- Installing: /home/pi/torsobot/Code/Code/ros2_ws/install/torsobot_interfaces/share/torsobot_interfaces/srv/RequestControlParams.srv
[15.598s] -- Installing: /home/pi/torsobot/Code/Code/ros2_ws/install/torsobot_interfaces/share/ament_index/resource_index/package_run_dependencies/torsobot_interfaces
[15.598s] -- Installing: /home/pi/torsobot/Code/Code/ros2_ws/install/torsobot_interfaces/share/ament_index/resource_index/parent_prefix_path/torsobot_interfaces
[15.598s] -- Installing: /home/pi/torsobot/Code/Code/ros2_ws/install/torsobot_interfaces/share/torsobot_interfaces/environment/ament_prefix_path.sh
[15.598s] -- Installing: /home/pi/torsobot/Code/Code/ros2_ws/install/torsobot_interfaces/share/torsobot_interfaces/environment/ament_prefix_path.dsv
[15.598s] -- Installing: /home/pi/torsobot/Code/Code/ros2_ws/install/torsobot_interfaces/share/torsobot_interfaces/environment/path.sh
[15.599s] -- Installing: /home/pi/torsobot/Code/Code/ros2_ws/install/torsobot_interfaces/share/torsobot_interfaces/environment/path.dsv
[15.599s] -- Installing: /home/pi/torsobot/Code/Code/ros2_ws/install/torsobot_interfaces/share/torsobot_interfaces/local_setup.bash
[15.599s] -- Installing: /home/pi/torsobot/Code/Code/ros2_ws/install/torsobot_interfaces/share/torsobot_interfaces/local_setup.sh
[15.599s] -- Installing: /home/pi/torsobot/Code/Code/ros2_ws/install/torsobot_interfaces/share/torsobot_interfaces/local_setup.zsh
[15.599s] -- Installing: /home/pi/torsobot/Code/Code/ros2_ws/install/torsobot_interfaces/share/torsobot_interfaces/local_setup.dsv
[15.599s] -- Installing: /home/pi/torsobot/Code/Code/ros2_ws/install/torsobot_interfaces/share/torsobot_interfaces/package.dsv
[15.600s] -- Installing: /home/pi/torsobot/Code/Code/ros2_ws/install/torsobot_interfaces/share/ament_index/resource_index/packages/torsobot_interfaces
[15.600s] -- Installing: /home/pi/torsobot/Code/Code/ros2_ws/install/torsobot_interfaces/share/torsobot_interfaces/cmake/export_torsobot_interfaces__rosidl_generator_cExport.cmake
[15.600s] -- Installing: /home/pi/torsobot/Code/Code/ros2_ws/install/torsobot_interfaces/share/torsobot_interfaces/cmake/export_torsobot_interfaces__rosidl_generator_cExport-noconfig.cmake
[15.600s] -- Installing: /home/pi/torsobot/Code/Code/ros2_ws/install/torsobot_interfaces/share/torsobot_interfaces/cmake/torsobot_interfaces__rosidl_typesupport_introspection_cExport.cmake
[15.600s] -- Installing: /home/pi/torsobot/Code/Code/ros2_ws/install/torsobot_interfaces/share/torsobot_interfaces/cmake/torsobot_interfaces__rosidl_typesupport_introspection_cExport-noconfig.cmake
[15.601s] -- Installing: /home/pi/torsobot/Code/Code/ros2_ws/install/torsobot_interfaces/share/torsobot_interfaces/cmake/export_torsobot_interfaces__rosidl_typesupport_fastrtps_cExport.cmake
[15.601s] -- Installing: /home/pi/torsobot/Code/Code/ros2_ws/install/torsobot_interfaces/share/torsobot_interfaces/cmake/export_torsobot_interfaces__rosidl_typesupport_fastrtps_cExport-noconfig.cmake
[15.601s] -- Installing: /home/pi/torsobot/Code/Code/ros2_ws/install/torsobot_interfaces/share/torsobot_interfaces/cmake/torsobot_interfaces__rosidl_typesupport_cExport.cmake
[15.601s] -- Installing: /home/pi/torsobot/Code/Code/ros2_ws/install/torsobot_interfaces/share/torsobot_interfaces/cmake/torsobot_interfaces__rosidl_typesupport_cExport-noconfig.cmake
[15.601s] -- Installing: /home/pi/torsobot/Code/Code/ros2_ws/install/torsobot_interfaces/share/torsobot_interfaces/cmake/export_torsobot_interfaces__rosidl_generator_cppExport.cmake
[15.601s] -- Installing: /home/pi/torsobot/Code/Code/ros2_ws/install/torsobot_interfaces/share/torsobot_interfaces/cmake/torsobot_interfaces__rosidl_typesupport_introspection_cppExport.cmake
[15.602s] -- Installing: /home/pi/torsobot/Code/Code/ros2_ws/install/torsobot_interfaces/share/torsobot_interfaces/cmake/torsobot_interfaces__rosidl_typesupport_introspection_cppExport-noconfig.cmake
[15.602s] -- Installing: /home/pi/torsobot/Code/Code/ros2_ws/install/torsobot_interfaces/share/torsobot_interfaces/cmake/export_torsobot_interfaces__rosidl_typesupport_fastrtps_cppExport.cmake
[15.602s] -- Installing: /home/pi/torsobot/Code/Code/ros2_ws/install/torsobot_interfaces/share/torsobot_interfaces/cmake/export_torsobot_interfaces__rosidl_typesupport_fastrtps_cppExport-noconfig.cmake
[15.602s] -- Installing: /home/pi/torsobot/Code/Code/ros2_ws/install/torsobot_interfaces/share/torsobot_interfaces/cmake/torsobot_interfaces__rosidl_typesupport_cppExport.cmake
[15.607s] -- Installing: /home/pi/torsobot/Code/Code/ros2_ws/install/torsobot_interfaces/share/torsobot_interfaces/cmake/torsobot_interfaces__rosidl_typesupport_cppExport-noconfig.cmake
[15.607s] -- Installing: /home/pi/torsobot/Code/Code/ros2_ws/install/torsobot_interfaces/share/torsobot_interfaces/cmake/export_torsobot_interfaces__rosidl_generator_pyExport.cmake
[15.607s] -- Installing: /home/pi/torsobot/Code/Code/ros2_ws/install/torsobot_interfaces/share/torsobot_interfaces/cmake/export_torsobot_interfaces__rosidl_generator_pyExport-noconfig.cmake
[15.607s] -- Installing: /home/pi/torsobot/Code/Code/ros2_ws/install/torsobot_interfaces/share/torsobot_interfaces/cmake/rosidl_cmake-extras.cmake
[15.607s] -- Installing: /home/pi/torsobot/Code/Code/ros2_ws/install/torsobot_interfaces/share/torsobot_interfaces/cmake/ament_cmake_export_dependencies-extras.cmake
[15.607s] -- Installing: /home/pi/torsobot/Code/Code/ros2_ws/install/torsobot_interfaces/share/torsobot_interfaces/cmake/ament_cmake_export_include_directories-extras.cmake
[15.607s] -- Installing: /home/pi/torsobot/Code/Code/ros2_ws/install/torsobot_interfaces/share/torsobot_interfaces/cmake/ament_cmake_export_libraries-extras.cmake
[15.607s] -- Installing: /home/pi/torsobot/Code/Code/ros2_ws/install/torsobot_interfaces/share/torsobot_interfaces/cmake/ament_cmake_export_targets-extras.cmake
[15.607s] -- Installing: /home/pi/torsobot/Code/Code/ros2_ws/install/torsobot_interfaces/share/torsobot_interfaces/cmake/rosidl_cmake_export_typesupport_targets-extras.cmake
[15.607s] -- Installing: /home/pi/torsobot/Code/Code/ros2_ws/install/torsobot_interfaces/share/torsobot_interfaces/cmake/rosidl_cmake_export_typesupport_libraries-extras.cmake
[15.607s] -- Installing: /home/pi/torsobot/Code/Code/ros2_ws/install/torsobot_interfaces/share/torsobot_interfaces/cmake/torsobot_interfacesConfig.cmake
[15.607s] -- Installing: /home/pi/torsobot/Code/Code/ros2_ws/install/torsobot_interfaces/share/torsobot_interfaces/cmake/torsobot_interfacesConfig-version.cmake
[15.607s] -- Installing: /home/pi/torsobot/Code/Code/ros2_ws/install/torsobot_interfaces/share/torsobot_interfaces/package.xml
[15.613s] Invoked command in '/home/pi/torsobot/Code/Code/ros2_ws/build/torsobot_interfaces' returned '0': CMAKE_PREFIX_PATH=${CMAKE_PREFIX_PATH}:/home/pi/ros2_jazzy/install/rqt_bag_plugins:/home/pi/ros2_jazzy/install/rqt_bag:/home/pi/ros2_jazzy/install/rosbag2_examples_py:/home/pi/ros2_jazzy/install/launch_testing_examples:/home/pi/ros2_jazzy/install/ros2bag:/home/pi/ros2_jazzy/install/tracetools_test:/home/pi/ros2_jazzy/install/tracetools_launch:/home/pi/ros2_jazzy/install/topic_monitor:/home/pi/ros2_jazzy/install/tf2_tools:/home/pi/ros2_jazzy/install/examples_tf2_py:/home/pi/ros2_jazzy/install/tf2_ros_py:/home/pi/ros2_jazzy/install/examples_rclpy_pointcloud_publisher:/home/pi/ros2_jazzy/install/sensor_msgs_py:/home/pi/ros2_jazzy/install/quality_of_service_demo_py:/home/pi/ros2_jazzy/install/rqt_plot:/home/pi/ros2_jazzy/install/ros2doctor:/home/pi/ros2_jazzy/install/lifecycle_py:/home/pi/ros2_jazzy/install/examples_rclpy_minimal_subscriber:/home/pi/ros2_jazzy/install/examples_rclpy_minimal_service:/home/pi/ros2_jazzy/install/examples_rclpy_minimal_publisher:/home/pi/ros2_jazzy/install/examples_rclpy_minimal_client:/home/pi/ros2_jazzy/install/examples_rclpy_executors:/home/pi/ros2_jazzy/install/demo_nodes_py:/home/pi/ros2_jazzy/install/rqt:/home/pi/ros2_jazzy/install/ros2component:/home/pi/ros2_jazzy/install/sros2:/home/pi/ros2_jazzy/install/rqt_topic:/home/pi/ros2_jazzy/install/rqt_srv:/home/pi/ros2_jazzy/install/rqt_shell:/home/pi/ros2_jazzy/install/rqt_service_caller:/home/pi/ros2_jazzy/install/rqt_reconfigure:/home/pi/ros2_jazzy/install/rqt_py_console:/home/pi/ros2_jazzy/install/rqt_publisher:/home/pi/ros2_jazzy/install/rqt_action:/home/pi/ros2_jazzy/install/rqt_msg:/home/pi/ros2_jazzy/install/rqt_console:/home/pi/ros2_jazzy/install/rqt_graph:/home/pi/ros2_jazzy/install/rqt_gui_py:/home/pi/ros2_jazzy/install/rqt_gui:/home/pi/ros2_jazzy/install/ros2trace:/home/pi/ros2_jazzy/install/ros2topic:/home/pi/ros2_jazzy/install/ros2test:/home/pi/ros2_jazzy/install/ros2param:/home/pi/ros2_jazzy/install/ros2lifecycle:/home/pi/ros2_jazzy/install/ros2service:/home/pi/ros2_jazzy/install/ros2run:/home/pi/ros2_jazzy/install/ros2launch:/home/pi/ros2_jazzy/install/ros2pkg:/home/pi/ros2_jazzy/install/ros2node:/home/pi/ros2_jazzy/install/ros2multicast:/home/pi/ros2_jazzy/install/ros2interface:/home/pi/ros2_jazzy/install/ros2action:/home/pi/ros2_jazzy/install/ros2cli:/home/pi/ros2_jazzy/install/launch_testing_ros:/home/pi/ros2_jazzy/install/launch_ros:/home/pi/ros2_jazzy/install/examples_rclpy_minimal_action_server:/home/pi/ros2_jazzy/install/examples_rclpy_minimal_action_client:/home/pi/ros2_jazzy/install/examples_rclpy_guard_conditions:/home/pi/ros2_jazzy/install/action_tutorials_py:/home/pi/ros2_jazzy/install/ament_uncrustify:/home/pi/ros2_jazzy/install/tracetools_trace:/home/pi/ros2_jazzy/install/tracetools_read:/home/pi/ros2_jazzy/install/test_tracetools_launch:/home/pi/ros2_jazzy/install/test_ros2trace:/home/pi/ros2_jazzy/install/test_launch_ros:/home/pi/ros2_jazzy/install/rpyutils:/home/pi/ros2_jazzy/install/rosidl_runtime_py:/home/pi/ros2_jazzy/install/rosidl_pycommon:/home/pi/ros2_jazzy/install/rosidl_cli:/home/pi/ros2_jazzy/install/launch_pytest:/home/pi/ros2_jazzy/install/launch_testing:/home/pi/ros2_jazzy/install/launch_yaml:/home/pi/ros2_jazzy/install/launch_xml:/home/pi/ros2_jazzy/install/launch:/home/pi/ros2_jazzy/install/osrf_pycommon:/home/pi/ros2_jazzy/install/domain_coordinator:/home/pi/ros2_jazzy/install/ament_xmllint:/home/pi/ros2_jazzy/install/ament_pyflakes:/home/pi/ros2_jazzy/install/ament_pycodestyle:/home/pi/ros2_jazzy/install/ament_pep257:/home/pi/ros2_jazzy/install/ament_pclint:/home/pi/ros2_jazzy/install/ament_package:/home/pi/ros2_jazzy/install/ament_mypy:/home/pi/ros2_jazzy/install/ament_lint_cmake:/home/pi/ros2_jazzy/install/ament_flake8:/home/pi/ros2_jazzy/install/ament_copyright:/home/pi/ros2_jazzy/install/ament_lint:/home/pi/ros2_jazzy/install/ament_index_python:/home/pi/ros2_jazzy/install/ament_cpplint:/home/pi/ros2_jazzy/install/ament_cppcheck:/home/pi/ros2_jazzy/install/ament_clang_tidy:/home/pi/ros2_jazzy/install/ament_clang_format /usr/bin/cmake --install /home/pi/torsobot/Code/Code/ros2_ws/build/torsobot_interfaces
