[0.012s] Invoking command in '/home/aansari/torsobot/Code/Code/ros2_ws/build/turtlesim': CMAKE_PREFIX_PATH=${CMAKE_PREFIX_PATH}:/home/aansari/ros2_prac/install/xarmrob:/home/aansari/ros2_prac/install/mobrob:/opt/ros/jazzy DEBUGINFOD_URLS=https://debuginfod.ubuntu.com /usr/bin/cmake /home/aansari/torsobot/Code/Code/ros2_ws/src/ros_tutorials/turtlesim -DCMAKE_INSTALL_PREFIX=/home/aansari/torsobot/Code/Code/ros2_ws/install/turtlesim
[0.075s] -- The C compiler identification is GNU 13.3.0
[0.142s] -- The CXX compiler identification is GNU 13.3.0
[0.160s] -- Detecting C compiler ABI info
[0.259s] -- Detecting C compiler ABI info - done
[0.271s] -- Check for working C compiler: /usr/bin/cc - skipped
[0.272s] -- Detecting C compile features
[0.272s] -- Detecting C compile features - done
[0.283s] -- Detecting CXX compiler ABI info
[0.393s] -- Detecting CXX compiler ABI info - done
[0.405s] -- Check for working CXX compiler: /usr/bin/c++ - skipped
[0.405s] -- Detecting CXX compile features
[0.406s] -- Detecting CXX compile features - done
[0.409s] -- Found ament_cmake: 2.5.3 (/opt/ros/jazzy/share/ament_cmake/cmake)
[0.598s] -- Found Python3: /usr/bin/python3 (found version "3.12.3") found components: Interpreter 
[0.737s] -- Found ament_index_cpp: 1.8.1 (/opt/ros/jazzy/share/ament_index_cpp/cmake)
[0.741s] -- Found geometry_msgs: 5.3.5 (/opt/ros/jazzy/share/geometry_msgs/cmake)
[0.792s] -- Found rosidl_generator_c: 4.6.5 (/opt/ros/jazzy/share/rosidl_generator_c/cmake)
[0.809s] -- Found rosidl_generator_cpp: 4.6.5 (/opt/ros/jazzy/share/rosidl_generator_cpp/cmake)
[0.830s] -- Using all available rosidl_typesupport_c: rosidl_typesupport_fastrtps_c;rosidl_typesupport_introspection_c
[0.853s] -- Using all available rosidl_typesupport_cpp: rosidl_typesupport_fastrtps_cpp;rosidl_typesupport_introspection_cpp
[0.975s] -- Found rcl_interfaces: 2.0.2 (/opt/ros/jazzy/share/rcl_interfaces/cmake)
[1.030s] -- Found rclcpp: 28.1.6 (/opt/ros/jazzy/share/rclcpp/cmake)
[1.059s] -- Found rmw_implementation_cmake: 7.3.1 (/opt/ros/jazzy/share/rmw_implementation_cmake/cmake)
[1.062s] -- Found rmw_fastrtps_cpp: 8.4.1 (/opt/ros/jazzy/share/rmw_fastrtps_cpp/cmake)
[1.157s] -- Found OpenSSL: /usr/lib/x86_64-linux-gnu/libcrypto.so (found version "3.0.13")  
[1.184s] -- Found FastRTPS: /opt/ros/jazzy/include (Required is at least version "2.13") 
[1.217s] -- Using RMW implementation 'rmw_fastrtps_cpp' as default
[1.311s] -- Found rclcpp_action: 28.1.6 (/opt/ros/jazzy/share/rclcpp_action/cmake)
[1.372s] -- Found rosidl_default_generators: 1.6.0 (/opt/ros/jazzy/share/rosidl_default_generators/cmake)
[1.399s] -- Found rosidl_adapter: 4.6.5 (/opt/ros/jazzy/share/rosidl_adapter/cmake)
[1.407s] -- Found std_srvs: 5.3.5 (/opt/ros/jazzy/share/std_srvs/cmake)
[2.243s] -- Found ament_cmake_ros: 0.12.0 (/opt/ros/jazzy/share/ament_cmake_ros/cmake)
[3.302s] -- Using all available rosidl_typesupport_c: rosidl_typesupport_fastrtps_c;rosidl_typesupport_introspection_c
[3.682s] -- Using all available rosidl_typesupport_cpp: rosidl_typesupport_fastrtps_cpp;rosidl_typesupport_introspection_cpp
[3.686s] -- Found python_cmake_module: 0.11.1 (/opt/ros/jazzy/share/python_cmake_module/cmake)
[3.858s] -- Found PythonExtra: /usr/bin/python3  
[4.808s] -- Found Python3: /usr/bin/python3 (found version "3.12.3") found components: Interpreter Development NumPy Development.Module Development.Embed 
[4.879s] -- Found ament_lint_auto: 0.17.1 (/opt/ros/jazzy/share/ament_lint_auto/cmake)
[4.922s] -- Added test 'copyright' to check source files copyright and LICENSE
[4.926s] -- Added test 'cppcheck' to perform static code analysis on C / C++ code
[4.929s] -- Configured cppcheck include dirs: /home/aansari/torsobot/Code/Code/ros2_ws/src/ros_tutorials/turtlesim/include
[4.929s] -- Configured cppcheck exclude dirs and/or files: 
[4.932s] -- Added test 'cpplint' to check C / C++ code against the Google style
[4.932s] -- Configured cpplint exclude dirs and/or files: 
[4.933s] -- Added test 'flake8' to check Python code syntax and style conventions
[4.933s] -- Configured 'flake8' exclude dirs and/or files: 
[4.934s] -- Added test 'lint_cmake' to check CMake code style
[4.935s] -- Added test 'pep257' to check Python code against some of the docstring style conventions in PEP 257
[4.938s] -- Added test 'uncrustify' to check C / C++ code style
[4.938s] -- Configured uncrustify additional arguments: 
[4.939s] -- Added test 'xmllint' to check XML markup files
[4.942s] -- Configuring done (4.9s)
[5.038s] -- Generating done (0.1s)
[5.063s] -- Build files have been written to: /home/aansari/torsobot/Code/Code/ros2_ws/build/turtlesim
[5.082s] Invoked command in '/home/aansari/torsobot/Code/Code/ros2_ws/build/turtlesim' returned '0': CMAKE_PREFIX_PATH=${CMAKE_PREFIX_PATH}:/home/aansari/ros2_prac/install/xarmrob:/home/aansari/ros2_prac/install/mobrob:/opt/ros/jazzy DEBUGINFOD_URLS=https://debuginfod.ubuntu.com /usr/bin/cmake /home/aansari/torsobot/Code/Code/ros2_ws/src/ros_tutorials/turtlesim -DCMAKE_INSTALL_PREFIX=/home/aansari/torsobot/Code/Code/ros2_ws/install/turtlesim
[5.084s] Invoking command in '/home/aansari/torsobot/Code/Code/ros2_ws/build/turtlesim': CMAKE_PREFIX_PATH=${CMAKE_PREFIX_PATH}:/home/aansari/ros2_prac/install/xarmrob:/home/aansari/ros2_prac/install/mobrob:/opt/ros/jazzy DEBUGINFOD_URLS=https://debuginfod.ubuntu.com /usr/bin/cmake --build /home/aansari/torsobot/Code/Code/ros2_ws/build/turtlesim -- -j4 -l4
[5.148s] [  0%] [34m[1mGenerating type hashes for ROS interfaces[0m
[5.159s] [  0%] Built target ament_cmake_python_copy_turtlesim
[5.592s] running egg_info
[5.663s] creating turtlesim.egg-info
[5.663s] writing turtlesim.egg-info/PKG-INFO
[5.663s] writing dependency_links to turtlesim.egg-info/dependency_links.txt
[5.663s] writing top-level names to turtlesim.egg-info/top_level.txt
[5.663s] writing manifest file 'turtlesim.egg-info/SOURCES.txt'
[5.700s] [  0%] Built target turtlesim__rosidl_generator_type_description
[5.719s] [  1%] [34m[1mGenerating C code for ROS interfaces[0m
[5.747s] [  2%] [34m[1mGenerating C++ code for ROS interfaces[0m
[5.869s] reading manifest file 'turtlesim.egg-info/SOURCES.txt'
[5.871s] writing manifest file 'turtlesim.egg-info/SOURCES.txt'
[5.957s] [  2%] Built target ament_cmake_python_build_turtlesim_egg
[7.622s] [  2%] Built target turtlesim__cpp
[7.989s] [  6%] [32mBuilding C object CMakeFiles/turtlesim__rosidl_generator_c.dir/rosidl_generator_c/turtlesim/msg/detail/color__description.c.o[0m
[7.989s] [  6%] [32mBuilding C object CMakeFiles/turtlesim__rosidl_generator_c.dir/rosidl_generator_c/turtlesim/action/detail/rotate_absolute__functions.c.o[0m
[7.990s] [  6%] [32mBuilding C object CMakeFiles/turtlesim__rosidl_generator_c.dir/rosidl_generator_c/turtlesim/action/detail/rotate_absolute__description.c.o[0m
[7.990s] [  6%] [32mBuilding C object CMakeFiles/turtlesim__rosidl_generator_c.dir/rosidl_generator_c/turtlesim/action/detail/rotate_absolute__type_support.c.o[0m
[8.088s] [  7%] [32mBuilding C object CMakeFiles/turtlesim__rosidl_generator_c.dir/rosidl_generator_c/turtlesim/msg/detail/color__functions.c.o[0m
[8.100s] [  7%] [32mBuilding C object CMakeFiles/turtlesim__rosidl_generator_c.dir/rosidl_generator_c/turtlesim/msg/detail/color__type_support.c.o[0m
[8.172s] [  8%] [32mBuilding C object CMakeFiles/turtlesim__rosidl_generator_c.dir/rosidl_generator_c/turtlesim/msg/detail/pose__description.c.o[0m
[8.203s] [  9%] [32mBuilding C object CMakeFiles/turtlesim__rosidl_generator_c.dir/rosidl_generator_c/turtlesim/msg/detail/pose__functions.c.o[0m
[8.203s] [ 10%] [32mBuilding C object CMakeFiles/turtlesim__rosidl_generator_c.dir/rosidl_generator_c/turtlesim/msg/detail/pose__type_support.c.o[0m
[8.265s] [ 11%] [32mBuilding C object CMakeFiles/turtlesim__rosidl_generator_c.dir/rosidl_generator_c/turtlesim/srv/detail/kill__description.c.o[0m
[8.277s] [ 12%] [32mBuilding C object CMakeFiles/turtlesim__rosidl_generator_c.dir/rosidl_generator_c/turtlesim/srv/detail/kill__functions.c.o[0m
[8.320s] [ 13%] [32mBuilding C object CMakeFiles/turtlesim__rosidl_generator_c.dir/rosidl_generator_c/turtlesim/srv/detail/kill__type_support.c.o[0m
[8.386s] [ 13%] [32mBuilding C object CMakeFiles/turtlesim__rosidl_generator_c.dir/rosidl_generator_c/turtlesim/srv/detail/set_pen__description.c.o[0m
[8.409s] [ 14%] [32mBuilding C object CMakeFiles/turtlesim__rosidl_generator_c.dir/rosidl_generator_c/turtlesim/srv/detail/set_pen__functions.c.o[0m
[8.417s] [ 15%] [32mBuilding C object CMakeFiles/turtlesim__rosidl_generator_c.dir/rosidl_generator_c/turtlesim/srv/detail/set_pen__type_support.c.o[0m
[8.471s] [ 16%] [32mBuilding C object CMakeFiles/turtlesim__rosidl_generator_c.dir/rosidl_generator_c/turtlesim/srv/detail/spawn__description.c.o[0m
[8.538s] [ 17%] [32mBuilding C object CMakeFiles/turtlesim__rosidl_generator_c.dir/rosidl_generator_c/turtlesim/srv/detail/spawn__functions.c.o[0m
[8.565s] [ 18%] [32mBuilding C object CMakeFiles/turtlesim__rosidl_generator_c.dir/rosidl_generator_c/turtlesim/srv/detail/spawn__type_support.c.o[0m
[8.611s] [ 19%] [32mBuilding C object CMakeFiles/turtlesim__rosidl_generator_c.dir/rosidl_generator_c/turtlesim/srv/detail/teleport_absolute__description.c.o[0m
[8.611s] [ 20%] [32mBuilding C object CMakeFiles/turtlesim__rosidl_generator_c.dir/rosidl_generator_c/turtlesim/srv/detail/teleport_absolute__functions.c.o[0m
[8.661s] [ 20%] [32mBuilding C object CMakeFiles/turtlesim__rosidl_generator_c.dir/rosidl_generator_c/turtlesim/srv/detail/teleport_absolute__type_support.c.o[0m
[8.780s] [ 21%] [32mBuilding C object CMakeFiles/turtlesim__rosidl_generator_c.dir/rosidl_generator_c/turtlesim/srv/detail/teleport_relative__functions.c.o[0m
[8.783s] [ 22%] [32mBuilding C object CMakeFiles/turtlesim__rosidl_generator_c.dir/rosidl_generator_c/turtlesim/srv/detail/teleport_relative__description.c.o[0m
[8.796s] [ 23%] [32mBuilding C object CMakeFiles/turtlesim__rosidl_generator_c.dir/rosidl_generator_c/turtlesim/srv/detail/teleport_relative__type_support.c.o[0m
[8.914s] [ 24%] [32m[1mLinking C shared library libturtlesim__rosidl_generator_c.so[0m
[8.966s] [ 24%] Built target turtlesim__rosidl_generator_c
[8.985s] [ 27%] [34m[1mGenerating C type support for eProsima Fast-RTPS[0m
[8.986s] [ 27%] [34m[1mGenerating C++ type support dispatch for ROS interfaces[0m
[8.986s] [ 28%] [34m[1mGenerating C introspection for ROS interfaces[0m
[8.987s] [ 27%] [34m[1mGenerating C++ type support for eProsima Fast-RTPS[0m
[10.747s] [ 29%] [32mBuilding CXX object CMakeFiles/turtlesim__rosidl_typesupport_cpp.dir/rosidl_typesupport_cpp/turtlesim/action/rotate_absolute__type_support.cpp.o[0m
[11.537s] [ 30%] [32mBuilding C object CMakeFiles/turtlesim__rosidl_typesupport_introspection_c.dir/rosidl_typesupport_introspection_c/turtlesim/action/detail/rotate_absolute__type_support.c.o[0m
[11.713s] [ 31%] [32mBuilding C object CMakeFiles/turtlesim__rosidl_typesupport_introspection_c.dir/rosidl_typesupport_introspection_c/turtlesim/msg/detail/color__type_support.c.o[0m
[11.808s] [ 31%] [32mBuilding C object CMakeFiles/turtlesim__rosidl_typesupport_introspection_c.dir/rosidl_typesupport_introspection_c/turtlesim/msg/detail/pose__type_support.c.o[0m
[11.899s] [ 32%] [32mBuilding C object CMakeFiles/turtlesim__rosidl_typesupport_introspection_c.dir/rosidl_typesupport_introspection_c/turtlesim/srv/detail/kill__type_support.c.o[0m
[12.016s] [ 33%] [32mBuilding C object CMakeFiles/turtlesim__rosidl_typesupport_introspection_c.dir/rosidl_typesupport_introspection_c/turtlesim/srv/detail/set_pen__type_support.c.o[0m
[12.134s] [ 34%] [32mBuilding C object CMakeFiles/turtlesim__rosidl_typesupport_introspection_c.dir/rosidl_typesupport_introspection_c/turtlesim/srv/detail/spawn__type_support.c.o[0m
[12.253s] [ 35%] [32mBuilding C object CMakeFiles/turtlesim__rosidl_typesupport_introspection_c.dir/rosidl_typesupport_introspection_c/turtlesim/srv/detail/teleport_absolute__type_support.c.o[0m
[12.372s] [ 36%] [32mBuilding C object CMakeFiles/turtlesim__rosidl_typesupport_introspection_c.dir/rosidl_typesupport_introspection_c/turtlesim/srv/detail/teleport_relative__type_support.c.o[0m
[12.491s] [ 37%] [32m[1mLinking C shared library libturtlesim__rosidl_typesupport_introspection_c.so[0m
[12.566s] [ 37%] Built target turtlesim__rosidl_typesupport_introspection_c
[12.636s] [ 38%] [34m[1mGenerating C type support dispatch for ROS interfaces[0m
[12.654s] [ 39%] [32mBuilding CXX object CMakeFiles/turtlesim__rosidl_typesupport_cpp.dir/rosidl_typesupport_cpp/turtlesim/msg/color__type_support.cpp.o[0m
[12.794s] [ 40%] [32mBuilding CXX object CMakeFiles/turtlesim__rosidl_typesupport_fastrtps_cpp.dir/rosidl_typesupport_fastrtps_cpp/turtlesim/action/detail/dds_fastrtps/rotate_absolute__type_support.cpp.o[0m
[12.964s] [ 40%] [32mBuilding CXX object CMakeFiles/turtlesim__rosidl_typesupport_fastrtps_c.dir/rosidl_typesupport_fastrtps_c/turtlesim/action/detail/rotate_absolute__type_support_c.cpp.o[0m
[13.457s] [ 41%] [32mBuilding CXX object CMakeFiles/turtlesim__rosidl_typesupport_cpp.dir/rosidl_typesupport_cpp/turtlesim/msg/pose__type_support.cpp.o[0m
[14.254s] [ 42%] [32mBuilding CXX object CMakeFiles/turtlesim__rosidl_typesupport_c.dir/rosidl_typesupport_c/turtlesim/action/rotate_absolute__type_support.cpp.o[0m
[14.274s] [ 42%] [32mBuilding CXX object CMakeFiles/turtlesim__rosidl_typesupport_cpp.dir/rosidl_typesupport_cpp/turtlesim/srv/kill__type_support.cpp.o[0m
[14.404s] [ 43%] [32mBuilding CXX object CMakeFiles/turtlesim__rosidl_typesupport_c.dir/rosidl_typesupport_c/turtlesim/msg/color__type_support.cpp.o[0m
[14.478s] [ 44%] [32mBuilding CXX object CMakeFiles/turtlesim__rosidl_typesupport_fastrtps_c.dir/rosidl_typesupport_fastrtps_c/turtlesim/msg/detail/color__type_support_c.cpp.o[0m
[14.507s] [ 45%] [32mBuilding CXX object CMakeFiles/turtlesim__rosidl_typesupport_c.dir/rosidl_typesupport_c/turtlesim/msg/pose__type_support.cpp.o[0m
[14.611s] [ 46%] [32mBuilding CXX object CMakeFiles/turtlesim__rosidl_typesupport_c.dir/rosidl_typesupport_c/turtlesim/srv/kill__type_support.cpp.o[0m
[14.727s] [ 47%] [32mBuilding CXX object CMakeFiles/turtlesim__rosidl_typesupport_c.dir/rosidl_typesupport_c/turtlesim/srv/set_pen__type_support.cpp.o[0m
[14.847s] [ 47%] [32mBuilding CXX object CMakeFiles/turtlesim__rosidl_typesupport_c.dir/rosidl_typesupport_c/turtlesim/srv/spawn__type_support.cpp.o[0m
[14.967s] [ 48%] [32mBuilding CXX object CMakeFiles/turtlesim__rosidl_typesupport_c.dir/rosidl_typesupport_c/turtlesim/srv/teleport_absolute__type_support.cpp.o[0m
[15.091s] [ 49%] [32mBuilding CXX object CMakeFiles/turtlesim__rosidl_typesupport_c.dir/rosidl_typesupport_c/turtlesim/srv/teleport_relative__type_support.cpp.o[0m
[15.208s] [ 50%] [32m[1mLinking CXX shared library libturtlesim__rosidl_typesupport_c.so[0m
[15.314s] [ 50%] Built target turtlesim__rosidl_typesupport_c
[15.340s] [ 51%] [32mBuilding CXX object CMakeFiles/turtlesim__rosidl_typesupport_fastrtps_cpp.dir/rosidl_typesupport_fastrtps_cpp/turtlesim/msg/detail/dds_fastrtps/color__type_support.cpp.o[0m
[15.383s] [ 52%] [32mBuilding CXX object CMakeFiles/turtlesim__rosidl_typesupport_cpp.dir/rosidl_typesupport_cpp/turtlesim/srv/set_pen__type_support.cpp.o[0m
[15.477s] [ 53%] [32mBuilding CXX object CMakeFiles/turtlesim__rosidl_typesupport_fastrtps_cpp.dir/rosidl_typesupport_fastrtps_cpp/turtlesim/msg/detail/dds_fastrtps/pose__type_support.cpp.o[0m
[15.725s] [ 54%] [32mBuilding CXX object CMakeFiles/turtlesim__rosidl_typesupport_fastrtps_c.dir/rosidl_typesupport_fastrtps_c/turtlesim/msg/detail/pose__type_support_c.cpp.o[0m
[16.566s] [ 55%] [32mBuilding CXX object CMakeFiles/turtlesim__rosidl_typesupport_cpp.dir/rosidl_typesupport_cpp/turtlesim/srv/spawn__type_support.cpp.o[0m
[16.762s] [ 56%] [32mBuilding CXX object CMakeFiles/turtlesim__rosidl_typesupport_cpp.dir/rosidl_typesupport_cpp/turtlesim/srv/teleport_absolute__type_support.cpp.o[0m
[16.826s] [ 57%] [32mBuilding CXX object CMakeFiles/turtlesim__rosidl_typesupport_fastrtps_cpp.dir/rosidl_typesupport_fastrtps_cpp/turtlesim/srv/detail/dds_fastrtps/kill__type_support.cpp.o[0m
[16.908s] [ 58%] [32mBuilding CXX object CMakeFiles/turtlesim__rosidl_typesupport_fastrtps_c.dir/rosidl_typesupport_fastrtps_c/turtlesim/srv/detail/kill__type_support_c.cpp.o[0m
[17.618s] [ 58%] [34m[1mGenerating C++ introspection for ROS interfaces[0m
[17.791s] [ 59%] [32mBuilding CXX object CMakeFiles/turtlesim__rosidl_typesupport_cpp.dir/rosidl_typesupport_cpp/turtlesim/srv/teleport_relative__type_support.cpp.o[0m
[18.216s] [ 60%] [32mBuilding CXX object CMakeFiles/turtlesim__rosidl_typesupport_fastrtps_c.dir/rosidl_typesupport_fastrtps_c/turtlesim/srv/detail/set_pen__type_support_c.cpp.o[0m
[18.419s] [ 60%] [32mBuilding CXX object CMakeFiles/turtlesim__rosidl_typesupport_fastrtps_cpp.dir/rosidl_typesupport_fastrtps_cpp/turtlesim/srv/detail/dds_fastrtps/set_pen__type_support.cpp.o[0m
[18.820s] [ 61%] [32m[1mLinking CXX shared library libturtlesim__rosidl_typesupport_cpp.so[0m
[19.026s] [ 61%] Built target turtlesim__rosidl_typesupport_cpp
[19.046s] [ 62%] [32mBuilding CXX object CMakeFiles/turtlesim__rosidl_typesupport_fastrtps_cpp.dir/rosidl_typesupport_fastrtps_cpp/turtlesim/srv/detail/dds_fastrtps/spawn__type_support.cpp.o[0m
[19.530s] [ 63%] [32mBuilding CXX object CMakeFiles/turtlesim__rosidl_typesupport_fastrtps_c.dir/rosidl_typesupport_fastrtps_c/turtlesim/srv/detail/spawn__type_support_c.cpp.o[0m
[20.126s] [ 64%] [34m[1mGenerating include/turtlesim/moc_turtle_frame.cpp[0m
[20.134s] [ 65%] [32mBuilding CXX object CMakeFiles/turtlesim__rosidl_typesupport_introspection_cpp.dir/rosidl_typesupport_introspection_cpp/turtlesim/action/detail/rotate_absolute__type_support.cpp.o[0m
[20.345s] [ 66%] [32mBuilding CXX object CMakeFiles/turtlesim_node.dir/src/turtlesim.cpp.o[0m
[20.943s] [ 67%] [32mBuilding CXX object CMakeFiles/turtlesim__rosidl_typesupport_fastrtps_cpp.dir/rosidl_typesupport_fastrtps_cpp/turtlesim/srv/detail/dds_fastrtps/teleport_absolute__type_support.cpp.o[0m
[21.076s] [ 68%] [32mBuilding CXX object CMakeFiles/turtlesim__rosidl_typesupport_fastrtps_c.dir/rosidl_typesupport_fastrtps_c/turtlesim/srv/detail/teleport_absolute__type_support_c.cpp.o[0m
[22.215s] [ 69%] [32mBuilding CXX object CMakeFiles/turtlesim__rosidl_typesupport_introspection_cpp.dir/rosidl_typesupport_introspection_cpp/turtlesim/msg/detail/color__type_support.cpp.o[0m
[22.510s] [ 69%] [32mBuilding CXX object CMakeFiles/turtlesim__rosidl_typesupport_fastrtps_c.dir/rosidl_typesupport_fastrtps_c/turtlesim/srv/detail/teleport_relative__type_support_c.cpp.o[0m
[22.800s] [ 70%] [32mBuilding CXX object CMakeFiles/turtlesim__rosidl_typesupport_fastrtps_cpp.dir/rosidl_typesupport_fastrtps_cpp/turtlesim/srv/detail/dds_fastrtps/teleport_relative__type_support.cpp.o[0m
[23.126s] [ 71%] [32mBuilding CXX object CMakeFiles/turtlesim__rosidl_typesupport_introspection_cpp.dir/rosidl_typesupport_introspection_cpp/turtlesim/msg/detail/pose__type_support.cpp.o[0m
[23.968s] [ 72%] [32m[1mLinking CXX shared library libturtlesim__rosidl_typesupport_fastrtps_c.so[0m
[24.048s] [ 73%] [32mBuilding CXX object CMakeFiles/turtlesim__rosidl_typesupport_introspection_cpp.dir/rosidl_typesupport_introspection_cpp/turtlesim/srv/detail/kill__type_support.cpp.o[0m
[24.161s] [ 73%] Built target turtlesim__rosidl_typesupport_fastrtps_c
[24.177s] [ 74%] [32mBuilding CXX object CMakeFiles/turtlesim__rosidl_typesupport_introspection_cpp.dir/rosidl_typesupport_introspection_cpp/turtlesim/srv/detail/set_pen__type_support.cpp.o[0m
[24.357s] [ 75%] [32m[1mLinking CXX shared library libturtlesim__rosidl_typesupport_fastrtps_cpp.so[0m
[24.583s] [ 75%] Built target turtlesim__rosidl_typesupport_fastrtps_cpp
[24.603s] [ 76%] [32mBuilding CXX object CMakeFiles/turtlesim_node.dir/src/turtle.cpp.o[0m
[25.111s] [ 77%] [32mBuilding CXX object CMakeFiles/turtlesim_node.dir/src/turtle_frame.cpp.o[0m
[25.222s] [ 78%] [32mBuilding CXX object CMakeFiles/turtlesim__rosidl_typesupport_introspection_cpp.dir/rosidl_typesupport_introspection_cpp/turtlesim/srv/detail/spawn__type_support.cpp.o[0m
[26.307s] [ 78%] [32mBuilding CXX object CMakeFiles/turtlesim__rosidl_typesupport_introspection_cpp.dir/rosidl_typesupport_introspection_cpp/turtlesim/srv/detail/teleport_absolute__type_support.cpp.o[0m
[27.287s] [ 79%] [32mBuilding CXX object CMakeFiles/turtlesim__rosidl_typesupport_introspection_cpp.dir/rosidl_typesupport_introspection_cpp/turtlesim/srv/detail/teleport_relative__type_support.cpp.o[0m
[28.522s] [ 80%] [32m[1mLinking CXX shared library libturtlesim__rosidl_typesupport_introspection_cpp.so[0m
[28.828s] [ 80%] Built target turtlesim__rosidl_typesupport_introspection_cpp
[28.850s] [ 80%] [32mBuilding CXX object CMakeFiles/turtlesim_node.dir/include/turtlesim/moc_turtle_frame.cpp.o[0m
[33.966s] [ 81%] [32mBuilding CXX object CMakeFiles/turtle_teleop_key.dir/tutorials/teleop_turtle_key.cpp.o[0m
[42.096s] [ 81%] [32mBuilding CXX object CMakeFiles/draw_square.dir/tutorials/draw_square.cpp.o[0m
[50.887s] [ 82%] [32m[1mLinking CXX executable turtle_teleop_key[0m
[51.632s] [ 82%] Built target turtle_teleop_key
[51.696s] [ 83%] [32mBuilding CXX object CMakeFiles/mimic.dir/tutorials/mimic.cpp.o[0m
[59.776s] [ 84%] [32m[1mLinking CXX executable turtlesim_node[0m
[62.837s] [ 84%] Built target turtlesim_node
[62.892s] [ 84%] Built target turtlesim
[62.944s] [ 84%] [34m[1mGenerating Python code for ROS interfaces[0m
[65.504s] [ 85%] [32m[1mLinking CXX executable draw_square[0m
[66.097s] [ 85%] Built target draw_square
[66.904s] [ 85%] Built target turtlesim__py
[66.938s] [ 87%] [32mBuilding C object CMakeFiles/turtlesim__rosidl_generator_py.dir/rosidl_generator_py/turtlesim/action/_rotate_absolute_s.c.o[0m
[66.939s] [ 87%] [32mBuilding C object CMakeFiles/turtlesim__rosidl_generator_py.dir/rosidl_generator_py/turtlesim/msg/_pose_s.c.o[0m
[66.939s] [ 87%] [32mBuilding C object CMakeFiles/turtlesim__rosidl_generator_py.dir/rosidl_generator_py/turtlesim/msg/_color_s.c.o[0m
[67.335s] [ 88%] [32mBuilding C object CMakeFiles/turtlesim__rosidl_generator_py.dir/rosidl_generator_py/turtlesim/srv/_kill_s.c.o[0m
[67.348s] [ 89%] [32mBuilding C object CMakeFiles/turtlesim__rosidl_generator_py.dir/rosidl_generator_py/turtlesim/srv/_set_pen_s.c.o[0m
[67.569s] [ 90%] [32mBuilding C object CMakeFiles/turtlesim__rosidl_generator_py.dir/rosidl_generator_py/turtlesim/srv/_spawn_s.c.o[0m
[67.740s] [ 91%] [32mBuilding C object CMakeFiles/turtlesim__rosidl_generator_py.dir/rosidl_generator_py/turtlesim/srv/_teleport_absolute_s.c.o[0m
[67.770s] [ 92%] [32mBuilding C object CMakeFiles/turtlesim__rosidl_generator_py.dir/rosidl_generator_py/turtlesim/srv/_teleport_relative_s.c.o[0m
[68.134s] [ 93%] [32m[1mLinking C shared library libturtlesim__rosidl_generator_py.so[0m
[68.203s] [ 93%] Built target turtlesim__rosidl_generator_py
[68.243s] [ 95%] [32mBuilding C object CMakeFiles/turtlesim_s__rosidl_typesupport_fastrtps_c.dir/rosidl_generator_py/turtlesim/_turtlesim_s.ep.rosidl_typesupport_fastrtps_c.c.o[0m
[68.244s] [ 95%] [32mBuilding C object CMakeFiles/turtlesim_s__rosidl_typesupport_introspection_c.dir/rosidl_generator_py/turtlesim/_turtlesim_s.ep.rosidl_typesupport_introspection_c.c.o[0m
[68.625s] [ 96%] [32m[1mLinking C shared module rosidl_generator_py/turtlesim/turtlesim_s__rosidl_typesupport_introspection_c.so[0m
[68.673s] [ 96%] Built target turtlesim_s__rosidl_typesupport_introspection_c
[68.702s] [ 97%] [32mBuilding C object CMakeFiles/turtlesim_s__rosidl_typesupport_c.dir/rosidl_generator_py/turtlesim/_turtlesim_s.ep.rosidl_typesupport_c.c.o[0m
[68.759s] [ 98%] [32m[1mLinking C shared module rosidl_generator_py/turtlesim/turtlesim_s__rosidl_typesupport_fastrtps_c.so[0m
[68.860s] [ 98%] Built target turtlesim_s__rosidl_typesupport_fastrtps_c
[69.102s] [ 99%] [32m[1mLinking C shared module rosidl_generator_py/turtlesim/turtlesim_s__rosidl_typesupport_c.so[0m
[69.156s] [ 99%] Built target turtlesim_s__rosidl_typesupport_c
[70.273s] [100%] [32m[1mLinking CXX executable mimic[0m
[70.751s] [100%] Built target mimic
[70.769s] Invoked command in '/home/aansari/torsobot/Code/Code/ros2_ws/build/turtlesim' returned '0': CMAKE_PREFIX_PATH=${CMAKE_PREFIX_PATH}:/home/aansari/ros2_prac/install/xarmrob:/home/aansari/ros2_prac/install/mobrob:/opt/ros/jazzy DEBUGINFOD_URLS=https://debuginfod.ubuntu.com /usr/bin/cmake --build /home/aansari/torsobot/Code/Code/ros2_ws/build/turtlesim -- -j4 -l4
[70.784s] Invoking command in '/home/aansari/torsobot/Code/Code/ros2_ws/build/turtlesim': CMAKE_PREFIX_PATH=${CMAKE_PREFIX_PATH}:/home/aansari/ros2_prac/install/xarmrob:/home/aansari/ros2_prac/install/mobrob:/opt/ros/jazzy DEBUGINFOD_URLS=https://debuginfod.ubuntu.com /usr/bin/cmake --install /home/aansari/torsobot/Code/Code/ros2_ws/build/turtlesim
[70.795s] -- Install configuration: ""
[70.795s] -- Installing: /home/aansari/torsobot/Code/Code/ros2_ws/install/turtlesim/share/ament_index/resource_index/rosidl_interfaces/turtlesim
[70.796s] -- Installing: /home/aansari/torsobot/Code/Code/ros2_ws/install/turtlesim/share/turtlesim/action/RotateAbsolute.json
[70.796s] -- Installing: /home/aansari/torsobot/Code/Code/ros2_ws/install/turtlesim/share/turtlesim/msg/Color.json
[70.796s] -- Installing: /home/aansari/torsobot/Code/Code/ros2_ws/install/turtlesim/share/turtlesim/msg/Pose.json
[70.797s] -- Installing: /home/aansari/torsobot/Code/Code/ros2_ws/install/turtlesim/share/turtlesim/srv/Kill.json
[70.797s] -- Installing: /home/aansari/torsobot/Code/Code/ros2_ws/install/turtlesim/share/turtlesim/srv/SetPen.json
[70.797s] -- Installing: /home/aansari/torsobot/Code/Code/ros2_ws/install/turtlesim/share/turtlesim/srv/Spawn.json
[70.797s] -- Installing: /home/aansari/torsobot/Code/Code/ros2_ws/install/turtlesim/share/turtlesim/srv/TeleportAbsolute.json
[70.797s] -- Installing: /home/aansari/torsobot/Code/Code/ros2_ws/install/turtlesim/share/turtlesim/srv/TeleportRelative.json
[70.798s] -- Installing: /home/aansari/torsobot/Code/Code/ros2_ws/install/turtlesim/include/turtlesim/turtlesim
[70.798s] -- Installing: /home/aansari/torsobot/Code/Code/ros2_ws/install/turtlesim/include/turtlesim/turtlesim/msg
[70.798s] -- Installing: /home/aansari/torsobot/Code/Code/ros2_ws/install/turtlesim/include/turtlesim/turtlesim/msg/rosidl_generator_c__visibility_control.h
[70.798s] -- Installing: /home/aansari/torsobot/Code/Code/ros2_ws/install/turtlesim/include/turtlesim/turtlesim/msg/color.h
[70.798s] -- Installing: /home/aansari/torsobot/Code/Code/ros2_ws/install/turtlesim/include/turtlesim/turtlesim/msg/pose.h
[70.798s] -- Installing: /home/aansari/torsobot/Code/Code/ros2_ws/install/turtlesim/include/turtlesim/turtlesim/msg/detail
[70.799s] -- Installing: /home/aansari/torsobot/Code/Code/ros2_ws/install/turtlesim/include/turtlesim/turtlesim/msg/detail/color__functions.h
[70.799s] -- Installing: /home/aansari/torsobot/Code/Code/ros2_ws/install/turtlesim/include/turtlesim/turtlesim/msg/detail/pose__type_support.c
[70.799s] -- Installing: /home/aansari/torsobot/Code/Code/ros2_ws/install/turtlesim/include/turtlesim/turtlesim/msg/detail/color__struct.h
[70.799s] -- Installing: /home/aansari/torsobot/Code/Code/ros2_ws/install/turtlesim/include/turtlesim/turtlesim/msg/detail/pose__functions.c
[70.799s] -- Installing: /home/aansari/torsobot/Code/Code/ros2_ws/install/turtlesim/include/turtlesim/turtlesim/msg/detail/color__type_support.h
[70.799s] -- Installing: /home/aansari/torsobot/Code/Code/ros2_ws/install/turtlesim/include/turtlesim/turtlesim/msg/detail/pose__description.c
[70.800s] -- Installing: /home/aansari/torsobot/Code/Code/ros2_ws/install/turtlesim/include/turtlesim/turtlesim/msg/detail/color__description.c
[70.800s] -- Installing: /home/aansari/torsobot/Code/Code/ros2_ws/install/turtlesim/include/turtlesim/turtlesim/msg/detail/color__type_support.c
[70.800s] -- Installing: /home/aansari/torsobot/Code/Code/ros2_ws/install/turtlesim/include/turtlesim/turtlesim/msg/detail/color__functions.c
[70.800s] -- Installing: /home/aansari/torsobot/Code/Code/ros2_ws/install/turtlesim/include/turtlesim/turtlesim/msg/detail/pose__type_support.h
[70.800s] -- Installing: /home/aansari/torsobot/Code/Code/ros2_ws/install/turtlesim/include/turtlesim/turtlesim/msg/detail/pose__struct.h
[70.800s] -- Installing: /home/aansari/torsobot/Code/Code/ros2_ws/install/turtlesim/include/turtlesim/turtlesim/msg/detail/pose__functions.h
[70.801s] -- Installing: /home/aansari/torsobot/Code/Code/ros2_ws/install/turtlesim/include/turtlesim/turtlesim/action
[70.801s] -- Installing: /home/aansari/torsobot/Code/Code/ros2_ws/install/turtlesim/include/turtlesim/turtlesim/action/rotate_absolute.h
[70.801s] -- Installing: /home/aansari/torsobot/Code/Code/ros2_ws/install/turtlesim/include/turtlesim/turtlesim/action/detail
[70.801s] -- Installing: /home/aansari/torsobot/Code/Code/ros2_ws/install/turtlesim/include/turtlesim/turtlesim/action/detail/rotate_absolute__struct.h
[70.801s] -- Installing: /home/aansari/torsobot/Code/Code/ros2_ws/install/turtlesim/include/turtlesim/turtlesim/action/detail/rotate_absolute__description.c
[70.801s] -- Installing: /home/aansari/torsobot/Code/Code/ros2_ws/install/turtlesim/include/turtlesim/turtlesim/action/detail/rotate_absolute__functions.c
[70.802s] -- Installing: /home/aansari/torsobot/Code/Code/ros2_ws/install/turtlesim/include/turtlesim/turtlesim/action/detail/rotate_absolute__type_support.c
[70.802s] -- Installing: /home/aansari/torsobot/Code/Code/ros2_ws/install/turtlesim/include/turtlesim/turtlesim/action/detail/rotate_absolute__functions.h
[70.802s] -- Installing: /home/aansari/torsobot/Code/Code/ros2_ws/install/turtlesim/include/turtlesim/turtlesim/action/detail/rotate_absolute__type_support.h
[70.802s] -- Installing: /home/aansari/torsobot/Code/Code/ros2_ws/install/turtlesim/include/turtlesim/turtlesim/srv
[70.802s] -- Installing: /home/aansari/torsobot/Code/Code/ros2_ws/install/turtlesim/include/turtlesim/turtlesim/srv/teleport_absolute.h
[70.802s] -- Installing: /home/aansari/torsobot/Code/Code/ros2_ws/install/turtlesim/include/turtlesim/turtlesim/srv/kill.h
[70.802s] -- Installing: /home/aansari/torsobot/Code/Code/ros2_ws/install/turtlesim/include/turtlesim/turtlesim/srv/set_pen.h
[70.803s] -- Installing: /home/aansari/torsobot/Code/Code/ros2_ws/install/turtlesim/include/turtlesim/turtlesim/srv/spawn.h
[70.803s] -- Installing: /home/aansari/torsobot/Code/Code/ros2_ws/install/turtlesim/include/turtlesim/turtlesim/srv/teleport_relative.h
[70.803s] -- Installing: /home/aansari/torsobot/Code/Code/ros2_ws/install/turtlesim/include/turtlesim/turtlesim/srv/detail
[70.803s] -- Installing: /home/aansari/torsobot/Code/Code/ros2_ws/install/turtlesim/include/turtlesim/turtlesim/srv/detail/kill__struct.h
[70.803s] -- Installing: /home/aansari/torsobot/Code/Code/ros2_ws/install/turtlesim/include/turtlesim/turtlesim/srv/detail/teleport_relative__type_support.h
[70.803s] -- Installing: /home/aansari/torsobot/Code/Code/ros2_ws/install/turtlesim/include/turtlesim/turtlesim/srv/detail/spawn__type_support.h
[70.804s] -- Installing: /home/aansari/torsobot/Code/Code/ros2_ws/install/turtlesim/include/turtlesim/turtlesim/srv/detail/teleport_absolute__struct.h
[70.804s] -- Installing: /home/aansari/torsobot/Code/Code/ros2_ws/install/turtlesim/include/turtlesim/turtlesim/srv/detail/spawn__description.c
[70.804s] -- Installing: /home/aansari/torsobot/Code/Code/ros2_ws/install/turtlesim/include/turtlesim/turtlesim/srv/detail/set_pen__description.c
[70.804s] -- Installing: /home/aansari/torsobot/Code/Code/ros2_ws/install/turtlesim/include/turtlesim/turtlesim/srv/detail/teleport_relative__type_support.c
[70.804s] -- Installing: /home/aansari/torsobot/Code/Code/ros2_ws/install/turtlesim/include/turtlesim/turtlesim/srv/detail/kill__description.c
[70.804s] -- Installing: /home/aansari/torsobot/Code/Code/ros2_ws/install/turtlesim/include/turtlesim/turtlesim/srv/detail/set_pen__functions.h
[70.805s] -- Installing: /home/aansari/torsobot/Code/Code/ros2_ws/install/turtlesim/include/turtlesim/turtlesim/srv/detail/kill__type_support.c
[70.805s] -- Installing: /home/aansari/torsobot/Code/Code/ros2_ws/install/turtlesim/include/turtlesim/turtlesim/srv/detail/spawn__type_support.c
[70.805s] -- Installing: /home/aansari/torsobot/Code/Code/ros2_ws/install/turtlesim/include/turtlesim/turtlesim/srv/detail/kill__type_support.h
[70.805s] -- Installing: /home/aansari/torsobot/Code/Code/ros2_ws/install/turtlesim/include/turtlesim/turtlesim/srv/detail/set_pen__type_support.h
[70.805s] -- Installing: /home/aansari/torsobot/Code/Code/ros2_ws/install/turtlesim/include/turtlesim/turtlesim/srv/detail/teleport_relative__struct.h
[70.805s] -- Installing: /home/aansari/torsobot/Code/Code/ros2_ws/install/turtlesim/include/turtlesim/turtlesim/srv/detail/teleport_relative__functions.c
[70.806s] -- Installing: /home/aansari/torsobot/Code/Code/ros2_ws/install/turtlesim/include/turtlesim/turtlesim/srv/detail/spawn__functions.h
[70.806s] -- Installing: /home/aansari/torsobot/Code/Code/ros2_ws/install/turtlesim/include/turtlesim/turtlesim/srv/detail/teleport_absolute__functions.c
[70.806s] -- Installing: /home/aansari/torsobot/Code/Code/ros2_ws/install/turtlesim/include/turtlesim/turtlesim/srv/detail/teleport_absolute__functions.h
[70.806s] -- Installing: /home/aansari/torsobot/Code/Code/ros2_ws/install/turtlesim/include/turtlesim/turtlesim/srv/detail/spawn__struct.h
[70.806s] -- Installing: /home/aansari/torsobot/Code/Code/ros2_ws/install/turtlesim/include/turtlesim/turtlesim/srv/detail/teleport_absolute__type_support.c
[70.806s] -- Installing: /home/aansari/torsobot/Code/Code/ros2_ws/install/turtlesim/include/turtlesim/turtlesim/srv/detail/teleport_relative__functions.h
[70.806s] -- Installing: /home/aansari/torsobot/Code/Code/ros2_ws/install/turtlesim/include/turtlesim/turtlesim/srv/detail/set_pen__type_support.c
[70.807s] -- Installing: /home/aansari/torsobot/Code/Code/ros2_ws/install/turtlesim/include/turtlesim/turtlesim/srv/detail/kill__functions.h
[70.807s] -- Installing: /home/aansari/torsobot/Code/Code/ros2_ws/install/turtlesim/include/turtlesim/turtlesim/srv/detail/set_pen__struct.h
[70.807s] -- Installing: /home/aansari/torsobot/Code/Code/ros2_ws/install/turtlesim/include/turtlesim/turtlesim/srv/detail/teleport_absolute__description.c
[70.807s] -- Installing: /home/aansari/torsobot/Code/Code/ros2_ws/install/turtlesim/include/turtlesim/turtlesim/srv/detail/teleport_absolute__type_support.h
[70.807s] -- Installing: /home/aansari/torsobot/Code/Code/ros2_ws/install/turtlesim/include/turtlesim/turtlesim/srv/detail/spawn__functions.c
[70.807s] -- Installing: /home/aansari/torsobot/Code/Code/ros2_ws/install/turtlesim/include/turtlesim/turtlesim/srv/detail/kill__functions.c
[70.808s] -- Installing: /home/aansari/torsobot/Code/Code/ros2_ws/install/turtlesim/include/turtlesim/turtlesim/srv/detail/teleport_relative__description.c
[70.808s] -- Installing: /home/aansari/torsobot/Code/Code/ros2_ws/install/turtlesim/include/turtlesim/turtlesim/srv/detail/set_pen__functions.c
[70.808s] -- Installing: /home/aansari/torsobot/Code/Code/ros2_ws/install/turtlesim/share/turtlesim/environment/library_path.sh
[70.808s] -- Installing: /home/aansari/torsobot/Code/Code/ros2_ws/install/turtlesim/share/turtlesim/environment/library_path.dsv
[70.809s] -- Installing: /home/aansari/torsobot/Code/Code/ros2_ws/install/turtlesim/lib/libturtlesim__rosidl_generator_c.so
[70.809s] -- Set non-toolchain portion of runtime path of "/home/aansari/torsobot/Code/Code/ros2_ws/install/turtlesim/lib/libturtlesim__rosidl_generator_c.so" to ""
[70.810s] -- Up-to-date: /home/aansari/torsobot/Code/Code/ros2_ws/install/turtlesim/include/turtlesim/turtlesim
[70.810s] -- Up-to-date: /home/aansari/torsobot/Code/Code/ros2_ws/install/turtlesim/include/turtlesim/turtlesim/msg
[70.810s] -- Installing: /home/aansari/torsobot/Code/Code/ros2_ws/install/turtlesim/include/turtlesim/turtlesim/msg/rosidl_typesupport_fastrtps_c__visibility_control.h
[70.810s] -- Up-to-date: /home/aansari/torsobot/Code/Code/ros2_ws/install/turtlesim/include/turtlesim/turtlesim/msg/detail
[70.811s] -- Installing: /home/aansari/torsobot/Code/Code/ros2_ws/install/turtlesim/include/turtlesim/turtlesim/msg/detail/pose__rosidl_typesupport_fastrtps_c.h
[70.811s] -- Installing: /home/aansari/torsobot/Code/Code/ros2_ws/install/turtlesim/include/turtlesim/turtlesim/msg/detail/color__rosidl_typesupport_fastrtps_c.h
[70.811s] -- Up-to-date: /home/aansari/torsobot/Code/Code/ros2_ws/install/turtlesim/include/turtlesim/turtlesim/action
[70.811s] -- Up-to-date: /home/aansari/torsobot/Code/Code/ros2_ws/install/turtlesim/include/turtlesim/turtlesim/action/detail
[70.812s] -- Installing: /home/aansari/torsobot/Code/Code/ros2_ws/install/turtlesim/include/turtlesim/turtlesim/action/detail/rotate_absolute__rosidl_typesupport_fastrtps_c.h
[70.813s] -- Up-to-date: /home/aansari/torsobot/Code/Code/ros2_ws/install/turtlesim/include/turtlesim/turtlesim/srv
[70.813s] -- Up-to-date: /home/aansari/torsobot/Code/Code/ros2_ws/install/turtlesim/include/turtlesim/turtlesim/srv/detail
[70.813s] -- Installing: /home/aansari/torsobot/Code/Code/ros2_ws/install/turtlesim/include/turtlesim/turtlesim/srv/detail/teleport_relative__rosidl_typesupport_fastrtps_c.h
[70.813s] -- Installing: /home/aansari/torsobot/Code/Code/ros2_ws/install/turtlesim/include/turtlesim/turtlesim/srv/detail/teleport_absolute__rosidl_typesupport_fastrtps_c.h
[70.814s] -- Installing: /home/aansari/torsobot/Code/Code/ros2_ws/install/turtlesim/include/turtlesim/turtlesim/srv/detail/set_pen__rosidl_typesupport_fastrtps_c.h
[70.814s] -- Installing: /home/aansari/torsobot/Code/Code/ros2_ws/install/turtlesim/include/turtlesim/turtlesim/srv/detail/kill__rosidl_typesupport_fastrtps_c.h
[70.815s] -- Installing: /home/aansari/torsobot/Code/Code/ros2_ws/install/turtlesim/include/turtlesim/turtlesim/srv/detail/spawn__rosidl_typesupport_fastrtps_c.h
[70.815s] -- Installing: /home/aansari/torsobot/Code/Code/ros2_ws/install/turtlesim/lib/libturtlesim__rosidl_typesupport_fastrtps_c.so
[70.815s] -- Set non-toolchain portion of runtime path of "/home/aansari/torsobot/Code/Code/ros2_ws/install/turtlesim/lib/libturtlesim__rosidl_typesupport_fastrtps_c.so" to ""
[70.815s] -- Up-to-date: /home/aansari/torsobot/Code/Code/ros2_ws/install/turtlesim/include/turtlesim/turtlesim
[70.816s] -- Up-to-date: /home/aansari/torsobot/Code/Code/ros2_ws/install/turtlesim/include/turtlesim/turtlesim/msg
[70.816s] -- Installing: /home/aansari/torsobot/Code/Code/ros2_ws/install/turtlesim/include/turtlesim/turtlesim/msg/color.hpp
[70.816s] -- Installing: /home/aansari/torsobot/Code/Code/ros2_ws/install/turtlesim/include/turtlesim/turtlesim/msg/pose.hpp
[70.816s] -- Up-to-date: /home/aansari/torsobot/Code/Code/ros2_ws/install/turtlesim/include/turtlesim/turtlesim/msg/detail
[70.816s] -- Installing: /home/aansari/torsobot/Code/Code/ros2_ws/install/turtlesim/include/turtlesim/turtlesim/msg/detail/pose__type_support.hpp
[70.816s] -- Installing: /home/aansari/torsobot/Code/Code/ros2_ws/install/turtlesim/include/turtlesim/turtlesim/msg/detail/color__builder.hpp
[70.817s] -- Installing: /home/aansari/torsobot/Code/Code/ros2_ws/install/turtlesim/include/turtlesim/turtlesim/msg/detail/pose__builder.hpp
[70.817s] -- Installing: /home/aansari/torsobot/Code/Code/ros2_ws/install/turtlesim/include/turtlesim/turtlesim/msg/detail/pose__traits.hpp
[70.817s] -- Installing: /home/aansari/torsobot/Code/Code/ros2_ws/install/turtlesim/include/turtlesim/turtlesim/msg/detail/color__struct.hpp
[70.817s] -- Installing: /home/aansari/torsobot/Code/Code/ros2_ws/install/turtlesim/include/turtlesim/turtlesim/msg/detail/color__type_support.hpp
[70.817s] -- Installing: /home/aansari/torsobot/Code/Code/ros2_ws/install/turtlesim/include/turtlesim/turtlesim/msg/detail/color__traits.hpp
[70.817s] -- Installing: /home/aansari/torsobot/Code/Code/ros2_ws/install/turtlesim/include/turtlesim/turtlesim/msg/detail/pose__struct.hpp
[70.817s] -- Installing: /home/aansari/torsobot/Code/Code/ros2_ws/install/turtlesim/include/turtlesim/turtlesim/msg/rosidl_generator_cpp__visibility_control.hpp
[70.817s] -- Up-to-date: /home/aansari/torsobot/Code/Code/ros2_ws/install/turtlesim/include/turtlesim/turtlesim/action
[70.818s] -- Installing: /home/aansari/torsobot/Code/Code/ros2_ws/install/turtlesim/include/turtlesim/turtlesim/action/rotate_absolute.hpp
[70.818s] -- Up-to-date: /home/aansari/torsobot/Code/Code/ros2_ws/install/turtlesim/include/turtlesim/turtlesim/action/detail
[70.818s] -- Installing: /home/aansari/torsobot/Code/Code/ros2_ws/install/turtlesim/include/turtlesim/turtlesim/action/detail/rotate_absolute__struct.hpp
[70.818s] -- Installing: /home/aansari/torsobot/Code/Code/ros2_ws/install/turtlesim/include/turtlesim/turtlesim/action/detail/rotate_absolute__builder.hpp
[70.818s] -- Installing: /home/aansari/torsobot/Code/Code/ros2_ws/install/turtlesim/include/turtlesim/turtlesim/action/detail/rotate_absolute__traits.hpp
[70.818s] -- Installing: /home/aansari/torsobot/Code/Code/ros2_ws/install/turtlesim/include/turtlesim/turtlesim/action/detail/rotate_absolute__type_support.hpp
[70.818s] -- Up-to-date: /home/aansari/torsobot/Code/Code/ros2_ws/install/turtlesim/include/turtlesim/turtlesim/srv
[70.818s] -- Installing: /home/aansari/torsobot/Code/Code/ros2_ws/install/turtlesim/include/turtlesim/turtlesim/srv/set_pen.hpp
[70.819s] -- Installing: /home/aansari/torsobot/Code/Code/ros2_ws/install/turtlesim/include/turtlesim/turtlesim/srv/teleport_absolute.hpp
[70.819s] -- Installing: /home/aansari/torsobot/Code/Code/ros2_ws/install/turtlesim/include/turtlesim/turtlesim/srv/kill.hpp
[70.819s] -- Up-to-date: /home/aansari/torsobot/Code/Code/ros2_ws/install/turtlesim/include/turtlesim/turtlesim/srv/detail
[70.819s] -- Installing: /home/aansari/torsobot/Code/Code/ros2_ws/install/turtlesim/include/turtlesim/turtlesim/srv/detail/kill__builder.hpp
[70.819s] -- Installing: /home/aansari/torsobot/Code/Code/ros2_ws/install/turtlesim/include/turtlesim/turtlesim/srv/detail/teleport_absolute__traits.hpp
[70.819s] -- Installing: /home/aansari/torsobot/Code/Code/ros2_ws/install/turtlesim/include/turtlesim/turtlesim/srv/detail/teleport_absolute__struct.hpp
[70.819s] -- Installing: /home/aansari/torsobot/Code/Code/ros2_ws/install/turtlesim/include/turtlesim/turtlesim/srv/detail/kill__struct.hpp
[70.819s] -- Installing: /home/aansari/torsobot/Code/Code/ros2_ws/install/turtlesim/include/turtlesim/turtlesim/srv/detail/teleport_absolute__builder.hpp
[70.820s] -- Installing: /home/aansari/torsobot/Code/Code/ros2_ws/install/turtlesim/include/turtlesim/turtlesim/srv/detail/teleport_relative__builder.hpp
[70.820s] -- Installing: /home/aansari/torsobot/Code/Code/ros2_ws/install/turtlesim/include/turtlesim/turtlesim/srv/detail/set_pen__struct.hpp
[70.820s] -- Installing: /home/aansari/torsobot/Code/Code/ros2_ws/install/turtlesim/include/turtlesim/turtlesim/srv/detail/teleport_absolute__type_support.hpp
[70.820s] -- Installing: /home/aansari/torsobot/Code/Code/ros2_ws/install/turtlesim/include/turtlesim/turtlesim/srv/detail/spawn__builder.hpp
[70.820s] -- Installing: /home/aansari/torsobot/Code/Code/ros2_ws/install/turtlesim/include/turtlesim/turtlesim/srv/detail/spawn__type_support.hpp
[70.820s] -- Installing: /home/aansari/torsobot/Code/Code/ros2_ws/install/turtlesim/include/turtlesim/turtlesim/srv/detail/kill__type_support.hpp
[70.821s] -- Installing: /home/aansari/torsobot/Code/Code/ros2_ws/install/turtlesim/include/turtlesim/turtlesim/srv/detail/set_pen__type_support.hpp
[70.821s] -- Installing: /home/aansari/torsobot/Code/Code/ros2_ws/install/turtlesim/include/turtlesim/turtlesim/srv/detail/spawn__struct.hpp
[70.821s] -- Installing: /home/aansari/torsobot/Code/Code/ros2_ws/install/turtlesim/include/turtlesim/turtlesim/srv/detail/kill__traits.hpp
[70.821s] -- Installing: /home/aansari/torsobot/Code/Code/ros2_ws/install/turtlesim/include/turtlesim/turtlesim/srv/detail/teleport_relative__struct.hpp
[70.821s] -- Installing: /home/aansari/torsobot/Code/Code/ros2_ws/install/turtlesim/include/turtlesim/turtlesim/srv/detail/teleport_relative__traits.hpp
[70.821s] -- Installing: /home/aansari/torsobot/Code/Code/ros2_ws/install/turtlesim/include/turtlesim/turtlesim/srv/detail/set_pen__builder.hpp
[70.821s] -- Installing: /home/aansari/torsobot/Code/Code/ros2_ws/install/turtlesim/include/turtlesim/turtlesim/srv/detail/set_pen__traits.hpp
[70.822s] -- Installing: /home/aansari/torsobot/Code/Code/ros2_ws/install/turtlesim/include/turtlesim/turtlesim/srv/detail/spawn__traits.hpp
[70.822s] -- Installing: /home/aansari/torsobot/Code/Code/ros2_ws/install/turtlesim/include/turtlesim/turtlesim/srv/detail/teleport_relative__type_support.hpp
[70.822s] -- Installing: /home/aansari/torsobot/Code/Code/ros2_ws/install/turtlesim/include/turtlesim/turtlesim/srv/teleport_relative.hpp
[70.822s] -- Installing: /home/aansari/torsobot/Code/Code/ros2_ws/install/turtlesim/include/turtlesim/turtlesim/srv/spawn.hpp
[70.822s] -- Up-to-date: /home/aansari/torsobot/Code/Code/ros2_ws/install/turtlesim/include/turtlesim/turtlesim
[70.822s] -- Up-to-date: /home/aansari/torsobot/Code/Code/ros2_ws/install/turtlesim/include/turtlesim/turtlesim/msg
[70.823s] -- Installing: /home/aansari/torsobot/Code/Code/ros2_ws/install/turtlesim/include/turtlesim/turtlesim/msg/rosidl_typesupport_fastrtps_cpp__visibility_control.h
[70.823s] -- Up-to-date: /home/aansari/torsobot/Code/Code/ros2_ws/install/turtlesim/include/turtlesim/turtlesim/msg/detail
[70.823s] -- Installing: /home/aansari/torsobot/Code/Code/ros2_ws/install/turtlesim/include/turtlesim/turtlesim/msg/detail/pose__rosidl_typesupport_fastrtps_cpp.hpp
[70.823s] -- Installing: /home/aansari/torsobot/Code/Code/ros2_ws/install/turtlesim/include/turtlesim/turtlesim/msg/detail/dds_fastrtps
[70.823s] -- Installing: /home/aansari/torsobot/Code/Code/ros2_ws/install/turtlesim/include/turtlesim/turtlesim/msg/detail/color__rosidl_typesupport_fastrtps_cpp.hpp
[70.823s] -- Up-to-date: /home/aansari/torsobot/Code/Code/ros2_ws/install/turtlesim/include/turtlesim/turtlesim/action
[70.824s] -- Up-to-date: /home/aansari/torsobot/Code/Code/ros2_ws/install/turtlesim/include/turtlesim/turtlesim/action/detail
[70.824s] -- Installing: /home/aansari/torsobot/Code/Code/ros2_ws/install/turtlesim/include/turtlesim/turtlesim/action/detail/dds_fastrtps
[70.824s] -- Installing: /home/aansari/torsobot/Code/Code/ros2_ws/install/turtlesim/include/turtlesim/turtlesim/action/detail/rotate_absolute__rosidl_typesupport_fastrtps_cpp.hpp
[70.824s] -- Up-to-date: /home/aansari/torsobot/Code/Code/ros2_ws/install/turtlesim/include/turtlesim/turtlesim/srv
[70.825s] -- Up-to-date: /home/aansari/torsobot/Code/Code/ros2_ws/install/turtlesim/include/turtlesim/turtlesim/srv/detail
[70.825s] -- Installing: /home/aansari/torsobot/Code/Code/ros2_ws/install/turtlesim/include/turtlesim/turtlesim/srv/detail/spawn__rosidl_typesupport_fastrtps_cpp.hpp
[70.825s] -- Installing: /home/aansari/torsobot/Code/Code/ros2_ws/install/turtlesim/include/turtlesim/turtlesim/srv/detail/kill__rosidl_typesupport_fastrtps_cpp.hpp
[70.825s] -- Installing: /home/aansari/torsobot/Code/Code/ros2_ws/install/turtlesim/include/turtlesim/turtlesim/srv/detail/dds_fastrtps
[70.825s] -- Installing: /home/aansari/torsobot/Code/Code/ros2_ws/install/turtlesim/include/turtlesim/turtlesim/srv/detail/teleport_absolute__rosidl_typesupport_fastrtps_cpp.hpp
[70.825s] -- Installing: /home/aansari/torsobot/Code/Code/ros2_ws/install/turtlesim/include/turtlesim/turtlesim/srv/detail/set_pen__rosidl_typesupport_fastrtps_cpp.hpp
[70.825s] -- Installing: /home/aansari/torsobot/Code/Code/ros2_ws/install/turtlesim/include/turtlesim/turtlesim/srv/detail/teleport_relative__rosidl_typesupport_fastrtps_cpp.hpp
[70.825s] -- Installing: /home/aansari/torsobot/Code/Code/ros2_ws/install/turtlesim/lib/libturtlesim__rosidl_typesupport_fastrtps_cpp.so
[70.826s] -- Set non-toolchain portion of runtime path of "/home/aansari/torsobot/Code/Code/ros2_ws/install/turtlesim/lib/libturtlesim__rosidl_typesupport_fastrtps_cpp.so" to ""
[70.827s] -- Up-to-date: /home/aansari/torsobot/Code/Code/ros2_ws/install/turtlesim/include/turtlesim/turtlesim
[70.827s] -- Up-to-date: /home/aansari/torsobot/Code/Code/ros2_ws/install/turtlesim/include/turtlesim/turtlesim/msg
[70.828s] -- Up-to-date: /home/aansari/torsobot/Code/Code/ros2_ws/install/turtlesim/include/turtlesim/turtlesim/msg/detail
[70.828s] -- Installing: /home/aansari/torsobot/Code/Code/ros2_ws/install/turtlesim/include/turtlesim/turtlesim/msg/detail/color__rosidl_typesupport_introspection_c.h
[70.828s] -- Installing: /home/aansari/torsobot/Code/Code/ros2_ws/install/turtlesim/include/turtlesim/turtlesim/msg/detail/pose__rosidl_typesupport_introspection_c.h
[70.828s] -- Installing: /home/aansari/torsobot/Code/Code/ros2_ws/install/turtlesim/include/turtlesim/turtlesim/msg/detail/pose__type_support.c
[70.829s] -- Installing: /home/aansari/torsobot/Code/Code/ros2_ws/install/turtlesim/include/turtlesim/turtlesim/msg/detail/color__type_support.c
[70.829s] -- Installing: /home/aansari/torsobot/Code/Code/ros2_ws/install/turtlesim/include/turtlesim/turtlesim/msg/rosidl_typesupport_introspection_c__visibility_control.h
[70.829s] -- Up-to-date: /home/aansari/torsobot/Code/Code/ros2_ws/install/turtlesim/include/turtlesim/turtlesim/action
[70.830s] -- Up-to-date: /home/aansari/torsobot/Code/Code/ros2_ws/install/turtlesim/include/turtlesim/turtlesim/action/detail
[70.830s] -- Installing: /home/aansari/torsobot/Code/Code/ros2_ws/install/turtlesim/include/turtlesim/turtlesim/action/detail/rotate_absolute__rosidl_typesupport_introspection_c.h
[70.830s] -- Installing: /home/aansari/torsobot/Code/Code/ros2_ws/install/turtlesim/include/turtlesim/turtlesim/action/detail/rotate_absolute__type_support.c
[70.831s] -- Up-to-date: /home/aansari/torsobot/Code/Code/ros2_ws/install/turtlesim/include/turtlesim/turtlesim/srv
[70.831s] -- Up-to-date: /home/aansari/torsobot/Code/Code/ros2_ws/install/turtlesim/include/turtlesim/turtlesim/srv/detail
[70.831s] -- Installing: /home/aansari/torsobot/Code/Code/ros2_ws/install/turtlesim/include/turtlesim/turtlesim/srv/detail/teleport_relative__type_support.c
[70.831s] -- Installing: /home/aansari/torsobot/Code/Code/ros2_ws/install/turtlesim/include/turtlesim/turtlesim/srv/detail/kill__type_support.c
[70.832s] -- Installing: /home/aansari/torsobot/Code/Code/ros2_ws/install/turtlesim/include/turtlesim/turtlesim/srv/detail/spawn__type_support.c
[70.832s] -- Installing: /home/aansari/torsobot/Code/Code/ros2_ws/install/turtlesim/include/turtlesim/turtlesim/srv/detail/spawn__rosidl_typesupport_introspection_c.h
[70.832s] -- Installing: /home/aansari/torsobot/Code/Code/ros2_ws/install/turtlesim/include/turtlesim/turtlesim/srv/detail/teleport_absolute__rosidl_typesupport_introspection_c.h
[70.832s] -- Installing: /home/aansari/torsobot/Code/Code/ros2_ws/install/turtlesim/include/turtlesim/turtlesim/srv/detail/kill__rosidl_typesupport_introspection_c.h
[70.832s] -- Installing: /home/aansari/torsobot/Code/Code/ros2_ws/install/turtlesim/include/turtlesim/turtlesim/srv/detail/set_pen__rosidl_typesupport_introspection_c.h
[70.833s] -- Installing: /home/aansari/torsobot/Code/Code/ros2_ws/install/turtlesim/include/turtlesim/turtlesim/srv/detail/teleport_absolute__type_support.c
[70.833s] -- Installing: /home/aansari/torsobot/Code/Code/ros2_ws/install/turtlesim/include/turtlesim/turtlesim/srv/detail/set_pen__type_support.c
[70.833s] -- Installing: /home/aansari/torsobot/Code/Code/ros2_ws/install/turtlesim/include/turtlesim/turtlesim/srv/detail/teleport_relative__rosidl_typesupport_introspection_c.h
[70.833s] -- Installing: /home/aansari/torsobot/Code/Code/ros2_ws/install/turtlesim/lib/libturtlesim__rosidl_typesupport_introspection_c.so
[70.834s] -- Set non-toolchain portion of runtime path of "/home/aansari/torsobot/Code/Code/ros2_ws/install/turtlesim/lib/libturtlesim__rosidl_typesupport_introspection_c.so" to ""
[70.834s] -- Installing: /home/aansari/torsobot/Code/Code/ros2_ws/install/turtlesim/lib/libturtlesim__rosidl_typesupport_c.so
[70.834s] -- Set non-toolchain portion of runtime path of "/home/aansari/torsobot/Code/Code/ros2_ws/install/turtlesim/lib/libturtlesim__rosidl_typesupport_c.so" to ""
[70.834s] -- Up-to-date: /home/aansari/torsobot/Code/Code/ros2_ws/install/turtlesim/include/turtlesim/turtlesim
[70.834s] -- Up-to-date: /home/aansari/torsobot/Code/Code/ros2_ws/install/turtlesim/include/turtlesim/turtlesim/msg
[70.835s] -- Up-to-date: /home/aansari/torsobot/Code/Code/ros2_ws/install/turtlesim/include/turtlesim/turtlesim/msg/detail
[70.835s] -- Installing: /home/aansari/torsobot/Code/Code/ros2_ws/install/turtlesim/include/turtlesim/turtlesim/msg/detail/color__rosidl_typesupport_introspection_cpp.hpp
[70.835s] -- Installing: /home/aansari/torsobot/Code/Code/ros2_ws/install/turtlesim/include/turtlesim/turtlesim/msg/detail/pose__rosidl_typesupport_introspection_cpp.hpp
[70.835s] -- Installing: /home/aansari/torsobot/Code/Code/ros2_ws/install/turtlesim/include/turtlesim/turtlesim/msg/detail/pose__type_support.cpp
[70.835s] -- Installing: /home/aansari/torsobot/Code/Code/ros2_ws/install/turtlesim/include/turtlesim/turtlesim/msg/detail/color__type_support.cpp
[70.836s] -- Up-to-date: /home/aansari/torsobot/Code/Code/ros2_ws/install/turtlesim/include/turtlesim/turtlesim/action
[70.836s] -- Up-to-date: /home/aansari/torsobot/Code/Code/ros2_ws/install/turtlesim/include/turtlesim/turtlesim/action/detail
[70.836s] -- Installing: /home/aansari/torsobot/Code/Code/ros2_ws/install/turtlesim/include/turtlesim/turtlesim/action/detail/rotate_absolute__type_support.cpp
[70.836s] -- Installing: /home/aansari/torsobot/Code/Code/ros2_ws/install/turtlesim/include/turtlesim/turtlesim/action/detail/rotate_absolute__rosidl_typesupport_introspection_cpp.hpp
[70.837s] -- Up-to-date: /home/aansari/torsobot/Code/Code/ros2_ws/install/turtlesim/include/turtlesim/turtlesim/srv
[70.837s] -- Up-to-date: /home/aansari/torsobot/Code/Code/ros2_ws/install/turtlesim/include/turtlesim/turtlesim/srv/detail
[70.837s] -- Installing: /home/aansari/torsobot/Code/Code/ros2_ws/install/turtlesim/include/turtlesim/turtlesim/srv/detail/teleport_absolute__rosidl_typesupport_introspection_cpp.hpp
[70.837s] -- Installing: /home/aansari/torsobot/Code/Code/ros2_ws/install/turtlesim/include/turtlesim/turtlesim/srv/detail/set_pen__type_support.cpp
[70.837s] -- Installing: /home/aansari/torsobot/Code/Code/ros2_ws/install/turtlesim/include/turtlesim/turtlesim/srv/detail/teleport_relative__rosidl_typesupport_introspection_cpp.hpp
[70.838s] -- Installing: /home/aansari/torsobot/Code/Code/ros2_ws/install/turtlesim/include/turtlesim/turtlesim/srv/detail/spawn__rosidl_typesupport_introspection_cpp.hpp
[70.838s] -- Installing: /home/aansari/torsobot/Code/Code/ros2_ws/install/turtlesim/include/turtlesim/turtlesim/srv/detail/kill__type_support.cpp
[70.838s] -- Installing: /home/aansari/torsobot/Code/Code/ros2_ws/install/turtlesim/include/turtlesim/turtlesim/srv/detail/teleport_relative__type_support.cpp
[70.838s] -- Installing: /home/aansari/torsobot/Code/Code/ros2_ws/install/turtlesim/include/turtlesim/turtlesim/srv/detail/spawn__type_support.cpp
[70.838s] -- Installing: /home/aansari/torsobot/Code/Code/ros2_ws/install/turtlesim/include/turtlesim/turtlesim/srv/detail/teleport_absolute__type_support.cpp
[70.839s] -- Installing: /home/aansari/torsobot/Code/Code/ros2_ws/install/turtlesim/include/turtlesim/turtlesim/srv/detail/set_pen__rosidl_typesupport_introspection_cpp.hpp
[70.839s] -- Installing: /home/aansari/torsobot/Code/Code/ros2_ws/install/turtlesim/include/turtlesim/turtlesim/srv/detail/kill__rosidl_typesupport_introspection_cpp.hpp
[70.839s] -- Installing: /home/aansari/torsobot/Code/Code/ros2_ws/install/turtlesim/lib/libturtlesim__rosidl_typesupport_introspection_cpp.so
[70.840s] -- Set non-toolchain portion of runtime path of "/home/aansari/torsobot/Code/Code/ros2_ws/install/turtlesim/lib/libturtlesim__rosidl_typesupport_introspection_cpp.so" to ""
[70.840s] -- Installing: /home/aansari/torsobot/Code/Code/ros2_ws/install/turtlesim/lib/libturtlesim__rosidl_typesupport_cpp.so
[70.841s] -- Set non-toolchain portion of runtime path of "/home/aansari/torsobot/Code/Code/ros2_ws/install/turtlesim/lib/libturtlesim__rosidl_typesupport_cpp.so" to ""
[70.841s] -- Installing: /home/aansari/torsobot/Code/Code/ros2_ws/install/turtlesim/share/turtlesim/environment/pythonpath.sh
[70.841s] -- Installing: /home/aansari/torsobot/Code/Code/ros2_ws/install/turtlesim/share/turtlesim/environment/pythonpath.dsv
[70.842s] -- Installing: /home/aansari/torsobot/Code/Code/ros2_ws/install/turtlesim/lib/python3.12/site-packages/turtlesim-1.8.3-py3.12.egg-info
[70.842s] -- Installing: /home/aansari/torsobot/Code/Code/ros2_ws/install/turtlesim/lib/python3.12/site-packages/turtlesim-1.8.3-py3.12.egg-info/SOURCES.txt
[70.842s] -- Installing: /home/aansari/torsobot/Code/Code/ros2_ws/install/turtlesim/lib/python3.12/site-packages/turtlesim-1.8.3-py3.12.egg-info/PKG-INFO
[70.842s] -- Installing: /home/aansari/torsobot/Code/Code/ros2_ws/install/turtlesim/lib/python3.12/site-packages/turtlesim-1.8.3-py3.12.egg-info/dependency_links.txt
[70.842s] -- Installing: /home/aansari/torsobot/Code/Code/ros2_ws/install/turtlesim/lib/python3.12/site-packages/turtlesim-1.8.3-py3.12.egg-info/top_level.txt
[70.843s] -- Installing: /home/aansari/torsobot/Code/Code/ros2_ws/install/turtlesim/lib/python3.12/site-packages/turtlesim
[70.843s] -- Installing: /home/aansari/torsobot/Code/Code/ros2_ws/install/turtlesim/lib/python3.12/site-packages/turtlesim/msg
[70.843s] -- Installing: /home/aansari/torsobot/Code/Code/ros2_ws/install/turtlesim/lib/python3.12/site-packages/turtlesim/msg/_color.py
[70.843s] -- Installing: /home/aansari/torsobot/Code/Code/ros2_ws/install/turtlesim/lib/python3.12/site-packages/turtlesim/msg/__init__.py
[70.844s] -- Installing: /home/aansari/torsobot/Code/Code/ros2_ws/install/turtlesim/lib/python3.12/site-packages/turtlesim/msg/_color_s.c
[70.846s] -- Installing: /home/aansari/torsobot/Code/Code/ros2_ws/install/turtlesim/lib/python3.12/site-packages/turtlesim/msg/_pose.py
[70.847s] -- Installing: /home/aansari/torsobot/Code/Code/ros2_ws/install/turtlesim/lib/python3.12/site-packages/turtlesim/msg/_pose_s.c
[70.847s] -- Installing: /home/aansari/torsobot/Code/Code/ros2_ws/install/turtlesim/lib/python3.12/site-packages/turtlesim/__init__.py
[70.847s] -- Installing: /home/aansari/torsobot/Code/Code/ros2_ws/install/turtlesim/lib/python3.12/site-packages/turtlesim/_turtlesim_s.ep.rosidl_typesupport_introspection_c.c
[70.847s] -- Installing: /home/aansari/torsobot/Code/Code/ros2_ws/install/turtlesim/lib/python3.12/site-packages/turtlesim/turtlesim_s__rosidl_typesupport_fastrtps_c.so
[70.848s] -- Installing: /home/aansari/torsobot/Code/Code/ros2_ws/install/turtlesim/lib/python3.12/site-packages/turtlesim/action
[70.848s] -- Installing: /home/aansari/torsobot/Code/Code/ros2_ws/install/turtlesim/lib/python3.12/site-packages/turtlesim/action/__init__.py
[70.848s] -- Installing: /home/aansari/torsobot/Code/Code/ros2_ws/install/turtlesim/lib/python3.12/site-packages/turtlesim/action/_rotate_absolute_s.c
[70.848s] -- Installing: /home/aansari/torsobot/Code/Code/ros2_ws/install/turtlesim/lib/python3.12/site-packages/turtlesim/action/_rotate_absolute.py
[70.849s] -- Installing: /home/aansari/torsobot/Code/Code/ros2_ws/install/turtlesim/lib/python3.12/site-packages/turtlesim/srv
[70.849s] -- Installing: /home/aansari/torsobot/Code/Code/ros2_ws/install/turtlesim/lib/python3.12/site-packages/turtlesim/srv/_spawn.py
[70.849s] -- Installing: /home/aansari/torsobot/Code/Code/ros2_ws/install/turtlesim/lib/python3.12/site-packages/turtlesim/srv/_set_pen_s.c
[70.849s] -- Installing: /home/aansari/torsobot/Code/Code/ros2_ws/install/turtlesim/lib/python3.12/site-packages/turtlesim/srv/__init__.py
[70.849s] -- Installing: /home/aansari/torsobot/Code/Code/ros2_ws/install/turtlesim/lib/python3.12/site-packages/turtlesim/srv/_spawn_s.c
[70.850s] -- Installing: /home/aansari/torsobot/Code/Code/ros2_ws/install/turtlesim/lib/python3.12/site-packages/turtlesim/srv/_kill_s.c
[70.850s] -- Installing: /home/aansari/torsobot/Code/Code/ros2_ws/install/turtlesim/lib/python3.12/site-packages/turtlesim/srv/_teleport_relative.py
[70.850s] -- Installing: /home/aansari/torsobot/Code/Code/ros2_ws/install/turtlesim/lib/python3.12/site-packages/turtlesim/srv/_teleport_absolute.py
[70.850s] -- Installing: /home/aansari/torsobot/Code/Code/ros2_ws/install/turtlesim/lib/python3.12/site-packages/turtlesim/srv/_kill.py
[70.850s] -- Installing: /home/aansari/torsobot/Code/Code/ros2_ws/install/turtlesim/lib/python3.12/site-packages/turtlesim/srv/_teleport_absolute_s.c
[70.850s] -- Installing: /home/aansari/torsobot/Code/Code/ros2_ws/install/turtlesim/lib/python3.12/site-packages/turtlesim/srv/_teleport_relative_s.c
[70.850s] -- Installing: /home/aansari/torsobot/Code/Code/ros2_ws/install/turtlesim/lib/python3.12/site-packages/turtlesim/srv/_set_pen.py
[70.850s] -- Installing: /home/aansari/torsobot/Code/Code/ros2_ws/install/turtlesim/lib/python3.12/site-packages/turtlesim/_turtlesim_s.ep.rosidl_typesupport_c.c
[70.850s] -- Installing: /home/aansari/torsobot/Code/Code/ros2_ws/install/turtlesim/lib/python3.12/site-packages/turtlesim/turtlesim_s__rosidl_typesupport_c.so
[70.851s] -- Installing: /home/aansari/torsobot/Code/Code/ros2_ws/install/turtlesim/lib/python3.12/site-packages/turtlesim/_turtlesim_s.ep.rosidl_typesupport_fastrtps_c.c
[70.851s] -- Installing: /home/aansari/torsobot/Code/Code/ros2_ws/install/turtlesim/lib/python3.12/site-packages/turtlesim/turtlesim_s__rosidl_typesupport_introspection_c.so
[70.942s] Listing '/home/aansari/torsobot/Code/Code/ros2_ws/install/turtlesim/lib/python3.12/site-packages/turtlesim'...
[70.942s] Compiling '/home/aansari/torsobot/Code/Code/ros2_ws/install/turtlesim/lib/python3.12/site-packages/turtlesim/__init__.py'...
[70.942s] Listing '/home/aansari/torsobot/Code/Code/ros2_ws/install/turtlesim/lib/python3.12/site-packages/turtlesim/action'...
[70.942s] Compiling '/home/aansari/torsobot/Code/Code/ros2_ws/install/turtlesim/lib/python3.12/site-packages/turtlesim/action/__init__.py'...
[70.943s] Compiling '/home/aansari/torsobot/Code/Code/ros2_ws/install/turtlesim/lib/python3.12/site-packages/turtlesim/action/_rotate_absolute.py'...
[70.943s] Listing '/home/aansari/torsobot/Code/Code/ros2_ws/install/turtlesim/lib/python3.12/site-packages/turtlesim/msg'...
[70.943s] Compiling '/home/aansari/torsobot/Code/Code/ros2_ws/install/turtlesim/lib/python3.12/site-packages/turtlesim/msg/__init__.py'...
[70.943s] Compiling '/home/aansari/torsobot/Code/Code/ros2_ws/install/turtlesim/lib/python3.12/site-packages/turtlesim/msg/_color.py'...
[70.943s] Compiling '/home/aansari/torsobot/Code/Code/ros2_ws/install/turtlesim/lib/python3.12/site-packages/turtlesim/msg/_pose.py'...
[70.943s] Listing '/home/aansari/torsobot/Code/Code/ros2_ws/install/turtlesim/lib/python3.12/site-packages/turtlesim/srv'...
[70.943s] Compiling '/home/aansari/torsobot/Code/Code/ros2_ws/install/turtlesim/lib/python3.12/site-packages/turtlesim/srv/__init__.py'...
[70.943s] Compiling '/home/aansari/torsobot/Code/Code/ros2_ws/install/turtlesim/lib/python3.12/site-packages/turtlesim/srv/_kill.py'...
[70.944s] Compiling '/home/aansari/torsobot/Code/Code/ros2_ws/install/turtlesim/lib/python3.12/site-packages/turtlesim/srv/_set_pen.py'...
[70.944s] Compiling '/home/aansari/torsobot/Code/Code/ros2_ws/install/turtlesim/lib/python3.12/site-packages/turtlesim/srv/_spawn.py'...
[70.944s] Compiling '/home/aansari/torsobot/Code/Code/ros2_ws/install/turtlesim/lib/python3.12/site-packages/turtlesim/srv/_teleport_absolute.py'...
[70.944s] Compiling '/home/aansari/torsobot/Code/Code/ros2_ws/install/turtlesim/lib/python3.12/site-packages/turtlesim/srv/_teleport_relative.py'...
[70.953s] -- Installing: /home/aansari/torsobot/Code/Code/ros2_ws/install/turtlesim/lib/python3.12/site-packages/turtlesim/turtlesim_s__rosidl_typesupport_fastrtps_c.so
[70.953s] -- Set non-toolchain portion of runtime path of "/home/aansari/torsobot/Code/Code/ros2_ws/install/turtlesim/lib/python3.12/site-packages/turtlesim/turtlesim_s__rosidl_typesupport_fastrtps_c.so" to ""
[70.954s] -- Installing: /home/aansari/torsobot/Code/Code/ros2_ws/install/turtlesim/lib/python3.12/site-packages/turtlesim/turtlesim_s__rosidl_typesupport_introspection_c.so
[70.954s] -- Set non-toolchain portion of runtime path of "/home/aansari/torsobot/Code/Code/ros2_ws/install/turtlesim/lib/python3.12/site-packages/turtlesim/turtlesim_s__rosidl_typesupport_introspection_c.so" to ""
[70.955s] -- Installing: /home/aansari/torsobot/Code/Code/ros2_ws/install/turtlesim/lib/python3.12/site-packages/turtlesim/turtlesim_s__rosidl_typesupport_c.so
[70.955s] -- Set non-toolchain portion of runtime path of "/home/aansari/torsobot/Code/Code/ros2_ws/install/turtlesim/lib/python3.12/site-packages/turtlesim/turtlesim_s__rosidl_typesupport_c.so" to ""
[70.955s] -- Installing: /home/aansari/torsobot/Code/Code/ros2_ws/install/turtlesim/lib/libturtlesim__rosidl_generator_py.so
[70.956s] -- Set non-toolchain portion of runtime path of "/home/aansari/torsobot/Code/Code/ros2_ws/install/turtlesim/lib/libturtlesim__rosidl_generator_py.so" to ""
[70.956s] -- Installing: /home/aansari/torsobot/Code/Code/ros2_ws/install/turtlesim/share/turtlesim/action/RotateAbsolute.idl
[70.956s] -- Installing: /home/aansari/torsobot/Code/Code/ros2_ws/install/turtlesim/share/turtlesim/msg/Color.idl
[70.957s] -- Installing: /home/aansari/torsobot/Code/Code/ros2_ws/install/turtlesim/share/turtlesim/msg/Pose.idl
[70.957s] -- Installing: /home/aansari/torsobot/Code/Code/ros2_ws/install/turtlesim/share/turtlesim/srv/Kill.idl
[70.957s] -- Installing: /home/aansari/torsobot/Code/Code/ros2_ws/install/turtlesim/share/turtlesim/srv/SetPen.idl
[70.957s] -- Installing: /home/aansari/torsobot/Code/Code/ros2_ws/install/turtlesim/share/turtlesim/srv/Spawn.idl
[70.957s] -- Installing: /home/aansari/torsobot/Code/Code/ros2_ws/install/turtlesim/share/turtlesim/srv/TeleportAbsolute.idl
[70.957s] -- Installing: /home/aansari/torsobot/Code/Code/ros2_ws/install/turtlesim/share/turtlesim/srv/TeleportRelative.idl
[70.957s] -- Installing: /home/aansari/torsobot/Code/Code/ros2_ws/install/turtlesim/share/turtlesim/action/RotateAbsolute.action
[70.958s] -- Installing: /home/aansari/torsobot/Code/Code/ros2_ws/install/turtlesim/share/turtlesim/msg/Color.msg
[70.958s] -- Installing: /home/aansari/torsobot/Code/Code/ros2_ws/install/turtlesim/share/turtlesim/msg/Pose.msg
[70.958s] -- Installing: /home/aansari/torsobot/Code/Code/ros2_ws/install/turtlesim/share/turtlesim/srv/Kill.srv
[70.958s] -- Installing: /home/aansari/torsobot/Code/Code/ros2_ws/install/turtlesim/share/turtlesim/srv/SetPen.srv
[70.958s] -- Installing: /home/aansari/torsobot/Code/Code/ros2_ws/install/turtlesim/share/turtlesim/srv/Spawn.srv
[70.958s] -- Installing: /home/aansari/torsobot/Code/Code/ros2_ws/install/turtlesim/share/turtlesim/srv/TeleportAbsolute.srv
[70.959s] -- Installing: /home/aansari/torsobot/Code/Code/ros2_ws/install/turtlesim/share/turtlesim/srv/TeleportRelative.srv
[70.960s] -- Installing: /home/aansari/torsobot/Code/Code/ros2_ws/install/turtlesim/lib/turtlesim/turtlesim_node
[70.975s] -- Set non-toolchain portion of runtime path of "/home/aansari/torsobot/Code/Code/ros2_ws/install/turtlesim/lib/turtlesim/turtlesim_node" to ""
[70.976s] -- Installing: /home/aansari/torsobot/Code/Code/ros2_ws/install/turtlesim/lib/turtlesim/turtle_teleop_key
[70.978s] -- Set non-toolchain portion of runtime path of "/home/aansari/torsobot/Code/Code/ros2_ws/install/turtlesim/lib/turtlesim/turtle_teleop_key" to ""
[70.979s] -- Installing: /home/aansari/torsobot/Code/Code/ros2_ws/install/turtlesim/lib/turtlesim/draw_square
[70.986s] -- Set non-toolchain portion of runtime path of "/home/aansari/torsobot/Code/Code/ros2_ws/install/turtlesim/lib/turtlesim/draw_square" to ""
[70.986s] -- Installing: /home/aansari/torsobot/Code/Code/ros2_ws/install/turtlesim/lib/turtlesim/mimic
[70.991s] -- Set non-toolchain portion of runtime path of "/home/aansari/torsobot/Code/Code/ros2_ws/install/turtlesim/lib/turtlesim/mimic" to ""
[70.991s] -- Installing: /home/aansari/torsobot/Code/Code/ros2_ws/install/turtlesim/share/turtlesim/images
[70.992s] -- Installing: /home/aansari/torsobot/Code/Code/ros2_ws/install/turtlesim/share/turtlesim/images/bouncy.png
[70.992s] -- Installing: /home/aansari/torsobot/Code/Code/ros2_ws/install/turtlesim/share/turtlesim/images/dashing.png
[70.992s] -- Installing: /home/aansari/torsobot/Code/Code/ros2_ws/install/turtlesim/share/turtlesim/images/foxy.png
[70.992s] -- Installing: /home/aansari/torsobot/Code/Code/ros2_ws/install/turtlesim/share/turtlesim/images/humble.png
[70.992s] -- Installing: /home/aansari/torsobot/Code/Code/ros2_ws/install/turtlesim/share/turtlesim/images/eloquent.png
[70.993s] -- Installing: /home/aansari/torsobot/Code/Code/ros2_ws/install/turtlesim/share/turtlesim/images/rolling.png
[70.993s] -- Installing: /home/aansari/torsobot/Code/Code/ros2_ws/install/turtlesim/share/turtlesim/images/galactic.png
[70.993s] -- Installing: /home/aansari/torsobot/Code/Code/ros2_ws/install/turtlesim/share/turtlesim/images/crystal.png
[70.994s] -- Installing: /home/aansari/torsobot/Code/Code/ros2_ws/install/turtlesim/share/turtlesim/images/jazzy.png
[70.994s] -- Installing: /home/aansari/torsobot/Code/Code/ros2_ws/install/turtlesim/share/turtlesim/images/iron.png
[70.995s] -- Installing: /home/aansari/torsobot/Code/Code/ros2_ws/install/turtlesim/share/turtlesim/images/ardent.png
[70.995s] -- Installing: /home/aansari/torsobot/Code/Code/ros2_ws/install/turtlesim/share/turtlesim/launch
[70.995s] -- Installing: /home/aansari/torsobot/Code/Code/ros2_ws/install/turtlesim/share/turtlesim/launch/multisim.launch.py
[70.996s] -- Installing: /home/aansari/torsobot/Code/Code/ros2_ws/install/turtlesim/share/ament_index/resource_index/package_run_dependencies/turtlesim
[70.998s] -- Installing: /home/aansari/torsobot/Code/Code/ros2_ws/install/turtlesim/share/ament_index/resource_index/parent_prefix_path/turtlesim
[70.998s] -- Installing: /home/aansari/torsobot/Code/Code/ros2_ws/install/turtlesim/share/turtlesim/environment/ament_prefix_path.sh
[70.998s] -- Installing: /home/aansari/torsobot/Code/Code/ros2_ws/install/turtlesim/share/turtlesim/environment/ament_prefix_path.dsv
[70.998s] -- Installing: /home/aansari/torsobot/Code/Code/ros2_ws/install/turtlesim/share/turtlesim/environment/path.sh
[70.999s] -- Installing: /home/aansari/torsobot/Code/Code/ros2_ws/install/turtlesim/share/turtlesim/environment/path.dsv
[70.999s] -- Installing: /home/aansari/torsobot/Code/Code/ros2_ws/install/turtlesim/share/turtlesim/local_setup.bash
[70.999s] -- Installing: /home/aansari/torsobot/Code/Code/ros2_ws/install/turtlesim/share/turtlesim/local_setup.sh
[70.999s] -- Installing: /home/aansari/torsobot/Code/Code/ros2_ws/install/turtlesim/share/turtlesim/local_setup.zsh
[70.999s] -- Installing: /home/aansari/torsobot/Code/Code/ros2_ws/install/turtlesim/share/turtlesim/local_setup.dsv
[71.000s] -- Installing: /home/aansari/torsobot/Code/Code/ros2_ws/install/turtlesim/share/turtlesim/package.dsv
[71.000s] -- Installing: /home/aansari/torsobot/Code/Code/ros2_ws/install/turtlesim/share/ament_index/resource_index/packages/turtlesim
[71.000s] -- Installing: /home/aansari/torsobot/Code/Code/ros2_ws/install/turtlesim/share/turtlesim/cmake/export_turtlesim__rosidl_generator_cExport.cmake
[71.000s] -- Installing: /home/aansari/torsobot/Code/Code/ros2_ws/install/turtlesim/share/turtlesim/cmake/export_turtlesim__rosidl_generator_cExport-noconfig.cmake
[71.000s] -- Installing: /home/aansari/torsobot/Code/Code/ros2_ws/install/turtlesim/share/turtlesim/cmake/export_turtlesim__rosidl_typesupport_fastrtps_cExport.cmake
[71.001s] -- Installing: /home/aansari/torsobot/Code/Code/ros2_ws/install/turtlesim/share/turtlesim/cmake/export_turtlesim__rosidl_typesupport_fastrtps_cExport-noconfig.cmake
[71.001s] -- Installing: /home/aansari/torsobot/Code/Code/ros2_ws/install/turtlesim/share/turtlesim/cmake/export_turtlesim__rosidl_generator_cppExport.cmake
[71.001s] -- Installing: /home/aansari/torsobot/Code/Code/ros2_ws/install/turtlesim/share/turtlesim/cmake/export_turtlesim__rosidl_typesupport_fastrtps_cppExport.cmake
[71.001s] -- Installing: /home/aansari/torsobot/Code/Code/ros2_ws/install/turtlesim/share/turtlesim/cmake/export_turtlesim__rosidl_typesupport_fastrtps_cppExport-noconfig.cmake
[71.001s] -- Installing: /home/aansari/torsobot/Code/Code/ros2_ws/install/turtlesim/share/turtlesim/cmake/turtlesim__rosidl_typesupport_introspection_cExport.cmake
[71.002s] -- Installing: /home/aansari/torsobot/Code/Code/ros2_ws/install/turtlesim/share/turtlesim/cmake/turtlesim__rosidl_typesupport_introspection_cExport-noconfig.cmake
[71.002s] -- Installing: /home/aansari/torsobot/Code/Code/ros2_ws/install/turtlesim/share/turtlesim/cmake/turtlesim__rosidl_typesupport_cExport.cmake
[71.002s] -- Installing: /home/aansari/torsobot/Code/Code/ros2_ws/install/turtlesim/share/turtlesim/cmake/turtlesim__rosidl_typesupport_cExport-noconfig.cmake
[71.002s] -- Installing: /home/aansari/torsobot/Code/Code/ros2_ws/install/turtlesim/share/turtlesim/cmake/turtlesim__rosidl_typesupport_introspection_cppExport.cmake
[71.002s] -- Installing: /home/aansari/torsobot/Code/Code/ros2_ws/install/turtlesim/share/turtlesim/cmake/turtlesim__rosidl_typesupport_introspection_cppExport-noconfig.cmake
[71.002s] -- Installing: /home/aansari/torsobot/Code/Code/ros2_ws/install/turtlesim/share/turtlesim/cmake/turtlesim__rosidl_typesupport_cppExport.cmake
[71.003s] -- Installing: /home/aansari/torsobot/Code/Code/ros2_ws/install/turtlesim/share/turtlesim/cmake/turtlesim__rosidl_typesupport_cppExport-noconfig.cmake
[71.003s] -- Installing: /home/aansari/torsobot/Code/Code/ros2_ws/install/turtlesim/share/turtlesim/cmake/export_turtlesim__rosidl_generator_pyExport.cmake
[71.003s] -- Installing: /home/aansari/torsobot/Code/Code/ros2_ws/install/turtlesim/share/turtlesim/cmake/export_turtlesim__rosidl_generator_pyExport-noconfig.cmake
[71.003s] -- Installing: /home/aansari/torsobot/Code/Code/ros2_ws/install/turtlesim/share/turtlesim/cmake/rosidl_cmake-extras.cmake
[71.003s] -- Installing: /home/aansari/torsobot/Code/Code/ros2_ws/install/turtlesim/share/turtlesim/cmake/ament_cmake_export_dependencies-extras.cmake
[71.003s] -- Installing: /home/aansari/torsobot/Code/Code/ros2_ws/install/turtlesim/share/turtlesim/cmake/ament_cmake_export_include_directories-extras.cmake
[71.004s] -- Installing: /home/aansari/torsobot/Code/Code/ros2_ws/install/turtlesim/share/turtlesim/cmake/ament_cmake_export_libraries-extras.cmake
[71.004s] -- Installing: /home/aansari/torsobot/Code/Code/ros2_ws/install/turtlesim/share/turtlesim/cmake/ament_cmake_export_targets-extras.cmake
[71.005s] -- Installing: /home/aansari/torsobot/Code/Code/ros2_ws/install/turtlesim/share/turtlesim/cmake/rosidl_cmake_export_typesupport_targets-extras.cmake
[71.005s] -- Installing: /home/aansari/torsobot/Code/Code/ros2_ws/install/turtlesim/share/turtlesim/cmake/rosidl_cmake_export_typesupport_libraries-extras.cmake
[71.005s] -- Installing: /home/aansari/torsobot/Code/Code/ros2_ws/install/turtlesim/share/turtlesim/cmake/turtlesimConfig.cmake
[71.005s] -- Installing: /home/aansari/torsobot/Code/Code/ros2_ws/install/turtlesim/share/turtlesim/cmake/turtlesimConfig-version.cmake
[71.005s] -- Installing: /home/aansari/torsobot/Code/Code/ros2_ws/install/turtlesim/share/turtlesim/package.xml
[71.008s] Invoked command in '/home/aansari/torsobot/Code/Code/ros2_ws/build/turtlesim' returned '0': CMAKE_PREFIX_PATH=${CMAKE_PREFIX_PATH}:/home/aansari/ros2_prac/install/xarmrob:/home/aansari/ros2_prac/install/mobrob:/opt/ros/jazzy DEBUGINFOD_URLS=https://debuginfod.ubuntu.com /usr/bin/cmake --install /home/aansari/torsobot/Code/Code/ros2_ws/build/turtlesim
