[0.049s] Invoking command in '/home/pi/torsobot/Code/Code/ros2_ws/build/torsobot_interfaces': CMAKE_PREFIX_PATH=${CMAKE_PREFIX_PATH}:/home/pi/ros2_jazzy/install/rqt_bag_plugins:/home/pi/ros2_jazzy/install/rqt_bag:/home/pi/ros2_jazzy/install/rosbag2_examples_py:/home/pi/ros2_jazzy/install/launch_testing_examples:/home/pi/ros2_jazzy/install/ros2bag:/home/pi/ros2_jazzy/install/tracetools_test:/home/pi/ros2_jazzy/install/tracetools_launch:/home/pi/ros2_jazzy/install/topic_monitor:/home/pi/ros2_jazzy/install/tf2_tools:/home/pi/ros2_jazzy/install/examples_tf2_py:/home/pi/ros2_jazzy/install/tf2_ros_py:/home/pi/ros2_jazzy/install/examples_rclpy_pointcloud_publisher:/home/pi/ros2_jazzy/install/sensor_msgs_py:/home/pi/ros2_jazzy/install/quality_of_service_demo_py:/home/pi/ros2_jazzy/install/rqt_plot:/home/pi/ros2_jazzy/install/ros2doctor:/home/pi/ros2_jazzy/install/lifecycle_py:/home/pi/ros2_jazzy/install/examples_rclpy_minimal_subscriber:/home/pi/ros2_jazzy/install/examples_rclpy_minimal_service:/home/pi/ros2_jazzy/install/examples_rclpy_minimal_publisher:/home/pi/ros2_jazzy/install/examples_rclpy_minimal_client:/home/pi/ros2_jazzy/install/examples_rclpy_executors:/home/pi/ros2_jazzy/install/demo_nodes_py:/home/pi/ros2_jazzy/install/rqt:/home/pi/ros2_jazzy/install/ros2component:/home/pi/ros2_jazzy/install/sros2:/home/pi/ros2_jazzy/install/rqt_topic:/home/pi/ros2_jazzy/install/rqt_srv:/home/pi/ros2_jazzy/install/rqt_shell:/home/pi/ros2_jazzy/install/rqt_service_caller:/home/pi/ros2_jazzy/install/rqt_reconfigure:/home/pi/ros2_jazzy/install/rqt_py_console:/home/pi/ros2_jazzy/install/rqt_publisher:/home/pi/ros2_jazzy/install/rqt_action:/home/pi/ros2_jazzy/install/rqt_msg:/home/pi/ros2_jazzy/install/rqt_console:/home/pi/ros2_jazzy/install/rqt_graph:/home/pi/ros2_jazzy/install/rqt_gui_py:/home/pi/ros2_jazzy/install/rqt_gui:/home/pi/ros2_jazzy/install/ros2trace:/home/pi/ros2_jazzy/install/ros2topic:/home/pi/ros2_jazzy/install/ros2test:/home/pi/ros2_jazzy/install/ros2param:/home/pi/ros2_jazzy/install/ros2lifecycle:/home/pi/ros2_jazzy/install/ros2service:/home/pi/ros2_jazzy/install/ros2run:/home/pi/ros2_jazzy/install/ros2launch:/home/pi/ros2_jazzy/install/ros2pkg:/home/pi/ros2_jazzy/install/ros2node:/home/pi/ros2_jazzy/install/ros2multicast:/home/pi/ros2_jazzy/install/ros2interface:/home/pi/ros2_jazzy/install/ros2action:/home/pi/ros2_jazzy/install/ros2cli:/home/pi/ros2_jazzy/install/launch_testing_ros:/home/pi/ros2_jazzy/install/launch_ros:/home/pi/ros2_jazzy/install/examples_rclpy_minimal_action_server:/home/pi/ros2_jazzy/install/examples_rclpy_minimal_action_client:/home/pi/ros2_jazzy/install/examples_rclpy_guard_conditions:/home/pi/ros2_jazzy/install/action_tutorials_py:/home/pi/ros2_jazzy/install/ament_uncrustify:/home/pi/ros2_jazzy/install/tracetools_trace:/home/pi/ros2_jazzy/install/tracetools_read:/home/pi/ros2_jazzy/install/test_tracetools_launch:/home/pi/ros2_jazzy/install/test_ros2trace:/home/pi/ros2_jazzy/install/test_launch_ros:/home/pi/ros2_jazzy/install/rpyutils:/home/pi/ros2_jazzy/install/rosidl_runtime_py:/home/pi/ros2_jazzy/install/rosidl_pycommon:/home/pi/ros2_jazzy/install/rosidl_cli:/home/pi/ros2_jazzy/install/launch_pytest:/home/pi/ros2_jazzy/install/launch_testing:/home/pi/ros2_jazzy/install/launch_yaml:/home/pi/ros2_jazzy/install/launch_xml:/home/pi/ros2_jazzy/install/launch:/home/pi/ros2_jazzy/install/osrf_pycommon:/home/pi/ros2_jazzy/install/domain_coordinator:/home/pi/ros2_jazzy/install/ament_xmllint:/home/pi/ros2_jazzy/install/ament_pyflakes:/home/pi/ros2_jazzy/install/ament_pycodestyle:/home/pi/ros2_jazzy/install/ament_pep257:/home/pi/ros2_jazzy/install/ament_pclint:/home/pi/ros2_jazzy/install/ament_package:/home/pi/ros2_jazzy/install/ament_mypy:/home/pi/ros2_jazzy/install/ament_lint_cmake:/home/pi/ros2_jazzy/install/ament_flake8:/home/pi/ros2_jazzy/install/ament_copyright:/home/pi/ros2_jazzy/install/ament_lint:/home/pi/ros2_jazzy/install/ament_index_python:/home/pi/ros2_jazzy/install/ament_cpplint:/home/pi/ros2_jazzy/install/ament_cppcheck:/home/pi/ros2_jazzy/install/ament_clang_tidy:/home/pi/ros2_jazzy/install/ament_clang_format /usr/bin/cmake --build /home/pi/torsobot/Code/Code/ros2_ws/build/torsobot_interfaces -- -j4 -l4
[0.334s] [  2%] Built target torsobot_interfaces__rosidl_generator_type_description
[0.360s] [  2%] Built target ament_cmake_python_copy_torsobot_interfaces
[0.395s] [  4%] Built target torsobot_interfaces__cpp
[0.405s] [ 22%] Built target torsobot_interfaces__rosidl_generator_c
[0.475s] [ 31%] Built target torsobot_interfaces__rosidl_typesupport_introspection_c
[0.482s] [ 34%] [32mBuilding CXX object CMakeFiles/torsobot_interfaces__rosidl_typesupport_fastrtps_c.dir/rosidl_typesupport_fastrtps_c/torsobot_interfaces/msg/detail/torsobot_data__type_support_c.cpp.o[0m
[0.490s] [ 36%] [32mBuilding CXX object CMakeFiles/torsobot_interfaces__rosidl_typesupport_fastrtps_cpp.dir/rosidl_typesupport_fastrtps_cpp/torsobot_interfaces/msg/detail/dds_fastrtps/torsobot_data__type_support.cpp.o[0m
[0.547s] [ 45%] Built target torsobot_interfaces__rosidl_typesupport_c
[0.580s] [ 47%] [32mBuilding CXX object CMakeFiles/torsobot_interfaces__rosidl_typesupport_fastrtps_c.dir/rosidl_typesupport_fastrtps_c/torsobot_interfaces/msg/detail/torsobot_state__type_support_c.cpp.o[0m
[1.577s] [ 50%] [32mBuilding CXX object CMakeFiles/torsobot_interfaces__rosidl_typesupport_fastrtps_cpp.dir/rosidl_typesupport_fastrtps_cpp/torsobot_interfaces/msg/detail/dds_fastrtps/torsobot_state__type_support.cpp.o[0m
[1.720s] [ 52%] [32mBuilding CXX object CMakeFiles/torsobot_interfaces__rosidl_typesupport_cpp.dir/rosidl_typesupport_cpp/torsobot_interfaces/msg/torsobot_data__type_support.cpp.o[0m
[1.771s] running egg_info
[1.814s] [ 54%] [32m[1mLinking CXX shared library libtorsobot_interfaces__rosidl_typesupport_fastrtps_c.so[0m
[1.839s] writing torsobot_interfaces.egg-info/PKG-INFO
[1.839s] writing dependency_links to torsobot_interfaces.egg-info/dependency_links.txt
[1.843s] writing top-level names to torsobot_interfaces.egg-info/top_level.txt
[2.045s] [ 56%] Built target torsobot_interfaces__rosidl_typesupport_fastrtps_c
[2.089s] reading manifest file 'torsobot_interfaces.egg-info/SOURCES.txt'
[2.092s] writing manifest file 'torsobot_interfaces.egg-info/SOURCES.txt'
[2.210s] [ 59%] [32mBuilding CXX object CMakeFiles/torsobot_interfaces__rosidl_typesupport_introspection_cpp.dir/rosidl_typesupport_introspection_cpp/torsobot_interfaces/msg/detail/torsobot_data__type_support.cpp.o[0m
[2.266s] [ 59%] Built target ament_cmake_python_build_torsobot_interfaces_egg
[2.296s] [ 61%] [32mBuilding CXX object CMakeFiles/torsobot_interfaces__rosidl_typesupport_cpp.dir/rosidl_typesupport_cpp/torsobot_interfaces/msg/torsobot_state__type_support.cpp.o[0m
[2.540s] [ 63%] [32mBuilding CXX object CMakeFiles/torsobot_interfaces__rosidl_typesupport_introspection_cpp.dir/rosidl_typesupport_introspection_cpp/torsobot_interfaces/msg/detail/torsobot_state__type_support.cpp.o[0m
[2.688s] [ 65%] [32m[1mLinking CXX shared library libtorsobot_interfaces__rosidl_typesupport_fastrtps_cpp.so[0m
[2.943s] [ 68%] Built target torsobot_interfaces__rosidl_typesupport_fastrtps_cpp
[2.968s] [ 70%] [32m[1mLinking CXX shared library libtorsobot_interfaces__rosidl_typesupport_cpp.so[0m
[3.110s] [ 72%] Built target torsobot_interfaces__rosidl_typesupport_cpp
[3.264s] [ 75%] [32m[1mLinking CXX shared library libtorsobot_interfaces__rosidl_typesupport_introspection_cpp.so[0m
[3.333s] [ 77%] Built target torsobot_interfaces__rosidl_typesupport_introspection_cpp
[3.381s] [ 77%] Built target torsobot_interfaces
[3.434s] [ 79%] Built target torsobot_interfaces__py
[3.491s] [ 84%] [32mBuilding C object CMakeFiles/torsobot_interfaces__rosidl_generator_py.dir/rosidl_generator_py/torsobot_interfaces/msg/_torsobot_state_s.c.o[0m
[3.491s] [ 84%] [32mBuilding C object CMakeFiles/torsobot_interfaces__rosidl_generator_py.dir/rosidl_generator_py/torsobot_interfaces/msg/_torsobot_data_s.c.o[0m
[4.155s] [ 86%] [32m[1mLinking C shared library libtorsobot_interfaces__rosidl_generator_py.so[0m
[4.226s] [ 86%] Built target torsobot_interfaces__rosidl_generator_py
[4.282s] [ 93%] [32mBuilding C object CMakeFiles/torsobot_interfaces_s__rosidl_typesupport_c.dir/rosidl_generator_py/torsobot_interfaces/_torsobot_interfaces_s.ep.rosidl_typesupport_c.c.o[0m
[4.282s] [ 93%] [32mBuilding C object CMakeFiles/torsobot_interfaces_s__rosidl_typesupport_fastrtps_c.dir/rosidl_generator_py/torsobot_interfaces/_torsobot_interfaces_s.ep.rosidl_typesupport_fastrtps_c.c.o[0m
[4.283s] [ 93%] [32mBuilding C object CMakeFiles/torsobot_interfaces_s__rosidl_typesupport_introspection_c.dir/rosidl_generator_py/torsobot_interfaces/_torsobot_interfaces_s.ep.rosidl_typesupport_introspection_c.c.o[0m
[4.442s] [ 95%] [32m[1mLinking C shared module rosidl_generator_py/torsobot_interfaces/torsobot_interfaces_s__rosidl_typesupport_c.so[0m
[4.444s] [ 97%] [32m[1mLinking C shared module rosidl_generator_py/torsobot_interfaces/torsobot_interfaces_s__rosidl_typesupport_introspection_c.so[0m
[4.459s] [100%] [32m[1mLinking C shared module rosidl_generator_py/torsobot_interfaces/torsobot_interfaces_s__rosidl_typesupport_fastrtps_c.so[0m
[4.505s] [100%] Built target torsobot_interfaces_s__rosidl_typesupport_introspection_c
[4.505s] [100%] Built target torsobot_interfaces_s__rosidl_typesupport_c
[4.525s] [100%] Built target torsobot_interfaces_s__rosidl_typesupport_fastrtps_c
[4.547s] Invoked command in '/home/pi/torsobot/Code/Code/ros2_ws/build/torsobot_interfaces' returned '0': CMAKE_PREFIX_PATH=${CMAKE_PREFIX_PATH}:/home/pi/ros2_jazzy/install/rqt_bag_plugins:/home/pi/ros2_jazzy/install/rqt_bag:/home/pi/ros2_jazzy/install/rosbag2_examples_py:/home/pi/ros2_jazzy/install/launch_testing_examples:/home/pi/ros2_jazzy/install/ros2bag:/home/pi/ros2_jazzy/install/tracetools_test:/home/pi/ros2_jazzy/install/tracetools_launch:/home/pi/ros2_jazzy/install/topic_monitor:/home/pi/ros2_jazzy/install/tf2_tools:/home/pi/ros2_jazzy/install/examples_tf2_py:/home/pi/ros2_jazzy/install/tf2_ros_py:/home/pi/ros2_jazzy/install/examples_rclpy_pointcloud_publisher:/home/pi/ros2_jazzy/install/sensor_msgs_py:/home/pi/ros2_jazzy/install/quality_of_service_demo_py:/home/pi/ros2_jazzy/install/rqt_plot:/home/pi/ros2_jazzy/install/ros2doctor:/home/pi/ros2_jazzy/install/lifecycle_py:/home/pi/ros2_jazzy/install/examples_rclpy_minimal_subscriber:/home/pi/ros2_jazzy/install/examples_rclpy_minimal_service:/home/pi/ros2_jazzy/install/examples_rclpy_minimal_publisher:/home/pi/ros2_jazzy/install/examples_rclpy_minimal_client:/home/pi/ros2_jazzy/install/examples_rclpy_executors:/home/pi/ros2_jazzy/install/demo_nodes_py:/home/pi/ros2_jazzy/install/rqt:/home/pi/ros2_jazzy/install/ros2component:/home/pi/ros2_jazzy/install/sros2:/home/pi/ros2_jazzy/install/rqt_topic:/home/pi/ros2_jazzy/install/rqt_srv:/home/pi/ros2_jazzy/install/rqt_shell:/home/pi/ros2_jazzy/install/rqt_service_caller:/home/pi/ros2_jazzy/install/rqt_reconfigure:/home/pi/ros2_jazzy/install/rqt_py_console:/home/pi/ros2_jazzy/install/rqt_publisher:/home/pi/ros2_jazzy/install/rqt_action:/home/pi/ros2_jazzy/install/rqt_msg:/home/pi/ros2_jazzy/install/rqt_console:/home/pi/ros2_jazzy/install/rqt_graph:/home/pi/ros2_jazzy/install/rqt_gui_py:/home/pi/ros2_jazzy/install/rqt_gui:/home/pi/ros2_jazzy/install/ros2trace:/home/pi/ros2_jazzy/install/ros2topic:/home/pi/ros2_jazzy/install/ros2test:/home/pi/ros2_jazzy/install/ros2param:/home/pi/ros2_jazzy/install/ros2lifecycle:/home/pi/ros2_jazzy/install/ros2service:/home/pi/ros2_jazzy/install/ros2run:/home/pi/ros2_jazzy/install/ros2launch:/home/pi/ros2_jazzy/install/ros2pkg:/home/pi/ros2_jazzy/install/ros2node:/home/pi/ros2_jazzy/install/ros2multicast:/home/pi/ros2_jazzy/install/ros2interface:/home/pi/ros2_jazzy/install/ros2action:/home/pi/ros2_jazzy/install/ros2cli:/home/pi/ros2_jazzy/install/launch_testing_ros:/home/pi/ros2_jazzy/install/launch_ros:/home/pi/ros2_jazzy/install/examples_rclpy_minimal_action_server:/home/pi/ros2_jazzy/install/examples_rclpy_minimal_action_client:/home/pi/ros2_jazzy/install/examples_rclpy_guard_conditions:/home/pi/ros2_jazzy/install/action_tutorials_py:/home/pi/ros2_jazzy/install/ament_uncrustify:/home/pi/ros2_jazzy/install/tracetools_trace:/home/pi/ros2_jazzy/install/tracetools_read:/home/pi/ros2_jazzy/install/test_tracetools_launch:/home/pi/ros2_jazzy/install/test_ros2trace:/home/pi/ros2_jazzy/install/test_launch_ros:/home/pi/ros2_jazzy/install/rpyutils:/home/pi/ros2_jazzy/install/rosidl_runtime_py:/home/pi/ros2_jazzy/install/rosidl_pycommon:/home/pi/ros2_jazzy/install/rosidl_cli:/home/pi/ros2_jazzy/install/launch_pytest:/home/pi/ros2_jazzy/install/launch_testing:/home/pi/ros2_jazzy/install/launch_yaml:/home/pi/ros2_jazzy/install/launch_xml:/home/pi/ros2_jazzy/install/launch:/home/pi/ros2_jazzy/install/osrf_pycommon:/home/pi/ros2_jazzy/install/domain_coordinator:/home/pi/ros2_jazzy/install/ament_xmllint:/home/pi/ros2_jazzy/install/ament_pyflakes:/home/pi/ros2_jazzy/install/ament_pycodestyle:/home/pi/ros2_jazzy/install/ament_pep257:/home/pi/ros2_jazzy/install/ament_pclint:/home/pi/ros2_jazzy/install/ament_package:/home/pi/ros2_jazzy/install/ament_mypy:/home/pi/ros2_jazzy/install/ament_lint_cmake:/home/pi/ros2_jazzy/install/ament_flake8:/home/pi/ros2_jazzy/install/ament_copyright:/home/pi/ros2_jazzy/install/ament_lint:/home/pi/ros2_jazzy/install/ament_index_python:/home/pi/ros2_jazzy/install/ament_cpplint:/home/pi/ros2_jazzy/install/ament_cppcheck:/home/pi/ros2_jazzy/install/ament_clang_tidy:/home/pi/ros2_jazzy/install/ament_clang_format /usr/bin/cmake --build /home/pi/torsobot/Code/Code/ros2_ws/build/torsobot_interfaces -- -j4 -l4
[4.571s] Invoking command in '/home/pi/torsobot/Code/Code/ros2_ws/build/torsobot_interfaces': CMAKE_PREFIX_PATH=${CMAKE_PREFIX_PATH}:/home/pi/ros2_jazzy/install/rqt_bag_plugins:/home/pi/ros2_jazzy/install/rqt_bag:/home/pi/ros2_jazzy/install/rosbag2_examples_py:/home/pi/ros2_jazzy/install/launch_testing_examples:/home/pi/ros2_jazzy/install/ros2bag:/home/pi/ros2_jazzy/install/tracetools_test:/home/pi/ros2_jazzy/install/tracetools_launch:/home/pi/ros2_jazzy/install/topic_monitor:/home/pi/ros2_jazzy/install/tf2_tools:/home/pi/ros2_jazzy/install/examples_tf2_py:/home/pi/ros2_jazzy/install/tf2_ros_py:/home/pi/ros2_jazzy/install/examples_rclpy_pointcloud_publisher:/home/pi/ros2_jazzy/install/sensor_msgs_py:/home/pi/ros2_jazzy/install/quality_of_service_demo_py:/home/pi/ros2_jazzy/install/rqt_plot:/home/pi/ros2_jazzy/install/ros2doctor:/home/pi/ros2_jazzy/install/lifecycle_py:/home/pi/ros2_jazzy/install/examples_rclpy_minimal_subscriber:/home/pi/ros2_jazzy/install/examples_rclpy_minimal_service:/home/pi/ros2_jazzy/install/examples_rclpy_minimal_publisher:/home/pi/ros2_jazzy/install/examples_rclpy_minimal_client:/home/pi/ros2_jazzy/install/examples_rclpy_executors:/home/pi/ros2_jazzy/install/demo_nodes_py:/home/pi/ros2_jazzy/install/rqt:/home/pi/ros2_jazzy/install/ros2component:/home/pi/ros2_jazzy/install/sros2:/home/pi/ros2_jazzy/install/rqt_topic:/home/pi/ros2_jazzy/install/rqt_srv:/home/pi/ros2_jazzy/install/rqt_shell:/home/pi/ros2_jazzy/install/rqt_service_caller:/home/pi/ros2_jazzy/install/rqt_reconfigure:/home/pi/ros2_jazzy/install/rqt_py_console:/home/pi/ros2_jazzy/install/rqt_publisher:/home/pi/ros2_jazzy/install/rqt_action:/home/pi/ros2_jazzy/install/rqt_msg:/home/pi/ros2_jazzy/install/rqt_console:/home/pi/ros2_jazzy/install/rqt_graph:/home/pi/ros2_jazzy/install/rqt_gui_py:/home/pi/ros2_jazzy/install/rqt_gui:/home/pi/ros2_jazzy/install/ros2trace:/home/pi/ros2_jazzy/install/ros2topic:/home/pi/ros2_jazzy/install/ros2test:/home/pi/ros2_jazzy/install/ros2param:/home/pi/ros2_jazzy/install/ros2lifecycle:/home/pi/ros2_jazzy/install/ros2service:/home/pi/ros2_jazzy/install/ros2run:/home/pi/ros2_jazzy/install/ros2launch:/home/pi/ros2_jazzy/install/ros2pkg:/home/pi/ros2_jazzy/install/ros2node:/home/pi/ros2_jazzy/install/ros2multicast:/home/pi/ros2_jazzy/install/ros2interface:/home/pi/ros2_jazzy/install/ros2action:/home/pi/ros2_jazzy/install/ros2cli:/home/pi/ros2_jazzy/install/launch_testing_ros:/home/pi/ros2_jazzy/install/launch_ros:/home/pi/ros2_jazzy/install/examples_rclpy_minimal_action_server:/home/pi/ros2_jazzy/install/examples_rclpy_minimal_action_client:/home/pi/ros2_jazzy/install/examples_rclpy_guard_conditions:/home/pi/ros2_jazzy/install/action_tutorials_py:/home/pi/ros2_jazzy/install/ament_uncrustify:/home/pi/ros2_jazzy/install/tracetools_trace:/home/pi/ros2_jazzy/install/tracetools_read:/home/pi/ros2_jazzy/install/test_tracetools_launch:/home/pi/ros2_jazzy/install/test_ros2trace:/home/pi/ros2_jazzy/install/test_launch_ros:/home/pi/ros2_jazzy/install/rpyutils:/home/pi/ros2_jazzy/install/rosidl_runtime_py:/home/pi/ros2_jazzy/install/rosidl_pycommon:/home/pi/ros2_jazzy/install/rosidl_cli:/home/pi/ros2_jazzy/install/launch_pytest:/home/pi/ros2_jazzy/install/launch_testing:/home/pi/ros2_jazzy/install/launch_yaml:/home/pi/ros2_jazzy/install/launch_xml:/home/pi/ros2_jazzy/install/launch:/home/pi/ros2_jazzy/install/osrf_pycommon:/home/pi/ros2_jazzy/install/domain_coordinator:/home/pi/ros2_jazzy/install/ament_xmllint:/home/pi/ros2_jazzy/install/ament_pyflakes:/home/pi/ros2_jazzy/install/ament_pycodestyle:/home/pi/ros2_jazzy/install/ament_pep257:/home/pi/ros2_jazzy/install/ament_pclint:/home/pi/ros2_jazzy/install/ament_package:/home/pi/ros2_jazzy/install/ament_mypy:/home/pi/ros2_jazzy/install/ament_lint_cmake:/home/pi/ros2_jazzy/install/ament_flake8:/home/pi/ros2_jazzy/install/ament_copyright:/home/pi/ros2_jazzy/install/ament_lint:/home/pi/ros2_jazzy/install/ament_index_python:/home/pi/ros2_jazzy/install/ament_cpplint:/home/pi/ros2_jazzy/install/ament_cppcheck:/home/pi/ros2_jazzy/install/ament_clang_tidy:/home/pi/ros2_jazzy/install/ament_clang_format /usr/bin/cmake --install /home/pi/torsobot/Code/Code/ros2_ws/build/torsobot_interfaces
[4.589s] -- Install configuration: ""
[4.589s] -- Up-to-date: /home/pi/torsobot/Code/Code/ros2_ws/install/torsobot_interfaces/share/ament_index/resource_index/rosidl_interfaces/torsobot_interfaces
[4.589s] -- Up-to-date: /home/pi/torsobot/Code/Code/ros2_ws/install/torsobot_interfaces/share/torsobot_interfaces/msg/TorsobotData.json
[4.589s] -- Up-to-date: /home/pi/torsobot/Code/Code/ros2_ws/install/torsobot_interfaces/share/torsobot_interfaces/msg/TorsobotState.json
[4.590s] -- Up-to-date: /home/pi/torsobot/Code/Code/ros2_ws/install/torsobot_interfaces/include/torsobot_interfaces/torsobot_interfaces
[4.590s] -- Up-to-date: /home/pi/torsobot/Code/Code/ros2_ws/install/torsobot_interfaces/include/torsobot_interfaces/torsobot_interfaces/msg
[4.590s] -- Up-to-date: /home/pi/torsobot/Code/Code/ros2_ws/install/torsobot_interfaces/include/torsobot_interfaces/torsobot_interfaces/msg/torsobot_data.h
[4.590s] -- Up-to-date: /home/pi/torsobot/Code/Code/ros2_ws/install/torsobot_interfaces/include/torsobot_interfaces/torsobot_interfaces/msg/rosidl_generator_c__visibility_control.h
[4.590s] -- Up-to-date: /home/pi/torsobot/Code/Code/ros2_ws/install/torsobot_interfaces/include/torsobot_interfaces/torsobot_interfaces/msg/detail
[4.590s] -- Up-to-date: /home/pi/torsobot/Code/Code/ros2_ws/install/torsobot_interfaces/include/torsobot_interfaces/torsobot_interfaces/msg/detail/torsobot_data__type_support.h
[4.590s] -- Up-to-date: /home/pi/torsobot/Code/Code/ros2_ws/install/torsobot_interfaces/include/torsobot_interfaces/torsobot_interfaces/msg/detail/torsobot_state__functions.c
[4.590s] -- Up-to-date: /home/pi/torsobot/Code/Code/ros2_ws/install/torsobot_interfaces/include/torsobot_interfaces/torsobot_interfaces/msg/detail/torsobot_data__functions.h
[4.590s] -- Up-to-date: /home/pi/torsobot/Code/Code/ros2_ws/install/torsobot_interfaces/include/torsobot_interfaces/torsobot_interfaces/msg/detail/torsobot_state__type_support.c
[4.590s] -- Up-to-date: /home/pi/torsobot/Code/Code/ros2_ws/install/torsobot_interfaces/include/torsobot_interfaces/torsobot_interfaces/msg/detail/torsobot_data__description.c
[4.590s] -- Up-to-date: /home/pi/torsobot/Code/Code/ros2_ws/install/torsobot_interfaces/include/torsobot_interfaces/torsobot_interfaces/msg/detail/torsobot_state__functions.h
[4.590s] -- Up-to-date: /home/pi/torsobot/Code/Code/ros2_ws/install/torsobot_interfaces/include/torsobot_interfaces/torsobot_interfaces/msg/detail/torsobot_state__struct.h
[4.590s] -- Up-to-date: /home/pi/torsobot/Code/Code/ros2_ws/install/torsobot_interfaces/include/torsobot_interfaces/torsobot_interfaces/msg/detail/torsobot_data__functions.c
[4.590s] -- Up-to-date: /home/pi/torsobot/Code/Code/ros2_ws/install/torsobot_interfaces/include/torsobot_interfaces/torsobot_interfaces/msg/detail/torsobot_data__struct.h
[4.590s] -- Up-to-date: /home/pi/torsobot/Code/Code/ros2_ws/install/torsobot_interfaces/include/torsobot_interfaces/torsobot_interfaces/msg/detail/torsobot_data__type_support.c
[4.590s] -- Up-to-date: /home/pi/torsobot/Code/Code/ros2_ws/install/torsobot_interfaces/include/torsobot_interfaces/torsobot_interfaces/msg/detail/torsobot_state__description.c
[4.591s] -- Up-to-date: /home/pi/torsobot/Code/Code/ros2_ws/install/torsobot_interfaces/include/torsobot_interfaces/torsobot_interfaces/msg/detail/torsobot_state__type_support.h
[4.591s] -- Up-to-date: /home/pi/torsobot/Code/Code/ros2_ws/install/torsobot_interfaces/include/torsobot_interfaces/torsobot_interfaces/msg/torsobot_state.h
[4.591s] -- Up-to-date: /home/pi/torsobot/Code/Code/ros2_ws/install/torsobot_interfaces/share/torsobot_interfaces/environment/library_path.sh
[4.591s] -- Up-to-date: /home/pi/torsobot/Code/Code/ros2_ws/install/torsobot_interfaces/share/torsobot_interfaces/environment/library_path.dsv
[4.591s] -- Up-to-date: /home/pi/torsobot/Code/Code/ros2_ws/install/torsobot_interfaces/lib/libtorsobot_interfaces__rosidl_generator_c.so
[4.591s] -- Up-to-date: /home/pi/torsobot/Code/Code/ros2_ws/install/torsobot_interfaces/include/torsobot_interfaces/torsobot_interfaces
[4.591s] -- Up-to-date: /home/pi/torsobot/Code/Code/ros2_ws/install/torsobot_interfaces/include/torsobot_interfaces/torsobot_interfaces/msg
[4.591s] -- Up-to-date: /home/pi/torsobot/Code/Code/ros2_ws/install/torsobot_interfaces/include/torsobot_interfaces/torsobot_interfaces/msg/rosidl_typesupport_introspection_c__visibility_control.h
[4.591s] -- Up-to-date: /home/pi/torsobot/Code/Code/ros2_ws/install/torsobot_interfaces/include/torsobot_interfaces/torsobot_interfaces/msg/detail
[4.591s] -- Up-to-date: /home/pi/torsobot/Code/Code/ros2_ws/install/torsobot_interfaces/include/torsobot_interfaces/torsobot_interfaces/msg/detail/torsobot_state__type_support.c
[4.591s] -- Up-to-date: /home/pi/torsobot/Code/Code/ros2_ws/install/torsobot_interfaces/include/torsobot_interfaces/torsobot_interfaces/msg/detail/torsobot_data__type_support.c
[4.591s] -- Up-to-date: /home/pi/torsobot/Code/Code/ros2_ws/install/torsobot_interfaces/include/torsobot_interfaces/torsobot_interfaces/msg/detail/torsobot_data__rosidl_typesupport_introspection_c.h
[4.591s] -- Up-to-date: /home/pi/torsobot/Code/Code/ros2_ws/install/torsobot_interfaces/include/torsobot_interfaces/torsobot_interfaces/msg/detail/torsobot_state__rosidl_typesupport_introspection_c.h
[4.592s] -- Up-to-date: /home/pi/torsobot/Code/Code/ros2_ws/install/torsobot_interfaces/lib/libtorsobot_interfaces__rosidl_typesupport_introspection_c.so
[4.592s] -- Up-to-date: /home/pi/torsobot/Code/Code/ros2_ws/install/torsobot_interfaces/include/torsobot_interfaces/torsobot_interfaces
[4.592s] -- Up-to-date: /home/pi/torsobot/Code/Code/ros2_ws/install/torsobot_interfaces/include/torsobot_interfaces/torsobot_interfaces/msg
[4.592s] -- Up-to-date: /home/pi/torsobot/Code/Code/ros2_ws/install/torsobot_interfaces/include/torsobot_interfaces/torsobot_interfaces/msg/detail
[4.592s] -- Up-to-date: /home/pi/torsobot/Code/Code/ros2_ws/install/torsobot_interfaces/include/torsobot_interfaces/torsobot_interfaces/msg/detail/torsobot_state__rosidl_typesupport_fastrtps_c.h
[4.592s] -- Up-to-date: /home/pi/torsobot/Code/Code/ros2_ws/install/torsobot_interfaces/include/torsobot_interfaces/torsobot_interfaces/msg/detail/torsobot_data__rosidl_typesupport_fastrtps_c.h
[4.592s] -- Up-to-date: /home/pi/torsobot/Code/Code/ros2_ws/install/torsobot_interfaces/include/torsobot_interfaces/torsobot_interfaces/msg/rosidl_typesupport_fastrtps_c__visibility_control.h
[4.594s] -- Installing: /home/pi/torsobot/Code/Code/ros2_ws/install/torsobot_interfaces/lib/libtorsobot_interfaces__rosidl_typesupport_fastrtps_c.so
[4.594s] -- Set runtime path of "/home/pi/torsobot/Code/Code/ros2_ws/install/torsobot_interfaces/lib/libtorsobot_interfaces__rosidl_typesupport_fastrtps_c.so" to ""
[4.595s] -- Up-to-date: /home/pi/torsobot/Code/Code/ros2_ws/install/torsobot_interfaces/lib/libtorsobot_interfaces__rosidl_typesupport_c.so
[4.595s] -- Up-to-date: /home/pi/torsobot/Code/Code/ros2_ws/install/torsobot_interfaces/include/torsobot_interfaces/torsobot_interfaces
[4.595s] -- Up-to-date: /home/pi/torsobot/Code/Code/ros2_ws/install/torsobot_interfaces/include/torsobot_interfaces/torsobot_interfaces/msg
[4.596s] -- Up-to-date: /home/pi/torsobot/Code/Code/ros2_ws/install/torsobot_interfaces/include/torsobot_interfaces/torsobot_interfaces/msg/rosidl_generator_cpp__visibility_control.hpp
[4.596s] -- Up-to-date: /home/pi/torsobot/Code/Code/ros2_ws/install/torsobot_interfaces/include/torsobot_interfaces/torsobot_interfaces/msg/detail
[4.596s] -- Up-to-date: /home/pi/torsobot/Code/Code/ros2_ws/install/torsobot_interfaces/include/torsobot_interfaces/torsobot_interfaces/msg/detail/torsobot_data__type_support.hpp
[4.596s] -- Up-to-date: /home/pi/torsobot/Code/Code/ros2_ws/install/torsobot_interfaces/include/torsobot_interfaces/torsobot_interfaces/msg/detail/torsobot_data__struct.hpp
[4.596s] -- Up-to-date: /home/pi/torsobot/Code/Code/ros2_ws/install/torsobot_interfaces/include/torsobot_interfaces/torsobot_interfaces/msg/detail/torsobot_state__builder.hpp
[4.596s] -- Up-to-date: /home/pi/torsobot/Code/Code/ros2_ws/install/torsobot_interfaces/include/torsobot_interfaces/torsobot_interfaces/msg/detail/torsobot_state__struct.hpp
[4.596s] -- Up-to-date: /home/pi/torsobot/Code/Code/ros2_ws/install/torsobot_interfaces/include/torsobot_interfaces/torsobot_interfaces/msg/detail/torsobot_state__traits.hpp
[4.596s] -- Up-to-date: /home/pi/torsobot/Code/Code/ros2_ws/install/torsobot_interfaces/include/torsobot_interfaces/torsobot_interfaces/msg/detail/torsobot_data__traits.hpp
[4.596s] -- Up-to-date: /home/pi/torsobot/Code/Code/ros2_ws/install/torsobot_interfaces/include/torsobot_interfaces/torsobot_interfaces/msg/detail/torsobot_state__type_support.hpp
[4.596s] -- Up-to-date: /home/pi/torsobot/Code/Code/ros2_ws/install/torsobot_interfaces/include/torsobot_interfaces/torsobot_interfaces/msg/detail/torsobot_data__builder.hpp
[4.596s] -- Up-to-date: /home/pi/torsobot/Code/Code/ros2_ws/install/torsobot_interfaces/include/torsobot_interfaces/torsobot_interfaces/msg/torsobot_data.hpp
[4.596s] -- Up-to-date: /home/pi/torsobot/Code/Code/ros2_ws/install/torsobot_interfaces/include/torsobot_interfaces/torsobot_interfaces/msg/torsobot_state.hpp
[4.596s] -- Up-to-date: /home/pi/torsobot/Code/Code/ros2_ws/install/torsobot_interfaces/include/torsobot_interfaces/torsobot_interfaces
[4.596s] -- Up-to-date: /home/pi/torsobot/Code/Code/ros2_ws/install/torsobot_interfaces/include/torsobot_interfaces/torsobot_interfaces/msg
[4.596s] -- Up-to-date: /home/pi/torsobot/Code/Code/ros2_ws/install/torsobot_interfaces/include/torsobot_interfaces/torsobot_interfaces/msg/detail
[4.596s] -- Up-to-date: /home/pi/torsobot/Code/Code/ros2_ws/install/torsobot_interfaces/include/torsobot_interfaces/torsobot_interfaces/msg/detail/torsobot_state__type_support.cpp
[4.597s] -- Up-to-date: /home/pi/torsobot/Code/Code/ros2_ws/install/torsobot_interfaces/include/torsobot_interfaces/torsobot_interfaces/msg/detail/torsobot_state__rosidl_typesupport_introspection_cpp.hpp
[4.597s] -- Up-to-date: /home/pi/torsobot/Code/Code/ros2_ws/install/torsobot_interfaces/include/torsobot_interfaces/torsobot_interfaces/msg/detail/torsobot_data__rosidl_typesupport_introspection_cpp.hpp
[4.597s] -- Up-to-date: /home/pi/torsobot/Code/Code/ros2_ws/install/torsobot_interfaces/include/torsobot_interfaces/torsobot_interfaces/msg/detail/torsobot_data__type_support.cpp
[4.597s] -- Installing: /home/pi/torsobot/Code/Code/ros2_ws/install/torsobot_interfaces/lib/libtorsobot_interfaces__rosidl_typesupport_introspection_cpp.so
[4.597s] -- Set runtime path of "/home/pi/torsobot/Code/Code/ros2_ws/install/torsobot_interfaces/lib/libtorsobot_interfaces__rosidl_typesupport_introspection_cpp.so" to ""
[4.597s] -- Up-to-date: /home/pi/torsobot/Code/Code/ros2_ws/install/torsobot_interfaces/include/torsobot_interfaces/torsobot_interfaces
[4.597s] -- Up-to-date: /home/pi/torsobot/Code/Code/ros2_ws/install/torsobot_interfaces/include/torsobot_interfaces/torsobot_interfaces/msg
[4.597s] -- Up-to-date: /home/pi/torsobot/Code/Code/ros2_ws/install/torsobot_interfaces/include/torsobot_interfaces/torsobot_interfaces/msg/detail
[4.597s] -- Up-to-date: /home/pi/torsobot/Code/Code/ros2_ws/install/torsobot_interfaces/include/torsobot_interfaces/torsobot_interfaces/msg/detail/torsobot_state__rosidl_typesupport_fastrtps_cpp.hpp
[4.597s] -- Up-to-date: /home/pi/torsobot/Code/Code/ros2_ws/install/torsobot_interfaces/include/torsobot_interfaces/torsobot_interfaces/msg/detail/torsobot_data__rosidl_typesupport_fastrtps_cpp.hpp
[4.597s] -- Up-to-date: /home/pi/torsobot/Code/Code/ros2_ws/install/torsobot_interfaces/include/torsobot_interfaces/torsobot_interfaces/msg/detail/dds_fastrtps
[4.597s] -- Up-to-date: /home/pi/torsobot/Code/Code/ros2_ws/install/torsobot_interfaces/include/torsobot_interfaces/torsobot_interfaces/msg/rosidl_typesupport_fastrtps_cpp__visibility_control.h
[4.597s] -- Installing: /home/pi/torsobot/Code/Code/ros2_ws/install/torsobot_interfaces/lib/libtorsobot_interfaces__rosidl_typesupport_fastrtps_cpp.so
[4.597s] -- Set runtime path of "/home/pi/torsobot/Code/Code/ros2_ws/install/torsobot_interfaces/lib/libtorsobot_interfaces__rosidl_typesupport_fastrtps_cpp.so" to ""
[4.597s] -- Installing: /home/pi/torsobot/Code/Code/ros2_ws/install/torsobot_interfaces/lib/libtorsobot_interfaces__rosidl_typesupport_cpp.so
[4.598s] -- Set runtime path of "/home/pi/torsobot/Code/Code/ros2_ws/install/torsobot_interfaces/lib/libtorsobot_interfaces__rosidl_typesupport_cpp.so" to ""
[4.598s] -- Up-to-date: /home/pi/torsobot/Code/Code/ros2_ws/install/torsobot_interfaces/share/torsobot_interfaces/environment/pythonpath.sh
[4.598s] -- Up-to-date: /home/pi/torsobot/Code/Code/ros2_ws/install/torsobot_interfaces/share/torsobot_interfaces/environment/pythonpath.dsv
[4.598s] -- Up-to-date: /home/pi/torsobot/Code/Code/ros2_ws/install/torsobot_interfaces/lib/python3.11/site-packages/torsobot_interfaces-0.0.0-py3.11.egg-info
[4.598s] -- Installing: /home/pi/torsobot/Code/Code/ros2_ws/install/torsobot_interfaces/lib/python3.11/site-packages/torsobot_interfaces-0.0.0-py3.11.egg-info/PKG-INFO
[4.598s] -- Installing: /home/pi/torsobot/Code/Code/ros2_ws/install/torsobot_interfaces/lib/python3.11/site-packages/torsobot_interfaces-0.0.0-py3.11.egg-info/SOURCES.txt
[4.598s] -- Installing: /home/pi/torsobot/Code/Code/ros2_ws/install/torsobot_interfaces/lib/python3.11/site-packages/torsobot_interfaces-0.0.0-py3.11.egg-info/top_level.txt
[4.598s] -- Installing: /home/pi/torsobot/Code/Code/ros2_ws/install/torsobot_interfaces/lib/python3.11/site-packages/torsobot_interfaces-0.0.0-py3.11.egg-info/dependency_links.txt
[4.599s] -- Up-to-date: /home/pi/torsobot/Code/Code/ros2_ws/install/torsobot_interfaces/lib/python3.11/site-packages/torsobot_interfaces
[4.599s] -- Up-to-date: /home/pi/torsobot/Code/Code/ros2_ws/install/torsobot_interfaces/lib/python3.11/site-packages/torsobot_interfaces/_torsobot_interfaces_s.ep.rosidl_typesupport_introspection_c.c
[4.599s] -- Up-to-date: /home/pi/torsobot/Code/Code/ros2_ws/install/torsobot_interfaces/lib/python3.11/site-packages/torsobot_interfaces/_torsobot_interfaces_s.ep.rosidl_typesupport_fastrtps_c.c
[4.599s] -- Installing: /home/pi/torsobot/Code/Code/ros2_ws/install/torsobot_interfaces/lib/python3.11/site-packages/torsobot_interfaces/torsobot_interfaces_s__rosidl_typesupport_introspection_c.so
[4.599s] -- Up-to-date: /home/pi/torsobot/Code/Code/ros2_ws/install/torsobot_interfaces/lib/python3.11/site-packages/torsobot_interfaces/msg
[4.599s] -- Up-to-date: /home/pi/torsobot/Code/Code/ros2_ws/install/torsobot_interfaces/lib/python3.11/site-packages/torsobot_interfaces/msg/_torsobot_state.py
[4.599s] -- Up-to-date: /home/pi/torsobot/Code/Code/ros2_ws/install/torsobot_interfaces/lib/python3.11/site-packages/torsobot_interfaces/msg/_torsobot_state_s.c
[4.599s] -- Up-to-date: /home/pi/torsobot/Code/Code/ros2_ws/install/torsobot_interfaces/lib/python3.11/site-packages/torsobot_interfaces/msg/_torsobot_data_s.c
[4.599s] -- Up-to-date: /home/pi/torsobot/Code/Code/ros2_ws/install/torsobot_interfaces/lib/python3.11/site-packages/torsobot_interfaces/msg/__init__.py
[4.599s] -- Up-to-date: /home/pi/torsobot/Code/Code/ros2_ws/install/torsobot_interfaces/lib/python3.11/site-packages/torsobot_interfaces/msg/_torsobot_data.py
[4.599s] -- Installing: /home/pi/torsobot/Code/Code/ros2_ws/install/torsobot_interfaces/lib/python3.11/site-packages/torsobot_interfaces/torsobot_interfaces_s__rosidl_typesupport_fastrtps_c.so
[4.599s] -- Installing: /home/pi/torsobot/Code/Code/ros2_ws/install/torsobot_interfaces/lib/python3.11/site-packages/torsobot_interfaces/torsobot_interfaces_s__rosidl_typesupport_c.so
[4.599s] -- Up-to-date: /home/pi/torsobot/Code/Code/ros2_ws/install/torsobot_interfaces/lib/python3.11/site-packages/torsobot_interfaces/__init__.py
[4.599s] -- Up-to-date: /home/pi/torsobot/Code/Code/ros2_ws/install/torsobot_interfaces/lib/python3.11/site-packages/torsobot_interfaces/_torsobot_interfaces_s.ep.rosidl_typesupport_c.c
[4.753s] Listing '/home/pi/torsobot/Code/Code/ros2_ws/install/torsobot_interfaces/lib/python3.11/site-packages/torsobot_interfaces'...
[4.753s] Listing '/home/pi/torsobot/Code/Code/ros2_ws/install/torsobot_interfaces/lib/python3.11/site-packages/torsobot_interfaces/msg'...
[4.766s] -- Installing: /home/pi/torsobot/Code/Code/ros2_ws/install/torsobot_interfaces/lib/python3.11/site-packages/torsobot_interfaces/torsobot_interfaces_s__rosidl_typesupport_introspection_c.so
[4.768s] -- Set runtime path of "/home/pi/torsobot/Code/Code/ros2_ws/install/torsobot_interfaces/lib/python3.11/site-packages/torsobot_interfaces/torsobot_interfaces_s__rosidl_typesupport_introspection_c.so" to ""
[4.768s] -- Installing: /home/pi/torsobot/Code/Code/ros2_ws/install/torsobot_interfaces/lib/python3.11/site-packages/torsobot_interfaces/torsobot_interfaces_s__rosidl_typesupport_fastrtps_c.so
[4.768s] -- Set runtime path of "/home/pi/torsobot/Code/Code/ros2_ws/install/torsobot_interfaces/lib/python3.11/site-packages/torsobot_interfaces/torsobot_interfaces_s__rosidl_typesupport_fastrtps_c.so" to ""
[4.768s] -- Installing: /home/pi/torsobot/Code/Code/ros2_ws/install/torsobot_interfaces/lib/python3.11/site-packages/torsobot_interfaces/torsobot_interfaces_s__rosidl_typesupport_c.so
[4.768s] -- Set runtime path of "/home/pi/torsobot/Code/Code/ros2_ws/install/torsobot_interfaces/lib/python3.11/site-packages/torsobot_interfaces/torsobot_interfaces_s__rosidl_typesupport_c.so" to ""
[4.769s] -- Installing: /home/pi/torsobot/Code/Code/ros2_ws/install/torsobot_interfaces/lib/libtorsobot_interfaces__rosidl_generator_py.so
[4.769s] -- Set runtime path of "/home/pi/torsobot/Code/Code/ros2_ws/install/torsobot_interfaces/lib/libtorsobot_interfaces__rosidl_generator_py.so" to ""
[4.770s] -- Up-to-date: /home/pi/torsobot/Code/Code/ros2_ws/install/torsobot_interfaces/share/torsobot_interfaces/msg/TorsobotData.idl
[4.770s] -- Up-to-date: /home/pi/torsobot/Code/Code/ros2_ws/install/torsobot_interfaces/share/torsobot_interfaces/msg/TorsobotState.idl
[4.770s] -- Up-to-date: /home/pi/torsobot/Code/Code/ros2_ws/install/torsobot_interfaces/share/torsobot_interfaces/msg/TorsobotData.msg
[4.770s] -- Up-to-date: /home/pi/torsobot/Code/Code/ros2_ws/install/torsobot_interfaces/share/torsobot_interfaces/msg/TorsobotState.msg
[4.770s] -- Up-to-date: /home/pi/torsobot/Code/Code/ros2_ws/install/torsobot_interfaces/share/ament_index/resource_index/package_run_dependencies/torsobot_interfaces
[4.771s] -- Up-to-date: /home/pi/torsobot/Code/Code/ros2_ws/install/torsobot_interfaces/share/ament_index/resource_index/parent_prefix_path/torsobot_interfaces
[4.771s] -- Up-to-date: /home/pi/torsobot/Code/Code/ros2_ws/install/torsobot_interfaces/share/torsobot_interfaces/environment/ament_prefix_path.dsv
[4.771s] -- Up-to-date: /home/pi/torsobot/Code/Code/ros2_ws/install/torsobot_interfaces/share/torsobot_interfaces/environment/path.dsv
[4.771s] -- Up-to-date: /home/pi/torsobot/Code/Code/ros2_ws/install/torsobot_interfaces/share/torsobot_interfaces/local_setup.bash
[4.771s] -- Up-to-date: /home/pi/torsobot/Code/Code/ros2_ws/install/torsobot_interfaces/share/torsobot_interfaces/local_setup.sh
[4.772s] -- Up-to-date: /home/pi/torsobot/Code/Code/ros2_ws/install/torsobot_interfaces/share/torsobot_interfaces/local_setup.zsh
[4.772s] -- Up-to-date: /home/pi/torsobot/Code/Code/ros2_ws/install/torsobot_interfaces/share/torsobot_interfaces/local_setup.dsv
[4.772s] -- Installing: /home/pi/torsobot/Code/Code/ros2_ws/install/torsobot_interfaces/share/torsobot_interfaces/package.dsv
[4.774s] -- Up-to-date: /home/pi/torsobot/Code/Code/ros2_ws/install/torsobot_interfaces/share/ament_index/resource_index/packages/torsobot_interfaces
[4.775s] -- Up-to-date: /home/pi/torsobot/Code/Code/ros2_ws/install/torsobot_interfaces/share/torsobot_interfaces/cmake/export_torsobot_interfaces__rosidl_generator_cExport.cmake
[4.776s] -- Up-to-date: /home/pi/torsobot/Code/Code/ros2_ws/install/torsobot_interfaces/share/torsobot_interfaces/cmake/export_torsobot_interfaces__rosidl_generator_cExport-noconfig.cmake
[4.776s] -- Up-to-date: /home/pi/torsobot/Code/Code/ros2_ws/install/torsobot_interfaces/share/torsobot_interfaces/cmake/torsobot_interfaces__rosidl_typesupport_introspection_cExport.cmake
[4.777s] -- Up-to-date: /home/pi/torsobot/Code/Code/ros2_ws/install/torsobot_interfaces/share/torsobot_interfaces/cmake/torsobot_interfaces__rosidl_typesupport_introspection_cExport-noconfig.cmake
[4.778s] -- Up-to-date: /home/pi/torsobot/Code/Code/ros2_ws/install/torsobot_interfaces/share/torsobot_interfaces/cmake/export_torsobot_interfaces__rosidl_typesupport_fastrtps_cExport.cmake
[4.778s] -- Up-to-date: /home/pi/torsobot/Code/Code/ros2_ws/install/torsobot_interfaces/share/torsobot_interfaces/cmake/export_torsobot_interfaces__rosidl_typesupport_fastrtps_cExport-noconfig.cmake
[4.780s] -- Up-to-date: /home/pi/torsobot/Code/Code/ros2_ws/install/torsobot_interfaces/share/torsobot_interfaces/cmake/torsobot_interfaces__rosidl_typesupport_cExport.cmake
[4.780s] -- Up-to-date: /home/pi/torsobot/Code/Code/ros2_ws/install/torsobot_interfaces/share/torsobot_interfaces/cmake/torsobot_interfaces__rosidl_typesupport_cExport-noconfig.cmake
[4.781s] -- Up-to-date: /home/pi/torsobot/Code/Code/ros2_ws/install/torsobot_interfaces/share/torsobot_interfaces/cmake/export_torsobot_interfaces__rosidl_generator_cppExport.cmake
[4.782s] -- Up-to-date: /home/pi/torsobot/Code/Code/ros2_ws/install/torsobot_interfaces/share/torsobot_interfaces/cmake/torsobot_interfaces__rosidl_typesupport_introspection_cppExport.cmake
[4.782s] -- Up-to-date: /home/pi/torsobot/Code/Code/ros2_ws/install/torsobot_interfaces/share/torsobot_interfaces/cmake/torsobot_interfaces__rosidl_typesupport_introspection_cppExport-noconfig.cmake
[4.783s] -- Up-to-date: /home/pi/torsobot/Code/Code/ros2_ws/install/torsobot_interfaces/share/torsobot_interfaces/cmake/export_torsobot_interfaces__rosidl_typesupport_fastrtps_cppExport.cmake
[4.783s] -- Up-to-date: /home/pi/torsobot/Code/Code/ros2_ws/install/torsobot_interfaces/share/torsobot_interfaces/cmake/export_torsobot_interfaces__rosidl_typesupport_fastrtps_cppExport-noconfig.cmake
[4.784s] -- Up-to-date: /home/pi/torsobot/Code/Code/ros2_ws/install/torsobot_interfaces/share/torsobot_interfaces/cmake/torsobot_interfaces__rosidl_typesupport_cppExport.cmake
[4.784s] -- Up-to-date: /home/pi/torsobot/Code/Code/ros2_ws/install/torsobot_interfaces/share/torsobot_interfaces/cmake/torsobot_interfaces__rosidl_typesupport_cppExport-noconfig.cmake
[4.785s] -- Up-to-date: /home/pi/torsobot/Code/Code/ros2_ws/install/torsobot_interfaces/share/torsobot_interfaces/cmake/export_torsobot_interfaces__rosidl_generator_pyExport.cmake
[4.785s] -- Up-to-date: /home/pi/torsobot/Code/Code/ros2_ws/install/torsobot_interfaces/share/torsobot_interfaces/cmake/export_torsobot_interfaces__rosidl_generator_pyExport-noconfig.cmake
[4.785s] -- Up-to-date: /home/pi/torsobot/Code/Code/ros2_ws/install/torsobot_interfaces/share/torsobot_interfaces/cmake/rosidl_cmake-extras.cmake
[4.785s] -- Up-to-date: /home/pi/torsobot/Code/Code/ros2_ws/install/torsobot_interfaces/share/torsobot_interfaces/cmake/ament_cmake_export_include_directories-extras.cmake
[4.786s] -- Up-to-date: /home/pi/torsobot/Code/Code/ros2_ws/install/torsobot_interfaces/share/torsobot_interfaces/cmake/ament_cmake_export_libraries-extras.cmake
[4.786s] -- Up-to-date: /home/pi/torsobot/Code/Code/ros2_ws/install/torsobot_interfaces/share/torsobot_interfaces/cmake/ament_cmake_export_targets-extras.cmake
[4.786s] -- Up-to-date: /home/pi/torsobot/Code/Code/ros2_ws/install/torsobot_interfaces/share/torsobot_interfaces/cmake/rosidl_cmake_export_typesupport_targets-extras.cmake
[4.786s] -- Up-to-date: /home/pi/torsobot/Code/Code/ros2_ws/install/torsobot_interfaces/share/torsobot_interfaces/cmake/ament_cmake_export_dependencies-extras.cmake
[4.786s] -- Up-to-date: /home/pi/torsobot/Code/Code/ros2_ws/install/torsobot_interfaces/share/torsobot_interfaces/cmake/rosidl_cmake_export_typesupport_libraries-extras.cmake
[4.786s] -- Up-to-date: /home/pi/torsobot/Code/Code/ros2_ws/install/torsobot_interfaces/share/torsobot_interfaces/cmake/torsobot_interfacesConfig.cmake
[4.786s] -- Up-to-date: /home/pi/torsobot/Code/Code/ros2_ws/install/torsobot_interfaces/share/torsobot_interfaces/cmake/torsobot_interfacesConfig-version.cmake
[4.786s] -- Up-to-date: /home/pi/torsobot/Code/Code/ros2_ws/install/torsobot_interfaces/share/torsobot_interfaces/package.xml
[4.789s] Invoked command in '/home/pi/torsobot/Code/Code/ros2_ws/build/torsobot_interfaces' returned '0': CMAKE_PREFIX_PATH=${CMAKE_PREFIX_PATH}:/home/pi/ros2_jazzy/install/rqt_bag_plugins:/home/pi/ros2_jazzy/install/rqt_bag:/home/pi/ros2_jazzy/install/rosbag2_examples_py:/home/pi/ros2_jazzy/install/launch_testing_examples:/home/pi/ros2_jazzy/install/ros2bag:/home/pi/ros2_jazzy/install/tracetools_test:/home/pi/ros2_jazzy/install/tracetools_launch:/home/pi/ros2_jazzy/install/topic_monitor:/home/pi/ros2_jazzy/install/tf2_tools:/home/pi/ros2_jazzy/install/examples_tf2_py:/home/pi/ros2_jazzy/install/tf2_ros_py:/home/pi/ros2_jazzy/install/examples_rclpy_pointcloud_publisher:/home/pi/ros2_jazzy/install/sensor_msgs_py:/home/pi/ros2_jazzy/install/quality_of_service_demo_py:/home/pi/ros2_jazzy/install/rqt_plot:/home/pi/ros2_jazzy/install/ros2doctor:/home/pi/ros2_jazzy/install/lifecycle_py:/home/pi/ros2_jazzy/install/examples_rclpy_minimal_subscriber:/home/pi/ros2_jazzy/install/examples_rclpy_minimal_service:/home/pi/ros2_jazzy/install/examples_rclpy_minimal_publisher:/home/pi/ros2_jazzy/install/examples_rclpy_minimal_client:/home/pi/ros2_jazzy/install/examples_rclpy_executors:/home/pi/ros2_jazzy/install/demo_nodes_py:/home/pi/ros2_jazzy/install/rqt:/home/pi/ros2_jazzy/install/ros2component:/home/pi/ros2_jazzy/install/sros2:/home/pi/ros2_jazzy/install/rqt_topic:/home/pi/ros2_jazzy/install/rqt_srv:/home/pi/ros2_jazzy/install/rqt_shell:/home/pi/ros2_jazzy/install/rqt_service_caller:/home/pi/ros2_jazzy/install/rqt_reconfigure:/home/pi/ros2_jazzy/install/rqt_py_console:/home/pi/ros2_jazzy/install/rqt_publisher:/home/pi/ros2_jazzy/install/rqt_action:/home/pi/ros2_jazzy/install/rqt_msg:/home/pi/ros2_jazzy/install/rqt_console:/home/pi/ros2_jazzy/install/rqt_graph:/home/pi/ros2_jazzy/install/rqt_gui_py:/home/pi/ros2_jazzy/install/rqt_gui:/home/pi/ros2_jazzy/install/ros2trace:/home/pi/ros2_jazzy/install/ros2topic:/home/pi/ros2_jazzy/install/ros2test:/home/pi/ros2_jazzy/install/ros2param:/home/pi/ros2_jazzy/install/ros2lifecycle:/home/pi/ros2_jazzy/install/ros2service:/home/pi/ros2_jazzy/install/ros2run:/home/pi/ros2_jazzy/install/ros2launch:/home/pi/ros2_jazzy/install/ros2pkg:/home/pi/ros2_jazzy/install/ros2node:/home/pi/ros2_jazzy/install/ros2multicast:/home/pi/ros2_jazzy/install/ros2interface:/home/pi/ros2_jazzy/install/ros2action:/home/pi/ros2_jazzy/install/ros2cli:/home/pi/ros2_jazzy/install/launch_testing_ros:/home/pi/ros2_jazzy/install/launch_ros:/home/pi/ros2_jazzy/install/examples_rclpy_minimal_action_server:/home/pi/ros2_jazzy/install/examples_rclpy_minimal_action_client:/home/pi/ros2_jazzy/install/examples_rclpy_guard_conditions:/home/pi/ros2_jazzy/install/action_tutorials_py:/home/pi/ros2_jazzy/install/ament_uncrustify:/home/pi/ros2_jazzy/install/tracetools_trace:/home/pi/ros2_jazzy/install/tracetools_read:/home/pi/ros2_jazzy/install/test_tracetools_launch:/home/pi/ros2_jazzy/install/test_ros2trace:/home/pi/ros2_jazzy/install/test_launch_ros:/home/pi/ros2_jazzy/install/rpyutils:/home/pi/ros2_jazzy/install/rosidl_runtime_py:/home/pi/ros2_jazzy/install/rosidl_pycommon:/home/pi/ros2_jazzy/install/rosidl_cli:/home/pi/ros2_jazzy/install/launch_pytest:/home/pi/ros2_jazzy/install/launch_testing:/home/pi/ros2_jazzy/install/launch_yaml:/home/pi/ros2_jazzy/install/launch_xml:/home/pi/ros2_jazzy/install/launch:/home/pi/ros2_jazzy/install/osrf_pycommon:/home/pi/ros2_jazzy/install/domain_coordinator:/home/pi/ros2_jazzy/install/ament_xmllint:/home/pi/ros2_jazzy/install/ament_pyflakes:/home/pi/ros2_jazzy/install/ament_pycodestyle:/home/pi/ros2_jazzy/install/ament_pep257:/home/pi/ros2_jazzy/install/ament_pclint:/home/pi/ros2_jazzy/install/ament_package:/home/pi/ros2_jazzy/install/ament_mypy:/home/pi/ros2_jazzy/install/ament_lint_cmake:/home/pi/ros2_jazzy/install/ament_flake8:/home/pi/ros2_jazzy/install/ament_copyright:/home/pi/ros2_jazzy/install/ament_lint:/home/pi/ros2_jazzy/install/ament_index_python:/home/pi/ros2_jazzy/install/ament_cpplint:/home/pi/ros2_jazzy/install/ament_cppcheck:/home/pi/ros2_jazzy/install/ament_clang_tidy:/home/pi/ros2_jazzy/install/ament_clang_format /usr/bin/cmake --install /home/pi/torsobot/Code/Code/ros2_ws/build/torsobot_interfaces
