[0.676s] DEBUG:colcon:Command line arguments: ['/usr/bin/colcon', 'build']
[0.676s] DEBUG:colcon:Parsed command line arguments: Namespace(log_base=None, log_level=None, verb_name='build', build_base='build', install_base='install', merge_install=False, symlink_install=False, test_result_base=None, continue_on_error=False, executor='parallel', parallel_workers=4, event_handlers=None, ignore_user_meta=False, metas=['./colcon.meta'], base_paths=['.'], packages_ignore=None, packages_ignore_regex=None, paths=None, packages_up_to=None, packages_up_to_regex=None, packages_above=None, packages_above_and_dependencies=None, packages_above_depth=None, packages_select_by_dep=None, packages_skip_by_dep=None, packages_skip_up_to=None, packages_select_build_failed=False, packages_skip_build_finished=False, packages_select_test_failures=False, packages_skip_test_passed=False, packages_select=None, packages_skip=None, packages_select_regex=None, packages_skip_regex=None, packages_start=None, packages_end=None, allow_overriding=[], cmake_args=None, cmake_target=None, cmake_target_skip_unavailable=False, cmake_clean_cache=False, cmake_clean_first=False, cmake_force_configure=False, ament_cmake_args=None, catkin_cmake_args=None, catkin_skip_building_tests=False, mixin_files=None, mixin=None, verb_parser=<colcon_mixin.mixin.mixin_argument.MixinArgumentDecorator object at 0x7fff11f0e1d0>, verb_extension=<colcon_core.verb.build.BuildVerb object at 0x7fff11ecb990>, main=<bound method BuildVerb.main of <colcon_core.verb.build.BuildVerb object at 0x7fff11ecb990>>, mixin_verb=('build',))
[0.827s] Level 1:colcon.colcon_core.package_discovery:discover_packages(colcon_meta) check parameters
[0.827s] Level 1:colcon.colcon_core.package_discovery:discover_packages(recursive) check parameters
[0.827s] Level 1:colcon.colcon_core.package_discovery:discover_packages(ignore) check parameters
[0.827s] Level 1:colcon.colcon_core.package_discovery:discover_packages(path) check parameters
[0.827s] Level 1:colcon.colcon_core.package_discovery:discover_packages(colcon_meta) discover
[0.827s] Level 1:colcon.colcon_core.package_discovery:discover_packages(recursive) discover
[0.828s] INFO:colcon.colcon_core.package_discovery:Crawling recursively for packages in '/home/pi/torsobot/Code/Code/ros2_ws'
[0.828s] Level 1:colcon.colcon_core.package_identification:_identify(.) by extensions ['ignore', 'ignore_ament_install']
[0.828s] Level 1:colcon.colcon_core.package_identification:_identify(.) by extension 'ignore'
[0.828s] Level 1:colcon.colcon_core.package_identification:_identify(.) by extension 'ignore_ament_install'
[0.828s] Level 1:colcon.colcon_core.package_identification:_identify(.) by extensions ['colcon_pkg']
[0.829s] Level 1:colcon.colcon_core.package_identification:_identify(.) by extension 'colcon_pkg'
[0.829s] Level 1:colcon.colcon_core.package_identification:_identify(.) by extensions ['colcon_meta']
[0.829s] Level 1:colcon.colcon_core.package_identification:_identify(.) by extension 'colcon_meta'
[0.829s] Level 1:colcon.colcon_core.package_identification:_identify(.) by extensions ['ros']
[0.829s] Level 1:colcon.colcon_core.package_identification:_identify(.) by extension 'ros'
[0.887s] Level 1:colcon.colcon_core.package_identification:_identify(.) by extensions ['cmake', 'python']
[0.888s] Level 1:colcon.colcon_core.package_identification:_identify(.) by extension 'cmake'
[0.888s] Level 1:colcon.colcon_core.package_identification:_identify(.) by extension 'python'
[0.888s] Level 1:colcon.colcon_core.package_identification:_identify(.) by extensions ['python_setup_py']
[0.888s] Level 1:colcon.colcon_core.package_identification:_identify(.) by extension 'python_setup_py'
[0.888s] Level 1:colcon.colcon_core.package_identification:_identify(build) by extensions ['ignore', 'ignore_ament_install']
[0.889s] Level 1:colcon.colcon_core.package_identification:_identify(build) by extension 'ignore'
[0.889s] Level 1:colcon.colcon_core.package_identification:_identify(build) ignored
[0.889s] Level 1:colcon.colcon_core.package_identification:_identify(install) by extensions ['ignore', 'ignore_ament_install']
[0.889s] Level 1:colcon.colcon_core.package_identification:_identify(install) by extension 'ignore'
[0.889s] Level 1:colcon.colcon_core.package_identification:_identify(install) ignored
[0.889s] Level 1:colcon.colcon_core.package_identification:_identify(log) by extensions ['ignore', 'ignore_ament_install']
[0.889s] Level 1:colcon.colcon_core.package_identification:_identify(log) by extension 'ignore'
[0.889s] Level 1:colcon.colcon_core.package_identification:_identify(log) ignored
[0.889s] Level 1:colcon.colcon_core.package_identification:_identify(src) by extensions ['ignore', 'ignore_ament_install']
[0.889s] Level 1:colcon.colcon_core.package_identification:_identify(src) by extension 'ignore'
[0.889s] Level 1:colcon.colcon_core.package_identification:_identify(src) by extension 'ignore_ament_install'
[0.889s] Level 1:colcon.colcon_core.package_identification:_identify(src) by extensions ['colcon_pkg']
[0.889s] Level 1:colcon.colcon_core.package_identification:_identify(src) by extension 'colcon_pkg'
[0.889s] Level 1:colcon.colcon_core.package_identification:_identify(src) by extensions ['colcon_meta']
[0.889s] Level 1:colcon.colcon_core.package_identification:_identify(src) by extension 'colcon_meta'
[0.890s] Level 1:colcon.colcon_core.package_identification:_identify(src) by extensions ['ros']
[0.890s] Level 1:colcon.colcon_core.package_identification:_identify(src) by extension 'ros'
[0.890s] Level 1:colcon.colcon_core.package_identification:_identify(src) by extensions ['cmake', 'python']
[0.890s] Level 1:colcon.colcon_core.package_identification:_identify(src) by extension 'cmake'
[0.890s] Level 1:colcon.colcon_core.package_identification:_identify(src) by extension 'python'
[0.890s] Level 1:colcon.colcon_core.package_identification:_identify(src) by extensions ['python_setup_py']
[0.890s] Level 1:colcon.colcon_core.package_identification:_identify(src) by extension 'python_setup_py'
[0.890s] Level 1:colcon.colcon_core.package_identification:_identify(src/torsobot) by extensions ['ignore', 'ignore_ament_install']
[0.890s] Level 1:colcon.colcon_core.package_identification:_identify(src/torsobot) by extension 'ignore'
[0.890s] Level 1:colcon.colcon_core.package_identification:_identify(src/torsobot) by extension 'ignore_ament_install'
[0.890s] Level 1:colcon.colcon_core.package_identification:_identify(src/torsobot) by extensions ['colcon_pkg']
[0.890s] Level 1:colcon.colcon_core.package_identification:_identify(src/torsobot) by extension 'colcon_pkg'
[0.890s] Level 1:colcon.colcon_core.package_identification:_identify(src/torsobot) by extensions ['colcon_meta']
[0.890s] Level 1:colcon.colcon_core.package_identification:_identify(src/torsobot) by extension 'colcon_meta'
[0.890s] Level 1:colcon.colcon_core.package_identification:_identify(src/torsobot) by extensions ['ros']
[0.890s] Level 1:colcon.colcon_core.package_identification:_identify(src/torsobot) by extension 'ros'
[0.920s] DEBUG:colcon.colcon_core.package_identification:Package 'src/torsobot' with type 'ros.ament_cmake' and name 'torsobot'
[0.920s] Level 1:colcon.colcon_core.package_identification:_identify(src/torsobot_interfaces) by extensions ['ignore', 'ignore_ament_install']
[0.921s] Level 1:colcon.colcon_core.package_identification:_identify(src/torsobot_interfaces) by extension 'ignore'
[0.921s] Level 1:colcon.colcon_core.package_identification:_identify(src/torsobot_interfaces) by extension 'ignore_ament_install'
[0.921s] Level 1:colcon.colcon_core.package_identification:_identify(src/torsobot_interfaces) by extensions ['colcon_pkg']
[0.921s] Level 1:colcon.colcon_core.package_identification:_identify(src/torsobot_interfaces) by extension 'colcon_pkg'
[0.921s] Level 1:colcon.colcon_core.package_identification:_identify(src/torsobot_interfaces) by extensions ['colcon_meta']
[0.921s] Level 1:colcon.colcon_core.package_identification:_identify(src/torsobot_interfaces) by extension 'colcon_meta'
[0.921s] Level 1:colcon.colcon_core.package_identification:_identify(src/torsobot_interfaces) by extensions ['ros']
[0.921s] Level 1:colcon.colcon_core.package_identification:_identify(src/torsobot_interfaces) by extension 'ros'
[0.922s] DEBUG:colcon.colcon_core.package_identification:Package 'src/torsobot_interfaces' with type 'ros.ament_cmake' and name 'torsobot_interfaces'
[0.922s] Level 1:colcon.colcon_core.package_discovery:discover_packages(recursive) using defaults
[0.922s] Level 1:colcon.colcon_core.package_discovery:discover_packages(ignore) discover
[0.922s] Level 1:colcon.colcon_core.package_discovery:discover_packages(ignore) using defaults
[0.922s] Level 1:colcon.colcon_core.package_discovery:discover_packages(path) discover
[0.922s] Level 1:colcon.colcon_core.package_discovery:discover_packages(path) using defaults
[1.000s] Level 1:colcon.colcon_core.package_discovery:discover_packages(prefix_path) check parameters
[1.001s] Level 1:colcon.colcon_core.package_discovery:discover_packages(prefix_path) discover
[1.016s] DEBUG:colcon.colcon_installed_package_information.package_discovery:Found 2 installed packages in /home/pi/torsobot/Code/Code/ros2_ws/install
[1.026s] DEBUG:colcon.colcon_installed_package_information.package_discovery:Found 363 installed packages in /home/pi/ros2_jazzy/install
[1.029s] Level 1:colcon.colcon_core.package_discovery:discover_packages(prefix_path) using defaults
[1.639s] Level 5:colcon.colcon_core.verb:set package 'torsobot_interfaces' build argument 'cmake_args' from command line to 'None'
[1.639s] Level 5:colcon.colcon_core.verb:set package 'torsobot_interfaces' build argument 'cmake_target' from command line to 'None'
[1.639s] Level 5:colcon.colcon_core.verb:set package 'torsobot_interfaces' build argument 'cmake_target_skip_unavailable' from command line to 'False'
[1.639s] Level 5:colcon.colcon_core.verb:set package 'torsobot_interfaces' build argument 'cmake_clean_cache' from command line to 'False'
[1.639s] Level 5:colcon.colcon_core.verb:set package 'torsobot_interfaces' build argument 'cmake_clean_first' from command line to 'False'
[1.639s] Level 5:colcon.colcon_core.verb:set package 'torsobot_interfaces' build argument 'cmake_force_configure' from command line to 'False'
[1.639s] Level 5:colcon.colcon_core.verb:set package 'torsobot_interfaces' build argument 'ament_cmake_args' from command line to 'None'
[1.639s] Level 5:colcon.colcon_core.verb:set package 'torsobot_interfaces' build argument 'catkin_cmake_args' from command line to 'None'
[1.639s] Level 5:colcon.colcon_core.verb:set package 'torsobot_interfaces' build argument 'catkin_skip_building_tests' from command line to 'False'
[1.639s] DEBUG:colcon.colcon_core.verb:Building package 'torsobot_interfaces' with the following arguments: {'ament_cmake_args': None, 'build_base': '/home/pi/torsobot/Code/Code/ros2_ws/build/torsobot_interfaces', 'catkin_cmake_args': None, 'catkin_skip_building_tests': False, 'cmake_args': None, 'cmake_clean_cache': False, 'cmake_clean_first': False, 'cmake_force_configure': False, 'cmake_target': None, 'cmake_target_skip_unavailable': False, 'install_base': '/home/pi/torsobot/Code/Code/ros2_ws/install/torsobot_interfaces', 'merge_install': False, 'path': '/home/pi/torsobot/Code/Code/ros2_ws/src/torsobot_interfaces', 'symlink_install': False, 'test_result_base': None}
[1.640s] Level 5:colcon.colcon_core.verb:set package 'torsobot' build argument 'cmake_args' from command line to 'None'
[1.640s] Level 5:colcon.colcon_core.verb:set package 'torsobot' build argument 'cmake_target' from command line to 'None'
[1.640s] Level 5:colcon.colcon_core.verb:set package 'torsobot' build argument 'cmake_target_skip_unavailable' from command line to 'False'
[1.640s] Level 5:colcon.colcon_core.verb:set package 'torsobot' build argument 'cmake_clean_cache' from command line to 'False'
[1.640s] Level 5:colcon.colcon_core.verb:set package 'torsobot' build argument 'cmake_clean_first' from command line to 'False'
[1.640s] Level 5:colcon.colcon_core.verb:set package 'torsobot' build argument 'cmake_force_configure' from command line to 'False'
[1.640s] Level 5:colcon.colcon_core.verb:set package 'torsobot' build argument 'ament_cmake_args' from command line to 'None'
[1.640s] Level 5:colcon.colcon_core.verb:set package 'torsobot' build argument 'catkin_cmake_args' from command line to 'None'
[1.640s] Level 5:colcon.colcon_core.verb:set package 'torsobot' build argument 'catkin_skip_building_tests' from command line to 'False'
[1.640s] DEBUG:colcon.colcon_core.verb:Building package 'torsobot' with the following arguments: {'ament_cmake_args': None, 'build_base': '/home/pi/torsobot/Code/Code/ros2_ws/build/torsobot', 'catkin_cmake_args': None, 'catkin_skip_building_tests': False, 'cmake_args': None, 'cmake_clean_cache': False, 'cmake_clean_first': False, 'cmake_force_configure': False, 'cmake_target': None, 'cmake_target_skip_unavailable': False, 'install_base': '/home/pi/torsobot/Code/Code/ros2_ws/install/torsobot', 'merge_install': False, 'path': '/home/pi/torsobot/Code/Code/ros2_ws/src/torsobot', 'symlink_install': False, 'test_result_base': None}
[1.640s] INFO:colcon.colcon_core.executor:Executing jobs using 'parallel' executor
[1.641s] DEBUG:colcon.colcon_parallel_executor.executor.parallel:run_until_complete
[1.642s] INFO:colcon.colcon_ros.task.ament_cmake.build:Building ROS package in '/home/pi/torsobot/Code/Code/ros2_ws/src/torsobot_interfaces' with build type 'ament_cmake'
[1.642s] INFO:colcon.colcon_cmake.task.cmake.build:Building CMake package in '/home/pi/torsobot/Code/Code/ros2_ws/src/torsobot_interfaces'
[1.654s] INFO:colcon.colcon_core.plugin_system:Skipping extension 'colcon_core.shell.bat': Not used on non-Windows systems
[1.655s] INFO:colcon.colcon_core.shell:Skip shell extension 'powershell' for command environment: Not usable outside of PowerShell
[1.655s] DEBUG:colcon.colcon_core.shell:Skip shell extension 'dsv' for command environment
[1.690s] DEBUG:colcon.colcon_core.event_handler.log_command:Invoking command in '/home/pi/torsobot/Code/Code/ros2_ws/build/torsobot_interfaces': CMAKE_PREFIX_PATH=${CMAKE_PREFIX_PATH}:/home/pi/ros2_jazzy/install/rqt_bag_plugins:/home/pi/ros2_jazzy/install/rqt_bag:/home/pi/ros2_jazzy/install/rosbag2_examples_py:/home/pi/ros2_jazzy/install/launch_testing_examples:/home/pi/ros2_jazzy/install/ros2bag:/home/pi/ros2_jazzy/install/tracetools_test:/home/pi/ros2_jazzy/install/tracetools_launch:/home/pi/ros2_jazzy/install/topic_monitor:/home/pi/ros2_jazzy/install/tf2_tools:/home/pi/ros2_jazzy/install/examples_tf2_py:/home/pi/ros2_jazzy/install/tf2_ros_py:/home/pi/ros2_jazzy/install/examples_rclpy_pointcloud_publisher:/home/pi/ros2_jazzy/install/sensor_msgs_py:/home/pi/ros2_jazzy/install/quality_of_service_demo_py:/home/pi/ros2_jazzy/install/rqt_plot:/home/pi/ros2_jazzy/install/ros2doctor:/home/pi/ros2_jazzy/install/lifecycle_py:/home/pi/ros2_jazzy/install/examples_rclpy_minimal_subscriber:/home/pi/ros2_jazzy/install/examples_rclpy_minimal_service:/home/pi/ros2_jazzy/install/examples_rclpy_minimal_publisher:/home/pi/ros2_jazzy/install/examples_rclpy_minimal_client:/home/pi/ros2_jazzy/install/examples_rclpy_executors:/home/pi/ros2_jazzy/install/demo_nodes_py:/home/pi/ros2_jazzy/install/rqt:/home/pi/ros2_jazzy/install/ros2component:/home/pi/ros2_jazzy/install/sros2:/home/pi/ros2_jazzy/install/rqt_topic:/home/pi/ros2_jazzy/install/rqt_srv:/home/pi/ros2_jazzy/install/rqt_shell:/home/pi/ros2_jazzy/install/rqt_service_caller:/home/pi/ros2_jazzy/install/rqt_reconfigure:/home/pi/ros2_jazzy/install/rqt_py_console:/home/pi/ros2_jazzy/install/rqt_publisher:/home/pi/ros2_jazzy/install/rqt_action:/home/pi/ros2_jazzy/install/rqt_msg:/home/pi/ros2_jazzy/install/rqt_console:/home/pi/ros2_jazzy/install/rqt_graph:/home/pi/ros2_jazzy/install/rqt_gui_py:/home/pi/ros2_jazzy/install/rqt_gui:/home/pi/ros2_jazzy/install/ros2trace:/home/pi/ros2_jazzy/install/ros2topic:/home/pi/ros2_jazzy/install/ros2test:/home/pi/ros2_jazzy/install/ros2param:/home/pi/ros2_jazzy/install/ros2lifecycle:/home/pi/ros2_jazzy/install/ros2service:/home/pi/ros2_jazzy/install/ros2run:/home/pi/ros2_jazzy/install/ros2launch:/home/pi/ros2_jazzy/install/ros2pkg:/home/pi/ros2_jazzy/install/ros2node:/home/pi/ros2_jazzy/install/ros2multicast:/home/pi/ros2_jazzy/install/ros2interface:/home/pi/ros2_jazzy/install/ros2action:/home/pi/ros2_jazzy/install/ros2cli:/home/pi/ros2_jazzy/install/launch_testing_ros:/home/pi/ros2_jazzy/install/launch_ros:/home/pi/ros2_jazzy/install/examples_rclpy_minimal_action_server:/home/pi/ros2_jazzy/install/examples_rclpy_minimal_action_client:/home/pi/ros2_jazzy/install/examples_rclpy_guard_conditions:/home/pi/ros2_jazzy/install/action_tutorials_py:/home/pi/ros2_jazzy/install/ament_uncrustify:/home/pi/ros2_jazzy/install/tracetools_trace:/home/pi/ros2_jazzy/install/tracetools_read:/home/pi/ros2_jazzy/install/test_tracetools_launch:/home/pi/ros2_jazzy/install/test_ros2trace:/home/pi/ros2_jazzy/install/test_launch_ros:/home/pi/ros2_jazzy/install/rpyutils:/home/pi/ros2_jazzy/install/rosidl_runtime_py:/home/pi/ros2_jazzy/install/rosidl_pycommon:/home/pi/ros2_jazzy/install/rosidl_cli:/home/pi/ros2_jazzy/install/launch_pytest:/home/pi/ros2_jazzy/install/launch_testing:/home/pi/ros2_jazzy/install/launch_yaml:/home/pi/ros2_jazzy/install/launch_xml:/home/pi/ros2_jazzy/install/launch:/home/pi/ros2_jazzy/install/osrf_pycommon:/home/pi/ros2_jazzy/install/domain_coordinator:/home/pi/ros2_jazzy/install/ament_xmllint:/home/pi/ros2_jazzy/install/ament_pyflakes:/home/pi/ros2_jazzy/install/ament_pycodestyle:/home/pi/ros2_jazzy/install/ament_pep257:/home/pi/ros2_jazzy/install/ament_pclint:/home/pi/ros2_jazzy/install/ament_package:/home/pi/ros2_jazzy/install/ament_mypy:/home/pi/ros2_jazzy/install/ament_lint_cmake:/home/pi/ros2_jazzy/install/ament_flake8:/home/pi/ros2_jazzy/install/ament_copyright:/home/pi/ros2_jazzy/install/ament_lint:/home/pi/ros2_jazzy/install/ament_index_python:/home/pi/ros2_jazzy/install/ament_cpplint:/home/pi/ros2_jazzy/install/ament_cppcheck:/home/pi/ros2_jazzy/install/ament_clang_tidy:/home/pi/ros2_jazzy/install/ament_clang_format /usr/bin/cmake --build /home/pi/torsobot/Code/Code/ros2_ws/build/torsobot_interfaces -- -j4 -l4
[2.936s] DEBUG:colcon.colcon_core.event_handler.log_command:Invoked command in '/home/pi/torsobot/Code/Code/ros2_ws/build/torsobot_interfaces' returned '2': CMAKE_PREFIX_PATH=${CMAKE_PREFIX_PATH}:/home/pi/ros2_jazzy/install/rqt_bag_plugins:/home/pi/ros2_jazzy/install/rqt_bag:/home/pi/ros2_jazzy/install/rosbag2_examples_py:/home/pi/ros2_jazzy/install/launch_testing_examples:/home/pi/ros2_jazzy/install/ros2bag:/home/pi/ros2_jazzy/install/tracetools_test:/home/pi/ros2_jazzy/install/tracetools_launch:/home/pi/ros2_jazzy/install/topic_monitor:/home/pi/ros2_jazzy/install/tf2_tools:/home/pi/ros2_jazzy/install/examples_tf2_py:/home/pi/ros2_jazzy/install/tf2_ros_py:/home/pi/ros2_jazzy/install/examples_rclpy_pointcloud_publisher:/home/pi/ros2_jazzy/install/sensor_msgs_py:/home/pi/ros2_jazzy/install/quality_of_service_demo_py:/home/pi/ros2_jazzy/install/rqt_plot:/home/pi/ros2_jazzy/install/ros2doctor:/home/pi/ros2_jazzy/install/lifecycle_py:/home/pi/ros2_jazzy/install/examples_rclpy_minimal_subscriber:/home/pi/ros2_jazzy/install/examples_rclpy_minimal_service:/home/pi/ros2_jazzy/install/examples_rclpy_minimal_publisher:/home/pi/ros2_jazzy/install/examples_rclpy_minimal_client:/home/pi/ros2_jazzy/install/examples_rclpy_executors:/home/pi/ros2_jazzy/install/demo_nodes_py:/home/pi/ros2_jazzy/install/rqt:/home/pi/ros2_jazzy/install/ros2component:/home/pi/ros2_jazzy/install/sros2:/home/pi/ros2_jazzy/install/rqt_topic:/home/pi/ros2_jazzy/install/rqt_srv:/home/pi/ros2_jazzy/install/rqt_shell:/home/pi/ros2_jazzy/install/rqt_service_caller:/home/pi/ros2_jazzy/install/rqt_reconfigure:/home/pi/ros2_jazzy/install/rqt_py_console:/home/pi/ros2_jazzy/install/rqt_publisher:/home/pi/ros2_jazzy/install/rqt_action:/home/pi/ros2_jazzy/install/rqt_msg:/home/pi/ros2_jazzy/install/rqt_console:/home/pi/ros2_jazzy/install/rqt_graph:/home/pi/ros2_jazzy/install/rqt_gui_py:/home/pi/ros2_jazzy/install/rqt_gui:/home/pi/ros2_jazzy/install/ros2trace:/home/pi/ros2_jazzy/install/ros2topic:/home/pi/ros2_jazzy/install/ros2test:/home/pi/ros2_jazzy/install/ros2param:/home/pi/ros2_jazzy/install/ros2lifecycle:/home/pi/ros2_jazzy/install/ros2service:/home/pi/ros2_jazzy/install/ros2run:/home/pi/ros2_jazzy/install/ros2launch:/home/pi/ros2_jazzy/install/ros2pkg:/home/pi/ros2_jazzy/install/ros2node:/home/pi/ros2_jazzy/install/ros2multicast:/home/pi/ros2_jazzy/install/ros2interface:/home/pi/ros2_jazzy/install/ros2action:/home/pi/ros2_jazzy/install/ros2cli:/home/pi/ros2_jazzy/install/launch_testing_ros:/home/pi/ros2_jazzy/install/launch_ros:/home/pi/ros2_jazzy/install/examples_rclpy_minimal_action_server:/home/pi/ros2_jazzy/install/examples_rclpy_minimal_action_client:/home/pi/ros2_jazzy/install/examples_rclpy_guard_conditions:/home/pi/ros2_jazzy/install/action_tutorials_py:/home/pi/ros2_jazzy/install/ament_uncrustify:/home/pi/ros2_jazzy/install/tracetools_trace:/home/pi/ros2_jazzy/install/tracetools_read:/home/pi/ros2_jazzy/install/test_tracetools_launch:/home/pi/ros2_jazzy/install/test_ros2trace:/home/pi/ros2_jazzy/install/test_launch_ros:/home/pi/ros2_jazzy/install/rpyutils:/home/pi/ros2_jazzy/install/rosidl_runtime_py:/home/pi/ros2_jazzy/install/rosidl_pycommon:/home/pi/ros2_jazzy/install/rosidl_cli:/home/pi/ros2_jazzy/install/launch_pytest:/home/pi/ros2_jazzy/install/launch_testing:/home/pi/ros2_jazzy/install/launch_yaml:/home/pi/ros2_jazzy/install/launch_xml:/home/pi/ros2_jazzy/install/launch:/home/pi/ros2_jazzy/install/osrf_pycommon:/home/pi/ros2_jazzy/install/domain_coordinator:/home/pi/ros2_jazzy/install/ament_xmllint:/home/pi/ros2_jazzy/install/ament_pyflakes:/home/pi/ros2_jazzy/install/ament_pycodestyle:/home/pi/ros2_jazzy/install/ament_pep257:/home/pi/ros2_jazzy/install/ament_pclint:/home/pi/ros2_jazzy/install/ament_package:/home/pi/ros2_jazzy/install/ament_mypy:/home/pi/ros2_jazzy/install/ament_lint_cmake:/home/pi/ros2_jazzy/install/ament_flake8:/home/pi/ros2_jazzy/install/ament_copyright:/home/pi/ros2_jazzy/install/ament_lint:/home/pi/ros2_jazzy/install/ament_index_python:/home/pi/ros2_jazzy/install/ament_cpplint:/home/pi/ros2_jazzy/install/ament_cppcheck:/home/pi/ros2_jazzy/install/ament_clang_tidy:/home/pi/ros2_jazzy/install/ament_clang_format /usr/bin/cmake --build /home/pi/torsobot/Code/Code/ros2_ws/build/torsobot_interfaces -- -j4 -l4
[2.937s] Level 1:colcon.colcon_core.environment:create_environment_scripts_only(torsobot_interfaces)
[2.950s] Level 1:colcon.colcon_core.environment:checking '/home/pi/torsobot/Code/Code/ros2_ws/install/torsobot_interfaces' for CMake module files
[2.950s] Level 1:colcon.colcon_core.environment:checking '/home/pi/torsobot/Code/Code/ros2_ws/install/torsobot_interfaces' for CMake config files
[2.951s] Level 1:colcon.colcon_core.shell:create_environment_hook('torsobot_interfaces', 'cmake_prefix_path')
[2.951s] INFO:colcon.colcon_core.shell:Creating environment hook '/home/pi/torsobot/Code/Code/ros2_ws/install/torsobot_interfaces/share/torsobot_interfaces/hook/cmake_prefix_path.ps1'
[2.952s] INFO:colcon.colcon_core.shell:Creating environment descriptor '/home/pi/torsobot/Code/Code/ros2_ws/install/torsobot_interfaces/share/torsobot_interfaces/hook/cmake_prefix_path.dsv'
[2.955s] INFO:colcon.colcon_core.shell:Creating environment hook '/home/pi/torsobot/Code/Code/ros2_ws/install/torsobot_interfaces/share/torsobot_interfaces/hook/cmake_prefix_path.sh'
[2.957s] Level 1:colcon.colcon_core.environment:checking '/home/pi/torsobot/Code/Code/ros2_ws/install/torsobot_interfaces/lib'
[2.958s] Level 1:colcon.colcon_core.shell:create_environment_hook('torsobot_interfaces', 'ld_library_path_lib')
[2.958s] INFO:colcon.colcon_core.shell:Creating environment hook '/home/pi/torsobot/Code/Code/ros2_ws/install/torsobot_interfaces/share/torsobot_interfaces/hook/ld_library_path_lib.ps1'
[2.965s] INFO:colcon.colcon_core.shell:Creating environment descriptor '/home/pi/torsobot/Code/Code/ros2_ws/install/torsobot_interfaces/share/torsobot_interfaces/hook/ld_library_path_lib.dsv'
[2.966s] INFO:colcon.colcon_core.shell:Creating environment hook '/home/pi/torsobot/Code/Code/ros2_ws/install/torsobot_interfaces/share/torsobot_interfaces/hook/ld_library_path_lib.sh'
[2.970s] Level 1:colcon.colcon_core.environment:checking '/home/pi/torsobot/Code/Code/ros2_ws/install/torsobot_interfaces/bin'
[2.971s] Level 1:colcon.colcon_core.environment:checking '/home/pi/torsobot/Code/Code/ros2_ws/install/torsobot_interfaces/lib/pkgconfig/torsobot_interfaces.pc'
[2.976s] Level 1:colcon.colcon_core.environment:checking '/home/pi/torsobot/Code/Code/ros2_ws/install/torsobot_interfaces/lib/python3.11/site-packages'
[2.976s] Level 1:colcon.colcon_core.shell:create_environment_hook('torsobot_interfaces', 'pythonpath')
[2.976s] INFO:colcon.colcon_core.shell:Creating environment hook '/home/pi/torsobot/Code/Code/ros2_ws/install/torsobot_interfaces/share/torsobot_interfaces/hook/pythonpath.ps1'
[2.976s] INFO:colcon.colcon_core.shell:Creating environment descriptor '/home/pi/torsobot/Code/Code/ros2_ws/install/torsobot_interfaces/share/torsobot_interfaces/hook/pythonpath.dsv'
[2.977s] INFO:colcon.colcon_core.shell:Creating environment hook '/home/pi/torsobot/Code/Code/ros2_ws/install/torsobot_interfaces/share/torsobot_interfaces/hook/pythonpath.sh'
[2.978s] Level 1:colcon.colcon_core.environment:checking '/home/pi/torsobot/Code/Code/ros2_ws/install/torsobot_interfaces/bin'
[2.979s] INFO:colcon.colcon_core.shell:Creating package script '/home/pi/torsobot/Code/Code/ros2_ws/install/torsobot_interfaces/share/torsobot_interfaces/package.ps1'
[2.980s] INFO:colcon.colcon_core.shell:Creating package descriptor '/home/pi/torsobot/Code/Code/ros2_ws/install/torsobot_interfaces/share/torsobot_interfaces/package.dsv'
[2.983s] INFO:colcon.colcon_core.shell:Creating package script '/home/pi/torsobot/Code/Code/ros2_ws/install/torsobot_interfaces/share/torsobot_interfaces/package.sh'
[2.985s] INFO:colcon.colcon_core.shell:Creating package script '/home/pi/torsobot/Code/Code/ros2_ws/install/torsobot_interfaces/share/torsobot_interfaces/package.bash'
[2.987s] INFO:colcon.colcon_core.shell:Creating package script '/home/pi/torsobot/Code/Code/ros2_ws/install/torsobot_interfaces/share/torsobot_interfaces/package.zsh'
[2.989s] Level 1:colcon.colcon_core.environment:create_file_with_runtime_dependencies(/home/pi/torsobot/Code/Code/ros2_ws/install/torsobot_interfaces/share/colcon-core/packages/torsobot_interfaces)
[3.001s] DEBUG:colcon.colcon_parallel_executor.executor.parallel:closing loop
[3.001s] DEBUG:colcon.colcon_parallel_executor.executor.parallel:loop closed
[3.001s] DEBUG:colcon.colcon_parallel_executor.executor.parallel:run_until_complete finished with '2'
[3.001s] DEBUG:colcon.colcon_core.event_reactor:joining thread
[3.028s] INFO:colcon.colcon_core.plugin_system:Skipping extension 'colcon_notification.desktop_notification.notify_send': Could not find 'notify-send'
[3.028s] INFO:colcon.colcon_core.plugin_system:Skipping extension 'colcon_notification.desktop_notification.terminal_notifier': Not used on non-Darwin systems
[3.028s] INFO:colcon.colcon_core.plugin_system:Skipping extension 'colcon_notification.desktop_notification.win32': Not used on non-Windows systems
[3.028s] INFO:colcon.colcon_notification.desktop_notification:Sending desktop notification using 'notify2'
[3.029s] DEBUG:colcon.colcon_notification.desktop_notification.notify2:Failed to initialize notify2: org.freedesktop.DBus.Error.ServiceUnknown: The name org.freedesktop.Notifications was not provided by any .service files
[3.029s] DEBUG:colcon.colcon_core.event_reactor:joined thread
[3.030s] INFO:colcon.colcon_core.shell:Creating prefix script '/home/pi/torsobot/Code/Code/ros2_ws/install/local_setup.ps1'
[3.031s] INFO:colcon.colcon_core.shell:Creating prefix util module '/home/pi/torsobot/Code/Code/ros2_ws/install/_local_setup_util_ps1.py'
[3.034s] INFO:colcon.colcon_core.shell:Creating prefix chain script '/home/pi/torsobot/Code/Code/ros2_ws/install/setup.ps1'
[3.047s] INFO:colcon.colcon_core.shell:Creating prefix script '/home/pi/torsobot/Code/Code/ros2_ws/install/local_setup.sh'
[3.049s] INFO:colcon.colcon_core.shell:Creating prefix util module '/home/pi/torsobot/Code/Code/ros2_ws/install/_local_setup_util_sh.py'
[3.051s] INFO:colcon.colcon_core.shell:Creating prefix chain script '/home/pi/torsobot/Code/Code/ros2_ws/install/setup.sh'
[3.064s] INFO:colcon.colcon_core.shell:Creating prefix script '/home/pi/torsobot/Code/Code/ros2_ws/install/local_setup.bash'
[3.070s] INFO:colcon.colcon_core.shell:Creating prefix chain script '/home/pi/torsobot/Code/Code/ros2_ws/install/setup.bash'
[3.082s] INFO:colcon.colcon_core.shell:Creating prefix script '/home/pi/torsobot/Code/Code/ros2_ws/install/local_setup.zsh'
[3.084s] INFO:colcon.colcon_core.shell:Creating prefix chain script '/home/pi/torsobot/Code/Code/ros2_ws/install/setup.zsh'
