[01m[K/home/pi/torsobot/Code/Code/ros2_ws/src/torsobot/src/mcu_node.cpp:[m[K In member function ‘[01m[Kint mcuNode::GetSensorValue(int, float*)[m[K’:
[01m[K/home/pi/torsobot/Code/Code/ros2_ws/src/torsobot/src/mcu_node.cpp:106:7:[m[K [01;31m[Kerror: [m[K‘[01m[Kcerr[m[K’ was not declared in this scope; did you mean ‘[01m[Kstd::cerr[m[K’?
  106 |       [01;31m[Kcerr[m[K << "I2C write failed! " << endl;
      |       [01;31m[K^~~~[m[K
      |       [32m[Kstd::cerr[m[K
In file included from [01m[K/home/pi/torsobot/Code/Code/ros2_ws/src/torsobot/src/mcu_node.cpp:4[m[K:
[01m[K/usr/include/c++/12/iostream:62:18:[m[K [01;36m[Knote: [m[K‘[01m[Kstd::cerr[m[K’ declared here
   62 |   extern ostream [01;36m[Kcerr[m[K;          /// Linked to standard error (unbuffered)
      |                  [01;36m[K^~~~[m[K
[01m[K/home/pi/torsobot/Code/Code/ros2_ws/src/torsobot/src/mcu_node.cpp:106:39:[m[K [01;31m[Kerror: [m[K‘[01m[Kendl[m[K’ was not declared in this scope; did you mean ‘[01m[Kstd::endl[m[K’?
  106 |       cerr << "I2C write failed! " << [01;31m[Kendl[m[K;
      |                                       [01;31m[K^~~~[m[K
      |                                       [32m[Kstd::endl[m[K
In file included from [01m[K/usr/include/c++/12/iostream:39[m[K:
[01m[K/usr/include/c++/12/ostream:688:5:[m[K [01;36m[Knote: [m[K‘[01m[Kstd::endl[m[K’ declared here
  688 |     [01;36m[Kendl[m[K(basic_ostream<_CharT, _Traits>& __os)
      |     [01;36m[K^~~~[m[K
[01m[K/home/pi/torsobot/Code/Code/ros2_ws/src/torsobot/src/mcu_node.cpp:113:7:[m[K [01;31m[Kerror: [m[K‘[01m[Kcerr[m[K’ was not declared in this scope; did you mean ‘[01m[Kstd::cerr[m[K’?
  113 |       [01;31m[Kcerr[m[K << "I2C read failed! " << endl;
      |       [01;31m[K^~~~[m[K
      |       [32m[Kstd::cerr[m[K
[01m[K/usr/include/c++/12/iostream:62:18:[m[K [01;36m[Knote: [m[K‘[01m[Kstd::cerr[m[K’ declared here
   62 |   extern ostream [01;36m[Kcerr[m[K;          /// Linked to standard error (unbuffered)
      |                  [01;36m[K^~~~[m[K
[01m[K/home/pi/torsobot/Code/Code/ros2_ws/src/torsobot/src/mcu_node.cpp:113:38:[m[K [01;31m[Kerror: [m[K‘[01m[Kendl[m[K’ was not declared in this scope; did you mean ‘[01m[Kstd::endl[m[K’?
  113 |       cerr << "I2C read failed! " << [01;31m[Kendl[m[K;
      |                                      [01;31m[K^~~~[m[K
      |                                      [32m[Kstd::endl[m[K
[01m[K/usr/include/c++/12/ostream:688:5:[m[K [01;36m[Knote: [m[K‘[01m[Kstd::endl[m[K’ declared here
  688 |     [01;36m[Kendl[m[K(basic_ostream<_CharT, _Traits>& __os)
      |     [01;36m[K^~~~[m[K
gmake[2]: *** [CMakeFiles/mcu_node.dir/build.make:76: CMakeFiles/mcu_node.dir/src/mcu_node.cpp.o] Error 1
gmake[1]: *** [CMakeFiles/Makefile2:137: CMakeFiles/mcu_node.dir/all] Error 2
gmake: *** [Makefile:146: all] Error 2
